2020-11-26 21:59:11.143 INFO  o.s.b.d.env.DevToolsPropertyDefaultsPostProcessor :225  [32m        [0;39m Devtools property defaults active! Set 'spring.devtools.add-properties' to 'false' to disable
2020-11-26 21:59:11.336 INFO  o.s.c.s.PostProcessorRegistrationDelegate$BeanPostProcessorChecker:330  [32m        [0;39m Bean 'org.springframework.cloud.autoconfigure.ConfigurationPropertiesRebinderAutoConfiguration' of type [org.springframework.cloud.autoconfigure.ConfigurationPropertiesRebinderAutoConfiguration] is not eligible for getting processed by all BeanPostProcessors (for example: not eligible for auto-proxying)
2020-11-26 21:59:12.975 INFO  com.sise.business.BusinessApplication             :651  [32m        [0;39m No active profile set, falling back to default profiles: default
2020-11-26 21:59:13.852 INFO  o.springframework.cloud.context.scope.GenericScope:295  [32m        [0;39m BeanFactory id=d28ed4c7-59a8-38c5-aaa5-14fe407b2c77
2020-11-26 21:59:13.942 INFO  o.s.c.s.PostProcessorRegistrationDelegate$BeanPostProcessorChecker:330  [32m        [0;39m Bean 'org.springframework.transaction.annotation.ProxyTransactionManagementConfiguration' of type [org.springframework.transaction.annotation.ProxyTransactionManagementConfiguration] is not eligible for getting processed by all BeanPostProcessors (for example: not eligible for auto-proxying)
2020-11-26 21:59:13.964 INFO  o.s.c.s.PostProcessorRegistrationDelegate$BeanPostProcessorChecker:330  [32m        [0;39m Bean 'org.springframework.cloud.autoconfigure.ConfigurationPropertiesRebinderAutoConfiguration' of type [org.springframework.cloud.autoconfigure.ConfigurationPropertiesRebinderAutoConfiguration] is not eligible for getting processed by all BeanPostProcessors (for example: not eligible for auto-proxying)
2020-11-26 21:59:14.335 INFO  o.s.boot.web.embedded.tomcat.TomcatWebServer      :92   [32m        [0;39m Tomcat initialized with port(s): 9002 (http)
2020-11-26 21:59:14.347 INFO  org.apache.coyote.http11.Http11NioProtocol        :173  [32m        [0;39m Initializing ProtocolHandler ["http-nio-9002"]
2020-11-26 21:59:14.347 INFO  org.apache.catalina.core.StandardService          :173  [32m        [0;39m Starting service [Tomcat]
2020-11-26 21:59:14.348 INFO  org.apache.catalina.core.StandardEngine           :173  [32m        [0;39m Starting Servlet engine: [Apache Tomcat/9.0.29]
2020-11-26 21:59:14.454 INFO  o.a.c.c.C.[Tomcat].[localhost].[/business]        :173  [32m        [0;39m Initializing Spring embedded WebApplicationContext
2020-11-26 21:59:14.454 INFO  org.springframework.web.context.ContextLoader     :284  [32m        [0;39m Root WebApplicationContext: initialization completed in 1461 ms
2020-11-26 21:59:14.903 WARN  com.netflix.config.sources.URLConfigurationSource :121  [32m        [0;39m No URLs will be polled as dynamic configuration sources.
2020-11-26 21:59:14.903 INFO  com.netflix.config.sources.URLConfigurationSource :122  [32m        [0;39m To enable URLs as dynamic configuration sources, define System property archaius.configurationSource.additionalUrls or make config.properties available on classpath.
2020-11-26 21:59:14.906 WARN  com.netflix.config.sources.URLConfigurationSource :121  [32m        [0;39m No URLs will be polled as dynamic configuration sources.
2020-11-26 21:59:14.907 INFO  com.netflix.config.sources.URLConfigurationSource :122  [32m        [0;39m To enable URLs as dynamic configuration sources, define System property archaius.configurationSource.additionalUrls or make config.properties available on classpath.
2020-11-26 21:59:15.031 INFO  o.s.scheduling.concurrent.ThreadPoolTaskExecutor  :171  [32m        [0;39m Initializing ExecutorService 'applicationTaskExecutor'
2020-11-26 21:59:15.290 WARN  o.s.b.d.autoconfigure.OptionalLiveReloadServer    :61   [32m        [0;39m Unable to start LiveReload server
2020-11-26 21:59:16.752 INFO  org.springframework.cloud.commons.util.InetUtils  :170  [32m        [0;39m Cannot determine local hostname
2020-11-26 21:59:18.252 INFO  org.springframework.cloud.commons.util.InetUtils  :170  [32m        [0;39m Cannot determine local hostname
2020-11-26 21:59:19.783 INFO  org.springframework.cloud.commons.util.InetUtils  :170  [32m        [0;39m Cannot determine local hostname
2020-11-26 21:59:19.803 WARN  o.s.c.l.c.BlockingLoadBalancerClientAutoConfiguration$BlockingLoadBalancerClientRibbonWarnLogger:106  [32m        [0;39m You already have RibbonLoadBalancerClient on your classpath. It will be used by default. As Spring Cloud Ribbon is in maintenance mode. We recommend switching to BlockingLoadBalancerClient instead. In order to use it, set the value of `spring.cloud.loadbalancer.ribbon.enabled` to `false` or remove spring-cloud-starter-netflix-ribbon from your project.
2020-11-26 21:59:19.833 WARN  o.s.c.l.c.LoadBalancerCacheAutoConfiguration$LoadBalancerCaffeineWarnLogger:81   [32m        [0;39m Spring Cloud LoadBalancer is currently working with default default cache. You can switch to using Caffeine cache, by adding it to the classpath.
2020-11-26 21:59:19.901 INFO  o.s.cloud.netflix.eureka.InstanceInfoFactory      :72   [32m        [0;39m Setting initial instance status as: STARTING
2020-11-26 21:59:19.927 INFO  com.netflix.discovery.DiscoveryClient             :365  [32m        [0;39m Initializing Eureka in region us-east-1
2020-11-26 21:59:20.311 INFO  c.n.discovery.provider.DiscoveryJerseyProvider    :70   [32m        [0;39m Using JSON encoding codec LegacyJacksonJson
2020-11-26 21:59:20.311 INFO  c.n.discovery.provider.DiscoveryJerseyProvider    :71   [32m        [0;39m Using JSON decoding codec LegacyJacksonJson
2020-11-26 21:59:20.412 INFO  c.n.discovery.provider.DiscoveryJerseyProvider    :80   [32m        [0;39m Using XML encoding codec XStreamXml
2020-11-26 21:59:20.412 INFO  c.n.discovery.provider.DiscoveryJerseyProvider    :81   [32m        [0;39m Using XML decoding codec XStreamXml
2020-11-26 21:59:20.650 INFO  c.n.d.shared.resolver.aws.ConfigClusterResolver   :43   [32m        [0;39m Resolving eureka endpoints via configuration
2020-11-26 21:59:20.919 INFO  com.netflix.discovery.DiscoveryClient             :976  [32m        [0;39m Disable delta property : false
2020-11-26 21:59:20.919 INFO  com.netflix.discovery.DiscoveryClient             :977  [32m        [0;39m Single vip registry refresh property : null
2020-11-26 21:59:20.920 INFO  com.netflix.discovery.DiscoveryClient             :978  [32m        [0;39m Force full registry fetch : false
2020-11-26 21:59:20.920 INFO  com.netflix.discovery.DiscoveryClient             :979  [32m        [0;39m Application is null : false
2020-11-26 21:59:20.920 INFO  com.netflix.discovery.DiscoveryClient             :980  [32m        [0;39m Registered Applications size is zero : true
2020-11-26 21:59:20.920 INFO  com.netflix.discovery.DiscoveryClient             :982  [32m        [0;39m Application version is -1: true
2020-11-26 21:59:20.920 INFO  com.netflix.discovery.DiscoveryClient             :1065 [32m        [0;39m Getting all instance registry info from the eureka server
2020-11-26 21:59:21.116 INFO  com.netflix.discovery.DiscoveryClient             :1074 [32m        [0;39m The response status is 200
2020-11-26 21:59:21.152 INFO  com.netflix.discovery.DiscoveryClient             :1288 [32m        [0;39m Starting heartbeat executor: renew interval is: 30
2020-11-26 21:59:21.155 INFO  com.netflix.discovery.InstanceInfoReplicator      :60   [32m        [0;39m InstanceInfoReplicator onDemand update allowed rate per min is 4
2020-11-26 21:59:21.161 INFO  com.netflix.discovery.DiscoveryClient             :465  [32m        [0;39m Discovery Client initialized at timestamp 1606399161160 with initial instances count: 1
2020-11-26 21:59:21.164 INFO  o.s.c.n.e.serviceregistry.EurekaServiceRegistry   :41   [32m        [0;39m Registering application BUSINESS with eureka with status UP
2020-11-26 21:59:21.165 INFO  com.netflix.discovery.DiscoveryClient             :1323 [32m        [0;39m Saw local status change event StatusChangeEvent [timestamp=1606399161165, current=UP, previous=STARTING]
2020-11-26 21:59:21.168 INFO  com.netflix.discovery.DiscoveryClient             :844  [32m        [0;39m DiscoveryClient_BUSINESS/localhost:business:9002: registering service...
2020-11-26 21:59:21.181 INFO  org.apache.coyote.http11.Http11NioProtocol        :173  [32m        [0;39m Starting ProtocolHandler ["http-nio-9002"]
2020-11-26 21:59:21.207 INFO  o.s.boot.web.embedded.tomcat.TomcatWebServer      :204  [32m        [0;39m Tomcat started on port(s): 9002 (http) with context path '/business'
2020-11-26 21:59:21.210 INFO  o.s.c.n.e.s.EurekaAutoServiceRegistration         :145  [32m        [0;39m Updating port to 9002
2020-11-26 21:59:21.222 INFO  com.netflix.discovery.DiscoveryClient             :853  [32m        [0;39m DiscoveryClient_BUSINESS/localhost:business:9002 - registration status: 204
2020-11-26 21:59:22.693 INFO  org.springframework.cloud.commons.util.InetUtils  :170  [32m        [0;39m Cannot determine local hostname
2020-11-26 21:59:22.695 INFO  com.sise.business.BusinessApplication             :61   [32m        [0;39m Started BusinessApplication in 13.759 seconds (JVM running for 15.036)
2020-11-26 21:59:22.696 INFO  com.sise.business.BusinessApplication             :27   [32m        [0;39m å¯åŠ¨æˆåŠŸï¼ï¼
2020-11-26 21:59:22.697 INFO  com.sise.business.BusinessApplication             :28   [32m        [0;39m Businessåœ°å€: 	http://127.0.0.1:9002
2020-11-26 22:01:04.086 INFO  o.a.c.c.C.[Tomcat].[localhost].[/business]        :173  [32m        [0;39m Initializing Spring DispatcherServlet 'dispatcherServlet'
2020-11-26 22:01:04.087 INFO  org.springframework.web.servlet.DispatcherServlet :525  [32m        [0;39m Initializing Servlet 'dispatcherServlet'
2020-11-26 22:01:04.097 INFO  org.springframework.web.servlet.DispatcherServlet :547  [32m        [0;39m Completed initialization in 10 ms
2020-11-26 22:01:04.268 INFO  com.zaxxer.hikari.HikariDataSource                :110  [32m        [0;39m HikariPool-1 - Starting...
2020-11-26 22:01:04.661 INFO  com.zaxxer.hikari.HikariDataSource                :123  [32m        [0;39m HikariPool-1 - Start completed.
2020-11-26 22:01:04.672 DEBUG c.s.server.mapper.CategoryMapper.selectByExample  :159  [32m        [0;39m ==>  Preparing: select id, parent, `name`, sort from category order by sort asc 
2020-11-26 22:01:04.714 DEBUG c.s.server.mapper.CategoryMapper.selectByExample  :159  [32m        [0;39m ==> Parameters: 
2020-11-26 22:01:04.755 TRACE c.s.server.mapper.CategoryMapper.selectByExample  :165  [32m        [0;39m <==    Columns: id, parent, name, sort
2020-11-26 22:01:04.755 TRACE c.s.server.mapper.CategoryMapper.selectByExample  :165  [32m        [0;39m <==        Row: 00000100, 00000000, å‰ç«¯æŠ€æœ¯, 100
2020-11-26 22:01:04.757 TRACE c.s.server.mapper.CategoryMapper.selectByExample  :165  [32m        [0;39m <==        Row: 00000101, 00000100, html/css, 101
2020-11-26 22:01:04.757 TRACE c.s.server.mapper.CategoryMapper.selectByExample  :165  [32m        [0;39m <==        Row: 00000102, 00000100, javascript, 102
2020-11-26 22:01:04.757 TRACE c.s.server.mapper.CategoryMapper.selectByExample  :165  [32m        [0;39m <==        Row: 00000103, 00000100, vue.js, 103
2020-11-26 22:01:04.758 TRACE c.s.server.mapper.CategoryMapper.selectByExample  :165  [32m        [0;39m <==        Row: 00000104, 00000100, react.js, 104
2020-11-26 22:01:04.759 TRACE c.s.server.mapper.CategoryMapper.selectByExample  :165  [32m        [0;39m <==        Row: 00000105, 00000100, angular, 105
2020-11-26 22:01:04.759 TRACE c.s.server.mapper.CategoryMapper.selectByExample  :165  [32m        [0;39m <==        Row: 00000106, 00000100, node.js, 106
2020-11-26 22:01:04.760 TRACE c.s.server.mapper.CategoryMapper.selectByExample  :165  [32m        [0;39m <==        Row: 00000107, 00000100, jquery, 107
2020-11-26 22:01:04.760 TRACE c.s.server.mapper.CategoryMapper.selectByExample  :165  [32m        [0;39m <==        Row: 00000108, 00000100, å°ç¨‹åº, 108
2020-11-26 22:01:04.761 TRACE c.s.server.mapper.CategoryMapper.selectByExample  :165  [32m        [0;39m <==        Row: 00000200, 00000000, åŽç«¯æŠ€æœ¯, 200
2020-11-26 22:01:04.761 TRACE c.s.server.mapper.CategoryMapper.selectByExample  :165  [32m        [0;39m <==        Row: 00000201, 00000200, java, 201
2020-11-26 22:01:04.762 TRACE c.s.server.mapper.CategoryMapper.selectByExample  :165  [32m        [0;39m <==        Row: 00000202, 00000200, springboot, 202
2020-11-26 22:01:04.762 TRACE c.s.server.mapper.CategoryMapper.selectByExample  :165  [32m        [0;39m <==        Row: 00000203, 00000200, spring cloud, 203
2020-11-26 22:01:04.762 TRACE c.s.server.mapper.CategoryMapper.selectByExample  :165  [32m        [0;39m <==        Row: 00000204, 00000200, ssm, 204
2020-11-26 22:01:04.763 TRACE c.s.server.mapper.CategoryMapper.selectByExample  :165  [32m        [0;39m <==        Row: 00000205, 00000200, python, 205
2020-11-26 22:01:04.763 TRACE c.s.server.mapper.CategoryMapper.selectByExample  :165  [32m        [0;39m <==        Row: 00000206, 00000200, çˆ¬è™«, 206
2020-11-26 22:01:04.766 TRACE c.s.server.mapper.CategoryMapper.selectByExample  :165  [32m        [0;39m <==        Row: 00000300, 00000000, ç§»åŠ¨å¼€å‘, 300
2020-11-26 22:01:04.766 TRACE c.s.server.mapper.CategoryMapper.selectByExample  :165  [32m        [0;39m <==        Row: 00000301, 00000300, android, 301
2020-11-26 22:01:04.767 TRACE c.s.server.mapper.CategoryMapper.selectByExample  :165  [32m        [0;39m <==        Row: 00000302, 00000300, ios, 302
2020-11-26 22:01:04.767 TRACE c.s.server.mapper.CategoryMapper.selectByExample  :165  [32m        [0;39m <==        Row: 00000303, 00000300, react native, 303
2020-11-26 22:01:04.767 TRACE c.s.server.mapper.CategoryMapper.selectByExample  :165  [32m        [0;39m <==        Row: 00000304, 00000300, ionic, 304
2020-11-26 22:01:04.768 TRACE c.s.server.mapper.CategoryMapper.selectByExample  :165  [32m        [0;39m <==        Row: 00000400, 00000000, å‰æ²¿æŠ€æœ¯, 400
2020-11-26 22:01:04.768 TRACE c.s.server.mapper.CategoryMapper.selectByExample  :165  [32m        [0;39m <==        Row: 00000401, 00000400, å¾®æœåŠ¡, 401
2020-11-26 22:01:04.768 TRACE c.s.server.mapper.CategoryMapper.selectByExample  :165  [32m        [0;39m <==        Row: 00000402, 00000400, åŒºå—é“¾, 402
2020-11-26 22:01:04.769 TRACE c.s.server.mapper.CategoryMapper.selectByExample  :165  [32m        [0;39m <==        Row: 00000403, 00000400, æœºå™¨å­¦ä¹ , 403
2020-11-26 22:01:04.769 TRACE c.s.server.mapper.CategoryMapper.selectByExample  :165  [32m        [0;39m <==        Row: 00000404, 00000400, æ·±åº¦å­¦ä¹ , 404
2020-11-26 22:01:04.769 TRACE c.s.server.mapper.CategoryMapper.selectByExample  :165  [32m        [0;39m <==        Row: 00000405, 00000400, æ•°æ®åˆ†æž&æŒ–æŽ˜, 405
2020-11-26 22:01:04.770 TRACE c.s.server.mapper.CategoryMapper.selectByExample  :165  [32m        [0;39m <==        Row: 00000500, 00000000, äº‘è®¡ç®—&å¤§æ•°æ®, 500
2020-11-26 22:01:04.771 TRACE c.s.server.mapper.CategoryMapper.selectByExample  :165  [32m        [0;39m <==        Row: 00000501, 00000500, å¤§æ•°æ®, 501
2020-11-26 22:01:04.771 TRACE c.s.server.mapper.CategoryMapper.selectByExample  :165  [32m        [0;39m <==        Row: 00000502, 00000500, hadoop, 502
2020-11-26 22:01:04.772 TRACE c.s.server.mapper.CategoryMapper.selectByExample  :165  [32m        [0;39m <==        Row: 00000503, 00000500, spark, 503
2020-11-26 22:01:04.772 TRACE c.s.server.mapper.CategoryMapper.selectByExample  :165  [32m        [0;39m <==        Row: 00000504, 00000500, hbase, 504
2020-11-26 22:01:04.772 TRACE c.s.server.mapper.CategoryMapper.selectByExample  :165  [32m        [0;39m <==        Row: 00000505, 00000500, é˜¿é‡Œäº‘, 505
2020-11-26 22:01:04.773 TRACE c.s.server.mapper.CategoryMapper.selectByExample  :165  [32m        [0;39m <==        Row: 00000506, 00000500, docker, 506
2020-11-26 22:01:04.773 TRACE c.s.server.mapper.CategoryMapper.selectByExample  :165  [32m        [0;39m <==        Row: 00000507, 00000500, kubernetes, 507
2020-11-26 22:01:04.773 TRACE c.s.server.mapper.CategoryMapper.selectByExample  :165  [32m        [0;39m <==        Row: 00000600, 00000000, è¿ç»´&æµ‹è¯•, 600
2020-11-26 22:01:04.774 TRACE c.s.server.mapper.CategoryMapper.selectByExample  :165  [32m        [0;39m <==        Row: 00000601, 00000600, è¿ç»´, 601
2020-11-26 22:01:04.774 TRACE c.s.server.mapper.CategoryMapper.selectByExample  :165  [32m        [0;39m <==        Row: 00000602, 00000600, è‡ªåŠ¨åŒ–è¿ç»´, 602
2020-11-26 22:01:04.774 TRACE c.s.server.mapper.CategoryMapper.selectByExample  :165  [32m        [0;39m <==        Row: 00000603, 00000600, ä¸­é—´ä»¶, 603
2020-11-26 22:01:04.775 TRACE c.s.server.mapper.CategoryMapper.selectByExample  :165  [32m        [0;39m <==        Row: 00000604, 00000600, linux, 604
2020-11-26 22:01:04.775 TRACE c.s.server.mapper.CategoryMapper.selectByExample  :165  [32m        [0;39m <==        Row: 00000605, 00000600, æµ‹è¯•, 605
2020-11-26 22:01:04.775 TRACE c.s.server.mapper.CategoryMapper.selectByExample  :165  [32m        [0;39m <==        Row: 00000606, 00000600, è‡ªåŠ¨åŒ–æµ‹è¯•, 606
2020-11-26 22:01:04.776 TRACE c.s.server.mapper.CategoryMapper.selectByExample  :165  [32m        [0;39m <==        Row: 00000700, 00000000, æ•°æ®åº“, 700
2020-11-26 22:01:04.782 TRACE c.s.server.mapper.CategoryMapper.selectByExample  :165  [32m        [0;39m <==        Row: 00000701, 00000700, mysql, 701
2020-11-26 22:01:04.782 TRACE c.s.server.mapper.CategoryMapper.selectByExample  :165  [32m        [0;39m <==        Row: 00000702, 00000700, redis, 702
2020-11-26 22:01:04.783 TRACE c.s.server.mapper.CategoryMapper.selectByExample  :165  [32m        [0;39m <==        Row: 00000703, 00000700, mongodb, 703
2020-11-26 22:01:04.783 DEBUG c.s.server.mapper.CategoryMapper.selectByExample  :159  [32m        [0;39m <==      Total: 46
2020-11-26 22:01:08.137 DEBUG c.s.s.mapper.CourseMapper.selectByExample_COUNT   :159  [32m        [0;39m ==>  Preparing: SELECT count(0) FROM course 
2020-11-26 22:01:08.138 DEBUG c.s.s.mapper.CourseMapper.selectByExample_COUNT   :159  [32m        [0;39m ==> Parameters: 
2020-11-26 22:01:08.143 TRACE c.s.s.mapper.CourseMapper.selectByExample_COUNT   :165  [32m        [0;39m <==    Columns: count(0)
2020-11-26 22:01:08.143 TRACE c.s.s.mapper.CourseMapper.selectByExample_COUNT   :165  [32m        [0;39m <==        Row: 2
2020-11-26 22:01:08.145 DEBUG c.s.s.mapper.CourseMapper.selectByExample_COUNT   :159  [32m        [0;39m <==      Total: 1
2020-11-26 22:01:08.147 DEBUG c.sise.server.mapper.CourseMapper.selectByExample :159  [32m        [0;39m ==>  Preparing: select id, `name`, summary, `time`, price, image, `level`, charge, `status`, enroll, sort, created_at, updated_at, teacher_id from course order by sort asc LIMIT ? 
2020-11-26 22:01:08.148 DEBUG c.sise.server.mapper.CourseMapper.selectByExample :159  [32m        [0;39m ==> Parameters: 5(Integer)
2020-11-26 22:01:08.149 TRACE c.sise.server.mapper.CourseMapper.selectByExample :165  [32m        [0;39m <==    Columns: id, name, summary, time, price, image, level, charge, status, enroll, sort, created_at, updated_at, teacher_id
2020-11-26 22:01:08.149 TRACE c.sise.server.mapper.CourseMapper.selectByExample :165  [32m        [0;39m <==        Row: 00000000, æµ‹è¯•è¯¾ç¨‹01, è¿™æ˜¯ä¸€é—¨æµ‹è¯•è¯¾ç¨‹, 1500, 19.90, , 1, C, P, 100, 0, 2020-11-15 17:55:05.0, 2020-11-15 17:55:05.0, null
2020-11-26 22:01:08.150 TRACE c.sise.server.mapper.CourseMapper.selectByExample :165  [32m        [0;39m <==        Row: 00000001, æµ‹è¯•è¯¾ç¨‹02, è¿™æ˜¯ä¸€é—¨æµ‹è¯•è¯¾ç¨‹, 10000, 0.00, null, 1, C, D, 0, 0, 2020-11-24 21:56:16.0, 2020-11-24 22:27:22.651, null
2020-11-26 22:01:08.151 DEBUG c.sise.server.mapper.CourseMapper.selectByExample :159  [32m        [0;39m <==      Total: 2
2020-11-26 22:01:10.199 WARN  c.s.business.controller.ControllerExceptionHandler:22   [32m        [0;39m è¯¾ç¨‹IDä¸èƒ½ä¸ºç©º
2020-11-26 22:01:10.199 WARN  o.s.w.s.m.m.a.ExceptionHandlerExceptionResolver   :199  [32m        [0;39m Resolved [com.sise.server.exception.ValidatorException: è¯¾ç¨‹IDä¸èƒ½ä¸ºç©º]
2020-11-26 22:01:12.075 WARN  c.s.business.controller.ControllerExceptionHandler:22   [32m        [0;39m è¯¾ç¨‹IDä¸èƒ½ä¸ºç©º
2020-11-26 22:01:12.076 WARN  o.s.w.s.m.m.a.ExceptionHandlerExceptionResolver   :199  [32m        [0;39m Resolved [com.sise.server.exception.ValidatorException: è¯¾ç¨‹IDä¸èƒ½ä¸ºç©º]
2020-11-26 22:01:15.401 WARN  c.s.business.controller.ControllerExceptionHandler:22   [32m        [0;39m è¯¾ç¨‹IDä¸èƒ½ä¸ºç©º
2020-11-26 22:01:15.405 WARN  o.s.w.s.m.m.a.ExceptionHandlerExceptionResolver   :199  [32m        [0;39m Resolved [com.sise.server.exception.ValidatorException: è¯¾ç¨‹IDä¸èƒ½ä¸ºç©º]
2020-11-26 22:01:18.626 WARN  c.s.business.controller.ControllerExceptionHandler:22   [32m        [0;39m è¯¾ç¨‹IDä¸èƒ½ä¸ºç©º
2020-11-26 22:01:18.628 WARN  o.s.w.s.m.m.a.ExceptionHandlerExceptionResolver   :199  [32m        [0;39m Resolved [com.sise.server.exception.ValidatorException: è¯¾ç¨‹IDä¸èƒ½ä¸ºç©º]
2020-11-26 22:01:20.502 WARN  c.s.business.controller.ControllerExceptionHandler:22   [32m        [0;39m è¯¾ç¨‹IDä¸èƒ½ä¸ºç©º
2020-11-26 22:01:20.505 WARN  o.s.w.s.m.m.a.ExceptionHandlerExceptionResolver   :199  [32m        [0;39m Resolved [com.sise.server.exception.ValidatorException: è¯¾ç¨‹IDä¸èƒ½ä¸ºç©º]
2020-11-26 22:01:21.911 DEBUG c.s.server.mapper.CategoryMapper.selectByExample  :159  [32m        [0;39m ==>  Preparing: select id, parent, `name`, sort from category order by sort asc 
2020-11-26 22:01:21.911 DEBUG c.s.server.mapper.CategoryMapper.selectByExample  :159  [32m        [0;39m ==> Parameters: 
2020-11-26 22:01:21.912 TRACE c.s.server.mapper.CategoryMapper.selectByExample  :165  [32m        [0;39m <==    Columns: id, parent, name, sort
2020-11-26 22:01:21.912 TRACE c.s.server.mapper.CategoryMapper.selectByExample  :165  [32m        [0;39m <==        Row: 00000100, 00000000, å‰ç«¯æŠ€æœ¯, 100
2020-11-26 22:01:21.913 TRACE c.s.server.mapper.CategoryMapper.selectByExample  :165  [32m        [0;39m <==        Row: 00000101, 00000100, html/css, 101
2020-11-26 22:01:21.913 TRACE c.s.server.mapper.CategoryMapper.selectByExample  :165  [32m        [0;39m <==        Row: 00000102, 00000100, javascript, 102
2020-11-26 22:01:21.913 TRACE c.s.server.mapper.CategoryMapper.selectByExample  :165  [32m        [0;39m <==        Row: 00000103, 00000100, vue.js, 103
2020-11-26 22:01:21.914 TRACE c.s.server.mapper.CategoryMapper.selectByExample  :165  [32m        [0;39m <==        Row: 00000104, 00000100, react.js, 104
2020-11-26 22:01:21.914 TRACE c.s.server.mapper.CategoryMapper.selectByExample  :165  [32m        [0;39m <==        Row: 00000105, 00000100, angular, 105
2020-11-26 22:01:21.914 TRACE c.s.server.mapper.CategoryMapper.selectByExample  :165  [32m        [0;39m <==        Row: 00000106, 00000100, node.js, 106
2020-11-26 22:01:21.914 TRACE c.s.server.mapper.CategoryMapper.selectByExample  :165  [32m        [0;39m <==        Row: 00000107, 00000100, jquery, 107
2020-11-26 22:01:21.915 TRACE c.s.server.mapper.CategoryMapper.selectByExample  :165  [32m        [0;39m <==        Row: 00000108, 00000100, å°ç¨‹åº, 108
2020-11-26 22:01:21.915 TRACE c.s.server.mapper.CategoryMapper.selectByExample  :165  [32m        [0;39m <==        Row: 00000200, 00000000, åŽç«¯æŠ€æœ¯, 200
2020-11-26 22:01:21.915 TRACE c.s.server.mapper.CategoryMapper.selectByExample  :165  [32m        [0;39m <==        Row: 00000201, 00000200, java, 201
2020-11-26 22:01:21.916 TRACE c.s.server.mapper.CategoryMapper.selectByExample  :165  [32m        [0;39m <==        Row: 00000202, 00000200, springboot, 202
2020-11-26 22:01:21.916 TRACE c.s.server.mapper.CategoryMapper.selectByExample  :165  [32m        [0;39m <==        Row: 00000203, 00000200, spring cloud, 203
2020-11-26 22:01:21.916 TRACE c.s.server.mapper.CategoryMapper.selectByExample  :165  [32m        [0;39m <==        Row: 00000204, 00000200, ssm, 204
2020-11-26 22:01:21.917 TRACE c.s.server.mapper.CategoryMapper.selectByExample  :165  [32m        [0;39m <==        Row: 00000205, 00000200, python, 205
2020-11-26 22:01:21.919 TRACE c.s.server.mapper.CategoryMapper.selectByExample  :165  [32m        [0;39m <==        Row: 00000206, 00000200, çˆ¬è™«, 206
2020-11-26 22:01:21.920 TRACE c.s.server.mapper.CategoryMapper.selectByExample  :165  [32m        [0;39m <==        Row: 00000300, 00000000, ç§»åŠ¨å¼€å‘, 300
2020-11-26 22:01:21.920 TRACE c.s.server.mapper.CategoryMapper.selectByExample  :165  [32m        [0;39m <==        Row: 00000301, 00000300, android, 301
2020-11-26 22:01:21.921 TRACE c.s.server.mapper.CategoryMapper.selectByExample  :165  [32m        [0;39m <==        Row: 00000302, 00000300, ios, 302
2020-11-26 22:01:21.921 TRACE c.s.server.mapper.CategoryMapper.selectByExample  :165  [32m        [0;39m <==        Row: 00000303, 00000300, react native, 303
2020-11-26 22:01:21.921 TRACE c.s.server.mapper.CategoryMapper.selectByExample  :165  [32m        [0;39m <==        Row: 00000304, 00000300, ionic, 304
2020-11-26 22:01:21.922 TRACE c.s.server.mapper.CategoryMapper.selectByExample  :165  [32m        [0;39m <==        Row: 00000400, 00000000, å‰æ²¿æŠ€æœ¯, 400
2020-11-26 22:01:21.923 TRACE c.s.server.mapper.CategoryMapper.selectByExample  :165  [32m        [0;39m <==        Row: 00000401, 00000400, å¾®æœåŠ¡, 401
2020-11-26 22:01:21.923 TRACE c.s.server.mapper.CategoryMapper.selectByExample  :165  [32m        [0;39m <==        Row: 00000402, 00000400, åŒºå—é“¾, 402
2020-11-26 22:01:21.924 TRACE c.s.server.mapper.CategoryMapper.selectByExample  :165  [32m        [0;39m <==        Row: 00000403, 00000400, æœºå™¨å­¦ä¹ , 403
2020-11-26 22:01:21.924 TRACE c.s.server.mapper.CategoryMapper.selectByExample  :165  [32m        [0;39m <==        Row: 00000404, 00000400, æ·±åº¦å­¦ä¹ , 404
2020-11-26 22:01:21.925 TRACE c.s.server.mapper.CategoryMapper.selectByExample  :165  [32m        [0;39m <==        Row: 00000405, 00000400, æ•°æ®åˆ†æž&æŒ–æŽ˜, 405
2020-11-26 22:01:21.925 TRACE c.s.server.mapper.CategoryMapper.selectByExample  :165  [32m        [0;39m <==        Row: 00000500, 00000000, äº‘è®¡ç®—&å¤§æ•°æ®, 500
2020-11-26 22:01:21.925 TRACE c.s.server.mapper.CategoryMapper.selectByExample  :165  [32m        [0;39m <==        Row: 00000501, 00000500, å¤§æ•°æ®, 501
2020-11-26 22:01:21.925 TRACE c.s.server.mapper.CategoryMapper.selectByExample  :165  [32m        [0;39m <==        Row: 00000502, 00000500, hadoop, 502
2020-11-26 22:01:21.925 TRACE c.s.server.mapper.CategoryMapper.selectByExample  :165  [32m        [0;39m <==        Row: 00000503, 00000500, spark, 503
2020-11-26 22:01:21.926 TRACE c.s.server.mapper.CategoryMapper.selectByExample  :165  [32m        [0;39m <==        Row: 00000504, 00000500, hbase, 504
2020-11-26 22:01:21.926 TRACE c.s.server.mapper.CategoryMapper.selectByExample  :165  [32m        [0;39m <==        Row: 00000505, 00000500, é˜¿é‡Œäº‘, 505
2020-11-26 22:01:21.926 TRACE c.s.server.mapper.CategoryMapper.selectByExample  :165  [32m        [0;39m <==        Row: 00000506, 00000500, docker, 506
2020-11-26 22:01:21.927 TRACE c.s.server.mapper.CategoryMapper.selectByExample  :165  [32m        [0;39m <==        Row: 00000507, 00000500, kubernetes, 507
2020-11-26 22:01:21.927 TRACE c.s.server.mapper.CategoryMapper.selectByExample  :165  [32m        [0;39m <==        Row: 00000600, 00000000, è¿ç»´&æµ‹è¯•, 600
2020-11-26 22:01:21.927 TRACE c.s.server.mapper.CategoryMapper.selectByExample  :165  [32m        [0;39m <==        Row: 00000601, 00000600, è¿ç»´, 601
2020-11-26 22:01:21.927 TRACE c.s.server.mapper.CategoryMapper.selectByExample  :165  [32m        [0;39m <==        Row: 00000602, 00000600, è‡ªåŠ¨åŒ–è¿ç»´, 602
2020-11-26 22:01:21.928 TRACE c.s.server.mapper.CategoryMapper.selectByExample  :165  [32m        [0;39m <==        Row: 00000603, 00000600, ä¸­é—´ä»¶, 603
2020-11-26 22:01:21.928 TRACE c.s.server.mapper.CategoryMapper.selectByExample  :165  [32m        [0;39m <==        Row: 00000604, 00000600, linux, 604
2020-11-26 22:01:21.928 TRACE c.s.server.mapper.CategoryMapper.selectByExample  :165  [32m        [0;39m <==        Row: 00000605, 00000600, æµ‹è¯•, 605
2020-11-26 22:01:21.929 TRACE c.s.server.mapper.CategoryMapper.selectByExample  :165  [32m        [0;39m <==        Row: 00000606, 00000600, è‡ªåŠ¨åŒ–æµ‹è¯•, 606
2020-11-26 22:01:21.929 TRACE c.s.server.mapper.CategoryMapper.selectByExample  :165  [32m        [0;39m <==        Row: 00000700, 00000000, æ•°æ®åº“, 700
2020-11-26 22:01:21.929 TRACE c.s.server.mapper.CategoryMapper.selectByExample  :165  [32m        [0;39m <==        Row: 00000701, 00000700, mysql, 701
2020-11-26 22:01:21.929 TRACE c.s.server.mapper.CategoryMapper.selectByExample  :165  [32m        [0;39m <==        Row: 00000702, 00000700, redis, 702
2020-11-26 22:01:21.930 TRACE c.s.server.mapper.CategoryMapper.selectByExample  :165  [32m        [0;39m <==        Row: 00000703, 00000700, mongodb, 703
2020-11-26 22:01:21.930 DEBUG c.s.server.mapper.CategoryMapper.selectByExample  :159  [32m        [0;39m <==      Total: 46
2020-11-26 22:01:23.617 DEBUG c.s.s.mapper.CourseMapper.selectByExample_COUNT   :159  [32m        [0;39m ==>  Preparing: SELECT count(0) FROM course 
2020-11-26 22:01:23.619 DEBUG c.s.s.mapper.CourseMapper.selectByExample_COUNT   :159  [32m        [0;39m ==> Parameters: 
2020-11-26 22:01:23.621 TRACE c.s.s.mapper.CourseMapper.selectByExample_COUNT   :165  [32m        [0;39m <==    Columns: count(0)
2020-11-26 22:01:23.621 TRACE c.s.s.mapper.CourseMapper.selectByExample_COUNT   :165  [32m        [0;39m <==        Row: 2
2020-11-26 22:01:23.622 DEBUG c.s.s.mapper.CourseMapper.selectByExample_COUNT   :159  [32m        [0;39m <==      Total: 1
2020-11-26 22:01:23.623 DEBUG c.sise.server.mapper.CourseMapper.selectByExample :159  [32m        [0;39m ==>  Preparing: select id, `name`, summary, `time`, price, image, `level`, charge, `status`, enroll, sort, created_at, updated_at, teacher_id from course order by sort asc LIMIT ? 
2020-11-26 22:01:23.623 DEBUG c.sise.server.mapper.CourseMapper.selectByExample :159  [32m        [0;39m ==> Parameters: 5(Integer)
2020-11-26 22:01:23.624 TRACE c.sise.server.mapper.CourseMapper.selectByExample :165  [32m        [0;39m <==    Columns: id, name, summary, time, price, image, level, charge, status, enroll, sort, created_at, updated_at, teacher_id
2020-11-26 22:01:23.625 TRACE c.sise.server.mapper.CourseMapper.selectByExample :165  [32m        [0;39m <==        Row: 00000000, æµ‹è¯•è¯¾ç¨‹01, è¿™æ˜¯ä¸€é—¨æµ‹è¯•è¯¾ç¨‹, 1500, 19.90, , 1, C, P, 100, 0, 2020-11-15 17:55:05.0, 2020-11-15 17:55:05.0, null
2020-11-26 22:01:23.625 TRACE c.sise.server.mapper.CourseMapper.selectByExample :165  [32m        [0;39m <==        Row: 00000001, æµ‹è¯•è¯¾ç¨‹02, è¿™æ˜¯ä¸€é—¨æµ‹è¯•è¯¾ç¨‹, 10000, 0.00, null, 1, C, D, 0, 0, 2020-11-24 21:56:16.0, 2020-11-24 22:27:22.651, null
2020-11-26 22:01:23.626 DEBUG c.sise.server.mapper.CourseMapper.selectByExample :159  [32m        [0;39m <==      Total: 2
2020-11-26 22:01:25.128 DEBUG c.s.s.mapper.ChapterMapper.selectByExample_COUNT  :159  [32m        [0;39m ==>  Preparing: SELECT count(0) FROM chapter WHERE (course_id = ?) 
2020-11-26 22:01:25.128 DEBUG c.s.s.mapper.ChapterMapper.selectByExample_COUNT  :159  [32m        [0;39m ==> Parameters: 00000000(String)
2020-11-26 22:01:25.360 TRACE c.s.s.mapper.ChapterMapper.selectByExample_COUNT  :165  [32m        [0;39m <==    Columns: count(0)
2020-11-26 22:01:25.361 TRACE c.s.s.mapper.ChapterMapper.selectByExample_COUNT  :165  [32m        [0;39m <==        Row: 20
2020-11-26 22:01:25.361 DEBUG c.s.s.mapper.ChapterMapper.selectByExample_COUNT  :159  [32m        [0;39m <==      Total: 1
2020-11-26 22:01:25.362 DEBUG c.sise.server.mapper.ChapterMapper.selectByExample:159  [32m        [0;39m ==>  Preparing: select id, course_id, `name` from chapter WHERE ( course_id = ? ) LIMIT ? 
2020-11-26 22:01:25.363 DEBUG c.sise.server.mapper.ChapterMapper.selectByExample:159  [32m        [0;39m ==> Parameters: 00000000(String), 5(Integer)
2020-11-26 22:01:25.363 TRACE c.sise.server.mapper.ChapterMapper.selectByExample:165  [32m        [0;39m <==    Columns: id, course_id, name
2020-11-26 22:01:25.364 TRACE c.sise.server.mapper.ChapterMapper.selectByExample:165  [32m        [0;39m <==        Row: 00000000, 00000000, æµ‹è¯•å¤§ç« 00
2020-11-26 22:01:25.364 TRACE c.sise.server.mapper.ChapterMapper.selectByExample:165  [32m        [0;39m <==        Row: 00000001, 00000000, æµ‹è¯•å¤§ç« 01
2020-11-26 22:01:25.364 TRACE c.sise.server.mapper.ChapterMapper.selectByExample:165  [32m        [0;39m <==        Row: 00000002, 00000000, æµ‹è¯•å¤§ç« 02
2020-11-26 22:01:25.364 TRACE c.sise.server.mapper.ChapterMapper.selectByExample:165  [32m        [0;39m <==        Row: 00000003, 00000000, æµ‹è¯•å¤§ç« 03
2020-11-26 22:01:25.365 TRACE c.sise.server.mapper.ChapterMapper.selectByExample:165  [32m        [0;39m <==        Row: 00000004, 00000000, æµ‹è¯•å¤§ç« 04
2020-11-26 22:01:25.365 DEBUG c.sise.server.mapper.ChapterMapper.selectByExample:159  [32m        [0;39m <==      Total: 5
2020-11-26 22:01:28.227 WARN  c.s.business.controller.ControllerExceptionHandler:22   [32m        [0;39m å¤§ç« IDä¸èƒ½ä¸ºç©º
2020-11-26 22:01:28.228 WARN  o.s.w.s.m.m.a.ExceptionHandlerExceptionResolver   :199  [32m        [0;39m Resolved [com.sise.server.exception.ValidatorException: å¤§ç« IDä¸èƒ½ä¸ºç©º]
2020-11-26 22:01:29.909 DEBUG c.s.s.mapper.ChapterMapper.selectByExample_COUNT  :159  [32m        [0;39m ==>  Preparing: SELECT count(0) FROM chapter WHERE (course_id = ?) 
2020-11-26 22:01:29.910 DEBUG c.s.s.mapper.ChapterMapper.selectByExample_COUNT  :159  [32m        [0;39m ==> Parameters: 00000000(String)
2020-11-26 22:01:29.911 TRACE c.s.s.mapper.ChapterMapper.selectByExample_COUNT  :165  [32m        [0;39m <==    Columns: count(0)
2020-11-26 22:01:29.912 TRACE c.s.s.mapper.ChapterMapper.selectByExample_COUNT  :165  [32m        [0;39m <==        Row: 20
2020-11-26 22:01:29.912 DEBUG c.s.s.mapper.ChapterMapper.selectByExample_COUNT  :159  [32m        [0;39m <==      Total: 1
2020-11-26 22:01:29.912 DEBUG c.sise.server.mapper.ChapterMapper.selectByExample:159  [32m        [0;39m ==>  Preparing: select id, course_id, `name` from chapter WHERE ( course_id = ? ) LIMIT ? 
2020-11-26 22:01:29.913 DEBUG c.sise.server.mapper.ChapterMapper.selectByExample:159  [32m        [0;39m ==> Parameters: 00000000(String), 5(Integer)
2020-11-26 22:01:29.913 TRACE c.sise.server.mapper.ChapterMapper.selectByExample:165  [32m        [0;39m <==    Columns: id, course_id, name
2020-11-26 22:01:29.914 TRACE c.sise.server.mapper.ChapterMapper.selectByExample:165  [32m        [0;39m <==        Row: 00000000, 00000000, æµ‹è¯•å¤§ç« 00
2020-11-26 22:01:29.914 TRACE c.sise.server.mapper.ChapterMapper.selectByExample:165  [32m        [0;39m <==        Row: 00000001, 00000000, æµ‹è¯•å¤§ç« 01
2020-11-26 22:01:29.914 TRACE c.sise.server.mapper.ChapterMapper.selectByExample:165  [32m        [0;39m <==        Row: 00000002, 00000000, æµ‹è¯•å¤§ç« 02
2020-11-26 22:01:29.915 TRACE c.sise.server.mapper.ChapterMapper.selectByExample:165  [32m        [0;39m <==        Row: 00000003, 00000000, æµ‹è¯•å¤§ç« 03
2020-11-26 22:01:29.915 TRACE c.sise.server.mapper.ChapterMapper.selectByExample:165  [32m        [0;39m <==        Row: 00000004, 00000000, æµ‹è¯•å¤§ç« 04
2020-11-26 22:01:29.915 DEBUG c.sise.server.mapper.ChapterMapper.selectByExample:159  [32m        [0;39m <==      Total: 5
2020-11-26 22:01:31.647 DEBUG c.s.s.mapper.SectionMapper.selectByExample_COUNT  :159  [32m        [0;39m ==>  Preparing: SELECT count(0) FROM section WHERE (course_id = ? AND chapter_id = ?) 
2020-11-26 22:01:31.647 DEBUG c.s.s.mapper.SectionMapper.selectByExample_COUNT  :159  [32m        [0;39m ==> Parameters: 00000000(String), 00000000(String)
2020-11-26 22:01:31.692 TRACE c.s.s.mapper.SectionMapper.selectByExample_COUNT  :165  [32m        [0;39m <==    Columns: count(0)
2020-11-26 22:01:31.693 TRACE c.s.s.mapper.SectionMapper.selectByExample_COUNT  :165  [32m        [0;39m <==        Row: 2
2020-11-26 22:01:31.693 DEBUG c.s.s.mapper.SectionMapper.selectByExample_COUNT  :159  [32m        [0;39m <==      Total: 1
2020-11-26 22:01:31.694 DEBUG c.sise.server.mapper.SectionMapper.selectByExample:159  [32m        [0;39m ==>  Preparing: select id, title, course_id, chapter_id, video, `time`, charge, sort, created_at, updated_at from section WHERE ( course_id = ? and chapter_id = ? ) order by sort asc LIMIT ? 
2020-11-26 22:01:31.695 DEBUG c.sise.server.mapper.SectionMapper.selectByExample:159  [32m        [0;39m ==> Parameters: 00000000(String), 00000000(String), 5(Integer)
2020-11-26 22:01:31.704 TRACE c.sise.server.mapper.SectionMapper.selectByExample:165  [32m        [0;39m <==    Columns: id, title, course_id, chapter_id, video, time, charge, sort, created_at, updated_at
2020-11-26 22:01:31.705 TRACE c.sise.server.mapper.SectionMapper.selectByExample:165  [32m        [0;39m <==        Row: 00000000, æµ‹è¯•å°èŠ‚01, 00000000, 00000000, , 1000, C, 1, 2020-11-15 16:12:58.0, 2020-11-25 20:42:59.247
2020-11-26 22:01:31.709 TRACE c.sise.server.mapper.SectionMapper.selectByExample:165  [32m        [0;39m <==        Row: 9yqWvDER, æµ‹è¯•å°èŠ‚02, 00000000, 00000000, null, 500, F, 2, 2020-11-23 21:20:04.0, 2020-11-25 20:41:46.475
2020-11-26 22:01:31.710 DEBUG c.sise.server.mapper.SectionMapper.selectByExample:159  [32m        [0;39m <==      Total: 2
2020-11-26 22:01:35.188 DEBUG c.s.s.mapper.ChapterMapper.selectByExample_COUNT  :159  [32m        [0;39m ==>  Preparing: SELECT count(0) FROM chapter WHERE (course_id = ?) 
2020-11-26 22:01:35.189 DEBUG c.s.s.mapper.ChapterMapper.selectByExample_COUNT  :159  [32m        [0;39m ==> Parameters: 00000000(String)
2020-11-26 22:01:35.190 TRACE c.s.s.mapper.ChapterMapper.selectByExample_COUNT  :165  [32m        [0;39m <==    Columns: count(0)
2020-11-26 22:01:35.190 TRACE c.s.s.mapper.ChapterMapper.selectByExample_COUNT  :165  [32m        [0;39m <==        Row: 20
2020-11-26 22:01:35.191 DEBUG c.s.s.mapper.ChapterMapper.selectByExample_COUNT  :159  [32m        [0;39m <==      Total: 1
2020-11-26 22:01:35.191 DEBUG c.sise.server.mapper.ChapterMapper.selectByExample:159  [32m        [0;39m ==>  Preparing: select id, course_id, `name` from chapter WHERE ( course_id = ? ) LIMIT ? 
2020-11-26 22:01:35.192 DEBUG c.sise.server.mapper.ChapterMapper.selectByExample:159  [32m        [0;39m ==> Parameters: 00000000(String), 5(Integer)
2020-11-26 22:01:35.193 TRACE c.sise.server.mapper.ChapterMapper.selectByExample:165  [32m        [0;39m <==    Columns: id, course_id, name
2020-11-26 22:01:35.193 TRACE c.sise.server.mapper.ChapterMapper.selectByExample:165  [32m        [0;39m <==        Row: 00000000, 00000000, æµ‹è¯•å¤§ç« 00
2020-11-26 22:01:35.193 TRACE c.sise.server.mapper.ChapterMapper.selectByExample:165  [32m        [0;39m <==        Row: 00000001, 00000000, æµ‹è¯•å¤§ç« 01
2020-11-26 22:01:35.193 TRACE c.sise.server.mapper.ChapterMapper.selectByExample:165  [32m        [0;39m <==        Row: 00000002, 00000000, æµ‹è¯•å¤§ç« 02
2020-11-26 22:01:35.194 TRACE c.sise.server.mapper.ChapterMapper.selectByExample:165  [32m        [0;39m <==        Row: 00000003, 00000000, æµ‹è¯•å¤§ç« 03
2020-11-26 22:01:35.194 TRACE c.sise.server.mapper.ChapterMapper.selectByExample:165  [32m        [0;39m <==        Row: 00000004, 00000000, æµ‹è¯•å¤§ç« 04
2020-11-26 22:01:35.194 DEBUG c.sise.server.mapper.ChapterMapper.selectByExample:159  [32m        [0;39m <==      Total: 5
2020-11-26 22:01:36.576 DEBUG c.s.s.mapper.CourseMapper.selectByExample_COUNT   :159  [32m        [0;39m ==>  Preparing: SELECT count(0) FROM course 
2020-11-26 22:01:36.576 DEBUG c.s.s.mapper.CourseMapper.selectByExample_COUNT   :159  [32m        [0;39m ==> Parameters: 
2020-11-26 22:01:36.577 TRACE c.s.s.mapper.CourseMapper.selectByExample_COUNT   :165  [32m        [0;39m <==    Columns: count(0)
2020-11-26 22:01:36.577 TRACE c.s.s.mapper.CourseMapper.selectByExample_COUNT   :165  [32m        [0;39m <==        Row: 2
2020-11-26 22:01:36.578 DEBUG c.s.s.mapper.CourseMapper.selectByExample_COUNT   :159  [32m        [0;39m <==      Total: 1
2020-11-26 22:01:36.578 DEBUG c.sise.server.mapper.CourseMapper.selectByExample :159  [32m        [0;39m ==>  Preparing: select id, `name`, summary, `time`, price, image, `level`, charge, `status`, enroll, sort, created_at, updated_at, teacher_id from course order by sort asc LIMIT ? 
2020-11-26 22:01:36.579 DEBUG c.sise.server.mapper.CourseMapper.selectByExample :159  [32m        [0;39m ==> Parameters: 5(Integer)
2020-11-26 22:01:36.582 TRACE c.sise.server.mapper.CourseMapper.selectByExample :165  [32m        [0;39m <==    Columns: id, name, summary, time, price, image, level, charge, status, enroll, sort, created_at, updated_at, teacher_id
2020-11-26 22:01:36.584 TRACE c.sise.server.mapper.CourseMapper.selectByExample :165  [32m        [0;39m <==        Row: 00000000, æµ‹è¯•è¯¾ç¨‹01, è¿™æ˜¯ä¸€é—¨æµ‹è¯•è¯¾ç¨‹, 1500, 19.90, , 1, C, P, 100, 0, 2020-11-15 17:55:05.0, 2020-11-15 17:55:05.0, null
2020-11-26 22:01:36.584 TRACE c.sise.server.mapper.CourseMapper.selectByExample :165  [32m        [0;39m <==        Row: 00000001, æµ‹è¯•è¯¾ç¨‹02, è¿™æ˜¯ä¸€é—¨æµ‹è¯•è¯¾ç¨‹, 10000, 0.00, null, 1, C, D, 0, 0, 2020-11-24 21:56:16.0, 2020-11-24 22:27:22.651, null
2020-11-26 22:01:36.585 DEBUG c.sise.server.mapper.CourseMapper.selectByExample :159  [32m        [0;39m <==      Total: 2
2020-11-26 22:01:38.041 DEBUG c.s.s.mapper.ChapterMapper.selectByExample_COUNT  :159  [32m        [0;39m ==>  Preparing: SELECT count(0) FROM chapter WHERE (course_id = ?) 
2020-11-26 22:01:38.042 DEBUG c.s.s.mapper.ChapterMapper.selectByExample_COUNT  :159  [32m        [0;39m ==> Parameters: 00000000(String)
2020-11-26 22:01:38.043 TRACE c.s.s.mapper.ChapterMapper.selectByExample_COUNT  :165  [32m        [0;39m <==    Columns: count(0)
2020-11-26 22:01:38.043 TRACE c.s.s.mapper.ChapterMapper.selectByExample_COUNT  :165  [32m        [0;39m <==        Row: 20
2020-11-26 22:01:38.044 DEBUG c.s.s.mapper.ChapterMapper.selectByExample_COUNT  :159  [32m        [0;39m <==      Total: 1
2020-11-26 22:01:38.044 DEBUG c.sise.server.mapper.ChapterMapper.selectByExample:159  [32m        [0;39m ==>  Preparing: select id, course_id, `name` from chapter WHERE ( course_id = ? ) LIMIT ? 
2020-11-26 22:01:38.045 DEBUG c.sise.server.mapper.ChapterMapper.selectByExample:159  [32m        [0;39m ==> Parameters: 00000000(String), 5(Integer)
2020-11-26 22:01:38.045 TRACE c.sise.server.mapper.ChapterMapper.selectByExample:165  [32m        [0;39m <==    Columns: id, course_id, name
2020-11-26 22:01:38.046 TRACE c.sise.server.mapper.ChapterMapper.selectByExample:165  [32m        [0;39m <==        Row: 00000000, 00000000, æµ‹è¯•å¤§ç« 00
2020-11-26 22:01:38.047 TRACE c.sise.server.mapper.ChapterMapper.selectByExample:165  [32m        [0;39m <==        Row: 00000001, 00000000, æµ‹è¯•å¤§ç« 01
2020-11-26 22:01:38.047 TRACE c.sise.server.mapper.ChapterMapper.selectByExample:165  [32m        [0;39m <==        Row: 00000002, 00000000, æµ‹è¯•å¤§ç« 02
2020-11-26 22:01:38.048 TRACE c.sise.server.mapper.ChapterMapper.selectByExample:165  [32m        [0;39m <==        Row: 00000003, 00000000, æµ‹è¯•å¤§ç« 03
2020-11-26 22:01:38.048 TRACE c.sise.server.mapper.ChapterMapper.selectByExample:165  [32m        [0;39m <==        Row: 00000004, 00000000, æµ‹è¯•å¤§ç« 04
2020-11-26 22:01:38.048 DEBUG c.sise.server.mapper.ChapterMapper.selectByExample:159  [32m        [0;39m <==      Total: 5
2020-11-26 22:01:39.362 DEBUG c.s.s.mapper.SectionMapper.selectByExample_COUNT  :159  [32m        [0;39m ==>  Preparing: SELECT count(0) FROM section WHERE (course_id = ? AND chapter_id = ?) 
2020-11-26 22:01:39.363 DEBUG c.s.s.mapper.SectionMapper.selectByExample_COUNT  :159  [32m        [0;39m ==> Parameters: 00000000(String), 00000000(String)
2020-11-26 22:01:39.364 TRACE c.s.s.mapper.SectionMapper.selectByExample_COUNT  :165  [32m        [0;39m <==    Columns: count(0)
2020-11-26 22:01:39.364 TRACE c.s.s.mapper.SectionMapper.selectByExample_COUNT  :165  [32m        [0;39m <==        Row: 2
2020-11-26 22:01:39.365 DEBUG c.s.s.mapper.SectionMapper.selectByExample_COUNT  :159  [32m        [0;39m <==      Total: 1
2020-11-26 22:01:39.366 DEBUG c.sise.server.mapper.SectionMapper.selectByExample:159  [32m        [0;39m ==>  Preparing: select id, title, course_id, chapter_id, video, `time`, charge, sort, created_at, updated_at from section WHERE ( course_id = ? and chapter_id = ? ) order by sort asc LIMIT ? 
2020-11-26 22:01:39.367 DEBUG c.sise.server.mapper.SectionMapper.selectByExample:159  [32m        [0;39m ==> Parameters: 00000000(String), 00000000(String), 5(Integer)
2020-11-26 22:01:39.368 TRACE c.sise.server.mapper.SectionMapper.selectByExample:165  [32m        [0;39m <==    Columns: id, title, course_id, chapter_id, video, time, charge, sort, created_at, updated_at
2020-11-26 22:01:39.368 TRACE c.sise.server.mapper.SectionMapper.selectByExample:165  [32m        [0;39m <==        Row: 00000000, æµ‹è¯•å°èŠ‚01, 00000000, 00000000, , 1000, C, 1, 2020-11-15 16:12:58.0, 2020-11-25 20:42:59.247
2020-11-26 22:01:39.368 TRACE c.sise.server.mapper.SectionMapper.selectByExample:165  [32m        [0;39m <==        Row: 9yqWvDER, æµ‹è¯•å°èŠ‚02, 00000000, 00000000, null, 500, F, 2, 2020-11-23 21:20:04.0, 2020-11-25 20:41:46.475
2020-11-26 22:01:39.369 DEBUG c.sise.server.mapper.SectionMapper.selectByExample:159  [32m        [0;39m <==      Total: 2
2020-11-26 22:01:41.209 DEBUG c.s.s.mapper.CourseMapper.selectByExample_COUNT   :159  [32m        [0;39m ==>  Preparing: SELECT count(0) FROM course 
2020-11-26 22:01:41.210 DEBUG c.s.s.mapper.CourseMapper.selectByExample_COUNT   :159  [32m        [0;39m ==> Parameters: 
2020-11-26 22:01:41.210 TRACE c.s.s.mapper.CourseMapper.selectByExample_COUNT   :165  [32m        [0;39m <==    Columns: count(0)
2020-11-26 22:01:41.210 TRACE c.s.s.mapper.CourseMapper.selectByExample_COUNT   :165  [32m        [0;39m <==        Row: 2
2020-11-26 22:01:41.211 DEBUG c.s.s.mapper.CourseMapper.selectByExample_COUNT   :159  [32m        [0;39m <==      Total: 1
2020-11-26 22:01:41.211 DEBUG c.sise.server.mapper.CourseMapper.selectByExample :159  [32m        [0;39m ==>  Preparing: select id, `name`, summary, `time`, price, image, `level`, charge, `status`, enroll, sort, created_at, updated_at, teacher_id from course order by sort asc LIMIT ? 
2020-11-26 22:01:41.211 DEBUG c.sise.server.mapper.CourseMapper.selectByExample :159  [32m        [0;39m ==> Parameters: 5(Integer)
2020-11-26 22:01:41.211 TRACE c.sise.server.mapper.CourseMapper.selectByExample :165  [32m        [0;39m <==    Columns: id, name, summary, time, price, image, level, charge, status, enroll, sort, created_at, updated_at, teacher_id
2020-11-26 22:01:41.212 TRACE c.sise.server.mapper.CourseMapper.selectByExample :165  [32m        [0;39m <==        Row: 00000000, æµ‹è¯•è¯¾ç¨‹01, è¿™æ˜¯ä¸€é—¨æµ‹è¯•è¯¾ç¨‹, 1500, 19.90, , 1, C, P, 100, 0, 2020-11-15 17:55:05.0, 2020-11-15 17:55:05.0, null
2020-11-26 22:01:41.216 TRACE c.sise.server.mapper.CourseMapper.selectByExample :165  [32m        [0;39m <==        Row: 00000001, æµ‹è¯•è¯¾ç¨‹02, è¿™æ˜¯ä¸€é—¨æµ‹è¯•è¯¾ç¨‹, 10000, 0.00, null, 1, C, D, 0, 0, 2020-11-24 21:56:16.0, 2020-11-24 22:27:22.651, null
2020-11-26 22:01:41.216 DEBUG c.sise.server.mapper.CourseMapper.selectByExample :159  [32m        [0;39m <==      Total: 2
2020-11-26 22:01:42.533 DEBUG c.s.s.mapper.ChapterMapper.selectByExample_COUNT  :159  [32m        [0;39m ==>  Preparing: SELECT count(0) FROM chapter WHERE (course_id = ?) 
2020-11-26 22:01:42.534 DEBUG c.s.s.mapper.ChapterMapper.selectByExample_COUNT  :159  [32m        [0;39m ==> Parameters: 00000000(String)
2020-11-26 22:01:42.535 TRACE c.s.s.mapper.ChapterMapper.selectByExample_COUNT  :165  [32m        [0;39m <==    Columns: count(0)
2020-11-26 22:01:42.535 TRACE c.s.s.mapper.ChapterMapper.selectByExample_COUNT  :165  [32m        [0;39m <==        Row: 20
2020-11-26 22:01:42.535 DEBUG c.s.s.mapper.ChapterMapper.selectByExample_COUNT  :159  [32m        [0;39m <==      Total: 1
2020-11-26 22:01:42.539 DEBUG c.sise.server.mapper.ChapterMapper.selectByExample:159  [32m        [0;39m ==>  Preparing: select id, course_id, `name` from chapter WHERE ( course_id = ? ) LIMIT ? 
2020-11-26 22:01:42.540 DEBUG c.sise.server.mapper.ChapterMapper.selectByExample:159  [32m        [0;39m ==> Parameters: 00000000(String), 5(Integer)
2020-11-26 22:01:42.541 TRACE c.sise.server.mapper.ChapterMapper.selectByExample:165  [32m        [0;39m <==    Columns: id, course_id, name
2020-11-26 22:01:42.541 TRACE c.sise.server.mapper.ChapterMapper.selectByExample:165  [32m        [0;39m <==        Row: 00000000, 00000000, æµ‹è¯•å¤§ç« 00
2020-11-26 22:01:42.541 TRACE c.sise.server.mapper.ChapterMapper.selectByExample:165  [32m        [0;39m <==        Row: 00000001, 00000000, æµ‹è¯•å¤§ç« 01
2020-11-26 22:01:42.541 TRACE c.sise.server.mapper.ChapterMapper.selectByExample:165  [32m        [0;39m <==        Row: 00000002, 00000000, æµ‹è¯•å¤§ç« 02
2020-11-26 22:01:42.541 TRACE c.sise.server.mapper.ChapterMapper.selectByExample:165  [32m        [0;39m <==        Row: 00000003, 00000000, æµ‹è¯•å¤§ç« 03
2020-11-26 22:01:42.542 TRACE c.sise.server.mapper.ChapterMapper.selectByExample:165  [32m        [0;39m <==        Row: 00000004, 00000000, æµ‹è¯•å¤§ç« 04
2020-11-26 22:01:42.542 DEBUG c.sise.server.mapper.ChapterMapper.selectByExample:159  [32m        [0;39m <==      Total: 5
2020-11-26 22:01:44.550 DEBUG c.s.s.mapper.SectionMapper.selectByExample_COUNT  :159  [32m        [0;39m ==>  Preparing: SELECT count(0) FROM section WHERE (course_id = ? AND chapter_id = ?) 
2020-11-26 22:01:44.551 DEBUG c.s.s.mapper.SectionMapper.selectByExample_COUNT  :159  [32m        [0;39m ==> Parameters: 00000000(String), 00000000(String)
2020-11-26 22:01:44.552 TRACE c.s.s.mapper.SectionMapper.selectByExample_COUNT  :165  [32m        [0;39m <==    Columns: count(0)
2020-11-26 22:01:44.552 TRACE c.s.s.mapper.SectionMapper.selectByExample_COUNT  :165  [32m        [0;39m <==        Row: 2
2020-11-26 22:01:44.552 DEBUG c.s.s.mapper.SectionMapper.selectByExample_COUNT  :159  [32m        [0;39m <==      Total: 1
2020-11-26 22:01:44.553 DEBUG c.sise.server.mapper.SectionMapper.selectByExample:159  [32m        [0;39m ==>  Preparing: select id, title, course_id, chapter_id, video, `time`, charge, sort, created_at, updated_at from section WHERE ( course_id = ? and chapter_id = ? ) order by sort asc LIMIT ? 
2020-11-26 22:01:44.554 DEBUG c.sise.server.mapper.SectionMapper.selectByExample:159  [32m        [0;39m ==> Parameters: 00000000(String), 00000000(String), 5(Integer)
2020-11-26 22:01:44.554 TRACE c.sise.server.mapper.SectionMapper.selectByExample:165  [32m        [0;39m <==    Columns: id, title, course_id, chapter_id, video, time, charge, sort, created_at, updated_at
2020-11-26 22:01:44.555 TRACE c.sise.server.mapper.SectionMapper.selectByExample:165  [32m        [0;39m <==        Row: 00000000, æµ‹è¯•å°èŠ‚01, 00000000, 00000000, , 1000, C, 1, 2020-11-15 16:12:58.0, 2020-11-25 20:42:59.247
2020-11-26 22:01:44.555 TRACE c.sise.server.mapper.SectionMapper.selectByExample:165  [32m        [0;39m <==        Row: 9yqWvDER, æµ‹è¯•å°èŠ‚02, 00000000, 00000000, null, 500, F, 2, 2020-11-23 21:20:04.0, 2020-11-25 20:41:46.475
2020-11-26 22:01:44.555 DEBUG c.sise.server.mapper.SectionMapper.selectByExample:159  [32m        [0;39m <==      Total: 2
2020-11-26 22:01:46.954 DEBUG c.s.server.mapper.CategoryMapper.selectByExample  :159  [32m        [0;39m ==>  Preparing: select id, parent, `name`, sort from category order by sort asc 
2020-11-26 22:01:46.955 DEBUG c.s.server.mapper.CategoryMapper.selectByExample  :159  [32m        [0;39m ==> Parameters: 
2020-11-26 22:01:46.956 TRACE c.s.server.mapper.CategoryMapper.selectByExample  :165  [32m        [0;39m <==    Columns: id, parent, name, sort
2020-11-26 22:01:46.956 TRACE c.s.server.mapper.CategoryMapper.selectByExample  :165  [32m        [0;39m <==        Row: 00000100, 00000000, å‰ç«¯æŠ€æœ¯, 100
2020-11-26 22:01:46.957 TRACE c.s.server.mapper.CategoryMapper.selectByExample  :165  [32m        [0;39m <==        Row: 00000101, 00000100, html/css, 101
2020-11-26 22:01:46.957 TRACE c.s.server.mapper.CategoryMapper.selectByExample  :165  [32m        [0;39m <==        Row: 00000102, 00000100, javascript, 102
2020-11-26 22:01:46.957 TRACE c.s.server.mapper.CategoryMapper.selectByExample  :165  [32m        [0;39m <==        Row: 00000103, 00000100, vue.js, 103
2020-11-26 22:01:46.958 TRACE c.s.server.mapper.CategoryMapper.selectByExample  :165  [32m        [0;39m <==        Row: 00000104, 00000100, react.js, 104
2020-11-26 22:01:46.958 TRACE c.s.server.mapper.CategoryMapper.selectByExample  :165  [32m        [0;39m <==        Row: 00000105, 00000100, angular, 105
2020-11-26 22:01:46.958 TRACE c.s.server.mapper.CategoryMapper.selectByExample  :165  [32m        [0;39m <==        Row: 00000106, 00000100, node.js, 106
2020-11-26 22:01:46.958 TRACE c.s.server.mapper.CategoryMapper.selectByExample  :165  [32m        [0;39m <==        Row: 00000107, 00000100, jquery, 107
2020-11-26 22:01:46.959 TRACE c.s.server.mapper.CategoryMapper.selectByExample  :165  [32m        [0;39m <==        Row: 00000108, 00000100, å°ç¨‹åº, 108
2020-11-26 22:01:46.959 TRACE c.s.server.mapper.CategoryMapper.selectByExample  :165  [32m        [0;39m <==        Row: 00000200, 00000000, åŽç«¯æŠ€æœ¯, 200
2020-11-26 22:01:46.959 TRACE c.s.server.mapper.CategoryMapper.selectByExample  :165  [32m        [0;39m <==        Row: 00000201, 00000200, java, 201
2020-11-26 22:01:46.959 TRACE c.s.server.mapper.CategoryMapper.selectByExample  :165  [32m        [0;39m <==        Row: 00000202, 00000200, springboot, 202
2020-11-26 22:01:46.959 TRACE c.s.server.mapper.CategoryMapper.selectByExample  :165  [32m        [0;39m <==        Row: 00000203, 00000200, spring cloud, 203
2020-11-26 22:01:46.960 TRACE c.s.server.mapper.CategoryMapper.selectByExample  :165  [32m        [0;39m <==        Row: 00000204, 00000200, ssm, 204
2020-11-26 22:01:46.960 TRACE c.s.server.mapper.CategoryMapper.selectByExample  :165  [32m        [0;39m <==        Row: 00000205, 00000200, python, 205
2020-11-26 22:01:46.960 TRACE c.s.server.mapper.CategoryMapper.selectByExample  :165  [32m        [0;39m <==        Row: 00000206, 00000200, çˆ¬è™«, 206
2020-11-26 22:01:46.960 TRACE c.s.server.mapper.CategoryMapper.selectByExample  :165  [32m        [0;39m <==        Row: 00000300, 00000000, ç§»åŠ¨å¼€å‘, 300
2020-11-26 22:01:46.960 TRACE c.s.server.mapper.CategoryMapper.selectByExample  :165  [32m        [0;39m <==        Row: 00000301, 00000300, android, 301
2020-11-26 22:01:46.960 TRACE c.s.server.mapper.CategoryMapper.selectByExample  :165  [32m        [0;39m <==        Row: 00000302, 00000300, ios, 302
2020-11-26 22:01:46.961 TRACE c.s.server.mapper.CategoryMapper.selectByExample  :165  [32m        [0;39m <==        Row: 00000303, 00000300, react native, 303
2020-11-26 22:01:46.961 TRACE c.s.server.mapper.CategoryMapper.selectByExample  :165  [32m        [0;39m <==        Row: 00000304, 00000300, ionic, 304
2020-11-26 22:01:46.961 TRACE c.s.server.mapper.CategoryMapper.selectByExample  :165  [32m        [0;39m <==        Row: 00000400, 00000000, å‰æ²¿æŠ€æœ¯, 400
2020-11-26 22:01:46.961 TRACE c.s.server.mapper.CategoryMapper.selectByExample  :165  [32m        [0;39m <==        Row: 00000401, 00000400, å¾®æœåŠ¡, 401
2020-11-26 22:01:46.962 TRACE c.s.server.mapper.CategoryMapper.selectByExample  :165  [32m        [0;39m <==        Row: 00000402, 00000400, åŒºå—é“¾, 402
2020-11-26 22:01:46.962 TRACE c.s.server.mapper.CategoryMapper.selectByExample  :165  [32m        [0;39m <==        Row: 00000403, 00000400, æœºå™¨å­¦ä¹ , 403
2020-11-26 22:01:46.963 TRACE c.s.server.mapper.CategoryMapper.selectByExample  :165  [32m        [0;39m <==        Row: 00000404, 00000400, æ·±åº¦å­¦ä¹ , 404
2020-11-26 22:01:46.963 TRACE c.s.server.mapper.CategoryMapper.selectByExample  :165  [32m        [0;39m <==        Row: 00000405, 00000400, æ•°æ®åˆ†æž&æŒ–æŽ˜, 405
2020-11-26 22:01:46.963 TRACE c.s.server.mapper.CategoryMapper.selectByExample  :165  [32m        [0;39m <==        Row: 00000500, 00000000, äº‘è®¡ç®—&å¤§æ•°æ®, 500
2020-11-26 22:01:46.963 TRACE c.s.server.mapper.CategoryMapper.selectByExample  :165  [32m        [0;39m <==        Row: 00000501, 00000500, å¤§æ•°æ®, 501
2020-11-26 22:01:46.964 TRACE c.s.server.mapper.CategoryMapper.selectByExample  :165  [32m        [0;39m <==        Row: 00000502, 00000500, hadoop, 502
2020-11-26 22:01:46.964 TRACE c.s.server.mapper.CategoryMapper.selectByExample  :165  [32m        [0;39m <==        Row: 00000503, 00000500, spark, 503
2020-11-26 22:01:46.964 TRACE c.s.server.mapper.CategoryMapper.selectByExample  :165  [32m        [0;39m <==        Row: 00000504, 00000500, hbase, 504
2020-11-26 22:01:46.964 TRACE c.s.server.mapper.CategoryMapper.selectByExample  :165  [32m        [0;39m <==        Row: 00000505, 00000500, é˜¿é‡Œäº‘, 505
2020-11-26 22:01:46.965 TRACE c.s.server.mapper.CategoryMapper.selectByExample  :165  [32m        [0;39m <==        Row: 00000506, 00000500, docker, 506
2020-11-26 22:01:46.965 TRACE c.s.server.mapper.CategoryMapper.selectByExample  :165  [32m        [0;39m <==        Row: 00000507, 00000500, kubernetes, 507
2020-11-26 22:01:46.965 TRACE c.s.server.mapper.CategoryMapper.selectByExample  :165  [32m        [0;39m <==        Row: 00000600, 00000000, è¿ç»´&æµ‹è¯•, 600
2020-11-26 22:01:46.966 TRACE c.s.server.mapper.CategoryMapper.selectByExample  :165  [32m        [0;39m <==        Row: 00000601, 00000600, è¿ç»´, 601
2020-11-26 22:01:46.967 TRACE c.s.server.mapper.CategoryMapper.selectByExample  :165  [32m        [0;39m <==        Row: 00000602, 00000600, è‡ªåŠ¨åŒ–è¿ç»´, 602
2020-11-26 22:01:46.968 TRACE c.s.server.mapper.CategoryMapper.selectByExample  :165  [32m        [0;39m <==        Row: 00000603, 00000600, ä¸­é—´ä»¶, 603
2020-11-26 22:01:46.968 TRACE c.s.server.mapper.CategoryMapper.selectByExample  :165  [32m        [0;39m <==        Row: 00000604, 00000600, linux, 604
2020-11-26 22:01:46.969 TRACE c.s.server.mapper.CategoryMapper.selectByExample  :165  [32m        [0;39m <==        Row: 00000605, 00000600, æµ‹è¯•, 605
2020-11-26 22:01:46.969 TRACE c.s.server.mapper.CategoryMapper.selectByExample  :165  [32m        [0;39m <==        Row: 00000606, 00000600, è‡ªåŠ¨åŒ–æµ‹è¯•, 606
2020-11-26 22:01:46.969 TRACE c.s.server.mapper.CategoryMapper.selectByExample  :165  [32m        [0;39m <==        Row: 00000700, 00000000, æ•°æ®åº“, 700
2020-11-26 22:01:46.969 TRACE c.s.server.mapper.CategoryMapper.selectByExample  :165  [32m        [0;39m <==        Row: 00000701, 00000700, mysql, 701
2020-11-26 22:01:46.970 TRACE c.s.server.mapper.CategoryMapper.selectByExample  :165  [32m        [0;39m <==        Row: 00000702, 00000700, redis, 702
2020-11-26 22:01:46.970 TRACE c.s.server.mapper.CategoryMapper.selectByExample  :165  [32m        [0;39m <==        Row: 00000703, 00000700, mongodb, 703
2020-11-26 22:01:46.970 DEBUG c.s.server.mapper.CategoryMapper.selectByExample  :159  [32m        [0;39m <==      Total: 46
2020-11-26 22:04:00.519 DEBUG c.s.server.mapper.CategoryMapper.selectByExample  :159  [32m        [0;39m ==>  Preparing: select id, parent, `name`, sort from category order by sort asc 
2020-11-26 22:04:00.520 DEBUG c.s.server.mapper.CategoryMapper.selectByExample  :159  [32m        [0;39m ==> Parameters: 
2020-11-26 22:04:00.521 TRACE c.s.server.mapper.CategoryMapper.selectByExample  :165  [32m        [0;39m <==    Columns: id, parent, name, sort
2020-11-26 22:04:00.522 TRACE c.s.server.mapper.CategoryMapper.selectByExample  :165  [32m        [0;39m <==        Row: 00000100, 00000000, å‰ç«¯æŠ€æœ¯, 100
2020-11-26 22:04:00.522 TRACE c.s.server.mapper.CategoryMapper.selectByExample  :165  [32m        [0;39m <==        Row: 00000101, 00000100, html/css, 101
2020-11-26 22:04:00.522 TRACE c.s.server.mapper.CategoryMapper.selectByExample  :165  [32m        [0;39m <==        Row: 00000102, 00000100, javascript, 102
2020-11-26 22:04:00.523 TRACE c.s.server.mapper.CategoryMapper.selectByExample  :165  [32m        [0;39m <==        Row: 00000103, 00000100, vue.js, 103
2020-11-26 22:04:00.523 TRACE c.s.server.mapper.CategoryMapper.selectByExample  :165  [32m        [0;39m <==        Row: 00000104, 00000100, react.js, 104
2020-11-26 22:04:00.523 TRACE c.s.server.mapper.CategoryMapper.selectByExample  :165  [32m        [0;39m <==        Row: 00000105, 00000100, angular, 105
2020-11-26 22:04:00.523 TRACE c.s.server.mapper.CategoryMapper.selectByExample  :165  [32m        [0;39m <==        Row: 00000106, 00000100, node.js, 106
2020-11-26 22:04:00.523 TRACE c.s.server.mapper.CategoryMapper.selectByExample  :165  [32m        [0;39m <==        Row: 00000107, 00000100, jquery, 107
2020-11-26 22:04:00.524 TRACE c.s.server.mapper.CategoryMapper.selectByExample  :165  [32m        [0;39m <==        Row: 00000108, 00000100, å°ç¨‹åº, 108
2020-11-26 22:04:00.524 TRACE c.s.server.mapper.CategoryMapper.selectByExample  :165  [32m        [0;39m <==        Row: 00000200, 00000000, åŽç«¯æŠ€æœ¯, 200
2020-11-26 22:04:00.524 TRACE c.s.server.mapper.CategoryMapper.selectByExample  :165  [32m        [0;39m <==        Row: 00000201, 00000200, java, 201
2020-11-26 22:04:00.524 TRACE c.s.server.mapper.CategoryMapper.selectByExample  :165  [32m        [0;39m <==        Row: 00000202, 00000200, springboot, 202
2020-11-26 22:04:00.524 TRACE c.s.server.mapper.CategoryMapper.selectByExample  :165  [32m        [0;39m <==        Row: 00000203, 00000200, spring cloud, 203
2020-11-26 22:04:00.524 TRACE c.s.server.mapper.CategoryMapper.selectByExample  :165  [32m        [0;39m <==        Row: 00000204, 00000200, ssm, 204
2020-11-26 22:04:00.525 TRACE c.s.server.mapper.CategoryMapper.selectByExample  :165  [32m        [0;39m <==        Row: 00000205, 00000200, python, 205
2020-11-26 22:04:00.525 TRACE c.s.server.mapper.CategoryMapper.selectByExample  :165  [32m        [0;39m <==        Row: 00000206, 00000200, çˆ¬è™«, 206
2020-11-26 22:04:00.525 TRACE c.s.server.mapper.CategoryMapper.selectByExample  :165  [32m        [0;39m <==        Row: 00000300, 00000000, ç§»åŠ¨å¼€å‘, 300
2020-11-26 22:04:00.526 TRACE c.s.server.mapper.CategoryMapper.selectByExample  :165  [32m        [0;39m <==        Row: 00000301, 00000300, android, 301
2020-11-26 22:04:00.526 TRACE c.s.server.mapper.CategoryMapper.selectByExample  :165  [32m        [0;39m <==        Row: 00000302, 00000300, ios, 302
2020-11-26 22:04:00.526 TRACE c.s.server.mapper.CategoryMapper.selectByExample  :165  [32m        [0;39m <==        Row: 00000303, 00000300, react native, 303
2020-11-26 22:04:00.526 TRACE c.s.server.mapper.CategoryMapper.selectByExample  :165  [32m        [0;39m <==        Row: 00000304, 00000300, ionic, 304
2020-11-26 22:04:00.770 TRACE c.s.server.mapper.CategoryMapper.selectByExample  :165  [32m        [0;39m <==        Row: 00000400, 00000000, å‰æ²¿æŠ€æœ¯, 400
2020-11-26 22:04:00.772 TRACE c.s.server.mapper.CategoryMapper.selectByExample  :165  [32m        [0;39m <==        Row: 00000401, 00000400, å¾®æœåŠ¡, 401
2020-11-26 22:04:00.772 TRACE c.s.server.mapper.CategoryMapper.selectByExample  :165  [32m        [0;39m <==        Row: 00000402, 00000400, åŒºå—é“¾, 402
2020-11-26 22:04:00.773 TRACE c.s.server.mapper.CategoryMapper.selectByExample  :165  [32m        [0;39m <==        Row: 00000403, 00000400, æœºå™¨å­¦ä¹ , 403
2020-11-26 22:04:00.775 TRACE c.s.server.mapper.CategoryMapper.selectByExample  :165  [32m        [0;39m <==        Row: 00000404, 00000400, æ·±åº¦å­¦ä¹ , 404
2020-11-26 22:04:00.779 TRACE c.s.server.mapper.CategoryMapper.selectByExample  :165  [32m        [0;39m <==        Row: 00000405, 00000400, æ•°æ®åˆ†æž&æŒ–æŽ˜, 405
2020-11-26 22:04:00.779 TRACE c.s.server.mapper.CategoryMapper.selectByExample  :165  [32m        [0;39m <==        Row: 00000500, 00000000, äº‘è®¡ç®—&å¤§æ•°æ®, 500
2020-11-26 22:04:00.779 TRACE c.s.server.mapper.CategoryMapper.selectByExample  :165  [32m        [0;39m <==        Row: 00000501, 00000500, å¤§æ•°æ®, 501
2020-11-26 22:04:00.780 TRACE c.s.server.mapper.CategoryMapper.selectByExample  :165  [32m        [0;39m <==        Row: 00000502, 00000500, hadoop, 502
2020-11-26 22:04:00.780 TRACE c.s.server.mapper.CategoryMapper.selectByExample  :165  [32m        [0;39m <==        Row: 00000503, 00000500, spark, 503
2020-11-26 22:04:00.780 TRACE c.s.server.mapper.CategoryMapper.selectByExample  :165  [32m        [0;39m <==        Row: 00000504, 00000500, hbase, 504
2020-11-26 22:04:00.780 TRACE c.s.server.mapper.CategoryMapper.selectByExample  :165  [32m        [0;39m <==        Row: 00000505, 00000500, é˜¿é‡Œäº‘, 505
2020-11-26 22:04:00.781 TRACE c.s.server.mapper.CategoryMapper.selectByExample  :165  [32m        [0;39m <==        Row: 00000506, 00000500, docker, 506
2020-11-26 22:04:00.781 TRACE c.s.server.mapper.CategoryMapper.selectByExample  :165  [32m        [0;39m <==        Row: 00000507, 00000500, kubernetes, 507
2020-11-26 22:04:00.781 TRACE c.s.server.mapper.CategoryMapper.selectByExample  :165  [32m        [0;39m <==        Row: 00000600, 00000000, è¿ç»´&æµ‹è¯•, 600
2020-11-26 22:04:00.781 TRACE c.s.server.mapper.CategoryMapper.selectByExample  :165  [32m        [0;39m <==        Row: 00000601, 00000600, è¿ç»´, 601
2020-11-26 22:04:00.782 TRACE c.s.server.mapper.CategoryMapper.selectByExample  :165  [32m        [0;39m <==        Row: 00000602, 00000600, è‡ªåŠ¨åŒ–è¿ç»´, 602
2020-11-26 22:04:00.782 TRACE c.s.server.mapper.CategoryMapper.selectByExample  :165  [32m        [0;39m <==        Row: 00000603, 00000600, ä¸­é—´ä»¶, 603
2020-11-26 22:04:00.783 TRACE c.s.server.mapper.CategoryMapper.selectByExample  :165  [32m        [0;39m <==        Row: 00000604, 00000600, linux, 604
2020-11-26 22:04:00.783 TRACE c.s.server.mapper.CategoryMapper.selectByExample  :165  [32m        [0;39m <==        Row: 00000605, 00000600, æµ‹è¯•, 605
2020-11-26 22:04:00.783 TRACE c.s.server.mapper.CategoryMapper.selectByExample  :165  [32m        [0;39m <==        Row: 00000606, 00000600, è‡ªåŠ¨åŒ–æµ‹è¯•, 606
2020-11-26 22:04:00.784 TRACE c.s.server.mapper.CategoryMapper.selectByExample  :165  [32m        [0;39m <==        Row: 00000700, 00000000, æ•°æ®åº“, 700
2020-11-26 22:04:00.784 TRACE c.s.server.mapper.CategoryMapper.selectByExample  :165  [32m        [0;39m <==        Row: 00000701, 00000700, mysql, 701
2020-11-26 22:04:00.784 TRACE c.s.server.mapper.CategoryMapper.selectByExample  :165  [32m        [0;39m <==        Row: 00000702, 00000700, redis, 702
2020-11-26 22:04:00.784 TRACE c.s.server.mapper.CategoryMapper.selectByExample  :165  [32m        [0;39m <==        Row: 00000703, 00000700, mongodb, 703
2020-11-26 22:04:00.785 DEBUG c.s.server.mapper.CategoryMapper.selectByExample  :159  [32m        [0;39m <==      Total: 46
2020-11-26 22:04:20.924 INFO  c.n.d.shared.resolver.aws.ConfigClusterResolver   :43   [32m        [0;39m Resolving eureka endpoints via configuration
