2020-11-11 22:36:58.309 INFO  o.s.b.d.env.DevToolsPropertyDefaultsPostProcessor :225  [32m        [0;39m Devtools property defaults active! Set 'spring.devtools.add-properties' to 'false' to disable
2020-11-11 22:36:58.588 INFO  o.s.c.s.PostProcessorRegistrationDelegate$BeanPostProcessorChecker:330  [32m        [0;39m Bean 'org.springframework.cloud.autoconfigure.ConfigurationPropertiesRebinderAutoConfiguration' of type [org.springframework.cloud.autoconfigure.ConfigurationPropertiesRebinderAutoConfiguration] is not eligible for getting processed by all BeanPostProcessors (for example: not eligible for auto-proxying)
2020-11-11 22:37:00.556 INFO  com.sise.business.BusinessApplication             :651  [32m        [0;39m No active profile set, falling back to default profiles: default
2020-11-11 22:37:01.978 INFO  o.springframework.cloud.context.scope.GenericScope:295  [32m        [0;39m BeanFactory id=f5bbfe6e-4b78-349a-ba02-0dff320ecd16
2020-11-11 22:37:02.100 INFO  o.s.c.s.PostProcessorRegistrationDelegate$BeanPostProcessorChecker:330  [32m        [0;39m Bean 'org.springframework.transaction.annotation.ProxyTransactionManagementConfiguration' of type [org.springframework.transaction.annotation.ProxyTransactionManagementConfiguration] is not eligible for getting processed by all BeanPostProcessors (for example: not eligible for auto-proxying)
2020-11-11 22:37:02.154 INFO  o.s.c.s.PostProcessorRegistrationDelegate$BeanPostProcessorChecker:330  [32m        [0;39m Bean 'org.springframework.cloud.autoconfigure.ConfigurationPropertiesRebinderAutoConfiguration' of type [org.springframework.cloud.autoconfigure.ConfigurationPropertiesRebinderAutoConfiguration] is not eligible for getting processed by all BeanPostProcessors (for example: not eligible for auto-proxying)
2020-11-11 22:37:02.826 INFO  o.s.boot.web.embedded.tomcat.TomcatWebServer      :92   [32m        [0;39m Tomcat initialized with port(s): 9002 (http)
2020-11-11 22:37:02.839 INFO  org.apache.coyote.http11.Http11NioProtocol        :173  [32m        [0;39m Initializing ProtocolHandler ["http-nio-9002"]
2020-11-11 22:37:02.840 INFO  org.apache.catalina.core.StandardService          :173  [32m        [0;39m Starting service [Tomcat]
2020-11-11 22:37:02.840 INFO  org.apache.catalina.core.StandardEngine           :173  [32m        [0;39m Starting Servlet engine: [Apache Tomcat/9.0.29]
2020-11-11 22:37:02.956 INFO  o.a.c.c.C.[Tomcat].[localhost].[/business]        :173  [32m        [0;39m Initializing Spring embedded WebApplicationContext
2020-11-11 22:37:02.956 INFO  org.springframework.web.context.ContextLoader     :284  [32m        [0;39m Root WebApplicationContext: initialization completed in 2337 ms
2020-11-11 22:37:03.777 WARN  com.netflix.config.sources.URLConfigurationSource :121  [32m        [0;39m No URLs will be polled as dynamic configuration sources.
2020-11-11 22:37:03.778 INFO  com.netflix.config.sources.URLConfigurationSource :122  [32m        [0;39m To enable URLs as dynamic configuration sources, define System property archaius.configurationSource.additionalUrls or make config.properties available on classpath.
2020-11-11 22:37:03.785 WARN  com.netflix.config.sources.URLConfigurationSource :121  [32m        [0;39m No URLs will be polled as dynamic configuration sources.
2020-11-11 22:37:03.785 INFO  com.netflix.config.sources.URLConfigurationSource :122  [32m        [0;39m To enable URLs as dynamic configuration sources, define System property archaius.configurationSource.additionalUrls or make config.properties available on classpath.
2020-11-11 22:37:03.955 INFO  o.s.scheduling.concurrent.ThreadPoolTaskExecutor  :171  [32m        [0;39m Initializing ExecutorService 'applicationTaskExecutor'
2020-11-11 22:37:04.323 INFO  o.s.b.d.autoconfigure.OptionalLiveReloadServer    :58   [32m        [0;39m LiveReload server is running on port 35729
2020-11-11 22:37:05.961 INFO  org.springframework.cloud.commons.util.InetUtils  :170  [32m        [0;39m Cannot determine local hostname
2020-11-11 22:37:07.581 INFO  org.springframework.cloud.commons.util.InetUtils  :170  [32m        [0;39m Cannot determine local hostname
2020-11-11 22:37:09.247 INFO  org.springframework.cloud.commons.util.InetUtils  :170  [32m        [0;39m Cannot determine local hostname
2020-11-11 22:37:09.287 WARN  o.s.c.l.c.BlockingLoadBalancerClientAutoConfiguration$BlockingLoadBalancerClientRibbonWarnLogger:106  [32m        [0;39m You already have RibbonLoadBalancerClient on your classpath. It will be used by default. As Spring Cloud Ribbon is in maintenance mode. We recommend switching to BlockingLoadBalancerClient instead. In order to use it, set the value of `spring.cloud.loadbalancer.ribbon.enabled` to `false` or remove spring-cloud-starter-netflix-ribbon from your project.
2020-11-11 22:37:09.348 WARN  o.s.c.l.c.LoadBalancerCacheAutoConfiguration$LoadBalancerCaffeineWarnLogger:81   [32m        [0;39m Spring Cloud LoadBalancer is currently working with default default cache. You can switch to using Caffeine cache, by adding it to the classpath.
2020-11-11 22:37:09.434 INFO  o.s.cloud.netflix.eureka.InstanceInfoFactory      :72   [32m        [0;39m Setting initial instance status as: STARTING
2020-11-11 22:37:09.477 INFO  com.netflix.discovery.DiscoveryClient             :365  [32m        [0;39m Initializing Eureka in region us-east-1
2020-11-11 22:37:10.269 INFO  c.n.discovery.provider.DiscoveryJerseyProvider    :70   [32m        [0;39m Using JSON encoding codec LegacyJacksonJson
2020-11-11 22:37:10.270 INFO  c.n.discovery.provider.DiscoveryJerseyProvider    :71   [32m        [0;39m Using JSON decoding codec LegacyJacksonJson
2020-11-11 22:37:10.427 INFO  c.n.discovery.provider.DiscoveryJerseyProvider    :80   [32m        [0;39m Using XML encoding codec XStreamXml
2020-11-11 22:37:10.429 INFO  c.n.discovery.provider.DiscoveryJerseyProvider    :81   [32m        [0;39m Using XML decoding codec XStreamXml
2020-11-11 22:37:10.690 INFO  c.n.d.shared.resolver.aws.ConfigClusterResolver   :43   [32m        [0;39m Resolving eureka endpoints via configuration
2020-11-11 22:37:11.030 INFO  com.netflix.discovery.DiscoveryClient             :976  [32m        [0;39m Disable delta property : false
2020-11-11 22:37:11.031 INFO  com.netflix.discovery.DiscoveryClient             :977  [32m        [0;39m Single vip registry refresh property : null
2020-11-11 22:37:11.032 INFO  com.netflix.discovery.DiscoveryClient             :978  [32m        [0;39m Force full registry fetch : false
2020-11-11 22:37:11.032 INFO  com.netflix.discovery.DiscoveryClient             :979  [32m        [0;39m Application is null : false
2020-11-11 22:37:11.032 INFO  com.netflix.discovery.DiscoveryClient             :980  [32m        [0;39m Registered Applications size is zero : true
2020-11-11 22:37:11.032 INFO  com.netflix.discovery.DiscoveryClient             :982  [32m        [0;39m Application version is -1: true
2020-11-11 22:37:11.033 INFO  com.netflix.discovery.DiscoveryClient             :1065 [32m        [0;39m Getting all instance registry info from the eureka server
2020-11-11 22:37:11.454 INFO  com.netflix.discovery.DiscoveryClient             :1074 [32m        [0;39m The response status is 200
2020-11-11 22:37:11.456 INFO  com.netflix.discovery.DiscoveryClient             :1288 [32m        [0;39m Starting heartbeat executor: renew interval is: 30
2020-11-11 22:37:11.458 INFO  com.netflix.discovery.InstanceInfoReplicator      :60   [32m        [0;39m InstanceInfoReplicator onDemand update allowed rate per min is 4
2020-11-11 22:37:11.466 INFO  com.netflix.discovery.DiscoveryClient             :465  [32m        [0;39m Discovery Client initialized at timestamp 1605105431465 with initial instances count: 0
2020-11-11 22:37:11.468 INFO  o.s.c.n.e.serviceregistry.EurekaServiceRegistry   :41   [32m        [0;39m Registering application BUSINESS with eureka with status UP
2020-11-11 22:37:11.469 INFO  com.netflix.discovery.DiscoveryClient             :1323 [32m        [0;39m Saw local status change event StatusChangeEvent [timestamp=1605105431469, current=UP, previous=STARTING]
2020-11-11 22:37:11.471 INFO  com.netflix.discovery.DiscoveryClient             :844  [32m        [0;39m DiscoveryClient_BUSINESS/localhost:business:9002: registering service...
2020-11-11 22:37:11.488 INFO  org.apache.coyote.http11.Http11NioProtocol        :173  [32m        [0;39m Starting ProtocolHandler ["http-nio-9002"]
2020-11-11 22:37:11.541 INFO  o.s.boot.web.embedded.tomcat.TomcatWebServer      :204  [32m        [0;39m Tomcat started on port(s): 9002 (http) with context path '/business'
2020-11-11 22:37:11.542 INFO  o.s.c.n.e.s.EurekaAutoServiceRegistration         :145  [32m        [0;39m Updating port to 9002
2020-11-11 22:37:11.617 INFO  com.netflix.discovery.DiscoveryClient             :853  [32m        [0;39m DiscoveryClient_BUSINESS/localhost:business:9002 - registration status: 204
2020-11-11 22:37:13.167 INFO  org.springframework.cloud.commons.util.InetUtils  :170  [32m        [0;39m Cannot determine local hostname
2020-11-11 22:37:13.169 INFO  com.sise.business.BusinessApplication             :61   [32m        [0;39m Started BusinessApplication in 18.096 seconds (JVM running for 20.348)
2020-11-11 22:37:13.170 INFO  com.sise.business.BusinessApplication             :25   [32m        [0;39m å¯åŠ¨æˆåŠŸï¼ï¼
2020-11-11 22:37:13.170 INFO  com.sise.business.BusinessApplication             :26   [32m        [0;39m Businessåœ°å€: 	http://127.0.0.1:9002
2020-11-11 22:37:41.471 INFO  com.netflix.discovery.DiscoveryClient             :976  [32m        [0;39m Disable delta property : false
2020-11-11 22:37:41.472 INFO  com.netflix.discovery.DiscoveryClient             :977  [32m        [0;39m Single vip registry refresh property : null
2020-11-11 22:37:41.472 INFO  com.netflix.discovery.DiscoveryClient             :978  [32m        [0;39m Force full registry fetch : false
2020-11-11 22:37:41.472 INFO  com.netflix.discovery.DiscoveryClient             :979  [32m        [0;39m Application is null : false
2020-11-11 22:37:41.473 INFO  com.netflix.discovery.DiscoveryClient             :980  [32m        [0;39m Registered Applications size is zero : true
2020-11-11 22:37:41.473 INFO  com.netflix.discovery.DiscoveryClient             :982  [32m        [0;39m Application version is -1: false
2020-11-11 22:37:41.473 INFO  com.netflix.discovery.DiscoveryClient             :1065 [32m        [0;39m Getting all instance registry info from the eureka server
2020-11-11 22:37:41.514 INFO  com.netflix.discovery.DiscoveryClient             :1074 [32m        [0;39m The response status is 200
2020-11-11 22:39:32.388 INFO  o.a.c.c.C.[Tomcat].[localhost].[/business]        :173  [32m        [0;39m Initializing Spring DispatcherServlet 'dispatcherServlet'
2020-11-11 22:39:32.389 INFO  org.springframework.web.servlet.DispatcherServlet :525  [32m        [0;39m Initializing Servlet 'dispatcherServlet'
2020-11-11 22:39:32.396 INFO  org.springframework.web.servlet.DispatcherServlet :547  [32m        [0;39m Completed initialization in 7 ms
2020-11-11 22:39:32.638 INFO  com.zaxxer.hikari.HikariDataSource                :110  [32m        [0;39m HikariPool-1 - Starting...
2020-11-11 22:39:44.171 INFO  com.zaxxer.hikari.HikariDataSource                :123  [32m        [0;39m HikariPool-1 - Start completed.
2020-11-11 22:39:44.199 DEBUG c.s.business.mapper.ChapterMapper.selectByExample :159  [32m        [0;39m ==>  Preparing: select id, course_id, `name` from chapter 
2020-11-11 22:39:44.218 DEBUG c.s.business.mapper.ChapterMapper.selectByExample :159  [32m        [0;39m ==> Parameters: 
2020-11-11 22:39:44.277 TRACE c.s.business.mapper.ChapterMapper.selectByExample :165  [32m        [0;39m <==    Columns: id, course_id, name
2020-11-11 22:39:44.278 TRACE c.s.business.mapper.ChapterMapper.selectByExample :165  [32m        [0;39m <==        Row: 00000000, 00000000, æµ‹è¯•å¤§ç« ä¸€
2020-11-11 22:39:44.280 TRACE c.s.business.mapper.ChapterMapper.selectByExample :165  [32m        [0;39m <==        Row: 00000001, 00000001, æµ‹è¯•å¤§ç« äºŒ
2020-11-11 22:39:44.281 DEBUG c.s.business.mapper.ChapterMapper.selectByExample :159  [32m        [0;39m <==      Total: 2
2020-11-11 22:40:12.052 DEBUG c.s.business.mapper.ChapterMapper.selectByExample :159  [32m        [0;39m ==>  Preparing: select id, course_id, `name` from chapter 
2020-11-11 22:40:12.053 DEBUG c.s.business.mapper.ChapterMapper.selectByExample :159  [32m        [0;39m ==> Parameters: 
2020-11-11 22:40:12.054 TRACE c.s.business.mapper.ChapterMapper.selectByExample :165  [32m        [0;39m <==    Columns: id, course_id, name
2020-11-11 22:40:12.054 TRACE c.s.business.mapper.ChapterMapper.selectByExample :165  [32m        [0;39m <==        Row: 00000000, 00000000, æµ‹è¯•å¤§ç« ä¸€
2020-11-11 22:40:12.055 TRACE c.s.business.mapper.ChapterMapper.selectByExample :165  [32m        [0;39m <==        Row: 00000001, 00000001, æµ‹è¯•å¤§ç« äºŒ
2020-11-11 22:40:12.055 DEBUG c.s.business.mapper.ChapterMapper.selectByExample :159  [32m        [0;39m <==      Total: 2
2020-11-11 22:40:25.852 DEBUG c.s.business.mapper.ChapterMapper.selectByExample :159  [32m        [0;39m ==>  Preparing: select id, course_id, `name` from chapter 
2020-11-11 22:40:25.852 DEBUG c.s.business.mapper.ChapterMapper.selectByExample :159  [32m        [0;39m ==> Parameters: 
2020-11-11 22:40:25.853 TRACE c.s.business.mapper.ChapterMapper.selectByExample :165  [32m        [0;39m <==    Columns: id, course_id, name
2020-11-11 22:40:25.853 TRACE c.s.business.mapper.ChapterMapper.selectByExample :165  [32m        [0;39m <==        Row: 00000000, 00000000, æµ‹è¯•å¤§ç« ä¸€
2020-11-11 22:40:25.854 TRACE c.s.business.mapper.ChapterMapper.selectByExample :165  [32m        [0;39m <==        Row: 00000001, 00000001, æµ‹è¯•å¤§ç« äºŒ
2020-11-11 22:40:25.855 DEBUG c.s.business.mapper.ChapterMapper.selectByExample :159  [32m        [0;39m <==      Total: 2
2020-11-11 22:41:40.618 DEBUG c.s.business.mapper.ChapterMapper.selectByExample :159  [32m        [0;39m ==>  Preparing: select id, course_id, `name` from chapter 
2020-11-11 22:41:40.618 DEBUG c.s.business.mapper.ChapterMapper.selectByExample :159  [32m        [0;39m ==> Parameters: 
2020-11-11 22:41:40.619 TRACE c.s.business.mapper.ChapterMapper.selectByExample :165  [32m        [0;39m <==    Columns: id, course_id, name
2020-11-11 22:41:40.620 TRACE c.s.business.mapper.ChapterMapper.selectByExample :165  [32m        [0;39m <==        Row: 00000000, 00000000, æµ‹è¯•å¤§ç« ä¸€
2020-11-11 22:41:40.620 TRACE c.s.business.mapper.ChapterMapper.selectByExample :165  [32m        [0;39m <==        Row: 00000001, 00000001, æµ‹è¯•å¤§ç« äºŒ
2020-11-11 22:41:40.621 DEBUG c.s.business.mapper.ChapterMapper.selectByExample :159  [32m        [0;39m <==      Total: 2
2020-11-11 22:42:11.048 INFO  c.n.d.shared.resolver.aws.ConfigClusterResolver   :43   [32m        [0;39m Resolving eureka endpoints via configuration
2020-11-11 22:44:15.032 DEBUG c.s.business.mapper.ChapterMapper.selectByExample :159  [32m        [0;39m ==>  Preparing: select id, course_id, `name` from chapter 
2020-11-11 22:44:15.033 DEBUG c.s.business.mapper.ChapterMapper.selectByExample :159  [32m        [0;39m ==> Parameters: 
2020-11-11 22:44:15.034 TRACE c.s.business.mapper.ChapterMapper.selectByExample :165  [32m        [0;39m <==    Columns: id, course_id, name
2020-11-11 22:44:15.034 TRACE c.s.business.mapper.ChapterMapper.selectByExample :165  [32m        [0;39m <==        Row: 00000000, 00000000, æµ‹è¯•å¤§ç« ä¸€
2020-11-11 22:44:15.035 TRACE c.s.business.mapper.ChapterMapper.selectByExample :165  [32m        [0;39m <==        Row: 00000001, 00000001, æµ‹è¯•å¤§ç« äºŒ
2020-11-11 22:44:15.035 DEBUG c.s.business.mapper.ChapterMapper.selectByExample :159  [32m        [0;39m <==      Total: 2
2020-11-11 22:44:32.348 DEBUG c.s.business.mapper.ChapterMapper.selectByExample :159  [32m        [0;39m ==>  Preparing: select id, course_id, `name` from chapter 
2020-11-11 22:44:32.349 DEBUG c.s.business.mapper.ChapterMapper.selectByExample :159  [32m        [0;39m ==> Parameters: 
2020-11-11 22:44:32.350 TRACE c.s.business.mapper.ChapterMapper.selectByExample :165  [32m        [0;39m <==    Columns: id, course_id, name
2020-11-11 22:44:32.351 TRACE c.s.business.mapper.ChapterMapper.selectByExample :165  [32m        [0;39m <==        Row: 00000000, 00000000, æµ‹è¯•å¤§ç« ä¸€
2020-11-11 22:44:32.351 TRACE c.s.business.mapper.ChapterMapper.selectByExample :165  [32m        [0;39m <==        Row: 00000001, 00000001, æµ‹è¯•å¤§ç« äºŒ
2020-11-11 22:44:32.352 DEBUG c.s.business.mapper.ChapterMapper.selectByExample :159  [32m        [0;39m <==      Total: 2
2020-11-11 22:44:35.985 DEBUG c.s.business.mapper.ChapterMapper.selectByExample :159  [32m        [0;39m ==>  Preparing: select id, course_id, `name` from chapter 
2020-11-11 22:44:35.986 DEBUG c.s.business.mapper.ChapterMapper.selectByExample :159  [32m        [0;39m ==> Parameters: 
2020-11-11 22:44:35.987 TRACE c.s.business.mapper.ChapterMapper.selectByExample :165  [32m        [0;39m <==    Columns: id, course_id, name
2020-11-11 22:44:35.987 TRACE c.s.business.mapper.ChapterMapper.selectByExample :165  [32m        [0;39m <==        Row: 00000000, 00000000, æµ‹è¯•å¤§ç« ä¸€
2020-11-11 22:44:35.988 TRACE c.s.business.mapper.ChapterMapper.selectByExample :165  [32m        [0;39m <==        Row: 00000001, 00000001, æµ‹è¯•å¤§ç« äºŒ
2020-11-11 22:44:35.988 DEBUG c.s.business.mapper.ChapterMapper.selectByExample :159  [32m        [0;39m <==      Total: 2
2020-11-11 22:44:53.341 DEBUG c.s.business.mapper.ChapterMapper.selectByExample :159  [32m        [0;39m ==>  Preparing: select id, course_id, `name` from chapter 
2020-11-11 22:44:53.342 DEBUG c.s.business.mapper.ChapterMapper.selectByExample :159  [32m        [0;39m ==> Parameters: 
2020-11-11 22:44:53.345 TRACE c.s.business.mapper.ChapterMapper.selectByExample :165  [32m        [0;39m <==    Columns: id, course_id, name
2020-11-11 22:44:53.345 TRACE c.s.business.mapper.ChapterMapper.selectByExample :165  [32m        [0;39m <==        Row: 00000000, 00000000, æµ‹è¯•å¤§ç« ä¸€
2020-11-11 22:44:53.348 TRACE c.s.business.mapper.ChapterMapper.selectByExample :165  [32m        [0;39m <==        Row: 00000001, 00000001, æµ‹è¯•å¤§ç« äºŒ
2020-11-11 22:44:53.351 DEBUG c.s.business.mapper.ChapterMapper.selectByExample :159  [32m        [0;39m <==      Total: 2
2020-11-11 22:45:02.205 DEBUG c.s.business.mapper.ChapterMapper.selectByExample :159  [32m        [0;39m ==>  Preparing: select id, course_id, `name` from chapter 
2020-11-11 22:45:02.206 DEBUG c.s.business.mapper.ChapterMapper.selectByExample :159  [32m        [0;39m ==> Parameters: 
2020-11-11 22:45:02.207 TRACE c.s.business.mapper.ChapterMapper.selectByExample :165  [32m        [0;39m <==    Columns: id, course_id, name
2020-11-11 22:45:02.207 TRACE c.s.business.mapper.ChapterMapper.selectByExample :165  [32m        [0;39m <==        Row: 00000000, 00000000, æµ‹è¯•å¤§ç« ä¸€
2020-11-11 22:45:02.208 TRACE c.s.business.mapper.ChapterMapper.selectByExample :165  [32m        [0;39m <==        Row: 00000001, 00000001, æµ‹è¯•å¤§ç« äºŒ
2020-11-11 22:45:02.208 DEBUG c.s.business.mapper.ChapterMapper.selectByExample :159  [32m        [0;39m <==      Total: 2
2020-11-11 22:45:15.674 DEBUG c.s.business.mapper.ChapterMapper.selectByExample :159  [32m        [0;39m ==>  Preparing: select id, course_id, `name` from chapter 
2020-11-11 22:45:15.675 DEBUG c.s.business.mapper.ChapterMapper.selectByExample :159  [32m        [0;39m ==> Parameters: 
2020-11-11 22:45:15.676 TRACE c.s.business.mapper.ChapterMapper.selectByExample :165  [32m        [0;39m <==    Columns: id, course_id, name
2020-11-11 22:45:15.676 TRACE c.s.business.mapper.ChapterMapper.selectByExample :165  [32m        [0;39m <==        Row: 00000000, 00000000, æµ‹è¯•å¤§ç« ä¸€
2020-11-11 22:45:15.677 TRACE c.s.business.mapper.ChapterMapper.selectByExample :165  [32m        [0;39m <==        Row: 00000001, 00000001, æµ‹è¯•å¤§ç« äºŒ
2020-11-11 22:45:15.677 DEBUG c.s.business.mapper.ChapterMapper.selectByExample :159  [32m        [0;39m <==      Total: 2
2020-11-11 22:45:55.651 DEBUG c.s.business.mapper.ChapterMapper.selectByExample :159  [32m        [0;39m ==>  Preparing: select id, course_id, `name` from chapter 
2020-11-11 22:45:55.651 DEBUG c.s.business.mapper.ChapterMapper.selectByExample :159  [32m        [0;39m ==> Parameters: 
2020-11-11 22:45:55.652 TRACE c.s.business.mapper.ChapterMapper.selectByExample :165  [32m        [0;39m <==    Columns: id, course_id, name
2020-11-11 22:45:55.653 TRACE c.s.business.mapper.ChapterMapper.selectByExample :165  [32m        [0;39m <==        Row: 00000000, 00000000, æµ‹è¯•å¤§ç« ä¸€
2020-11-11 22:45:55.653 TRACE c.s.business.mapper.ChapterMapper.selectByExample :165  [32m        [0;39m <==        Row: 00000001, 00000001, æµ‹è¯•å¤§ç« äºŒ
2020-11-11 22:45:55.654 DEBUG c.s.business.mapper.ChapterMapper.selectByExample :159  [32m        [0;39m <==      Total: 2
2020-11-11 22:45:59.287 DEBUG c.s.business.mapper.ChapterMapper.selectByExample :159  [32m        [0;39m ==>  Preparing: select id, course_id, `name` from chapter 
2020-11-11 22:45:59.287 DEBUG c.s.business.mapper.ChapterMapper.selectByExample :159  [32m        [0;39m ==> Parameters: 
2020-11-11 22:45:59.288 TRACE c.s.business.mapper.ChapterMapper.selectByExample :165  [32m        [0;39m <==    Columns: id, course_id, name
2020-11-11 22:45:59.290 TRACE c.s.business.mapper.ChapterMapper.selectByExample :165  [32m        [0;39m <==        Row: 00000000, 00000000, æµ‹è¯•å¤§ç« ä¸€
2020-11-11 22:45:59.291 TRACE c.s.business.mapper.ChapterMapper.selectByExample :165  [32m        [0;39m <==        Row: 00000001, 00000001, æµ‹è¯•å¤§ç« äºŒ
2020-11-11 22:45:59.291 DEBUG c.s.business.mapper.ChapterMapper.selectByExample :159  [32m        [0;39m <==      Total: 2
2020-11-11 22:46:13.301 DEBUG c.s.business.mapper.ChapterMapper.selectByExample :159  [32m        [0;39m ==>  Preparing: select id, course_id, `name` from chapter 
2020-11-11 22:46:13.302 DEBUG c.s.business.mapper.ChapterMapper.selectByExample :159  [32m        [0;39m ==> Parameters: 
2020-11-11 22:46:13.303 TRACE c.s.business.mapper.ChapterMapper.selectByExample :165  [32m        [0;39m <==    Columns: id, course_id, name
2020-11-11 22:46:13.303 TRACE c.s.business.mapper.ChapterMapper.selectByExample :165  [32m        [0;39m <==        Row: 00000000, 00000000, æµ‹è¯•å¤§ç« ä¸€
2020-11-11 22:46:13.304 TRACE c.s.business.mapper.ChapterMapper.selectByExample :165  [32m        [0;39m <==        Row: 00000001, 00000001, æµ‹è¯•å¤§ç« äºŒ
2020-11-11 22:46:13.304 DEBUG c.s.business.mapper.ChapterMapper.selectByExample :159  [32m        [0;39m <==      Total: 2
2020-11-11 22:46:23.587 DEBUG c.s.business.mapper.ChapterMapper.selectByExample :159  [32m        [0;39m ==>  Preparing: select id, course_id, `name` from chapter 
2020-11-11 22:46:23.588 DEBUG c.s.business.mapper.ChapterMapper.selectByExample :159  [32m        [0;39m ==> Parameters: 
2020-11-11 22:46:23.588 TRACE c.s.business.mapper.ChapterMapper.selectByExample :165  [32m        [0;39m <==    Columns: id, course_id, name
2020-11-11 22:46:23.589 TRACE c.s.business.mapper.ChapterMapper.selectByExample :165  [32m        [0;39m <==        Row: 00000000, 00000000, æµ‹è¯•å¤§ç« ä¸€
2020-11-11 22:46:23.589 TRACE c.s.business.mapper.ChapterMapper.selectByExample :165  [32m        [0;39m <==        Row: 00000001, 00000001, æµ‹è¯•å¤§ç« äºŒ
2020-11-11 22:46:23.589 DEBUG c.s.business.mapper.ChapterMapper.selectByExample :159  [32m        [0;39m <==      Total: 2
2020-11-11 22:46:49.730 DEBUG c.s.business.mapper.ChapterMapper.selectByExample :159  [32m        [0;39m ==>  Preparing: select id, course_id, `name` from chapter 
2020-11-11 22:46:49.731 DEBUG c.s.business.mapper.ChapterMapper.selectByExample :159  [32m        [0;39m ==> Parameters: 
2020-11-11 22:46:49.732 TRACE c.s.business.mapper.ChapterMapper.selectByExample :165  [32m        [0;39m <==    Columns: id, course_id, name
2020-11-11 22:46:49.732 TRACE c.s.business.mapper.ChapterMapper.selectByExample :165  [32m        [0;39m <==        Row: 00000000, 00000000, æµ‹è¯•å¤§ç« ä¸€
2020-11-11 22:46:49.732 TRACE c.s.business.mapper.ChapterMapper.selectByExample :165  [32m        [0;39m <==        Row: 00000001, 00000001, æµ‹è¯•å¤§ç« äºŒ
2020-11-11 22:46:49.733 DEBUG c.s.business.mapper.ChapterMapper.selectByExample :159  [32m        [0;39m <==      Total: 2
2020-11-11 22:47:09.273 DEBUG c.s.business.mapper.ChapterMapper.selectByExample :159  [32m        [0;39m ==>  Preparing: select id, course_id, `name` from chapter 
2020-11-11 22:47:09.274 DEBUG c.s.business.mapper.ChapterMapper.selectByExample :159  [32m        [0;39m ==> Parameters: 
2020-11-11 22:47:09.276 TRACE c.s.business.mapper.ChapterMapper.selectByExample :165  [32m        [0;39m <==    Columns: id, course_id, name
2020-11-11 22:47:09.277 TRACE c.s.business.mapper.ChapterMapper.selectByExample :165  [32m        [0;39m <==        Row: 00000000, 00000000, æµ‹è¯•å¤§ç« ä¸€
2020-11-11 22:47:09.277 TRACE c.s.business.mapper.ChapterMapper.selectByExample :165  [32m        [0;39m <==        Row: 00000001, 00000001, æµ‹è¯•å¤§ç« äºŒ
2020-11-11 22:47:09.277 DEBUG c.s.business.mapper.ChapterMapper.selectByExample :159  [32m        [0;39m <==      Total: 2
2020-11-11 22:47:11.050 INFO  c.n.d.shared.resolver.aws.ConfigClusterResolver   :43   [32m        [0;39m Resolving eureka endpoints via configuration
2020-11-11 22:47:24.963 DEBUG c.s.business.mapper.ChapterMapper.selectByExample :159  [32m        [0;39m ==>  Preparing: select id, course_id, `name` from chapter 
2020-11-11 22:47:24.963 DEBUG c.s.business.mapper.ChapterMapper.selectByExample :159  [32m        [0;39m ==> Parameters: 
2020-11-11 22:47:24.964 TRACE c.s.business.mapper.ChapterMapper.selectByExample :165  [32m        [0;39m <==    Columns: id, course_id, name
2020-11-11 22:47:24.964 TRACE c.s.business.mapper.ChapterMapper.selectByExample :165  [32m        [0;39m <==        Row: 00000000, 00000000, æµ‹è¯•å¤§ç« ä¸€
2020-11-11 22:47:24.964 TRACE c.s.business.mapper.ChapterMapper.selectByExample :165  [32m        [0;39m <==        Row: 00000001, 00000001, æµ‹è¯•å¤§ç« äºŒ
2020-11-11 22:47:24.965 DEBUG c.s.business.mapper.ChapterMapper.selectByExample :159  [32m        [0;39m <==      Total: 2
2020-11-11 22:47:59.764 DEBUG c.s.business.mapper.ChapterMapper.selectByExample :159  [32m        [0;39m ==>  Preparing: select id, course_id, `name` from chapter 
2020-11-11 22:47:59.765 DEBUG c.s.business.mapper.ChapterMapper.selectByExample :159  [32m        [0;39m ==> Parameters: 
2020-11-11 22:47:59.766 TRACE c.s.business.mapper.ChapterMapper.selectByExample :165  [32m        [0;39m <==    Columns: id, course_id, name
2020-11-11 22:47:59.766 TRACE c.s.business.mapper.ChapterMapper.selectByExample :165  [32m        [0;39m <==        Row: 00000000, 00000000, æµ‹è¯•å¤§ç« ä¸€
2020-11-11 22:47:59.767 TRACE c.s.business.mapper.ChapterMapper.selectByExample :165  [32m        [0;39m <==        Row: 00000001, 00000001, æµ‹è¯•å¤§ç« äºŒ
2020-11-11 22:47:59.767 DEBUG c.s.business.mapper.ChapterMapper.selectByExample :159  [32m        [0;39m <==      Total: 2
2020-11-11 22:49:33.735 DEBUG c.s.business.mapper.ChapterMapper.selectByExample :159  [32m        [0;39m ==>  Preparing: select id, course_id, `name` from chapter 
2020-11-11 22:49:33.736 DEBUG c.s.business.mapper.ChapterMapper.selectByExample :159  [32m        [0;39m ==> Parameters: 
2020-11-11 22:49:33.738 TRACE c.s.business.mapper.ChapterMapper.selectByExample :165  [32m        [0;39m <==    Columns: id, course_id, name
2020-11-11 22:49:33.739 TRACE c.s.business.mapper.ChapterMapper.selectByExample :165  [32m        [0;39m <==        Row: 00000000, 00000000, æµ‹è¯•å¤§ç« ä¸€
2020-11-11 22:49:33.739 TRACE c.s.business.mapper.ChapterMapper.selectByExample :165  [32m        [0;39m <==        Row: 00000001, 00000001, æµ‹è¯•å¤§ç« äºŒ
2020-11-11 22:49:33.739 DEBUG c.s.business.mapper.ChapterMapper.selectByExample :159  [32m        [0;39m <==      Total: 2
2020-11-11 22:49:42.647 DEBUG c.s.business.mapper.ChapterMapper.selectByExample :159  [32m        [0;39m ==>  Preparing: select id, course_id, `name` from chapter 
2020-11-11 22:49:42.647 DEBUG c.s.business.mapper.ChapterMapper.selectByExample :159  [32m        [0;39m ==> Parameters: 
2020-11-11 22:49:42.648 TRACE c.s.business.mapper.ChapterMapper.selectByExample :165  [32m        [0;39m <==    Columns: id, course_id, name
2020-11-11 22:49:42.648 TRACE c.s.business.mapper.ChapterMapper.selectByExample :165  [32m        [0;39m <==        Row: 00000000, 00000000, æµ‹è¯•å¤§ç« ä¸€
2020-11-11 22:49:42.649 TRACE c.s.business.mapper.ChapterMapper.selectByExample :165  [32m        [0;39m <==        Row: 00000001, 00000001, æµ‹è¯•å¤§ç« äºŒ
2020-11-11 22:49:42.649 DEBUG c.s.business.mapper.ChapterMapper.selectByExample :159  [32m        [0;39m <==      Total: 2
2020-11-11 22:52:11.058 INFO  c.n.d.shared.resolver.aws.ConfigClusterResolver   :43   [32m        [0;39m Resolving eureka endpoints via configuration
2020-11-11 22:54:29.014 DEBUG c.s.business.mapper.ChapterMapper.selectByExample :159  [32m        [0;39m ==>  Preparing: select id, course_id, `name` from chapter 
2020-11-11 22:54:29.014 DEBUG c.s.business.mapper.ChapterMapper.selectByExample :159  [32m        [0;39m ==> Parameters: 
2020-11-11 22:54:29.015 TRACE c.s.business.mapper.ChapterMapper.selectByExample :165  [32m        [0;39m <==    Columns: id, course_id, name
2020-11-11 22:54:29.016 TRACE c.s.business.mapper.ChapterMapper.selectByExample :165  [32m        [0;39m <==        Row: 00000000, 00000000, æµ‹è¯•å¤§ç« ä¸€
2020-11-11 22:54:29.016 TRACE c.s.business.mapper.ChapterMapper.selectByExample :165  [32m        [0;39m <==        Row: 00000001, 00000001, æµ‹è¯•å¤§ç« äºŒ
2020-11-11 22:54:29.017 DEBUG c.s.business.mapper.ChapterMapper.selectByExample :159  [32m        [0;39m <==      Total: 2
2020-11-11 22:55:07.174 DEBUG c.s.business.mapper.ChapterMapper.selectByExample :159  [32m        [0;39m ==>  Preparing: select id, course_id, `name` from chapter 
2020-11-11 22:55:07.174 DEBUG c.s.business.mapper.ChapterMapper.selectByExample :159  [32m        [0;39m ==> Parameters: 
2020-11-11 22:55:07.175 TRACE c.s.business.mapper.ChapterMapper.selectByExample :165  [32m        [0;39m <==    Columns: id, course_id, name
2020-11-11 22:55:07.175 TRACE c.s.business.mapper.ChapterMapper.selectByExample :165  [32m        [0;39m <==        Row: 00000000, 00000000, æµ‹è¯•å¤§ç« ä¸€
2020-11-11 22:55:07.176 TRACE c.s.business.mapper.ChapterMapper.selectByExample :165  [32m        [0;39m <==        Row: 00000001, 00000001, æµ‹è¯•å¤§ç« äºŒ
2020-11-11 22:55:07.176 DEBUG c.s.business.mapper.ChapterMapper.selectByExample :159  [32m        [0;39m <==      Total: 2
2020-11-11 22:57:11.061 INFO  c.n.d.shared.resolver.aws.ConfigClusterResolver   :43   [32m        [0;39m Resolving eureka endpoints via configuration
2020-11-11 23:01:46.653 INFO  o.s.b.d.env.DevToolsPropertyDefaultsPostProcessor :225  [32m        [0;39m Devtools property defaults active! Set 'spring.devtools.add-properties' to 'false' to disable
2020-11-11 23:01:46.800 INFO  o.s.c.s.PostProcessorRegistrationDelegate$BeanPostProcessorChecker:330  [32m        [0;39m Bean 'org.springframework.cloud.autoconfigure.ConfigurationPropertiesRebinderAutoConfiguration' of type [org.springframework.cloud.autoconfigure.ConfigurationPropertiesRebinderAutoConfiguration] is not eligible for getting processed by all BeanPostProcessors (for example: not eligible for auto-proxying)
2020-11-11 23:01:48.374 INFO  com.sise.business.BusinessApplication             :651  [32m        [0;39m No active profile set, falling back to default profiles: default
2020-11-11 23:01:49.074 INFO  o.springframework.cloud.context.scope.GenericScope:295  [32m        [0;39m BeanFactory id=f5bbfe6e-4b78-349a-ba02-0dff320ecd16
2020-11-11 23:01:49.177 INFO  o.s.c.s.PostProcessorRegistrationDelegate$BeanPostProcessorChecker:330  [32m        [0;39m Bean 'org.springframework.transaction.annotation.ProxyTransactionManagementConfiguration' of type [org.springframework.transaction.annotation.ProxyTransactionManagementConfiguration] is not eligible for getting processed by all BeanPostProcessors (for example: not eligible for auto-proxying)
2020-11-11 23:01:49.206 INFO  o.s.c.s.PostProcessorRegistrationDelegate$BeanPostProcessorChecker:330  [32m        [0;39m Bean 'org.springframework.cloud.autoconfigure.ConfigurationPropertiesRebinderAutoConfiguration' of type [org.springframework.cloud.autoconfigure.ConfigurationPropertiesRebinderAutoConfiguration] is not eligible for getting processed by all BeanPostProcessors (for example: not eligible for auto-proxying)
2020-11-11 23:01:49.606 INFO  o.s.boot.web.embedded.tomcat.TomcatWebServer      :92   [32m        [0;39m Tomcat initialized with port(s): 9002 (http)
2020-11-11 23:01:49.615 INFO  org.apache.coyote.http11.Http11NioProtocol        :173  [32m        [0;39m Initializing ProtocolHandler ["http-nio-9002"]
2020-11-11 23:01:49.616 INFO  org.apache.catalina.core.StandardService          :173  [32m        [0;39m Starting service [Tomcat]
2020-11-11 23:01:49.616 INFO  org.apache.catalina.core.StandardEngine           :173  [32m        [0;39m Starting Servlet engine: [Apache Tomcat/9.0.29]
2020-11-11 23:01:49.732 INFO  o.a.c.c.C.[Tomcat].[localhost].[/business]        :173  [32m        [0;39m Initializing Spring embedded WebApplicationContext
2020-11-11 23:01:49.732 INFO  org.springframework.web.context.ContextLoader     :284  [32m        [0;39m Root WebApplicationContext: initialization completed in 1343 ms
2020-11-11 23:01:50.105 WARN  com.netflix.config.sources.URLConfigurationSource :121  [32m        [0;39m No URLs will be polled as dynamic configuration sources.
2020-11-11 23:01:50.106 INFO  com.netflix.config.sources.URLConfigurationSource :122  [32m        [0;39m To enable URLs as dynamic configuration sources, define System property archaius.configurationSource.additionalUrls or make config.properties available on classpath.
2020-11-11 23:01:50.109 WARN  com.netflix.config.sources.URLConfigurationSource :121  [32m        [0;39m No URLs will be polled as dynamic configuration sources.
2020-11-11 23:01:50.109 INFO  com.netflix.config.sources.URLConfigurationSource :122  [32m        [0;39m To enable URLs as dynamic configuration sources, define System property archaius.configurationSource.additionalUrls or make config.properties available on classpath.
2020-11-11 23:01:50.248 INFO  o.s.scheduling.concurrent.ThreadPoolTaskExecutor  :171  [32m        [0;39m Initializing ExecutorService 'applicationTaskExecutor'
2020-11-11 23:01:50.492 INFO  o.s.b.d.autoconfigure.OptionalLiveReloadServer    :58   [32m        [0;39m LiveReload server is running on port 35729
2020-11-11 23:01:52.002 INFO  org.springframework.cloud.commons.util.InetUtils  :170  [32m        [0;39m Cannot determine local hostname
2020-11-11 23:01:53.519 INFO  org.springframework.cloud.commons.util.InetUtils  :170  [32m        [0;39m Cannot determine local hostname
2020-11-11 23:01:55.078 INFO  org.springframework.cloud.commons.util.InetUtils  :170  [32m        [0;39m Cannot determine local hostname
2020-11-11 23:01:55.103 WARN  o.s.c.l.c.BlockingLoadBalancerClientAutoConfiguration$BlockingLoadBalancerClientRibbonWarnLogger:106  [32m        [0;39m You already have RibbonLoadBalancerClient on your classpath. It will be used by default. As Spring Cloud Ribbon is in maintenance mode. We recommend switching to BlockingLoadBalancerClient instead. In order to use it, set the value of `spring.cloud.loadbalancer.ribbon.enabled` to `false` or remove spring-cloud-starter-netflix-ribbon from your project.
2020-11-11 23:01:55.137 WARN  o.s.c.l.c.LoadBalancerCacheAutoConfiguration$LoadBalancerCaffeineWarnLogger:81   [32m        [0;39m Spring Cloud LoadBalancer is currently working with default default cache. You can switch to using Caffeine cache, by adding it to the classpath.
2020-11-11 23:01:55.213 INFO  o.s.cloud.netflix.eureka.InstanceInfoFactory      :72   [32m        [0;39m Setting initial instance status as: STARTING
2020-11-11 23:01:55.245 INFO  com.netflix.discovery.DiscoveryClient             :365  [32m        [0;39m Initializing Eureka in region us-east-1
2020-11-11 23:01:55.704 INFO  c.n.discovery.provider.DiscoveryJerseyProvider    :70   [32m        [0;39m Using JSON encoding codec LegacyJacksonJson
2020-11-11 23:01:55.705 INFO  c.n.discovery.provider.DiscoveryJerseyProvider    :71   [32m        [0;39m Using JSON decoding codec LegacyJacksonJson
2020-11-11 23:01:55.816 INFO  c.n.discovery.provider.DiscoveryJerseyProvider    :80   [32m        [0;39m Using XML encoding codec XStreamXml
2020-11-11 23:01:55.817 INFO  c.n.discovery.provider.DiscoveryJerseyProvider    :81   [32m        [0;39m Using XML decoding codec XStreamXml
2020-11-11 23:01:56.012 INFO  c.n.d.shared.resolver.aws.ConfigClusterResolver   :43   [32m        [0;39m Resolving eureka endpoints via configuration
2020-11-11 23:01:56.325 INFO  com.netflix.discovery.DiscoveryClient             :976  [32m        [0;39m Disable delta property : false
2020-11-11 23:01:56.325 INFO  com.netflix.discovery.DiscoveryClient             :977  [32m        [0;39m Single vip registry refresh property : null
2020-11-11 23:01:56.326 INFO  com.netflix.discovery.DiscoveryClient             :978  [32m        [0;39m Force full registry fetch : false
2020-11-11 23:01:56.326 INFO  com.netflix.discovery.DiscoveryClient             :979  [32m        [0;39m Application is null : false
2020-11-11 23:01:56.326 INFO  com.netflix.discovery.DiscoveryClient             :980  [32m        [0;39m Registered Applications size is zero : true
2020-11-11 23:01:56.327 INFO  com.netflix.discovery.DiscoveryClient             :982  [32m        [0;39m Application version is -1: true
2020-11-11 23:01:56.327 INFO  com.netflix.discovery.DiscoveryClient             :1065 [32m        [0;39m Getting all instance registry info from the eureka server
2020-11-11 23:01:56.535 INFO  com.netflix.discovery.DiscoveryClient             :1074 [32m        [0;39m The response status is 200
2020-11-11 23:01:56.538 INFO  com.netflix.discovery.DiscoveryClient             :1288 [32m        [0;39m Starting heartbeat executor: renew interval is: 30
2020-11-11 23:01:56.552 INFO  com.netflix.discovery.InstanceInfoReplicator      :60   [32m        [0;39m InstanceInfoReplicator onDemand update allowed rate per min is 4
2020-11-11 23:01:56.557 INFO  com.netflix.discovery.DiscoveryClient             :465  [32m        [0;39m Discovery Client initialized at timestamp 1605106916555 with initial instances count: 1
2020-11-11 23:01:56.559 INFO  o.s.c.n.e.serviceregistry.EurekaServiceRegistry   :41   [32m        [0;39m Registering application BUSINESS with eureka with status UP
2020-11-11 23:01:56.561 INFO  com.netflix.discovery.DiscoveryClient             :1323 [32m        [0;39m Saw local status change event StatusChangeEvent [timestamp=1605106916561, current=UP, previous=STARTING]
2020-11-11 23:01:56.572 INFO  com.netflix.discovery.DiscoveryClient             :844  [32m        [0;39m DiscoveryClient_BUSINESS/localhost:business:9002: registering service...
2020-11-11 23:01:56.581 INFO  org.apache.coyote.http11.Http11NioProtocol        :173  [32m        [0;39m Starting ProtocolHandler ["http-nio-9002"]
2020-11-11 23:01:56.607 INFO  o.s.boot.web.embedded.tomcat.TomcatWebServer      :204  [32m        [0;39m Tomcat started on port(s): 9002 (http) with context path '/business'
2020-11-11 23:01:56.608 INFO  o.s.c.n.e.s.EurekaAutoServiceRegistration         :145  [32m        [0;39m Updating port to 9002
2020-11-11 23:01:56.613 INFO  com.netflix.discovery.DiscoveryClient             :853  [32m        [0;39m DiscoveryClient_BUSINESS/localhost:business:9002 - registration status: 204
2020-11-11 23:01:58.157 INFO  org.springframework.cloud.commons.util.InetUtils  :170  [32m        [0;39m Cannot determine local hostname
2020-11-11 23:01:58.159 INFO  com.sise.business.BusinessApplication             :61   [32m        [0;39m Started BusinessApplication in 13.774 seconds (JVM running for 15.024)
2020-11-11 23:01:58.161 INFO  com.sise.business.BusinessApplication             :25   [32m        [0;39m å¯åŠ¨æˆåŠŸï¼ï¼
2020-11-11 23:01:58.161 INFO  com.sise.business.BusinessApplication             :26   [32m        [0;39m Businessåœ°å€: 	http://127.0.0.1:9002
2020-11-11 23:02:27.903 INFO  o.a.c.c.C.[Tomcat].[localhost].[/business]        :173  [32m        [0;39m Initializing Spring DispatcherServlet 'dispatcherServlet'
2020-11-11 23:02:27.903 INFO  org.springframework.web.servlet.DispatcherServlet :525  [32m        [0;39m Initializing Servlet 'dispatcherServlet'
2020-11-11 23:02:27.911 INFO  org.springframework.web.servlet.DispatcherServlet :547  [32m        [0;39m Completed initialization in 8 ms
2020-11-11 23:02:27.965 INFO  com.zaxxer.hikari.HikariDataSource                :110  [32m        [0;39m HikariPool-1 - Starting...
2020-11-11 23:02:28.125 INFO  com.zaxxer.hikari.HikariDataSource                :123  [32m        [0;39m HikariPool-1 - Start completed.
2020-11-11 23:02:28.130 DEBUG c.s.business.mapper.ChapterMapper.selectByExample :159  [32m        [0;39m ==>  Preparing: select id, course_id, `name` from chapter 
2020-11-11 23:02:28.144 DEBUG c.s.business.mapper.ChapterMapper.selectByExample :159  [32m        [0;39m ==> Parameters: 
2020-11-11 23:02:28.154 TRACE c.s.business.mapper.ChapterMapper.selectByExample :165  [32m        [0;39m <==    Columns: id, course_id, name
2020-11-11 23:02:28.155 TRACE c.s.business.mapper.ChapterMapper.selectByExample :165  [32m        [0;39m <==        Row: 00000000, 00000000, æµ‹è¯•å¤§ç« ä¸€
2020-11-11 23:02:28.156 TRACE c.s.business.mapper.ChapterMapper.selectByExample :165  [32m        [0;39m <==        Row: 00000001, 00000001, æµ‹è¯•å¤§ç« äºŒ
2020-11-11 23:02:28.156 DEBUG c.s.business.mapper.ChapterMapper.selectByExample :159  [32m        [0;39m <==      Total: 2
2020-11-11 23:02:49.663 DEBUG c.s.business.mapper.ChapterMapper.selectByExample :159  [32m        [0;39m ==>  Preparing: select id, course_id, `name` from chapter 
2020-11-11 23:02:49.664 DEBUG c.s.business.mapper.ChapterMapper.selectByExample :159  [32m        [0;39m ==> Parameters: 
2020-11-11 23:02:49.665 TRACE c.s.business.mapper.ChapterMapper.selectByExample :165  [32m        [0;39m <==    Columns: id, course_id, name
2020-11-11 23:02:49.665 TRACE c.s.business.mapper.ChapterMapper.selectByExample :165  [32m        [0;39m <==        Row: 00000000, 00000000, æµ‹è¯•å¤§ç« ä¸€
2020-11-11 23:02:49.666 TRACE c.s.business.mapper.ChapterMapper.selectByExample :165  [32m        [0;39m <==        Row: 00000001, 00000001, æµ‹è¯•å¤§ç« äºŒ
2020-11-11 23:02:49.666 DEBUG c.s.business.mapper.ChapterMapper.selectByExample :159  [32m        [0;39m <==      Total: 2
