2020-11-17 23:08:10.160 INFO  o.s.b.d.env.DevToolsPropertyDefaultsPostProcessor :225  [32m        [0;39m Devtools property defaults active! Set 'spring.devtools.add-properties' to 'false' to disable
2020-11-17 23:08:10.315 INFO  o.s.c.s.PostProcessorRegistrationDelegate$BeanPostProcessorChecker:330  [32m        [0;39m Bean 'org.springframework.cloud.autoconfigure.ConfigurationPropertiesRebinderAutoConfiguration' of type [org.springframework.cloud.autoconfigure.ConfigurationPropertiesRebinderAutoConfiguration] is not eligible for getting processed by all BeanPostProcessors (for example: not eligible for auto-proxying)
2020-11-17 23:08:11.843 INFO  com.sise.business.BusinessApplication             :651  [32m        [0;39m No active profile set, falling back to default profiles: default
2020-11-17 23:08:12.779 INFO  o.springframework.cloud.context.scope.GenericScope:295  [32m        [0;39m BeanFactory id=4421b5e4-22da-3745-9c69-c586547c5ccf
2020-11-17 23:08:12.871 INFO  o.s.c.s.PostProcessorRegistrationDelegate$BeanPostProcessorChecker:330  [32m        [0;39m Bean 'org.springframework.transaction.annotation.ProxyTransactionManagementConfiguration' of type [org.springframework.transaction.annotation.ProxyTransactionManagementConfiguration] is not eligible for getting processed by all BeanPostProcessors (for example: not eligible for auto-proxying)
2020-11-17 23:08:12.893 INFO  o.s.c.s.PostProcessorRegistrationDelegate$BeanPostProcessorChecker:330  [32m        [0;39m Bean 'org.springframework.cloud.autoconfigure.ConfigurationPropertiesRebinderAutoConfiguration' of type [org.springframework.cloud.autoconfigure.ConfigurationPropertiesRebinderAutoConfiguration] is not eligible for getting processed by all BeanPostProcessors (for example: not eligible for auto-proxying)
2020-11-17 23:08:13.273 INFO  o.s.boot.web.embedded.tomcat.TomcatWebServer      :92   [32m        [0;39m Tomcat initialized with port(s): 9002 (http)
2020-11-17 23:08:13.282 INFO  org.apache.coyote.http11.Http11NioProtocol        :173  [32m        [0;39m Initializing ProtocolHandler ["http-nio-9002"]
2020-11-17 23:08:13.283 INFO  org.apache.catalina.core.StandardService          :173  [32m        [0;39m Starting service [Tomcat]
2020-11-17 23:08:13.283 INFO  org.apache.catalina.core.StandardEngine           :173  [32m        [0;39m Starting Servlet engine: [Apache Tomcat/9.0.29]
2020-11-17 23:08:13.401 INFO  o.a.c.c.C.[Tomcat].[localhost].[/business]        :173  [32m        [0;39m Initializing Spring embedded WebApplicationContext
2020-11-17 23:08:13.401 INFO  org.springframework.web.context.ContextLoader     :284  [32m        [0;39m Root WebApplicationContext: initialization completed in 1540 ms
2020-11-17 23:08:13.795 WARN  com.netflix.config.sources.URLConfigurationSource :121  [32m        [0;39m No URLs will be polled as dynamic configuration sources.
2020-11-17 23:08:13.796 INFO  com.netflix.config.sources.URLConfigurationSource :122  [32m        [0;39m To enable URLs as dynamic configuration sources, define System property archaius.configurationSource.additionalUrls or make config.properties available on classpath.
2020-11-17 23:08:13.801 WARN  com.netflix.config.sources.URLConfigurationSource :121  [32m        [0;39m No URLs will be polled as dynamic configuration sources.
2020-11-17 23:08:13.802 INFO  com.netflix.config.sources.URLConfigurationSource :122  [32m        [0;39m To enable URLs as dynamic configuration sources, define System property archaius.configurationSource.additionalUrls or make config.properties available on classpath.
2020-11-17 23:08:13.944 INFO  o.s.scheduling.concurrent.ThreadPoolTaskExecutor  :171  [32m        [0;39m Initializing ExecutorService 'applicationTaskExecutor'
2020-11-17 23:08:14.219 WARN  o.s.b.d.autoconfigure.OptionalLiveReloadServer    :61   [32m        [0;39m Unable to start LiveReload server
2020-11-17 23:08:15.652 INFO  org.springframework.cloud.commons.util.InetUtils  :170  [32m        [0;39m Cannot determine local hostname
2020-11-17 23:08:17.107 INFO  org.springframework.cloud.commons.util.InetUtils  :170  [32m        [0;39m Cannot determine local hostname
2020-11-17 23:08:18.576 INFO  org.springframework.cloud.commons.util.InetUtils  :170  [32m        [0;39m Cannot determine local hostname
2020-11-17 23:08:18.596 WARN  o.s.c.l.c.BlockingLoadBalancerClientAutoConfiguration$BlockingLoadBalancerClientRibbonWarnLogger:106  [32m        [0;39m You already have RibbonLoadBalancerClient on your classpath. It will be used by default. As Spring Cloud Ribbon is in maintenance mode. We recommend switching to BlockingLoadBalancerClient instead. In order to use it, set the value of `spring.cloud.loadbalancer.ribbon.enabled` to `false` or remove spring-cloud-starter-netflix-ribbon from your project.
2020-11-17 23:08:18.627 WARN  o.s.c.l.c.LoadBalancerCacheAutoConfiguration$LoadBalancerCaffeineWarnLogger:81   [32m        [0;39m Spring Cloud LoadBalancer is currently working with default default cache. You can switch to using Caffeine cache, by adding it to the classpath.
2020-11-17 23:08:18.691 INFO  o.s.cloud.netflix.eureka.InstanceInfoFactory      :72   [32m        [0;39m Setting initial instance status as: STARTING
2020-11-17 23:08:18.717 INFO  com.netflix.discovery.DiscoveryClient             :365  [32m        [0;39m Initializing Eureka in region us-east-1
2020-11-17 23:08:19.119 INFO  c.n.discovery.provider.DiscoveryJerseyProvider    :70   [32m        [0;39m Using JSON encoding codec LegacyJacksonJson
2020-11-17 23:08:19.120 INFO  c.n.discovery.provider.DiscoveryJerseyProvider    :71   [32m        [0;39m Using JSON decoding codec LegacyJacksonJson
2020-11-17 23:08:19.238 INFO  c.n.discovery.provider.DiscoveryJerseyProvider    :80   [32m        [0;39m Using XML encoding codec XStreamXml
2020-11-17 23:08:19.238 INFO  c.n.discovery.provider.DiscoveryJerseyProvider    :81   [32m        [0;39m Using XML decoding codec XStreamXml
2020-11-17 23:08:19.495 INFO  c.n.d.shared.resolver.aws.ConfigClusterResolver   :43   [32m        [0;39m Resolving eureka endpoints via configuration
2020-11-17 23:08:19.745 INFO  com.netflix.discovery.DiscoveryClient             :976  [32m        [0;39m Disable delta property : false
2020-11-17 23:08:19.745 INFO  com.netflix.discovery.DiscoveryClient             :977  [32m        [0;39m Single vip registry refresh property : null
2020-11-17 23:08:19.745 INFO  com.netflix.discovery.DiscoveryClient             :978  [32m        [0;39m Force full registry fetch : false
2020-11-17 23:08:19.745 INFO  com.netflix.discovery.DiscoveryClient             :979  [32m        [0;39m Application is null : false
2020-11-17 23:08:19.746 INFO  com.netflix.discovery.DiscoveryClient             :980  [32m        [0;39m Registered Applications size is zero : true
2020-11-17 23:08:19.746 INFO  com.netflix.discovery.DiscoveryClient             :982  [32m        [0;39m Application version is -1: true
2020-11-17 23:08:19.746 INFO  com.netflix.discovery.DiscoveryClient             :1065 [32m        [0;39m Getting all instance registry info from the eureka server
2020-11-17 23:08:19.877 INFO  com.netflix.discovery.DiscoveryClient             :1074 [32m        [0;39m The response status is 200
2020-11-17 23:08:19.879 INFO  com.netflix.discovery.DiscoveryClient             :1288 [32m        [0;39m Starting heartbeat executor: renew interval is: 30
2020-11-17 23:08:19.880 INFO  com.netflix.discovery.InstanceInfoReplicator      :60   [32m        [0;39m InstanceInfoReplicator onDemand update allowed rate per min is 4
2020-11-17 23:08:19.884 INFO  com.netflix.discovery.DiscoveryClient             :465  [32m        [0;39m Discovery Client initialized at timestamp 1605625699883 with initial instances count: 2
2020-11-17 23:08:19.885 INFO  o.s.c.n.e.serviceregistry.EurekaServiceRegistry   :41   [32m        [0;39m Registering application BUSINESS with eureka with status UP
2020-11-17 23:08:19.886 INFO  com.netflix.discovery.DiscoveryClient             :1323 [32m        [0;39m Saw local status change event StatusChangeEvent [timestamp=1605625699886, current=UP, previous=STARTING]
2020-11-17 23:08:19.889 INFO  com.netflix.discovery.DiscoveryClient             :844  [32m        [0;39m DiscoveryClient_BUSINESS/localhost:business:9002: registering service...
2020-11-17 23:08:19.901 INFO  org.apache.coyote.http11.Http11NioProtocol        :173  [32m        [0;39m Starting ProtocolHandler ["http-nio-9002"]
2020-11-17 23:08:19.926 INFO  com.netflix.discovery.DiscoveryClient             :853  [32m        [0;39m DiscoveryClient_BUSINESS/localhost:business:9002 - registration status: 204
2020-11-17 23:08:19.926 INFO  o.s.boot.web.embedded.tomcat.TomcatWebServer      :204  [32m        [0;39m Tomcat started on port(s): 9002 (http) with context path '/business'
2020-11-17 23:08:19.927 INFO  o.s.c.n.e.s.EurekaAutoServiceRegistration         :145  [32m        [0;39m Updating port to 9002
2020-11-17 23:08:21.412 INFO  org.springframework.cloud.commons.util.InetUtils  :170  [32m        [0;39m Cannot determine local hostname
2020-11-17 23:08:21.414 INFO  com.sise.business.BusinessApplication             :61   [32m        [0;39m Started BusinessApplication in 13.752 seconds (JVM running for 14.941)
2020-11-17 23:08:21.416 INFO  com.sise.business.BusinessApplication             :27   [32m        [0;39m å¯åŠ¨æˆåŠŸï¼ï¼
2020-11-17 23:08:21.416 INFO  com.sise.business.BusinessApplication             :28   [32m        [0;39m Businessåœ°å€: 	http://127.0.0.1:9002
2020-11-17 23:10:30.536 INFO  o.a.c.c.C.[Tomcat].[localhost].[/business]        :173  [32m        [0;39m Initializing Spring DispatcherServlet 'dispatcherServlet'
2020-11-17 23:10:30.536 INFO  org.springframework.web.servlet.DispatcherServlet :525  [32m        [0;39m Initializing Servlet 'dispatcherServlet'
2020-11-17 23:10:30.543 INFO  org.springframework.web.servlet.DispatcherServlet :547  [32m        [0;39m Completed initialization in 7 ms
2020-11-17 23:10:30.727 INFO  com.zaxxer.hikari.HikariDataSource                :110  [32m        [0;39m HikariPool-1 - Starting...
2020-11-17 23:10:30.918 INFO  com.zaxxer.hikari.HikariDataSource                :123  [32m        [0;39m HikariPool-1 - Start completed.
2020-11-17 23:10:31.003 DEBUG c.s.s.mapper.SectionMapper.selectByExample_COUNT  :159  [32m        [0;39m ==>  Preparing: SELECT count(0) FROM section 
2020-11-17 23:10:31.033 DEBUG c.s.s.mapper.SectionMapper.selectByExample_COUNT  :159  [32m        [0;39m ==> Parameters: 
2020-11-17 23:10:31.155 TRACE c.s.s.mapper.SectionMapper.selectByExample_COUNT  :165  [32m        [0;39m <==    Columns: count(0)
2020-11-17 23:10:31.155 TRACE c.s.s.mapper.SectionMapper.selectByExample_COUNT  :165  [32m        [0;39m <==        Row: 1
2020-11-17 23:10:31.157 DEBUG c.s.s.mapper.SectionMapper.selectByExample_COUNT  :159  [32m        [0;39m <==      Total: 1
2020-11-17 23:10:31.159 DEBUG c.sise.server.mapper.SectionMapper.selectByExample:159  [32m        [0;39m ==>  Preparing: select id, title, course_id, chapter_id, video, `time`, charge, sort, created_at, updated_at from section order by sort asc LIMIT ? 
2020-11-17 23:10:31.160 DEBUG c.sise.server.mapper.SectionMapper.selectByExample:159  [32m        [0;39m ==> Parameters: 5(Integer)
2020-11-17 23:10:31.177 TRACE c.sise.server.mapper.SectionMapper.selectByExample:165  [32m        [0;39m <==    Columns: id, title, course_id, chapter_id, video, time, charge, sort, created_at, updated_at
2020-11-17 23:10:31.178 TRACE c.sise.server.mapper.SectionMapper.selectByExample:165  [32m        [0;39m <==        Row: 00000001, æµ‹è¯•å°èŠ‚01, 00000001, 00000000, , 500, F, 1, 2020-11-15 16:12:58.0, 2020-11-15 16:12:58.0
2020-11-17 23:10:31.179 DEBUG c.sise.server.mapper.SectionMapper.selectByExample:159  [32m        [0;39m <==      Total: 1
2020-11-17 23:10:58.057 DEBUG c.s.s.mapper.ChapterMapper.selectByExample_COUNT  :159  [32m        [0;39m ==>  Preparing: SELECT count(0) FROM chapter 
2020-11-17 23:10:58.059 DEBUG c.s.s.mapper.ChapterMapper.selectByExample_COUNT  :159  [32m        [0;39m ==> Parameters: 
2020-11-17 23:10:58.087 TRACE c.s.s.mapper.ChapterMapper.selectByExample_COUNT  :165  [32m        [0;39m <==    Columns: count(0)
2020-11-17 23:10:58.088 TRACE c.s.s.mapper.ChapterMapper.selectByExample_COUNT  :165  [32m        [0;39m <==        Row: 20
2020-11-17 23:10:58.088 DEBUG c.s.s.mapper.ChapterMapper.selectByExample_COUNT  :159  [32m        [0;39m <==      Total: 1
2020-11-17 23:10:58.091 DEBUG c.sise.server.mapper.ChapterMapper.selectByExample:159  [32m        [0;39m ==>  Preparing: select id, course_id, `name` from chapter LIMIT ? 
2020-11-17 23:10:58.094 DEBUG c.sise.server.mapper.ChapterMapper.selectByExample:159  [32m        [0;39m ==> Parameters: 5(Integer)
2020-11-17 23:10:58.097 TRACE c.sise.server.mapper.ChapterMapper.selectByExample:165  [32m        [0;39m <==    Columns: id, course_id, name
2020-11-17 23:10:58.099 TRACE c.sise.server.mapper.ChapterMapper.selectByExample:165  [32m        [0;39m <==        Row: 00000000, 00000000, æµ‹è¯•å¤§ç« 00
2020-11-17 23:10:58.100 TRACE c.sise.server.mapper.ChapterMapper.selectByExample:165  [32m        [0;39m <==        Row: 00000001, 00000000, æµ‹è¯•å¤§ç« 01
2020-11-17 23:10:58.100 TRACE c.sise.server.mapper.ChapterMapper.selectByExample:165  [32m        [0;39m <==        Row: 00000002, 00000000, æµ‹è¯•å¤§ç« 02
2020-11-17 23:10:58.101 TRACE c.sise.server.mapper.ChapterMapper.selectByExample:165  [32m        [0;39m <==        Row: 00000003, 00000000, æµ‹è¯•å¤§ç« 03
2020-11-17 23:10:58.102 TRACE c.sise.server.mapper.ChapterMapper.selectByExample:165  [32m        [0;39m <==        Row: 00000004, 00000000, æµ‹è¯•å¤§ç« 04
2020-11-17 23:10:58.103 DEBUG c.sise.server.mapper.ChapterMapper.selectByExample:159  [32m        [0;39m <==      Total: 5
2020-11-17 23:10:59.899 DEBUG c.s.s.mapper.SectionMapper.selectByExample_COUNT  :159  [32m        [0;39m ==>  Preparing: SELECT count(0) FROM section 
2020-11-17 23:10:59.900 DEBUG c.s.s.mapper.SectionMapper.selectByExample_COUNT  :159  [32m        [0;39m ==> Parameters: 
2020-11-17 23:10:59.901 TRACE c.s.s.mapper.SectionMapper.selectByExample_COUNT  :165  [32m        [0;39m <==    Columns: count(0)
2020-11-17 23:10:59.901 TRACE c.s.s.mapper.SectionMapper.selectByExample_COUNT  :165  [32m        [0;39m <==        Row: 1
2020-11-17 23:10:59.901 DEBUG c.s.s.mapper.SectionMapper.selectByExample_COUNT  :159  [32m        [0;39m <==      Total: 1
2020-11-17 23:10:59.902 DEBUG c.sise.server.mapper.SectionMapper.selectByExample:159  [32m        [0;39m ==>  Preparing: select id, title, course_id, chapter_id, video, `time`, charge, sort, created_at, updated_at from section order by sort asc LIMIT ? 
2020-11-17 23:10:59.902 DEBUG c.sise.server.mapper.SectionMapper.selectByExample:159  [32m        [0;39m ==> Parameters: 5(Integer)
2020-11-17 23:10:59.903 TRACE c.sise.server.mapper.SectionMapper.selectByExample:165  [32m        [0;39m <==    Columns: id, title, course_id, chapter_id, video, time, charge, sort, created_at, updated_at
2020-11-17 23:10:59.903 TRACE c.sise.server.mapper.SectionMapper.selectByExample:165  [32m        [0;39m <==        Row: 00000001, æµ‹è¯•å°èŠ‚01, 00000001, 00000000, , 500, F, 1, 2020-11-15 16:12:58.0, 2020-11-15 16:12:58.0
2020-11-17 23:10:59.904 DEBUG c.sise.server.mapper.SectionMapper.selectByExample:159  [32m        [0;39m <==      Total: 1
2020-11-17 23:11:01.529 DEBUG c.s.s.mapper.ChapterMapper.selectByExample_COUNT  :159  [32m        [0;39m ==>  Preparing: SELECT count(0) FROM chapter 
2020-11-17 23:11:01.530 DEBUG c.s.s.mapper.ChapterMapper.selectByExample_COUNT  :159  [32m        [0;39m ==> Parameters: 
2020-11-17 23:11:01.530 TRACE c.s.s.mapper.ChapterMapper.selectByExample_COUNT  :165  [32m        [0;39m <==    Columns: count(0)
2020-11-17 23:11:01.531 TRACE c.s.s.mapper.ChapterMapper.selectByExample_COUNT  :165  [32m        [0;39m <==        Row: 20
2020-11-17 23:11:01.531 DEBUG c.s.s.mapper.ChapterMapper.selectByExample_COUNT  :159  [32m        [0;39m <==      Total: 1
2020-11-17 23:11:01.531 DEBUG c.sise.server.mapper.ChapterMapper.selectByExample:159  [32m        [0;39m ==>  Preparing: select id, course_id, `name` from chapter LIMIT ? 
2020-11-17 23:11:01.532 DEBUG c.sise.server.mapper.ChapterMapper.selectByExample:159  [32m        [0;39m ==> Parameters: 5(Integer)
2020-11-17 23:11:01.532 TRACE c.sise.server.mapper.ChapterMapper.selectByExample:165  [32m        [0;39m <==    Columns: id, course_id, name
2020-11-17 23:11:01.533 TRACE c.sise.server.mapper.ChapterMapper.selectByExample:165  [32m        [0;39m <==        Row: 00000000, 00000000, æµ‹è¯•å¤§ç« 00
2020-11-17 23:11:01.533 TRACE c.sise.server.mapper.ChapterMapper.selectByExample:165  [32m        [0;39m <==        Row: 00000001, 00000000, æµ‹è¯•å¤§ç« 01
2020-11-17 23:11:01.533 TRACE c.sise.server.mapper.ChapterMapper.selectByExample:165  [32m        [0;39m <==        Row: 00000002, 00000000, æµ‹è¯•å¤§ç« 02
2020-11-17 23:11:01.534 TRACE c.sise.server.mapper.ChapterMapper.selectByExample:165  [32m        [0;39m <==        Row: 00000003, 00000000, æµ‹è¯•å¤§ç« 03
2020-11-17 23:11:01.534 TRACE c.sise.server.mapper.ChapterMapper.selectByExample:165  [32m        [0;39m <==        Row: 00000004, 00000000, æµ‹è¯•å¤§ç« 04
2020-11-17 23:11:01.534 DEBUG c.sise.server.mapper.ChapterMapper.selectByExample:159  [32m        [0;39m <==      Total: 5
2020-11-17 23:11:06.910 DEBUG c.s.s.mapper.SectionMapper.selectByExample_COUNT  :159  [32m        [0;39m ==>  Preparing: SELECT count(0) FROM section 
2020-11-17 23:11:06.910 DEBUG c.s.s.mapper.SectionMapper.selectByExample_COUNT  :159  [32m        [0;39m ==> Parameters: 
2020-11-17 23:11:06.911 TRACE c.s.s.mapper.SectionMapper.selectByExample_COUNT  :165  [32m        [0;39m <==    Columns: count(0)
2020-11-17 23:11:06.912 TRACE c.s.s.mapper.SectionMapper.selectByExample_COUNT  :165  [32m        [0;39m <==        Row: 1
2020-11-17 23:11:06.912 DEBUG c.s.s.mapper.SectionMapper.selectByExample_COUNT  :159  [32m        [0;39m <==      Total: 1
2020-11-17 23:11:06.912 DEBUG c.sise.server.mapper.SectionMapper.selectByExample:159  [32m        [0;39m ==>  Preparing: select id, title, course_id, chapter_id, video, `time`, charge, sort, created_at, updated_at from section order by sort asc LIMIT ? 
2020-11-17 23:11:06.913 DEBUG c.sise.server.mapper.SectionMapper.selectByExample:159  [32m        [0;39m ==> Parameters: 5(Integer)
2020-11-17 23:11:06.914 TRACE c.sise.server.mapper.SectionMapper.selectByExample:165  [32m        [0;39m <==    Columns: id, title, course_id, chapter_id, video, time, charge, sort, created_at, updated_at
2020-11-17 23:11:06.914 TRACE c.sise.server.mapper.SectionMapper.selectByExample:165  [32m        [0;39m <==        Row: 00000001, æµ‹è¯•å°èŠ‚01, 00000001, 00000000, , 500, F, 1, 2020-11-15 16:12:58.0, 2020-11-15 16:12:58.0
2020-11-17 23:11:06.915 DEBUG c.sise.server.mapper.SectionMapper.selectByExample:159  [32m        [0;39m <==      Total: 1
2020-11-17 23:11:08.328 DEBUG c.s.s.mapper.ChapterMapper.selectByExample_COUNT  :159  [32m        [0;39m ==>  Preparing: SELECT count(0) FROM chapter 
2020-11-17 23:11:08.329 DEBUG c.s.s.mapper.ChapterMapper.selectByExample_COUNT  :159  [32m        [0;39m ==> Parameters: 
2020-11-17 23:11:08.330 TRACE c.s.s.mapper.ChapterMapper.selectByExample_COUNT  :165  [32m        [0;39m <==    Columns: count(0)
2020-11-17 23:11:08.330 TRACE c.s.s.mapper.ChapterMapper.selectByExample_COUNT  :165  [32m        [0;39m <==        Row: 20
2020-11-17 23:11:08.331 DEBUG c.s.s.mapper.ChapterMapper.selectByExample_COUNT  :159  [32m        [0;39m <==      Total: 1
2020-11-17 23:11:08.331 DEBUG c.sise.server.mapper.ChapterMapper.selectByExample:159  [32m        [0;39m ==>  Preparing: select id, course_id, `name` from chapter LIMIT ? 
2020-11-17 23:11:08.332 DEBUG c.sise.server.mapper.ChapterMapper.selectByExample:159  [32m        [0;39m ==> Parameters: 5(Integer)
2020-11-17 23:11:08.332 TRACE c.sise.server.mapper.ChapterMapper.selectByExample:165  [32m        [0;39m <==    Columns: id, course_id, name
2020-11-17 23:11:08.333 TRACE c.sise.server.mapper.ChapterMapper.selectByExample:165  [32m        [0;39m <==        Row: 00000000, 00000000, æµ‹è¯•å¤§ç« 00
2020-11-17 23:11:08.333 TRACE c.sise.server.mapper.ChapterMapper.selectByExample:165  [32m        [0;39m <==        Row: 00000001, 00000000, æµ‹è¯•å¤§ç« 01
2020-11-17 23:11:08.333 TRACE c.sise.server.mapper.ChapterMapper.selectByExample:165  [32m        [0;39m <==        Row: 00000002, 00000000, æµ‹è¯•å¤§ç« 02
2020-11-17 23:11:08.334 TRACE c.sise.server.mapper.ChapterMapper.selectByExample:165  [32m        [0;39m <==        Row: 00000003, 00000000, æµ‹è¯•å¤§ç« 03
2020-11-17 23:11:08.334 TRACE c.sise.server.mapper.ChapterMapper.selectByExample:165  [32m        [0;39m <==        Row: 00000004, 00000000, æµ‹è¯•å¤§ç« 04
2020-11-17 23:11:08.334 DEBUG c.sise.server.mapper.ChapterMapper.selectByExample:159  [32m        [0;39m <==      Total: 5
2020-11-17 23:11:09.865 DEBUG c.s.s.mapper.SectionMapper.selectByExample_COUNT  :159  [32m        [0;39m ==>  Preparing: SELECT count(0) FROM section 
2020-11-17 23:11:09.865 DEBUG c.s.s.mapper.SectionMapper.selectByExample_COUNT  :159  [32m        [0;39m ==> Parameters: 
2020-11-17 23:11:09.873 TRACE c.s.s.mapper.SectionMapper.selectByExample_COUNT  :165  [32m        [0;39m <==    Columns: count(0)
2020-11-17 23:11:09.873 TRACE c.s.s.mapper.SectionMapper.selectByExample_COUNT  :165  [32m        [0;39m <==        Row: 1
2020-11-17 23:11:09.874 DEBUG c.s.s.mapper.SectionMapper.selectByExample_COUNT  :159  [32m        [0;39m <==      Total: 1
2020-11-17 23:11:09.874 DEBUG c.sise.server.mapper.SectionMapper.selectByExample:159  [32m        [0;39m ==>  Preparing: select id, title, course_id, chapter_id, video, `time`, charge, sort, created_at, updated_at from section order by sort asc LIMIT ? 
2020-11-17 23:11:09.875 DEBUG c.sise.server.mapper.SectionMapper.selectByExample:159  [32m        [0;39m ==> Parameters: 5(Integer)
2020-11-17 23:11:09.877 TRACE c.sise.server.mapper.SectionMapper.selectByExample:165  [32m        [0;39m <==    Columns: id, title, course_id, chapter_id, video, time, charge, sort, created_at, updated_at
2020-11-17 23:11:09.878 TRACE c.sise.server.mapper.SectionMapper.selectByExample:165  [32m        [0;39m <==        Row: 00000001, æµ‹è¯•å°èŠ‚01, 00000001, 00000000, , 500, F, 1, 2020-11-15 16:12:58.0, 2020-11-15 16:12:58.0
2020-11-17 23:11:09.878 DEBUG c.sise.server.mapper.SectionMapper.selectByExample:159  [32m        [0;39m <==      Total: 1
2020-11-17 23:11:23.953 DEBUG c.s.s.mapper.ChapterMapper.selectByExample_COUNT  :159  [32m        [0;39m ==>  Preparing: SELECT count(0) FROM chapter 
2020-11-17 23:11:23.954 DEBUG c.s.s.mapper.ChapterMapper.selectByExample_COUNT  :159  [32m        [0;39m ==> Parameters: 
2020-11-17 23:11:23.955 TRACE c.s.s.mapper.ChapterMapper.selectByExample_COUNT  :165  [32m        [0;39m <==    Columns: count(0)
2020-11-17 23:11:23.956 TRACE c.s.s.mapper.ChapterMapper.selectByExample_COUNT  :165  [32m        [0;39m <==        Row: 20
2020-11-17 23:11:23.956 DEBUG c.s.s.mapper.ChapterMapper.selectByExample_COUNT  :159  [32m        [0;39m <==      Total: 1
2020-11-17 23:11:23.957 DEBUG c.sise.server.mapper.ChapterMapper.selectByExample:159  [32m        [0;39m ==>  Preparing: select id, course_id, `name` from chapter LIMIT ? 
2020-11-17 23:11:23.958 DEBUG c.sise.server.mapper.ChapterMapper.selectByExample:159  [32m        [0;39m ==> Parameters: 5(Integer)
2020-11-17 23:11:23.960 TRACE c.sise.server.mapper.ChapterMapper.selectByExample:165  [32m        [0;39m <==    Columns: id, course_id, name
2020-11-17 23:11:23.960 TRACE c.sise.server.mapper.ChapterMapper.selectByExample:165  [32m        [0;39m <==        Row: 00000000, 00000000, æµ‹è¯•å¤§ç« 00
2020-11-17 23:11:23.961 TRACE c.sise.server.mapper.ChapterMapper.selectByExample:165  [32m        [0;39m <==        Row: 00000001, 00000000, æµ‹è¯•å¤§ç« 01
2020-11-17 23:11:23.962 TRACE c.sise.server.mapper.ChapterMapper.selectByExample:165  [32m        [0;39m <==        Row: 00000002, 00000000, æµ‹è¯•å¤§ç« 02
2020-11-17 23:11:23.962 TRACE c.sise.server.mapper.ChapterMapper.selectByExample:165  [32m        [0;39m <==        Row: 00000003, 00000000, æµ‹è¯•å¤§ç« 03
2020-11-17 23:11:23.963 TRACE c.sise.server.mapper.ChapterMapper.selectByExample:165  [32m        [0;39m <==        Row: 00000004, 00000000, æµ‹è¯•å¤§ç« 04
2020-11-17 23:11:23.963 DEBUG c.sise.server.mapper.ChapterMapper.selectByExample:159  [32m        [0;39m <==      Total: 5
2020-11-17 23:11:47.142 DEBUG c.s.s.mapper.SectionMapper.selectByExample_COUNT  :159  [32m        [0;39m ==>  Preparing: SELECT count(0) FROM section 
2020-11-17 23:11:47.143 DEBUG c.s.s.mapper.SectionMapper.selectByExample_COUNT  :159  [32m        [0;39m ==> Parameters: 
2020-11-17 23:11:47.143 TRACE c.s.s.mapper.SectionMapper.selectByExample_COUNT  :165  [32m        [0;39m <==    Columns: count(0)
2020-11-17 23:11:47.144 TRACE c.s.s.mapper.SectionMapper.selectByExample_COUNT  :165  [32m        [0;39m <==        Row: 1
2020-11-17 23:11:47.144 DEBUG c.s.s.mapper.SectionMapper.selectByExample_COUNT  :159  [32m        [0;39m <==      Total: 1
2020-11-17 23:11:47.145 DEBUG c.sise.server.mapper.SectionMapper.selectByExample:159  [32m        [0;39m ==>  Preparing: select id, title, course_id, chapter_id, video, `time`, charge, sort, created_at, updated_at from section order by sort asc LIMIT ? 
2020-11-17 23:11:47.145 DEBUG c.sise.server.mapper.SectionMapper.selectByExample:159  [32m        [0;39m ==> Parameters: 5(Integer)
2020-11-17 23:11:47.148 TRACE c.sise.server.mapper.SectionMapper.selectByExample:165  [32m        [0;39m <==    Columns: id, title, course_id, chapter_id, video, time, charge, sort, created_at, updated_at
2020-11-17 23:11:47.148 TRACE c.sise.server.mapper.SectionMapper.selectByExample:165  [32m        [0;39m <==        Row: 00000001, æµ‹è¯•å°èŠ‚01, 00000001, 00000000, , 500, F, 1, 2020-11-15 16:12:58.0, 2020-11-15 16:12:58.0
2020-11-17 23:11:47.149 DEBUG c.sise.server.mapper.SectionMapper.selectByExample:159  [32m        [0;39m <==      Total: 1
2020-11-17 23:11:49.280 DEBUG c.s.s.mapper.ChapterMapper.selectByExample_COUNT  :159  [32m        [0;39m ==>  Preparing: SELECT count(0) FROM chapter 
2020-11-17 23:11:49.282 DEBUG c.s.s.mapper.ChapterMapper.selectByExample_COUNT  :159  [32m        [0;39m ==> Parameters: 
2020-11-17 23:11:49.283 TRACE c.s.s.mapper.ChapterMapper.selectByExample_COUNT  :165  [32m        [0;39m <==    Columns: count(0)
2020-11-17 23:11:49.284 TRACE c.s.s.mapper.ChapterMapper.selectByExample_COUNT  :165  [32m        [0;39m <==        Row: 20
2020-11-17 23:11:49.284 DEBUG c.s.s.mapper.ChapterMapper.selectByExample_COUNT  :159  [32m        [0;39m <==      Total: 1
2020-11-17 23:11:49.285 DEBUG c.sise.server.mapper.ChapterMapper.selectByExample:159  [32m        [0;39m ==>  Preparing: select id, course_id, `name` from chapter LIMIT ? 
2020-11-17 23:11:49.286 DEBUG c.sise.server.mapper.ChapterMapper.selectByExample:159  [32m        [0;39m ==> Parameters: 5(Integer)
2020-11-17 23:11:49.287 TRACE c.sise.server.mapper.ChapterMapper.selectByExample:165  [32m        [0;39m <==    Columns: id, course_id, name
2020-11-17 23:11:49.288 TRACE c.sise.server.mapper.ChapterMapper.selectByExample:165  [32m        [0;39m <==        Row: 00000000, 00000000, æµ‹è¯•å¤§ç« 00
2020-11-17 23:11:49.288 TRACE c.sise.server.mapper.ChapterMapper.selectByExample:165  [32m        [0;39m <==        Row: 00000001, 00000000, æµ‹è¯•å¤§ç« 01
2020-11-17 23:11:49.288 TRACE c.sise.server.mapper.ChapterMapper.selectByExample:165  [32m        [0;39m <==        Row: 00000002, 00000000, æµ‹è¯•å¤§ç« 02
2020-11-17 23:11:49.289 TRACE c.sise.server.mapper.ChapterMapper.selectByExample:165  [32m        [0;39m <==        Row: 00000003, 00000000, æµ‹è¯•å¤§ç« 03
2020-11-17 23:11:49.289 TRACE c.sise.server.mapper.ChapterMapper.selectByExample:165  [32m        [0;39m <==        Row: 00000004, 00000000, æµ‹è¯•å¤§ç« 04
2020-11-17 23:11:49.289 DEBUG c.sise.server.mapper.ChapterMapper.selectByExample:159  [32m        [0;39m <==      Total: 5
2020-11-17 23:13:19.756 INFO  c.n.d.shared.resolver.aws.ConfigClusterResolver   :43   [32m        [0;39m Resolving eureka endpoints via configuration
2020-11-17 23:17:01.149 DEBUG c.s.s.mapper.SectionMapper.selectByExample_COUNT  :159  [32m        [0;39m ==>  Preparing: SELECT count(0) FROM section 
2020-11-17 23:17:01.149 DEBUG c.s.s.mapper.SectionMapper.selectByExample_COUNT  :159  [32m        [0;39m ==> Parameters: 
2020-11-17 23:17:01.151 TRACE c.s.s.mapper.SectionMapper.selectByExample_COUNT  :165  [32m        [0;39m <==    Columns: count(0)
2020-11-17 23:17:01.152 TRACE c.s.s.mapper.SectionMapper.selectByExample_COUNT  :165  [32m        [0;39m <==        Row: 1
2020-11-17 23:17:01.154 DEBUG c.s.s.mapper.SectionMapper.selectByExample_COUNT  :159  [32m        [0;39m <==      Total: 1
2020-11-17 23:17:01.155 DEBUG c.sise.server.mapper.SectionMapper.selectByExample:159  [32m        [0;39m ==>  Preparing: select id, title, course_id, chapter_id, video, `time`, charge, sort, created_at, updated_at from section order by sort asc LIMIT ? 
2020-11-17 23:17:01.157 DEBUG c.sise.server.mapper.SectionMapper.selectByExample:159  [32m        [0;39m ==> Parameters: 5(Integer)
2020-11-17 23:17:01.160 TRACE c.sise.server.mapper.SectionMapper.selectByExample:165  [32m        [0;39m <==    Columns: id, title, course_id, chapter_id, video, time, charge, sort, created_at, updated_at
2020-11-17 23:17:01.161 TRACE c.sise.server.mapper.SectionMapper.selectByExample:165  [32m        [0;39m <==        Row: 00000001, æµ‹è¯•å°èŠ‚01, 00000001, 00000000, , 500, F, 1, 2020-11-15 16:12:58.0, 2020-11-15 16:12:58.0
2020-11-17 23:17:01.162 DEBUG c.sise.server.mapper.SectionMapper.selectByExample:159  [32m        [0;39m <==      Total: 1
