2020-12-02 21:00:21.076 INFO  o.s.boot.devtools.restart.ChangeableUrls          :225  [32m        [0;39m The Class-Path manifest attribute in D:\repo\com\sun\xml\bind\jaxb-core\2.3.0.1\jaxb-core-2.3.0.1.jar referenced one or more files that do not exist: file:/D:/repo/com/sun/xml/bind/jaxb-core/2.3.0.1/jaxb-api.jar
2020-12-02 21:00:21.078 INFO  o.s.boot.devtools.restart.ChangeableUrls          :225  [32m        [0;39m The Class-Path manifest attribute in D:\repo\com\sun\xml\bind\jaxb-impl\2.3.2\jaxb-impl-2.3.2.jar referenced one or more files that do not exist: file:/D:/repo/com/sun/xml/bind/jaxb-impl/2.3.2/jaxb-runtime-2.3.2.jar,file:/D:/repo/com/sun/xml/bind/jaxb-impl/2.3.2/txw2-2.3.2.jar,file:/D:/repo/com/sun/xml/bind/jaxb-impl/2.3.2/istack-commons-runtime-3.0.8.jar,file:/D:/repo/com/sun/xml/bind/jaxb-impl/2.3.2/stax-ex-1.8.1.jar,file:/D:/repo/com/sun/xml/bind/jaxb-impl/2.3.2/FastInfoset-1.2.16.jar,file:/D:/repo/com/sun/xml/bind/jaxb-impl/2.3.2/jakarta.activation-api-1.2.1.jar
2020-12-02 21:00:21.079 INFO  o.s.b.d.env.DevToolsPropertyDefaultsPostProcessor :225  [32m        [0;39m Devtools property defaults active! Set 'spring.devtools.add-properties' to 'false' to disable
2020-12-02 21:00:21.245 INFO  o.s.c.s.PostProcessorRegistrationDelegate$BeanPostProcessorChecker:330  [32m        [0;39m Bean 'org.springframework.cloud.autoconfigure.ConfigurationPropertiesRebinderAutoConfiguration' of type [org.springframework.cloud.autoconfigure.ConfigurationPropertiesRebinderAutoConfiguration] is not eligible for getting processed by all BeanPostProcessors (for example: not eligible for auto-proxying)
2020-12-02 21:00:22.839 INFO  com.sise.file.config.FileApplication              :651  [32m        [0;39m No active profile set, falling back to default profiles: default
2020-12-02 21:00:23.657 INFO  o.springframework.cloud.context.scope.GenericScope:295  [32m        [0;39m BeanFactory id=09cfab87-57d8-3eb1-8f76-ebe7aca8aab7
2020-12-02 21:00:23.756 INFO  o.s.c.s.PostProcessorRegistrationDelegate$BeanPostProcessorChecker:330  [32m        [0;39m Bean 'org.springframework.transaction.annotation.ProxyTransactionManagementConfiguration' of type [org.springframework.transaction.annotation.ProxyTransactionManagementConfiguration] is not eligible for getting processed by all BeanPostProcessors (for example: not eligible for auto-proxying)
2020-12-02 21:00:23.780 INFO  o.s.c.s.PostProcessorRegistrationDelegate$BeanPostProcessorChecker:330  [32m        [0;39m Bean 'org.springframework.cloud.autoconfigure.ConfigurationPropertiesRebinderAutoConfiguration' of type [org.springframework.cloud.autoconfigure.ConfigurationPropertiesRebinderAutoConfiguration] is not eligible for getting processed by all BeanPostProcessors (for example: not eligible for auto-proxying)
2020-12-02 21:00:24.198 INFO  o.s.boot.web.embedded.tomcat.TomcatWebServer      :92   [32m        [0;39m Tomcat initialized with port(s): 9003 (http)
2020-12-02 21:00:24.210 INFO  org.apache.coyote.http11.Http11NioProtocol        :173  [32m        [0;39m Initializing ProtocolHandler ["http-nio-9003"]
2020-12-02 21:00:24.211 INFO  org.apache.catalina.core.StandardService          :173  [32m        [0;39m Starting service [Tomcat]
2020-12-02 21:00:24.211 INFO  org.apache.catalina.core.StandardEngine           :173  [32m        [0;39m Starting Servlet engine: [Apache Tomcat/9.0.29]
2020-12-02 21:00:24.338 INFO  o.a.c.c.ContainerBase.[Tomcat].[localhost].[/file]:173  [32m        [0;39m Initializing Spring embedded WebApplicationContext
2020-12-02 21:00:24.339 INFO  org.springframework.web.context.ContextLoader     :284  [32m        [0;39m Root WebApplicationContext: initialization completed in 1481 ms
2020-12-02 21:00:24.863 WARN  com.netflix.config.sources.URLConfigurationSource :121  [32m        [0;39m No URLs will be polled as dynamic configuration sources.
2020-12-02 21:00:24.863 INFO  com.netflix.config.sources.URLConfigurationSource :122  [32m        [0;39m To enable URLs as dynamic configuration sources, define System property archaius.configurationSource.additionalUrls or make config.properties available on classpath.
2020-12-02 21:00:24.866 WARN  com.netflix.config.sources.URLConfigurationSource :121  [32m        [0;39m No URLs will be polled as dynamic configuration sources.
2020-12-02 21:00:24.867 INFO  com.netflix.config.sources.URLConfigurationSource :122  [32m        [0;39m To enable URLs as dynamic configuration sources, define System property archaius.configurationSource.additionalUrls or make config.properties available on classpath.
2020-12-02 21:00:25.015 INFO  o.s.scheduling.concurrent.ThreadPoolTaskExecutor  :171  [32m        [0;39m Initializing ExecutorService 'applicationTaskExecutor'
2020-12-02 21:00:25.303 WARN  o.s.b.d.autoconfigure.OptionalLiveReloadServer    :61   [32m        [0;39m Unable to start LiveReload server
2020-12-02 21:00:26.851 INFO  org.springframework.cloud.commons.util.InetUtils  :170  [32m        [0;39m Cannot determine local hostname
2020-12-02 21:00:28.622 INFO  org.springframework.cloud.commons.util.InetUtils  :170  [32m        [0;39m Cannot determine local hostname
2020-12-02 21:00:30.472 INFO  org.springframework.cloud.commons.util.InetUtils  :170  [32m        [0;39m Cannot determine local hostname
2020-12-02 21:00:30.508 WARN  o.s.c.l.c.BlockingLoadBalancerClientAutoConfiguration$BlockingLoadBalancerClientRibbonWarnLogger:106  [32m        [0;39m You already have RibbonLoadBalancerClient on your classpath. It will be used by default. As Spring Cloud Ribbon is in maintenance mode. We recommend switching to BlockingLoadBalancerClient instead. In order to use it, set the value of `spring.cloud.loadbalancer.ribbon.enabled` to `false` or remove spring-cloud-starter-netflix-ribbon from your project.
2020-12-02 21:00:30.592 WARN  o.s.c.l.c.LoadBalancerCacheAutoConfiguration$LoadBalancerCaffeineWarnLogger:81   [32m        [0;39m Spring Cloud LoadBalancer is currently working with default default cache. You can switch to using Caffeine cache, by adding it to the classpath.
2020-12-02 21:00:30.706 INFO  o.s.cloud.netflix.eureka.InstanceInfoFactory      :72   [32m        [0;39m Setting initial instance status as: STARTING
2020-12-02 21:00:30.749 INFO  com.netflix.discovery.DiscoveryClient             :365  [32m        [0;39m Initializing Eureka in region us-east-1
2020-12-02 21:00:31.461 INFO  c.n.discovery.provider.DiscoveryJerseyProvider    :70   [32m        [0;39m Using JSON encoding codec LegacyJacksonJson
2020-12-02 21:00:31.462 INFO  c.n.discovery.provider.DiscoveryJerseyProvider    :71   [32m        [0;39m Using JSON decoding codec LegacyJacksonJson
2020-12-02 21:00:31.665 INFO  c.n.discovery.provider.DiscoveryJerseyProvider    :80   [32m        [0;39m Using XML encoding codec XStreamXml
2020-12-02 21:00:31.666 INFO  c.n.discovery.provider.DiscoveryJerseyProvider    :81   [32m        [0;39m Using XML decoding codec XStreamXml
2020-12-02 21:00:31.975 INFO  c.n.d.shared.resolver.aws.ConfigClusterResolver   :43   [32m        [0;39m Resolving eureka endpoints via configuration
2020-12-02 21:00:32.221 INFO  com.netflix.discovery.DiscoveryClient             :976  [32m        [0;39m Disable delta property : false
2020-12-02 21:00:32.222 INFO  com.netflix.discovery.DiscoveryClient             :977  [32m        [0;39m Single vip registry refresh property : null
2020-12-02 21:00:32.222 INFO  com.netflix.discovery.DiscoveryClient             :978  [32m        [0;39m Force full registry fetch : false
2020-12-02 21:00:32.222 INFO  com.netflix.discovery.DiscoveryClient             :979  [32m        [0;39m Application is null : false
2020-12-02 21:00:32.222 INFO  com.netflix.discovery.DiscoveryClient             :980  [32m        [0;39m Registered Applications size is zero : true
2020-12-02 21:00:32.222 INFO  com.netflix.discovery.DiscoveryClient             :982  [32m        [0;39m Application version is -1: true
2020-12-02 21:00:32.223 INFO  com.netflix.discovery.DiscoveryClient             :1065 [32m        [0;39m Getting all instance registry info from the eureka server
2020-12-02 21:00:32.386 INFO  com.netflix.discovery.DiscoveryClient             :1074 [32m        [0;39m The response status is 200
2020-12-02 21:00:32.388 INFO  com.netflix.discovery.DiscoveryClient             :1288 [32m        [0;39m Starting heartbeat executor: renew interval is: 30
2020-12-02 21:00:32.390 INFO  com.netflix.discovery.InstanceInfoReplicator      :60   [32m        [0;39m InstanceInfoReplicator onDemand update allowed rate per min is 4
2020-12-02 21:00:32.394 INFO  com.netflix.discovery.DiscoveryClient             :465  [32m        [0;39m Discovery Client initialized at timestamp 1606914032393 with initial instances count: 3
2020-12-02 21:00:32.395 INFO  o.s.c.n.e.serviceregistry.EurekaServiceRegistry   :41   [32m        [0;39m Registering application FILE with eureka with status UP
2020-12-02 21:00:32.396 INFO  com.netflix.discovery.DiscoveryClient             :1323 [32m        [0;39m Saw local status change event StatusChangeEvent [timestamp=1606914032396, current=UP, previous=STARTING]
2020-12-02 21:00:32.398 INFO  com.netflix.discovery.DiscoveryClient             :844  [32m        [0;39m DiscoveryClient_FILE/localhost:file:9003: registering service...
2020-12-02 21:00:32.410 INFO  org.apache.coyote.http11.Http11NioProtocol        :173  [32m        [0;39m Starting ProtocolHandler ["http-nio-9003"]
2020-12-02 21:00:32.444 INFO  com.netflix.discovery.DiscoveryClient             :853  [32m        [0;39m DiscoveryClient_FILE/localhost:file:9003 - registration status: 204
2020-12-02 21:00:32.444 INFO  o.s.boot.web.embedded.tomcat.TomcatWebServer      :204  [32m        [0;39m Tomcat started on port(s): 9003 (http) with context path '/file'
2020-12-02 21:00:32.445 INFO  o.s.c.n.e.s.EurekaAutoServiceRegistration         :145  [32m        [0;39m Updating port to 9003
2020-12-02 21:00:34.116 INFO  org.springframework.cloud.commons.util.InetUtils  :170  [32m        [0;39m Cannot determine local hostname
2020-12-02 21:00:34.117 INFO  com.sise.file.config.FileApplication              :61   [32m        [0;39m Started FileApplication in 15.77 seconds (JVM running for 17.921)
2020-12-02 21:00:34.119 INFO  com.sise.file.config.FileApplication              :27   [32m        [0;39m 启动成功！！
2020-12-02 21:00:34.120 INFO  com.sise.file.config.FileApplication              :28   [32m        [0;39m File地址: 	http://127.0.0.1:9003
2020-12-02 21:04:11.259 INFO  o.a.c.c.ContainerBase.[Tomcat].[localhost].[/file]:173  [32m        [0;39m Initializing Spring DispatcherServlet 'dispatcherServlet'
2020-12-02 21:04:11.259 INFO  org.springframework.web.servlet.DispatcherServlet :525  [32m        [0;39m Initializing Servlet 'dispatcherServlet'
2020-12-02 21:04:11.268 INFO  org.springframework.web.servlet.DispatcherServlet :547  [32m        [0;39m Completed initialization in 9 ms
2020-12-02 21:04:11.382 INFO  com.sise.file.controller.admin.UploadController   :27   [32m        [0;39m 上传文件开始
2020-12-02 21:05:32.230 INFO  c.n.d.shared.resolver.aws.ConfigClusterResolver   :43   [32m        [0;39m Resolving eureka endpoints via configuration
2020-12-02 21:10:32.236 INFO  c.n.d.shared.resolver.aws.ConfigClusterResolver   :43   [32m        [0;39m Resolving eureka endpoints via configuration
2020-12-02 21:15:32.245 INFO  c.n.d.shared.resolver.aws.ConfigClusterResolver   :43   [32m        [0;39m Resolving eureka endpoints via configuration
2020-12-02 21:20:32.258 INFO  c.n.d.shared.resolver.aws.ConfigClusterResolver   :43   [32m        [0;39m Resolving eureka endpoints via configuration
2020-12-02 21:25:32.273 INFO  c.n.d.shared.resolver.aws.ConfigClusterResolver   :43   [32m        [0;39m Resolving eureka endpoints via configuration
2020-12-02 21:30:32.281 INFO  c.n.d.shared.resolver.aws.ConfigClusterResolver   :43   [32m        [0;39m Resolving eureka endpoints via configuration
2020-12-02 21:35:32.283 INFO  c.n.d.shared.resolver.aws.ConfigClusterResolver   :43   [32m        [0;39m Resolving eureka endpoints via configuration
2020-12-02 21:40:32.297 INFO  c.n.d.shared.resolver.aws.ConfigClusterResolver   :43   [32m        [0;39m Resolving eureka endpoints via configuration
2020-12-02 21:45:32.306 INFO  c.n.d.shared.resolver.aws.ConfigClusterResolver   :43   [32m        [0;39m Resolving eureka endpoints via configuration
2020-12-02 21:50:32.319 INFO  c.n.d.shared.resolver.aws.ConfigClusterResolver   :43   [32m        [0;39m Resolving eureka endpoints via configuration
2020-12-02 21:55:32.321 INFO  c.n.d.shared.resolver.aws.ConfigClusterResolver   :43   [32m        [0;39m Resolving eureka endpoints via configuration
2020-12-02 22:00:32.328 INFO  c.n.d.shared.resolver.aws.ConfigClusterResolver   :43   [32m        [0;39m Resolving eureka endpoints via configuration
2020-12-02 22:05:32.335 INFO  c.n.d.shared.resolver.aws.ConfigClusterResolver   :43   [32m        [0;39m Resolving eureka endpoints via configuration
2020-12-02 22:10:32.347 INFO  c.n.d.shared.resolver.aws.ConfigClusterResolver   :43   [32m        [0;39m Resolving eureka endpoints via configuration
2020-12-02 22:10:48.551 INFO  o.s.c.n.e.serviceregistry.EurekaServiceRegistry   :65   [32m        [0;39m Unregistering application FILE with eureka with status DOWN
2020-12-02 22:10:48.552 WARN  com.netflix.discovery.DiscoveryClient             :1321 [32m        [0;39m Saw local status change event StatusChangeEvent [timestamp=1606918248552, current=DOWN, previous=UP]
2020-12-02 22:10:48.552 INFO  com.netflix.discovery.DiscoveryClient             :844  [32m        [0;39m DiscoveryClient_FILE/localhost:file:9003: registering service...
2020-12-02 22:10:48.560 INFO  o.s.scheduling.concurrent.ThreadPoolTaskExecutor  :208  [32m        [0;39m Shutting down ExecutorService 'applicationTaskExecutor'
2020-12-02 22:10:48.563 INFO  com.netflix.discovery.DiscoveryClient             :906  [32m        [0;39m Shutting down DiscoveryClient ...
2020-12-02 22:10:48.570 INFO  com.netflix.discovery.DiscoveryClient             :853  [32m        [0;39m DiscoveryClient_FILE/localhost:file:9003 - registration status: 204
2020-12-02 22:10:48.571 INFO  com.netflix.discovery.DiscoveryClient             :940  [32m        [0;39m Unregistering ...
2020-12-02 22:10:48.587 INFO  com.netflix.discovery.DiscoveryClient             :942  [32m        [0;39m DiscoveryClient_FILE/localhost:file:9003 - deregister  status: 200
2020-12-02 22:10:48.596 INFO  com.netflix.discovery.DiscoveryClient             :929  [32m        [0;39m Completed shut down of DiscoveryClient
2020-12-02 22:10:51.104 INFO  o.s.c.s.PostProcessorRegistrationDelegate$BeanPostProcessorChecker:330  [32m        [0;39m Bean 'org.springframework.cloud.autoconfigure.ConfigurationPropertiesRebinderAutoConfiguration' of type [org.springframework.cloud.autoconfigure.ConfigurationPropertiesRebinderAutoConfiguration] is not eligible for getting processed by all BeanPostProcessors (for example: not eligible for auto-proxying)
2020-12-02 22:10:52.795 INFO  com.sise.file.config.FileApplication              :651  [32m        [0;39m No active profile set, falling back to default profiles: default
2020-12-02 22:10:54.166 INFO  o.springframework.cloud.context.scope.GenericScope:295  [32m        [0;39m BeanFactory id=4c581a18-0df0-3620-b21a-2d9a8c9ac239
2020-12-02 22:10:54.187 INFO  o.s.c.s.PostProcessorRegistrationDelegate$BeanPostProcessorChecker:330  [32m        [0;39m Bean 'org.springframework.transaction.annotation.ProxyTransactionManagementConfiguration' of type [org.springframework.transaction.annotation.ProxyTransactionManagementConfiguration] is not eligible for getting processed by all BeanPostProcessors (for example: not eligible for auto-proxying)
2020-12-02 22:10:54.191 INFO  o.s.c.s.PostProcessorRegistrationDelegate$BeanPostProcessorChecker:330  [32m        [0;39m Bean 'org.springframework.cloud.autoconfigure.ConfigurationPropertiesRebinderAutoConfiguration' of type [org.springframework.cloud.autoconfigure.ConfigurationPropertiesRebinderAutoConfiguration] is not eligible for getting processed by all BeanPostProcessors (for example: not eligible for auto-proxying)
2020-12-02 22:10:54.223 WARN  org.apache.tomcat.util.modeler.Registry           :173  [32m        [0;39m The MBean registry cannot be disabled because it has already been initialised
2020-12-02 22:10:54.281 INFO  o.s.boot.web.embedded.tomcat.TomcatWebServer      :92   [32m        [0;39m Tomcat initialized with port(s): 9003 (http)
2020-12-02 22:10:54.282 INFO  org.apache.coyote.http11.Http11NioProtocol        :173  [32m        [0;39m Initializing ProtocolHandler ["http-nio-9003"]
2020-12-02 22:10:54.282 INFO  org.apache.catalina.core.StandardService          :173  [32m        [0;39m Starting service [Tomcat]
2020-12-02 22:10:54.282 INFO  org.apache.catalina.core.StandardEngine           :173  [32m        [0;39m Starting Servlet engine: [Apache Tomcat/9.0.29]
2020-12-02 22:10:54.307 INFO  o.a.c.c.ContainerBase.[Tomcat].[localhost].[/file]:173  [32m        [0;39m Initializing Spring embedded WebApplicationContext
2020-12-02 22:10:54.308 INFO  org.springframework.web.context.ContextLoader     :284  [32m        [0;39m Root WebApplicationContext: initialization completed in 1506 ms
2020-12-02 22:10:54.325 WARN  o.s.b.w.s.c.AnnotationConfigServletWebServerApplicationContext:558  [32m        [0;39m Exception encountered during context initialization - cancelling refresh attempt: org.springframework.beans.factory.BeanCreationException: Error creating bean with name 'springMvcConfig': Injection of autowired dependencies failed; nested exception is java.lang.IllegalArgumentException: Could not resolve placeholder 'file.path' in value "${file.path}"
2020-12-02 22:10:54.325 INFO  org.apache.catalina.core.StandardService          :173  [32m        [0;39m Stopping service [Tomcat]
2020-12-02 22:10:54.441 INFO  o.s.b.a.l.ConditionEvaluationReportLoggingListener:136  [32m        [0;39m 

Error starting ApplicationContext. To display the conditions report re-run your application with 'debug' enabled.
2020-12-02 22:10:54.481 ERROR org.springframework.boot.SpringApplication        :826  [32m        [0;39m Application run failed
org.springframework.beans.factory.BeanCreationException: Error creating bean with name 'springMvcConfig': Injection of autowired dependencies failed; nested exception is java.lang.IllegalArgumentException: Could not resolve placeholder 'file.path' in value "${file.path}"
	at org.springframework.beans.factory.annotation.AutowiredAnnotationBeanPostProcessor.postProcessProperties(AutowiredAnnotationBeanPostProcessor.java:405)
	at org.springframework.beans.factory.support.AbstractAutowireCapableBeanFactory.populateBean(AbstractAutowireCapableBeanFactory.java:1422)
	at org.springframework.beans.factory.support.AbstractAutowireCapableBeanFactory.doCreateBean(AbstractAutowireCapableBeanFactory.java:594)
	at org.springframework.beans.factory.support.AbstractAutowireCapableBeanFactory.createBean(AbstractAutowireCapableBeanFactory.java:517)
	at org.springframework.beans.factory.support.AbstractBeanFactory.lambda$doGetBean$0(AbstractBeanFactory.java:323)
	at org.springframework.beans.factory.support.DefaultSingletonBeanRegistry.getSingleton(DefaultSingletonBeanRegistry.java:222)
	at org.springframework.beans.factory.support.AbstractBeanFactory.doGetBean(AbstractBeanFactory.java:321)
	at org.springframework.beans.factory.support.AbstractBeanFactory.getBean(AbstractBeanFactory.java:202)
	at org.springframework.beans.factory.support.DefaultListableBeanFactory.preInstantiateSingletons(DefaultListableBeanFactory.java:879)
	at org.springframework.context.support.AbstractApplicationContext.finishBeanFactoryInitialization(AbstractApplicationContext.java:878)
	at org.springframework.context.support.AbstractApplicationContext.refresh(AbstractApplicationContext.java:550)
	at org.springframework.boot.web.servlet.context.ServletWebServerApplicationContext.refresh(ServletWebServerApplicationContext.java:141)
	at org.springframework.boot.SpringApplication.refresh(SpringApplication.java:747)
	at org.springframework.boot.SpringApplication.refreshContext(SpringApplication.java:397)
	at org.springframework.boot.SpringApplication.run(SpringApplication.java:315)
	at com.sise.file.config.FileApplication.main(FileApplication.java:26)
	at sun.reflect.NativeMethodAccessorImpl.invoke0(Native Method)
	at sun.reflect.NativeMethodAccessorImpl.invoke(NativeMethodAccessorImpl.java:62)
	at sun.reflect.DelegatingMethodAccessorImpl.invoke(DelegatingMethodAccessorImpl.java:43)
	at java.lang.reflect.Method.invoke(Method.java:498)
	at org.springframework.boot.devtools.restart.RestartLauncher.run(RestartLauncher.java:49)
Caused by: java.lang.IllegalArgumentException: Could not resolve placeholder 'file.path' in value "${file.path}"
	at org.springframework.util.PropertyPlaceholderHelper.parseStringValue(PropertyPlaceholderHelper.java:178)
	at org.springframework.util.PropertyPlaceholderHelper.replacePlaceholders(PropertyPlaceholderHelper.java:124)
	at org.springframework.core.env.AbstractPropertyResolver.doResolvePlaceholders(AbstractPropertyResolver.java:236)
	at org.springframework.core.env.AbstractPropertyResolver.resolveRequiredPlaceholders(AbstractPropertyResolver.java:210)
	at org.springframework.context.support.PropertySourcesPlaceholderConfigurer.lambda$processProperties$0(PropertySourcesPlaceholderConfigurer.java:175)
	at org.springframework.beans.factory.support.AbstractBeanFactory.resolveEmbeddedValue(AbstractBeanFactory.java:908)
	at org.springframework.beans.factory.support.DefaultListableBeanFactory.doResolveDependency(DefaultListableBeanFactory.java:1228)
	at org.springframework.beans.factory.support.DefaultListableBeanFactory.resolveDependency(DefaultListableBeanFactory.java:1207)
	at org.springframework.beans.factory.annotation.AutowiredAnnotationBeanPostProcessor$AutowiredFieldElement.inject(AutowiredAnnotationBeanPostProcessor.java:640)
	at org.springframework.beans.factory.annotation.InjectionMetadata.inject(InjectionMetadata.java:116)
	at org.springframework.beans.factory.annotation.AutowiredAnnotationBeanPostProcessor.postProcessProperties(AutowiredAnnotationBeanPostProcessor.java:399)
	... 20 common frames omitted
2020-12-02 22:12:43.423 INFO  o.s.c.s.PostProcessorRegistrationDelegate$BeanPostProcessorChecker:330  [32m        [0;39m Bean 'org.springframework.cloud.autoconfigure.ConfigurationPropertiesRebinderAutoConfiguration' of type [org.springframework.cloud.autoconfigure.ConfigurationPropertiesRebinderAutoConfiguration] is not eligible for getting processed by all BeanPostProcessors (for example: not eligible for auto-proxying)
2020-12-02 22:12:45.089 INFO  com.sise.file.config.FileApplication              :651  [32m        [0;39m No active profile set, falling back to default profiles: default
2020-12-02 22:12:45.422 INFO  o.springframework.cloud.context.scope.GenericScope:295  [32m        [0;39m BeanFactory id=4c581a18-0df0-3620-b21a-2d9a8c9ac239
2020-12-02 22:12:45.436 INFO  o.s.c.s.PostProcessorRegistrationDelegate$BeanPostProcessorChecker:330  [32m        [0;39m Bean 'org.springframework.transaction.annotation.ProxyTransactionManagementConfiguration' of type [org.springframework.transaction.annotation.ProxyTransactionManagementConfiguration] is not eligible for getting processed by all BeanPostProcessors (for example: not eligible for auto-proxying)
2020-12-02 22:12:45.440 INFO  o.s.c.s.PostProcessorRegistrationDelegate$BeanPostProcessorChecker:330  [32m        [0;39m Bean 'org.springframework.cloud.autoconfigure.ConfigurationPropertiesRebinderAutoConfiguration' of type [org.springframework.cloud.autoconfigure.ConfigurationPropertiesRebinderAutoConfiguration] is not eligible for getting processed by all BeanPostProcessors (for example: not eligible for auto-proxying)
2020-12-02 22:12:45.469 WARN  org.apache.tomcat.util.modeler.Registry           :173  [32m        [0;39m The MBean registry cannot be disabled because it has already been initialised
2020-12-02 22:12:45.533 INFO  o.s.boot.web.embedded.tomcat.TomcatWebServer      :92   [32m        [0;39m Tomcat initialized with port(s): 9003 (http)
2020-12-02 22:12:45.535 INFO  org.apache.coyote.http11.Http11NioProtocol        :173  [32m        [0;39m Initializing ProtocolHandler ["http-nio-9003"]
2020-12-02 22:12:45.536 INFO  org.apache.catalina.core.StandardService          :173  [32m        [0;39m Starting service [Tomcat]
2020-12-02 22:12:45.536 INFO  org.apache.catalina.core.StandardEngine           :173  [32m        [0;39m Starting Servlet engine: [Apache Tomcat/9.0.29]
2020-12-02 22:12:45.551 INFO  o.a.c.c.C.[Tomcat-1].[localhost].[/file]          :173  [32m        [0;39m Initializing Spring embedded WebApplicationContext
2020-12-02 22:12:45.551 INFO  org.springframework.web.context.ContextLoader     :284  [32m        [0;39m Root WebApplicationContext: initialization completed in 457 ms
2020-12-02 22:12:45.884 WARN  com.netflix.config.sources.URLConfigurationSource :121  [32m        [0;39m No URLs will be polled as dynamic configuration sources.
2020-12-02 22:12:45.885 INFO  com.netflix.config.sources.URLConfigurationSource :122  [32m        [0;39m To enable URLs as dynamic configuration sources, define System property archaius.configurationSource.additionalUrls or make config.properties available on classpath.
2020-12-02 22:12:45.957 INFO  o.s.scheduling.concurrent.ThreadPoolTaskExecutor  :171  [32m        [0;39m Initializing ExecutorService 'applicationTaskExecutor'
2020-12-02 22:12:46.058 WARN  o.s.b.d.autoconfigure.OptionalLiveReloadServer    :61   [32m        [0;39m Unable to start LiveReload server
2020-12-02 22:12:47.531 INFO  org.springframework.cloud.commons.util.InetUtils  :170  [32m        [0;39m Cannot determine local hostname
2020-12-02 22:12:49.020 INFO  org.springframework.cloud.commons.util.InetUtils  :170  [32m        [0;39m Cannot determine local hostname
2020-12-02 22:12:50.511 INFO  org.springframework.cloud.commons.util.InetUtils  :170  [32m        [0;39m Cannot determine local hostname
2020-12-02 22:12:50.521 WARN  o.s.c.l.c.BlockingLoadBalancerClientAutoConfiguration$BlockingLoadBalancerClientRibbonWarnLogger:106  [32m        [0;39m You already have RibbonLoadBalancerClient on your classpath. It will be used by default. As Spring Cloud Ribbon is in maintenance mode. We recommend switching to BlockingLoadBalancerClient instead. In order to use it, set the value of `spring.cloud.loadbalancer.ribbon.enabled` to `false` or remove spring-cloud-starter-netflix-ribbon from your project.
2020-12-02 22:12:50.535 WARN  o.s.c.l.c.LoadBalancerCacheAutoConfiguration$LoadBalancerCaffeineWarnLogger:81   [32m        [0;39m Spring Cloud LoadBalancer is currently working with default default cache. You can switch to using Caffeine cache, by adding it to the classpath.
2020-12-02 22:12:50.557 INFO  o.s.cloud.netflix.eureka.InstanceInfoFactory      :72   [32m        [0;39m Setting initial instance status as: STARTING
2020-12-02 22:12:50.559 INFO  com.netflix.discovery.DiscoveryClient             :365  [32m        [0;39m Initializing Eureka in region us-east-1
2020-12-02 22:12:50.671 INFO  c.n.discovery.provider.DiscoveryJerseyProvider    :70   [32m        [0;39m Using JSON encoding codec LegacyJacksonJson
2020-12-02 22:12:50.671 INFO  c.n.discovery.provider.DiscoveryJerseyProvider    :71   [32m        [0;39m Using JSON decoding codec LegacyJacksonJson
2020-12-02 22:12:50.671 INFO  c.n.discovery.provider.DiscoveryJerseyProvider    :80   [32m        [0;39m Using XML encoding codec XStreamXml
2020-12-02 22:12:50.672 INFO  c.n.discovery.provider.DiscoveryJerseyProvider    :81   [32m        [0;39m Using XML decoding codec XStreamXml
2020-12-02 22:12:50.741 INFO  c.n.d.shared.resolver.aws.ConfigClusterResolver   :43   [32m        [0;39m Resolving eureka endpoints via configuration
2020-12-02 22:12:50.764 INFO  com.netflix.discovery.DiscoveryClient             :976  [32m        [0;39m Disable delta property : false
2020-12-02 22:12:50.764 INFO  com.netflix.discovery.DiscoveryClient             :977  [32m        [0;39m Single vip registry refresh property : null
2020-12-02 22:12:50.765 INFO  com.netflix.discovery.DiscoveryClient             :978  [32m        [0;39m Force full registry fetch : false
2020-12-02 22:12:50.766 INFO  com.netflix.discovery.DiscoveryClient             :979  [32m        [0;39m Application is null : false
2020-12-02 22:12:50.766 INFO  com.netflix.discovery.DiscoveryClient             :980  [32m        [0;39m Registered Applications size is zero : true
2020-12-02 22:12:50.767 INFO  com.netflix.discovery.DiscoveryClient             :982  [32m        [0;39m Application version is -1: true
2020-12-02 22:12:50.767 INFO  com.netflix.discovery.DiscoveryClient             :1065 [32m        [0;39m Getting all instance registry info from the eureka server
2020-12-02 22:12:50.772 INFO  com.netflix.discovery.DiscoveryClient             :1074 [32m        [0;39m The response status is 200
2020-12-02 22:12:50.775 INFO  com.netflix.discovery.DiscoveryClient             :1288 [32m        [0;39m Starting heartbeat executor: renew interval is: 30
2020-12-02 22:12:50.775 INFO  com.netflix.discovery.InstanceInfoReplicator      :60   [32m        [0;39m InstanceInfoReplicator onDemand update allowed rate per min is 4
2020-12-02 22:12:50.777 INFO  com.netflix.discovery.DiscoveryClient             :465  [32m        [0;39m Discovery Client initialized at timestamp 1606918370777 with initial instances count: 3
2020-12-02 22:12:50.779 INFO  o.s.c.n.e.serviceregistry.EurekaServiceRegistry   :41   [32m        [0;39m Registering application FILE with eureka with status UP
2020-12-02 22:12:50.780 INFO  com.netflix.discovery.DiscoveryClient             :1323 [32m        [0;39m Saw local status change event StatusChangeEvent [timestamp=1606918370780, current=UP, previous=STARTING]
2020-12-02 22:12:50.780 INFO  com.netflix.discovery.DiscoveryClient             :844  [32m        [0;39m DiscoveryClient_FILE/localhost:file:9003: registering service...
2020-12-02 22:12:50.787 INFO  org.apache.coyote.http11.Http11NioProtocol        :173  [32m        [0;39m Starting ProtocolHandler ["http-nio-9003"]
2020-12-02 22:12:50.790 INFO  o.s.boot.web.embedded.tomcat.TomcatWebServer      :204  [32m        [0;39m Tomcat started on port(s): 9003 (http) with context path '/file'
2020-12-02 22:12:50.790 INFO  o.s.c.n.e.s.EurekaAutoServiceRegistration         :145  [32m        [0;39m Updating port to 9003
2020-12-02 22:12:50.798 INFO  com.netflix.discovery.DiscoveryClient             :853  [32m        [0;39m DiscoveryClient_FILE/localhost:file:9003 - registration status: 204
2020-12-02 22:12:52.271 INFO  org.springframework.cloud.commons.util.InetUtils  :170  [32m        [0;39m Cannot determine local hostname
2020-12-02 22:12:52.272 INFO  com.sise.file.config.FileApplication              :61   [32m        [0;39m Started FileApplication in 10.564 seconds (JVM running for 4356.075)
2020-12-02 22:12:52.274 INFO  o.s.b.d.a.ConditionEvaluationDeltaLoggingListener :63   [32m        [0;39m Condition evaluation unchanged
2020-12-02 22:12:52.274 INFO  com.sise.file.config.FileApplication              :27   [32m        [0;39m 启动成功！！
2020-12-02 22:12:52.275 INFO  com.sise.file.config.FileApplication              :28   [32m        [0;39m File地址: 	http://127.0.0.1:9003
2020-12-02 22:13:37.966 INFO  o.s.c.n.e.serviceregistry.EurekaServiceRegistry   :65   [32m        [0;39m Unregistering application FILE with eureka with status DOWN
2020-12-02 22:13:37.967 WARN  com.netflix.discovery.DiscoveryClient             :1321 [32m        [0;39m Saw local status change event StatusChangeEvent [timestamp=1606918417967, current=DOWN, previous=UP]
2020-12-02 22:13:37.967 INFO  com.netflix.discovery.DiscoveryClient             :844  [32m        [0;39m DiscoveryClient_FILE/localhost:file:9003: registering service...
2020-12-02 22:13:37.968 INFO  o.s.scheduling.concurrent.ThreadPoolTaskExecutor  :208  [32m        [0;39m Shutting down ExecutorService 'applicationTaskExecutor'
2020-12-02 22:13:37.969 INFO  com.netflix.discovery.DiscoveryClient             :906  [32m        [0;39m Shutting down DiscoveryClient ...
2020-12-02 22:13:37.981 INFO  com.netflix.discovery.DiscoveryClient             :853  [32m        [0;39m DiscoveryClient_FILE/localhost:file:9003 - registration status: 204
2020-12-02 22:13:37.981 INFO  com.netflix.discovery.DiscoveryClient             :940  [32m        [0;39m Unregistering ...
2020-12-02 22:13:37.998 INFO  com.netflix.discovery.DiscoveryClient             :942  [32m        [0;39m DiscoveryClient_FILE/localhost:file:9003 - deregister  status: 200
2020-12-02 22:13:38.003 INFO  com.netflix.discovery.DiscoveryClient             :929  [32m        [0;39m Completed shut down of DiscoveryClient
2020-12-02 22:13:40.379 INFO  o.s.c.s.PostProcessorRegistrationDelegate$BeanPostProcessorChecker:330  [32m        [0;39m Bean 'org.springframework.cloud.autoconfigure.ConfigurationPropertiesRebinderAutoConfiguration' of type [org.springframework.cloud.autoconfigure.ConfigurationPropertiesRebinderAutoConfiguration] is not eligible for getting processed by all BeanPostProcessors (for example: not eligible for auto-proxying)
2020-12-02 22:13:41.921 INFO  com.sise.file.config.FileApplication              :651  [32m        [0;39m No active profile set, falling back to default profiles: default
2020-12-02 22:13:42.251 INFO  o.springframework.cloud.context.scope.GenericScope:295  [32m        [0;39m BeanFactory id=4c581a18-0df0-3620-b21a-2d9a8c9ac239
2020-12-02 22:13:42.275 INFO  o.s.c.s.PostProcessorRegistrationDelegate$BeanPostProcessorChecker:330  [32m        [0;39m Bean 'org.springframework.transaction.annotation.ProxyTransactionManagementConfiguration' of type [org.springframework.transaction.annotation.ProxyTransactionManagementConfiguration] is not eligible for getting processed by all BeanPostProcessors (for example: not eligible for auto-proxying)
2020-12-02 22:13:42.278 INFO  o.s.c.s.PostProcessorRegistrationDelegate$BeanPostProcessorChecker:330  [32m        [0;39m Bean 'org.springframework.cloud.autoconfigure.ConfigurationPropertiesRebinderAutoConfiguration' of type [org.springframework.cloud.autoconfigure.ConfigurationPropertiesRebinderAutoConfiguration] is not eligible for getting processed by all BeanPostProcessors (for example: not eligible for auto-proxying)
2020-12-02 22:13:42.304 WARN  org.apache.tomcat.util.modeler.Registry           :173  [32m        [0;39m The MBean registry cannot be disabled because it has already been initialised
2020-12-02 22:13:42.369 INFO  o.s.boot.web.embedded.tomcat.TomcatWebServer      :92   [32m        [0;39m Tomcat initialized with port(s): 9003 (http)
2020-12-02 22:13:42.370 INFO  org.apache.coyote.http11.Http11NioProtocol        :173  [32m        [0;39m Initializing ProtocolHandler ["http-nio-9003"]
2020-12-02 22:13:42.370 INFO  org.apache.catalina.core.StandardService          :173  [32m        [0;39m Starting service [Tomcat]
2020-12-02 22:13:42.370 INFO  org.apache.catalina.core.StandardEngine           :173  [32m        [0;39m Starting Servlet engine: [Apache Tomcat/9.0.29]
2020-12-02 22:13:42.459 INFO  o.a.c.c.C.[Tomcat-1].[localhost].[/file]          :173  [32m        [0;39m Initializing Spring embedded WebApplicationContext
2020-12-02 22:13:42.460 INFO  org.springframework.web.context.ContextLoader     :284  [32m        [0;39m Root WebApplicationContext: initialization completed in 536 ms
2020-12-02 22:13:42.609 WARN  com.netflix.config.sources.URLConfigurationSource :121  [32m        [0;39m No URLs will be polled as dynamic configuration sources.
2020-12-02 22:13:42.610 INFO  com.netflix.config.sources.URLConfigurationSource :122  [32m        [0;39m To enable URLs as dynamic configuration sources, define System property archaius.configurationSource.additionalUrls or make config.properties available on classpath.
2020-12-02 22:13:42.665 INFO  o.s.scheduling.concurrent.ThreadPoolTaskExecutor  :171  [32m        [0;39m Initializing ExecutorService 'applicationTaskExecutor'
2020-12-02 22:13:42.748 WARN  o.s.b.d.autoconfigure.OptionalLiveReloadServer    :61   [32m        [0;39m Unable to start LiveReload server
2020-12-02 22:13:44.261 INFO  org.springframework.cloud.commons.util.InetUtils  :170  [32m        [0;39m Cannot determine local hostname
2020-12-02 22:13:45.795 INFO  org.springframework.cloud.commons.util.InetUtils  :170  [32m        [0;39m Cannot determine local hostname
2020-12-02 22:13:47.330 INFO  org.springframework.cloud.commons.util.InetUtils  :170  [32m        [0;39m Cannot determine local hostname
2020-12-02 22:13:47.337 WARN  o.s.c.l.c.BlockingLoadBalancerClientAutoConfiguration$BlockingLoadBalancerClientRibbonWarnLogger:106  [32m        [0;39m You already have RibbonLoadBalancerClient on your classpath. It will be used by default. As Spring Cloud Ribbon is in maintenance mode. We recommend switching to BlockingLoadBalancerClient instead. In order to use it, set the value of `spring.cloud.loadbalancer.ribbon.enabled` to `false` or remove spring-cloud-starter-netflix-ribbon from your project.
2020-12-02 22:13:47.350 WARN  o.s.c.l.c.LoadBalancerCacheAutoConfiguration$LoadBalancerCaffeineWarnLogger:81   [32m        [0;39m Spring Cloud LoadBalancer is currently working with default default cache. You can switch to using Caffeine cache, by adding it to the classpath.
2020-12-02 22:13:47.369 INFO  o.s.cloud.netflix.eureka.InstanceInfoFactory      :72   [32m        [0;39m Setting initial instance status as: STARTING
2020-12-02 22:13:47.370 INFO  com.netflix.discovery.DiscoveryClient             :365  [32m        [0;39m Initializing Eureka in region us-east-1
2020-12-02 22:13:47.377 INFO  c.n.discovery.provider.DiscoveryJerseyProvider    :70   [32m        [0;39m Using JSON encoding codec LegacyJacksonJson
2020-12-02 22:13:47.377 INFO  c.n.discovery.provider.DiscoveryJerseyProvider    :71   [32m        [0;39m Using JSON decoding codec LegacyJacksonJson
2020-12-02 22:13:47.377 INFO  c.n.discovery.provider.DiscoveryJerseyProvider    :80   [32m        [0;39m Using XML encoding codec XStreamXml
2020-12-02 22:13:47.377 INFO  c.n.discovery.provider.DiscoveryJerseyProvider    :81   [32m        [0;39m Using XML decoding codec XStreamXml
2020-12-02 22:13:47.441 INFO  c.n.d.shared.resolver.aws.ConfigClusterResolver   :43   [32m        [0;39m Resolving eureka endpoints via configuration
2020-12-02 22:13:47.442 INFO  com.netflix.discovery.DiscoveryClient             :976  [32m        [0;39m Disable delta property : false
2020-12-02 22:13:47.442 INFO  com.netflix.discovery.DiscoveryClient             :977  [32m        [0;39m Single vip registry refresh property : null
2020-12-02 22:13:47.443 INFO  com.netflix.discovery.DiscoveryClient             :978  [32m        [0;39m Force full registry fetch : false
2020-12-02 22:13:47.443 INFO  com.netflix.discovery.DiscoveryClient             :979  [32m        [0;39m Application is null : false
2020-12-02 22:13:47.443 INFO  com.netflix.discovery.DiscoveryClient             :980  [32m        [0;39m Registered Applications size is zero : true
2020-12-02 22:13:47.443 INFO  com.netflix.discovery.DiscoveryClient             :982  [32m        [0;39m Application version is -1: true
2020-12-02 22:13:47.443 INFO  com.netflix.discovery.DiscoveryClient             :1065 [32m        [0;39m Getting all instance registry info from the eureka server
2020-12-02 22:13:47.447 INFO  com.netflix.discovery.DiscoveryClient             :1074 [32m        [0;39m The response status is 200
2020-12-02 22:13:47.448 INFO  com.netflix.discovery.DiscoveryClient             :1288 [32m        [0;39m Starting heartbeat executor: renew interval is: 30
2020-12-02 22:13:47.448 INFO  com.netflix.discovery.InstanceInfoReplicator      :60   [32m        [0;39m InstanceInfoReplicator onDemand update allowed rate per min is 4
2020-12-02 22:13:47.449 INFO  com.netflix.discovery.DiscoveryClient             :465  [32m        [0;39m Discovery Client initialized at timestamp 1606918427449 with initial instances count: 4
2020-12-02 22:13:47.450 INFO  o.s.c.n.e.serviceregistry.EurekaServiceRegistry   :41   [32m        [0;39m Registering application FILE with eureka with status UP
2020-12-02 22:13:47.450 INFO  com.netflix.discovery.DiscoveryClient             :1323 [32m        [0;39m Saw local status change event StatusChangeEvent [timestamp=1606918427450, current=UP, previous=STARTING]
2020-12-02 22:13:47.451 INFO  com.netflix.discovery.DiscoveryClient             :844  [32m        [0;39m DiscoveryClient_FILE/localhost:file:9003: registering service...
2020-12-02 22:13:47.458 INFO  com.netflix.discovery.DiscoveryClient             :853  [32m        [0;39m DiscoveryClient_FILE/localhost:file:9003 - registration status: 204
2020-12-02 22:13:47.459 INFO  org.apache.coyote.http11.Http11NioProtocol        :173  [32m        [0;39m Starting ProtocolHandler ["http-nio-9003"]
2020-12-02 22:13:47.463 INFO  o.s.boot.web.embedded.tomcat.TomcatWebServer      :204  [32m        [0;39m Tomcat started on port(s): 9003 (http) with context path '/file'
2020-12-02 22:13:47.463 INFO  o.s.c.n.e.s.EurekaAutoServiceRegistration         :145  [32m        [0;39m Updating port to 9003
2020-12-02 22:13:48.978 INFO  org.springframework.cloud.commons.util.InetUtils  :170  [32m        [0;39m Cannot determine local hostname
2020-12-02 22:13:48.979 INFO  com.sise.file.config.FileApplication              :61   [32m        [0;39m Started FileApplication in 10.478 seconds (JVM running for 4412.782)
2020-12-02 22:13:48.982 INFO  o.s.b.d.a.ConditionEvaluationDeltaLoggingListener :63   [32m        [0;39m Condition evaluation unchanged
2020-12-02 22:13:48.983 INFO  com.sise.file.config.FileApplication              :27   [32m        [0;39m 启动成功！！
2020-12-02 22:13:48.983 INFO  com.sise.file.config.FileApplication              :28   [32m        [0;39m File地址: 	http://127.0.0.1:9003
2020-12-02 22:15:56.455 INFO  o.a.c.c.C.[Tomcat-1].[localhost].[/file]          :173  [32m        [0;39m Initializing Spring DispatcherServlet 'dispatcherServlet'
2020-12-02 22:15:56.456 INFO  org.springframework.web.servlet.DispatcherServlet :525  [32m        [0;39m Initializing Servlet 'dispatcherServlet'
2020-12-02 22:15:56.459 INFO  org.springframework.web.servlet.DispatcherServlet :547  [32m        [0;39m Completed initialization in 3 ms
2020-12-02 22:18:32.216 INFO  o.s.c.n.e.serviceregistry.EurekaServiceRegistry   :65   [32m        [0;39m Unregistering application FILE with eureka with status DOWN
2020-12-02 22:18:32.217 WARN  com.netflix.discovery.DiscoveryClient             :1321 [32m        [0;39m Saw local status change event StatusChangeEvent [timestamp=1606918712217, current=DOWN, previous=UP]
2020-12-02 22:18:32.217 INFO  com.netflix.discovery.DiscoveryClient             :844  [32m        [0;39m DiscoveryClient_FILE/localhost:file:9003: registering service...
2020-12-02 22:18:32.219 INFO  o.s.scheduling.concurrent.ThreadPoolTaskExecutor  :208  [32m        [0;39m Shutting down ExecutorService 'applicationTaskExecutor'
2020-12-02 22:18:32.220 INFO  com.netflix.discovery.DiscoveryClient             :906  [32m        [0;39m Shutting down DiscoveryClient ...
2020-12-02 22:18:32.229 INFO  com.netflix.discovery.DiscoveryClient             :853  [32m        [0;39m DiscoveryClient_FILE/localhost:file:9003 - registration status: 204
2020-12-02 22:18:32.230 INFO  com.netflix.discovery.DiscoveryClient             :940  [32m        [0;39m Unregistering ...
2020-12-02 22:18:32.244 INFO  com.netflix.discovery.DiscoveryClient             :942  [32m        [0;39m DiscoveryClient_FILE/localhost:file:9003 - deregister  status: 200
2020-12-02 22:18:32.253 INFO  com.netflix.discovery.DiscoveryClient             :929  [32m        [0;39m Completed shut down of DiscoveryClient
2020-12-02 22:18:34.464 INFO  o.s.c.s.PostProcessorRegistrationDelegate$BeanPostProcessorChecker:330  [32m        [0;39m Bean 'org.springframework.cloud.autoconfigure.ConfigurationPropertiesRebinderAutoConfiguration' of type [org.springframework.cloud.autoconfigure.ConfigurationPropertiesRebinderAutoConfiguration] is not eligible for getting processed by all BeanPostProcessors (for example: not eligible for auto-proxying)
2020-12-02 22:18:36.106 INFO  com.sise.file.config.FileApplication              :651  [32m        [0;39m No active profile set, falling back to default profiles: default
2020-12-02 22:18:36.470 INFO  o.springframework.cloud.context.scope.GenericScope:295  [32m        [0;39m BeanFactory id=4c581a18-0df0-3620-b21a-2d9a8c9ac239
2020-12-02 22:18:36.490 INFO  o.s.c.s.PostProcessorRegistrationDelegate$BeanPostProcessorChecker:330  [32m        [0;39m Bean 'org.springframework.transaction.annotation.ProxyTransactionManagementConfiguration' of type [org.springframework.transaction.annotation.ProxyTransactionManagementConfiguration] is not eligible for getting processed by all BeanPostProcessors (for example: not eligible for auto-proxying)
2020-12-02 22:18:36.492 INFO  o.s.c.s.PostProcessorRegistrationDelegate$BeanPostProcessorChecker:330  [32m        [0;39m Bean 'org.springframework.cloud.autoconfigure.ConfigurationPropertiesRebinderAutoConfiguration' of type [org.springframework.cloud.autoconfigure.ConfigurationPropertiesRebinderAutoConfiguration] is not eligible for getting processed by all BeanPostProcessors (for example: not eligible for auto-proxying)
2020-12-02 22:18:36.529 WARN  org.apache.tomcat.util.modeler.Registry           :173  [32m        [0;39m The MBean registry cannot be disabled because it has already been initialised
2020-12-02 22:18:36.603 INFO  o.s.boot.web.embedded.tomcat.TomcatWebServer      :92   [32m        [0;39m Tomcat initialized with port(s): 9003 (http)
2020-12-02 22:18:36.604 INFO  org.apache.coyote.http11.Http11NioProtocol        :173  [32m        [0;39m Initializing ProtocolHandler ["http-nio-9003"]
2020-12-02 22:18:36.604 INFO  org.apache.catalina.core.StandardService          :173  [32m        [0;39m Starting service [Tomcat]
2020-12-02 22:18:36.604 INFO  org.apache.catalina.core.StandardEngine           :173  [32m        [0;39m Starting Servlet engine: [Apache Tomcat/9.0.29]
2020-12-02 22:18:36.630 INFO  o.a.c.c.C.[Tomcat-1].[localhost].[/file]          :173  [32m        [0;39m Initializing Spring embedded WebApplicationContext
2020-12-02 22:18:36.630 INFO  org.springframework.web.context.ContextLoader     :284  [32m        [0;39m Root WebApplicationContext: initialization completed in 522 ms
2020-12-02 22:18:36.977 WARN  com.netflix.config.sources.URLConfigurationSource :121  [32m        [0;39m No URLs will be polled as dynamic configuration sources.
2020-12-02 22:18:36.977 INFO  com.netflix.config.sources.URLConfigurationSource :122  [32m        [0;39m To enable URLs as dynamic configuration sources, define System property archaius.configurationSource.additionalUrls or make config.properties available on classpath.
2020-12-02 22:18:37.064 INFO  o.s.scheduling.concurrent.ThreadPoolTaskExecutor  :171  [32m        [0;39m Initializing ExecutorService 'applicationTaskExecutor'
2020-12-02 22:18:37.171 WARN  o.s.b.d.autoconfigure.OptionalLiveReloadServer    :61   [32m        [0;39m Unable to start LiveReload server
2020-12-02 22:18:38.751 INFO  org.springframework.cloud.commons.util.InetUtils  :170  [32m        [0;39m Cannot determine local hostname
2020-12-02 22:18:40.270 INFO  org.springframework.cloud.commons.util.InetUtils  :170  [32m        [0;39m Cannot determine local hostname
2020-12-02 22:18:41.803 INFO  org.springframework.cloud.commons.util.InetUtils  :170  [32m        [0;39m Cannot determine local hostname
2020-12-02 22:18:41.812 WARN  o.s.c.l.c.BlockingLoadBalancerClientAutoConfiguration$BlockingLoadBalancerClientRibbonWarnLogger:106  [32m        [0;39m You already have RibbonLoadBalancerClient on your classpath. It will be used by default. As Spring Cloud Ribbon is in maintenance mode. We recommend switching to BlockingLoadBalancerClient instead. In order to use it, set the value of `spring.cloud.loadbalancer.ribbon.enabled` to `false` or remove spring-cloud-starter-netflix-ribbon from your project.
2020-12-02 22:18:41.821 WARN  o.s.c.l.c.LoadBalancerCacheAutoConfiguration$LoadBalancerCaffeineWarnLogger:81   [32m        [0;39m Spring Cloud LoadBalancer is currently working with default default cache. You can switch to using Caffeine cache, by adding it to the classpath.
2020-12-02 22:18:41.837 INFO  o.s.cloud.netflix.eureka.InstanceInfoFactory      :72   [32m        [0;39m Setting initial instance status as: STARTING
2020-12-02 22:18:41.839 INFO  com.netflix.discovery.DiscoveryClient             :365  [32m        [0;39m Initializing Eureka in region us-east-1
2020-12-02 22:18:41.841 INFO  c.n.discovery.provider.DiscoveryJerseyProvider    :70   [32m        [0;39m Using JSON encoding codec LegacyJacksonJson
2020-12-02 22:18:41.841 INFO  c.n.discovery.provider.DiscoveryJerseyProvider    :71   [32m        [0;39m Using JSON decoding codec LegacyJacksonJson
2020-12-02 22:18:41.841 INFO  c.n.discovery.provider.DiscoveryJerseyProvider    :80   [32m        [0;39m Using XML encoding codec XStreamXml
2020-12-02 22:18:41.841 INFO  c.n.discovery.provider.DiscoveryJerseyProvider    :81   [32m        [0;39m Using XML decoding codec XStreamXml
2020-12-02 22:18:41.893 INFO  c.n.d.shared.resolver.aws.ConfigClusterResolver   :43   [32m        [0;39m Resolving eureka endpoints via configuration
2020-12-02 22:18:41.895 INFO  com.netflix.discovery.DiscoveryClient             :976  [32m        [0;39m Disable delta property : false
2020-12-02 22:18:41.895 INFO  com.netflix.discovery.DiscoveryClient             :977  [32m        [0;39m Single vip registry refresh property : null
2020-12-02 22:18:41.895 INFO  com.netflix.discovery.DiscoveryClient             :978  [32m        [0;39m Force full registry fetch : false
2020-12-02 22:18:41.895 INFO  com.netflix.discovery.DiscoveryClient             :979  [32m        [0;39m Application is null : false
2020-12-02 22:18:41.895 INFO  com.netflix.discovery.DiscoveryClient             :980  [32m        [0;39m Registered Applications size is zero : true
2020-12-02 22:18:41.895 INFO  com.netflix.discovery.DiscoveryClient             :982  [32m        [0;39m Application version is -1: true
2020-12-02 22:18:41.896 INFO  com.netflix.discovery.DiscoveryClient             :1065 [32m        [0;39m Getting all instance registry info from the eureka server
2020-12-02 22:18:41.900 INFO  com.netflix.discovery.DiscoveryClient             :1074 [32m        [0;39m The response status is 200
2020-12-02 22:18:41.900 INFO  com.netflix.discovery.DiscoveryClient             :1288 [32m        [0;39m Starting heartbeat executor: renew interval is: 30
2020-12-02 22:18:41.901 INFO  com.netflix.discovery.InstanceInfoReplicator      :60   [32m        [0;39m InstanceInfoReplicator onDemand update allowed rate per min is 4
2020-12-02 22:18:41.902 INFO  com.netflix.discovery.DiscoveryClient             :465  [32m        [0;39m Discovery Client initialized at timestamp 1606918721902 with initial instances count: 4
2020-12-02 22:18:41.903 INFO  o.s.c.n.e.serviceregistry.EurekaServiceRegistry   :41   [32m        [0;39m Registering application FILE with eureka with status UP
2020-12-02 22:18:41.903 INFO  com.netflix.discovery.DiscoveryClient             :1323 [32m        [0;39m Saw local status change event StatusChangeEvent [timestamp=1606918721903, current=UP, previous=STARTING]
2020-12-02 22:18:41.904 INFO  com.netflix.discovery.DiscoveryClient             :844  [32m        [0;39m DiscoveryClient_FILE/localhost:file:9003: registering service...
2020-12-02 22:18:41.910 INFO  org.apache.coyote.http11.Http11NioProtocol        :173  [32m        [0;39m Starting ProtocolHandler ["http-nio-9003"]
2020-12-02 22:18:41.912 INFO  o.s.boot.web.embedded.tomcat.TomcatWebServer      :204  [32m        [0;39m Tomcat started on port(s): 9003 (http) with context path '/file'
2020-12-02 22:18:41.912 INFO  o.s.c.n.e.s.EurekaAutoServiceRegistration         :145  [32m        [0;39m Updating port to 9003
2020-12-02 22:18:41.917 INFO  com.netflix.discovery.DiscoveryClient             :853  [32m        [0;39m DiscoveryClient_FILE/localhost:file:9003 - registration status: 204
2020-12-02 22:18:43.492 INFO  org.springframework.cloud.commons.util.InetUtils  :170  [32m        [0;39m Cannot determine local hostname
2020-12-02 22:18:43.493 INFO  com.sise.file.config.FileApplication              :61   [32m        [0;39m Started FileApplication in 10.753 seconds (JVM running for 4707.296)
2020-12-02 22:18:43.496 INFO  o.s.b.d.a.ConditionEvaluationDeltaLoggingListener :63   [32m        [0;39m Condition evaluation unchanged
2020-12-02 22:18:43.498 INFO  com.sise.file.config.FileApplication              :27   [32m        [0;39m 启动成功！！
2020-12-02 22:18:43.499 INFO  com.sise.file.config.FileApplication              :28   [32m        [0;39m File地址: 	http://127.0.0.1:9003
2020-12-02 22:19:08.927 INFO  o.s.c.n.e.serviceregistry.EurekaServiceRegistry   :65   [32m        [0;39m Unregistering application FILE with eureka with status DOWN
2020-12-02 22:19:08.928 WARN  com.netflix.discovery.DiscoveryClient             :1321 [32m        [0;39m Saw local status change event StatusChangeEvent [timestamp=1606918748928, current=DOWN, previous=UP]
2020-12-02 22:19:08.928 INFO  com.netflix.discovery.DiscoveryClient             :844  [32m        [0;39m DiscoveryClient_FILE/localhost:file:9003: registering service...
2020-12-02 22:19:08.930 INFO  o.s.scheduling.concurrent.ThreadPoolTaskExecutor  :208  [32m        [0;39m Shutting down ExecutorService 'applicationTaskExecutor'
2020-12-02 22:19:08.931 INFO  com.netflix.discovery.DiscoveryClient             :906  [32m        [0;39m Shutting down DiscoveryClient ...
2020-12-02 22:19:08.940 INFO  com.netflix.discovery.DiscoveryClient             :853  [32m        [0;39m DiscoveryClient_FILE/localhost:file:9003 - registration status: 204
2020-12-02 22:19:08.940 INFO  com.netflix.discovery.DiscoveryClient             :940  [32m        [0;39m Unregistering ...
2020-12-02 22:19:08.954 INFO  com.netflix.discovery.DiscoveryClient             :942  [32m        [0;39m DiscoveryClient_FILE/localhost:file:9003 - deregister  status: 200
2020-12-02 22:19:08.959 INFO  com.netflix.discovery.DiscoveryClient             :929  [32m        [0;39m Completed shut down of DiscoveryClient
2020-12-02 22:19:11.217 INFO  o.s.c.s.PostProcessorRegistrationDelegate$BeanPostProcessorChecker:330  [32m        [0;39m Bean 'org.springframework.cloud.autoconfigure.ConfigurationPropertiesRebinderAutoConfiguration' of type [org.springframework.cloud.autoconfigure.ConfigurationPropertiesRebinderAutoConfiguration] is not eligible for getting processed by all BeanPostProcessors (for example: not eligible for auto-proxying)
2020-12-02 22:19:12.757 INFO  com.sise.file.config.FileApplication              :651  [32m        [0;39m No active profile set, falling back to default profiles: default
2020-12-02 22:19:13.011 INFO  o.springframework.cloud.context.scope.GenericScope:295  [32m        [0;39m BeanFactory id=4c581a18-0df0-3620-b21a-2d9a8c9ac239
2020-12-02 22:19:13.027 INFO  o.s.c.s.PostProcessorRegistrationDelegate$BeanPostProcessorChecker:330  [32m        [0;39m Bean 'org.springframework.transaction.annotation.ProxyTransactionManagementConfiguration' of type [org.springframework.transaction.annotation.ProxyTransactionManagementConfiguration] is not eligible for getting processed by all BeanPostProcessors (for example: not eligible for auto-proxying)
2020-12-02 22:19:13.029 INFO  o.s.c.s.PostProcessorRegistrationDelegate$BeanPostProcessorChecker:330  [32m        [0;39m Bean 'org.springframework.cloud.autoconfigure.ConfigurationPropertiesRebinderAutoConfiguration' of type [org.springframework.cloud.autoconfigure.ConfigurationPropertiesRebinderAutoConfiguration] is not eligible for getting processed by all BeanPostProcessors (for example: not eligible for auto-proxying)
2020-12-02 22:19:13.051 WARN  org.apache.tomcat.util.modeler.Registry           :173  [32m        [0;39m The MBean registry cannot be disabled because it has already been initialised
2020-12-02 22:19:13.107 INFO  o.s.boot.web.embedded.tomcat.TomcatWebServer      :92   [32m        [0;39m Tomcat initialized with port(s): 9003 (http)
2020-12-02 22:19:13.108 INFO  org.apache.coyote.http11.Http11NioProtocol        :173  [32m        [0;39m Initializing ProtocolHandler ["http-nio-9003"]
2020-12-02 22:19:13.108 INFO  org.apache.catalina.core.StandardService          :173  [32m        [0;39m Starting service [Tomcat]
2020-12-02 22:19:13.108 INFO  org.apache.catalina.core.StandardEngine           :173  [32m        [0;39m Starting Servlet engine: [Apache Tomcat/9.0.29]
2020-12-02 22:19:13.126 INFO  o.a.c.c.C.[Tomcat-1].[localhost].[/file]          :173  [32m        [0;39m Initializing Spring embedded WebApplicationContext
2020-12-02 22:19:13.126 INFO  org.springframework.web.context.ContextLoader     :284  [32m        [0;39m Root WebApplicationContext: initialization completed in 367 ms
2020-12-02 22:19:13.236 WARN  com.netflix.config.sources.URLConfigurationSource :121  [32m        [0;39m No URLs will be polled as dynamic configuration sources.
2020-12-02 22:19:13.236 INFO  com.netflix.config.sources.URLConfigurationSource :122  [32m        [0;39m To enable URLs as dynamic configuration sources, define System property archaius.configurationSource.additionalUrls or make config.properties available on classpath.
2020-12-02 22:19:13.297 INFO  o.s.scheduling.concurrent.ThreadPoolTaskExecutor  :171  [32m        [0;39m Initializing ExecutorService 'applicationTaskExecutor'
2020-12-02 22:19:13.412 WARN  o.s.b.d.autoconfigure.OptionalLiveReloadServer    :61   [32m        [0;39m Unable to start LiveReload server
2020-12-02 22:19:14.907 INFO  org.springframework.cloud.commons.util.InetUtils  :170  [32m        [0;39m Cannot determine local hostname
2020-12-02 22:19:16.398 INFO  org.springframework.cloud.commons.util.InetUtils  :170  [32m        [0;39m Cannot determine local hostname
2020-12-02 22:19:17.888 INFO  org.springframework.cloud.commons.util.InetUtils  :170  [32m        [0;39m Cannot determine local hostname
2020-12-02 22:19:17.897 WARN  o.s.c.l.c.BlockingLoadBalancerClientAutoConfiguration$BlockingLoadBalancerClientRibbonWarnLogger:106  [32m        [0;39m You already have RibbonLoadBalancerClient on your classpath. It will be used by default. As Spring Cloud Ribbon is in maintenance mode. We recommend switching to BlockingLoadBalancerClient instead. In order to use it, set the value of `spring.cloud.loadbalancer.ribbon.enabled` to `false` or remove spring-cloud-starter-netflix-ribbon from your project.
2020-12-02 22:19:17.903 WARN  o.s.c.l.c.LoadBalancerCacheAutoConfiguration$LoadBalancerCaffeineWarnLogger:81   [32m        [0;39m Spring Cloud LoadBalancer is currently working with default default cache. You can switch to using Caffeine cache, by adding it to the classpath.
2020-12-02 22:19:17.918 INFO  o.s.cloud.netflix.eureka.InstanceInfoFactory      :72   [32m        [0;39m Setting initial instance status as: STARTING
2020-12-02 22:19:17.920 INFO  com.netflix.discovery.DiscoveryClient             :365  [32m        [0;39m Initializing Eureka in region us-east-1
2020-12-02 22:19:17.922 INFO  c.n.discovery.provider.DiscoveryJerseyProvider    :70   [32m        [0;39m Using JSON encoding codec LegacyJacksonJson
2020-12-02 22:19:17.923 INFO  c.n.discovery.provider.DiscoveryJerseyProvider    :71   [32m        [0;39m Using JSON decoding codec LegacyJacksonJson
2020-12-02 22:19:17.923 INFO  c.n.discovery.provider.DiscoveryJerseyProvider    :80   [32m        [0;39m Using XML encoding codec XStreamXml
2020-12-02 22:19:17.924 INFO  c.n.discovery.provider.DiscoveryJerseyProvider    :81   [32m        [0;39m Using XML decoding codec XStreamXml
2020-12-02 22:19:17.986 INFO  c.n.d.shared.resolver.aws.ConfigClusterResolver   :43   [32m        [0;39m Resolving eureka endpoints via configuration
2020-12-02 22:19:17.987 INFO  com.netflix.discovery.DiscoveryClient             :976  [32m        [0;39m Disable delta property : false
2020-12-02 22:19:17.987 INFO  com.netflix.discovery.DiscoveryClient             :977  [32m        [0;39m Single vip registry refresh property : null
2020-12-02 22:19:17.987 INFO  com.netflix.discovery.DiscoveryClient             :978  [32m        [0;39m Force full registry fetch : false
2020-12-02 22:19:17.987 INFO  com.netflix.discovery.DiscoveryClient             :979  [32m        [0;39m Application is null : false
2020-12-02 22:19:17.987 INFO  com.netflix.discovery.DiscoveryClient             :980  [32m        [0;39m Registered Applications size is zero : true
2020-12-02 22:19:17.988 INFO  com.netflix.discovery.DiscoveryClient             :982  [32m        [0;39m Application version is -1: true
2020-12-02 22:19:17.988 INFO  com.netflix.discovery.DiscoveryClient             :1065 [32m        [0;39m Getting all instance registry info from the eureka server
2020-12-02 22:19:17.992 INFO  com.netflix.discovery.DiscoveryClient             :1074 [32m        [0;39m The response status is 200
2020-12-02 22:19:17.992 INFO  com.netflix.discovery.DiscoveryClient             :1288 [32m        [0;39m Starting heartbeat executor: renew interval is: 30
2020-12-02 22:19:17.993 INFO  com.netflix.discovery.InstanceInfoReplicator      :60   [32m        [0;39m InstanceInfoReplicator onDemand update allowed rate per min is 4
2020-12-02 22:19:17.994 INFO  com.netflix.discovery.DiscoveryClient             :465  [32m        [0;39m Discovery Client initialized at timestamp 1606918757994 with initial instances count: 4
2020-12-02 22:19:17.995 INFO  o.s.c.n.e.serviceregistry.EurekaServiceRegistry   :41   [32m        [0;39m Registering application FILE with eureka with status UP
2020-12-02 22:19:17.996 INFO  com.netflix.discovery.DiscoveryClient             :1323 [32m        [0;39m Saw local status change event StatusChangeEvent [timestamp=1606918757996, current=UP, previous=STARTING]
2020-12-02 22:19:17.997 INFO  com.netflix.discovery.DiscoveryClient             :844  [32m        [0;39m DiscoveryClient_FILE/localhost:file:9003: registering service...
2020-12-02 22:19:18.005 INFO  org.apache.coyote.http11.Http11NioProtocol        :173  [32m        [0;39m Starting ProtocolHandler ["http-nio-9003"]
2020-12-02 22:19:18.011 INFO  o.s.boot.web.embedded.tomcat.TomcatWebServer      :204  [32m        [0;39m Tomcat started on port(s): 9003 (http) with context path '/file'
2020-12-02 22:19:18.012 INFO  o.s.c.n.e.s.EurekaAutoServiceRegistration         :145  [32m        [0;39m Updating port to 9003
2020-12-02 22:19:18.017 INFO  com.netflix.discovery.DiscoveryClient             :853  [32m        [0;39m DiscoveryClient_FILE/localhost:file:9003 - registration status: 204
2020-12-02 22:19:19.594 INFO  org.springframework.cloud.commons.util.InetUtils  :170  [32m        [0;39m Cannot determine local hostname
2020-12-02 22:19:19.595 INFO  com.sise.file.config.FileApplication              :61   [32m        [0;39m Started FileApplication in 10.198 seconds (JVM running for 4743.398)
2020-12-02 22:19:19.600 INFO  o.s.b.d.a.ConditionEvaluationDeltaLoggingListener :63   [32m        [0;39m Condition evaluation unchanged
2020-12-02 22:19:19.603 INFO  com.sise.file.config.FileApplication              :27   [32m        [0;39m 启动成功！！
2020-12-02 22:19:19.607 INFO  com.sise.file.config.FileApplication              :28   [32m        [0;39m File地址: 	http://127.0.0.1:9003
2020-12-02 22:23:52.366 INFO  o.s.c.n.e.serviceregistry.EurekaServiceRegistry   :65   [32m        [0;39m Unregistering application FILE with eureka with status DOWN
2020-12-02 22:23:52.366 WARN  com.netflix.discovery.DiscoveryClient             :1321 [32m        [0;39m Saw local status change event StatusChangeEvent [timestamp=1606919032366, current=DOWN, previous=UP]
2020-12-02 22:23:52.367 INFO  com.netflix.discovery.DiscoveryClient             :844  [32m        [0;39m DiscoveryClient_FILE/localhost:file:9003: registering service...
2020-12-02 22:23:52.369 INFO  o.s.scheduling.concurrent.ThreadPoolTaskExecutor  :208  [32m        [0;39m Shutting down ExecutorService 'applicationTaskExecutor'
2020-12-02 22:23:52.369 INFO  com.netflix.discovery.DiscoveryClient             :906  [32m        [0;39m Shutting down DiscoveryClient ...
2020-12-02 22:23:52.383 INFO  com.netflix.discovery.DiscoveryClient             :853  [32m        [0;39m DiscoveryClient_FILE/localhost:file:9003 - registration status: 204
2020-12-02 22:23:52.384 INFO  com.netflix.discovery.DiscoveryClient             :940  [32m        [0;39m Unregistering ...
2020-12-02 22:23:52.397 INFO  com.netflix.discovery.DiscoveryClient             :942  [32m        [0;39m DiscoveryClient_FILE/localhost:file:9003 - deregister  status: 200
2020-12-02 22:23:52.402 INFO  com.netflix.discovery.DiscoveryClient             :929  [32m        [0;39m Completed shut down of DiscoveryClient
2020-12-02 22:23:54.901 INFO  o.s.c.s.PostProcessorRegistrationDelegate$BeanPostProcessorChecker:330  [32m        [0;39m Bean 'org.springframework.cloud.autoconfigure.ConfigurationPropertiesRebinderAutoConfiguration' of type [org.springframework.cloud.autoconfigure.ConfigurationPropertiesRebinderAutoConfiguration] is not eligible for getting processed by all BeanPostProcessors (for example: not eligible for auto-proxying)
2020-12-02 22:23:57.973 INFO  com.sise.file.config.FileApplication              :651  [32m        [0;39m No active profile set, falling back to default profiles: default
2020-12-02 22:23:58.423 INFO  o.springframework.cloud.context.scope.GenericScope:295  [32m        [0;39m BeanFactory id=4c581a18-0df0-3620-b21a-2d9a8c9ac239
2020-12-02 22:23:58.442 INFO  o.s.c.s.PostProcessorRegistrationDelegate$BeanPostProcessorChecker:330  [32m        [0;39m Bean 'org.springframework.transaction.annotation.ProxyTransactionManagementConfiguration' of type [org.springframework.transaction.annotation.ProxyTransactionManagementConfiguration] is not eligible for getting processed by all BeanPostProcessors (for example: not eligible for auto-proxying)
2020-12-02 22:23:58.449 INFO  o.s.c.s.PostProcessorRegistrationDelegate$BeanPostProcessorChecker:330  [32m        [0;39m Bean 'org.springframework.cloud.autoconfigure.ConfigurationPropertiesRebinderAutoConfiguration' of type [org.springframework.cloud.autoconfigure.ConfigurationPropertiesRebinderAutoConfiguration] is not eligible for getting processed by all BeanPostProcessors (for example: not eligible for auto-proxying)
2020-12-02 22:23:58.482 WARN  org.apache.tomcat.util.modeler.Registry           :173  [32m        [0;39m The MBean registry cannot be disabled because it has already been initialised
2020-12-02 22:23:58.560 INFO  o.s.boot.web.embedded.tomcat.TomcatWebServer      :92   [32m        [0;39m Tomcat initialized with port(s): 9003 (http)
2020-12-02 22:23:58.560 INFO  org.apache.coyote.http11.Http11NioProtocol        :173  [32m        [0;39m Initializing ProtocolHandler ["http-nio-9003"]
2020-12-02 22:23:58.561 INFO  org.apache.catalina.core.StandardService          :173  [32m        [0;39m Starting service [Tomcat]
2020-12-02 22:23:58.561 INFO  org.apache.catalina.core.StandardEngine           :173  [32m        [0;39m Starting Servlet engine: [Apache Tomcat/9.0.29]
2020-12-02 22:23:58.583 INFO  o.a.c.c.C.[Tomcat-1].[localhost].[/file]          :173  [32m        [0;39m Initializing Spring embedded WebApplicationContext
2020-12-02 22:23:58.584 INFO  org.springframework.web.context.ContextLoader     :284  [32m        [0;39m Root WebApplicationContext: initialization completed in 607 ms
2020-12-02 22:23:58.782 WARN  com.netflix.config.sources.URLConfigurationSource :121  [32m        [0;39m No URLs will be polled as dynamic configuration sources.
2020-12-02 22:23:58.782 INFO  com.netflix.config.sources.URLConfigurationSource :122  [32m        [0;39m To enable URLs as dynamic configuration sources, define System property archaius.configurationSource.additionalUrls or make config.properties available on classpath.
2020-12-02 22:23:58.868 INFO  o.s.scheduling.concurrent.ThreadPoolTaskExecutor  :171  [32m        [0;39m Initializing ExecutorService 'applicationTaskExecutor'
2020-12-02 22:23:59.017 WARN  o.s.b.d.autoconfigure.OptionalLiveReloadServer    :61   [32m        [0;39m Unable to start LiveReload server
2020-12-02 22:24:01.010 INFO  org.springframework.cloud.commons.util.InetUtils  :170  [32m        [0;39m Cannot determine local hostname
2020-12-02 22:24:02.688 INFO  org.springframework.cloud.commons.util.InetUtils  :170  [32m        [0;39m Cannot determine local hostname
2020-12-02 22:24:04.551 INFO  org.springframework.cloud.commons.util.InetUtils  :170  [32m        [0;39m Cannot determine local hostname
2020-12-02 22:24:04.564 WARN  o.s.c.l.c.BlockingLoadBalancerClientAutoConfiguration$BlockingLoadBalancerClientRibbonWarnLogger:106  [32m        [0;39m You already have RibbonLoadBalancerClient on your classpath. It will be used by default. As Spring Cloud Ribbon is in maintenance mode. We recommend switching to BlockingLoadBalancerClient instead. In order to use it, set the value of `spring.cloud.loadbalancer.ribbon.enabled` to `false` or remove spring-cloud-starter-netflix-ribbon from your project.
2020-12-02 22:24:04.572 WARN  o.s.c.l.c.LoadBalancerCacheAutoConfiguration$LoadBalancerCaffeineWarnLogger:81   [32m        [0;39m Spring Cloud LoadBalancer is currently working with default default cache. You can switch to using Caffeine cache, by adding it to the classpath.
2020-12-02 22:24:04.586 INFO  o.s.cloud.netflix.eureka.InstanceInfoFactory      :72   [32m        [0;39m Setting initial instance status as: STARTING
2020-12-02 22:24:04.588 INFO  com.netflix.discovery.DiscoveryClient             :365  [32m        [0;39m Initializing Eureka in region us-east-1
2020-12-02 22:24:04.590 INFO  c.n.discovery.provider.DiscoveryJerseyProvider    :70   [32m        [0;39m Using JSON encoding codec LegacyJacksonJson
2020-12-02 22:24:04.590 INFO  c.n.discovery.provider.DiscoveryJerseyProvider    :71   [32m        [0;39m Using JSON decoding codec LegacyJacksonJson
2020-12-02 22:24:04.590 INFO  c.n.discovery.provider.DiscoveryJerseyProvider    :80   [32m        [0;39m Using XML encoding codec XStreamXml
2020-12-02 22:24:04.590 INFO  c.n.discovery.provider.DiscoveryJerseyProvider    :81   [32m        [0;39m Using XML decoding codec XStreamXml
2020-12-02 22:24:04.654 INFO  c.n.d.shared.resolver.aws.ConfigClusterResolver   :43   [32m        [0;39m Resolving eureka endpoints via configuration
2020-12-02 22:24:04.655 INFO  com.netflix.discovery.DiscoveryClient             :976  [32m        [0;39m Disable delta property : false
2020-12-02 22:24:04.656 INFO  com.netflix.discovery.DiscoveryClient             :977  [32m        [0;39m Single vip registry refresh property : null
2020-12-02 22:24:04.656 INFO  com.netflix.discovery.DiscoveryClient             :978  [32m        [0;39m Force full registry fetch : false
2020-12-02 22:24:04.656 INFO  com.netflix.discovery.DiscoveryClient             :979  [32m        [0;39m Application is null : false
2020-12-02 22:24:04.656 INFO  com.netflix.discovery.DiscoveryClient             :980  [32m        [0;39m Registered Applications size is zero : true
2020-12-02 22:24:04.656 INFO  com.netflix.discovery.DiscoveryClient             :982  [32m        [0;39m Application version is -1: true
2020-12-02 22:24:04.656 INFO  com.netflix.discovery.DiscoveryClient             :1065 [32m        [0;39m Getting all instance registry info from the eureka server
2020-12-02 22:24:04.660 INFO  com.netflix.discovery.DiscoveryClient             :1074 [32m        [0;39m The response status is 200
2020-12-02 22:24:04.661 INFO  com.netflix.discovery.DiscoveryClient             :1288 [32m        [0;39m Starting heartbeat executor: renew interval is: 30
2020-12-02 22:24:04.661 INFO  com.netflix.discovery.InstanceInfoReplicator      :60   [32m        [0;39m InstanceInfoReplicator onDemand update allowed rate per min is 4
2020-12-02 22:24:04.662 INFO  com.netflix.discovery.DiscoveryClient             :465  [32m        [0;39m Discovery Client initialized at timestamp 1606919044662 with initial instances count: 3
2020-12-02 22:24:04.663 INFO  o.s.c.n.e.serviceregistry.EurekaServiceRegistry   :41   [32m        [0;39m Registering application FILE with eureka with status UP
2020-12-02 22:24:04.664 INFO  com.netflix.discovery.DiscoveryClient             :1323 [32m        [0;39m Saw local status change event StatusChangeEvent [timestamp=1606919044664, current=UP, previous=STARTING]
2020-12-02 22:24:04.666 INFO  com.netflix.discovery.DiscoveryClient             :844  [32m        [0;39m DiscoveryClient_FILE/localhost:file:9003: registering service...
2020-12-02 22:24:04.672 INFO  org.apache.coyote.http11.Http11NioProtocol        :173  [32m        [0;39m Starting ProtocolHandler ["http-nio-9003"]
2020-12-02 22:24:04.676 INFO  o.s.boot.web.embedded.tomcat.TomcatWebServer      :204  [32m        [0;39m Tomcat started on port(s): 9003 (http) with context path '/file'
2020-12-02 22:24:04.677 INFO  o.s.c.n.e.s.EurekaAutoServiceRegistration         :145  [32m        [0;39m Updating port to 9003
2020-12-02 22:24:04.687 INFO  com.netflix.discovery.DiscoveryClient             :853  [32m        [0;39m DiscoveryClient_FILE/localhost:file:9003 - registration status: 204
2020-12-02 22:24:06.194 INFO  org.springframework.cloud.commons.util.InetUtils  :170  [32m        [0;39m Cannot determine local hostname
2020-12-02 22:24:06.195 INFO  com.sise.file.config.FileApplication              :61   [32m        [0;39m Started FileApplication in 13.169 seconds (JVM running for 5029.998)
2020-12-02 22:24:06.196 INFO  o.s.b.d.a.ConditionEvaluationDeltaLoggingListener :63   [32m        [0;39m Condition evaluation unchanged
2020-12-02 22:24:06.197 INFO  com.sise.file.config.FileApplication              :27   [32m        [0;39m 启动成功！！
2020-12-02 22:24:06.197 INFO  com.sise.file.config.FileApplication              :28   [32m        [0;39m File地址: 	http://127.0.0.1:9003
2020-12-02 22:25:10.471 INFO  o.s.c.n.e.serviceregistry.EurekaServiceRegistry   :65   [32m        [0;39m Unregistering application FILE with eureka with status DOWN
2020-12-02 22:25:10.472 WARN  com.netflix.discovery.DiscoveryClient             :1321 [32m        [0;39m Saw local status change event StatusChangeEvent [timestamp=1606919110472, current=DOWN, previous=UP]
2020-12-02 22:25:10.472 INFO  com.netflix.discovery.DiscoveryClient             :844  [32m        [0;39m DiscoveryClient_FILE/localhost:file:9003: registering service...
2020-12-02 22:25:10.473 INFO  o.s.scheduling.concurrent.ThreadPoolTaskExecutor  :208  [32m        [0;39m Shutting down ExecutorService 'applicationTaskExecutor'
2020-12-02 22:25:10.474 INFO  com.netflix.discovery.DiscoveryClient             :906  [32m        [0;39m Shutting down DiscoveryClient ...
2020-12-02 22:25:10.489 INFO  com.netflix.discovery.DiscoveryClient             :853  [32m        [0;39m DiscoveryClient_FILE/localhost:file:9003 - registration status: 204
2020-12-02 22:25:10.489 INFO  com.netflix.discovery.DiscoveryClient             :940  [32m        [0;39m Unregistering ...
2020-12-02 22:25:10.500 INFO  com.netflix.discovery.DiscoveryClient             :942  [32m        [0;39m DiscoveryClient_FILE/localhost:file:9003 - deregister  status: 200
2020-12-02 22:25:10.504 INFO  com.netflix.discovery.DiscoveryClient             :929  [32m        [0;39m Completed shut down of DiscoveryClient
2020-12-02 22:25:12.880 INFO  o.s.c.s.PostProcessorRegistrationDelegate$BeanPostProcessorChecker:330  [32m        [0;39m Bean 'org.springframework.cloud.autoconfigure.ConfigurationPropertiesRebinderAutoConfiguration' of type [org.springframework.cloud.autoconfigure.ConfigurationPropertiesRebinderAutoConfiguration] is not eligible for getting processed by all BeanPostProcessors (for example: not eligible for auto-proxying)
2020-12-02 22:25:14.413 INFO  com.sise.file.config.FileApplication              :651  [32m        [0;39m No active profile set, falling back to default profiles: default
2020-12-02 22:25:14.703 INFO  o.springframework.cloud.context.scope.GenericScope:295  [32m        [0;39m BeanFactory id=4c581a18-0df0-3620-b21a-2d9a8c9ac239
2020-12-02 22:25:14.726 INFO  o.s.c.s.PostProcessorRegistrationDelegate$BeanPostProcessorChecker:330  [32m        [0;39m Bean 'org.springframework.transaction.annotation.ProxyTransactionManagementConfiguration' of type [org.springframework.transaction.annotation.ProxyTransactionManagementConfiguration] is not eligible for getting processed by all BeanPostProcessors (for example: not eligible for auto-proxying)
2020-12-02 22:25:14.728 INFO  o.s.c.s.PostProcessorRegistrationDelegate$BeanPostProcessorChecker:330  [32m        [0;39m Bean 'org.springframework.cloud.autoconfigure.ConfigurationPropertiesRebinderAutoConfiguration' of type [org.springframework.cloud.autoconfigure.ConfigurationPropertiesRebinderAutoConfiguration] is not eligible for getting processed by all BeanPostProcessors (for example: not eligible for auto-proxying)
2020-12-02 22:25:14.749 WARN  org.apache.tomcat.util.modeler.Registry           :173  [32m        [0;39m The MBean registry cannot be disabled because it has already been initialised
2020-12-02 22:25:14.816 INFO  o.s.boot.web.embedded.tomcat.TomcatWebServer      :92   [32m        [0;39m Tomcat initialized with port(s): 9003 (http)
2020-12-02 22:25:14.817 INFO  org.apache.coyote.http11.Http11NioProtocol        :173  [32m        [0;39m Initializing ProtocolHandler ["http-nio-9003"]
2020-12-02 22:25:14.817 INFO  org.apache.catalina.core.StandardService          :173  [32m        [0;39m Starting service [Tomcat]
2020-12-02 22:25:14.817 INFO  org.apache.catalina.core.StandardEngine           :173  [32m        [0;39m Starting Servlet engine: [Apache Tomcat/9.0.29]
2020-12-02 22:25:14.837 INFO  o.a.c.c.C.[Tomcat-1].[localhost].[/file]          :173  [32m        [0;39m Initializing Spring embedded WebApplicationContext
2020-12-02 22:25:14.837 INFO  org.springframework.web.context.ContextLoader     :284  [32m        [0;39m Root WebApplicationContext: initialization completed in 422 ms
2020-12-02 22:25:14.963 WARN  com.netflix.config.sources.URLConfigurationSource :121  [32m        [0;39m No URLs will be polled as dynamic configuration sources.
2020-12-02 22:25:14.963 INFO  com.netflix.config.sources.URLConfigurationSource :122  [32m        [0;39m To enable URLs as dynamic configuration sources, define System property archaius.configurationSource.additionalUrls or make config.properties available on classpath.
2020-12-02 22:25:15.016 INFO  o.s.scheduling.concurrent.ThreadPoolTaskExecutor  :171  [32m        [0;39m Initializing ExecutorService 'applicationTaskExecutor'
2020-12-02 22:25:15.098 WARN  o.s.b.d.autoconfigure.OptionalLiveReloadServer    :61   [32m        [0;39m Unable to start LiveReload server
2020-12-02 22:25:16.615 INFO  org.springframework.cloud.commons.util.InetUtils  :170  [32m        [0;39m Cannot determine local hostname
2020-12-02 22:25:18.142 INFO  org.springframework.cloud.commons.util.InetUtils  :170  [32m        [0;39m Cannot determine local hostname
2020-12-02 22:25:20.635 INFO  org.springframework.cloud.commons.util.InetUtils  :170  [32m        [0;39m Cannot determine local hostname
2020-12-02 22:25:20.648 WARN  o.s.c.l.c.BlockingLoadBalancerClientAutoConfiguration$BlockingLoadBalancerClientRibbonWarnLogger:106  [32m        [0;39m You already have RibbonLoadBalancerClient on your classpath. It will be used by default. As Spring Cloud Ribbon is in maintenance mode. We recommend switching to BlockingLoadBalancerClient instead. In order to use it, set the value of `spring.cloud.loadbalancer.ribbon.enabled` to `false` or remove spring-cloud-starter-netflix-ribbon from your project.
2020-12-02 22:25:20.659 WARN  o.s.c.l.c.LoadBalancerCacheAutoConfiguration$LoadBalancerCaffeineWarnLogger:81   [32m        [0;39m Spring Cloud LoadBalancer is currently working with default default cache. You can switch to using Caffeine cache, by adding it to the classpath.
2020-12-02 22:25:20.680 INFO  o.s.cloud.netflix.eureka.InstanceInfoFactory      :72   [32m        [0;39m Setting initial instance status as: STARTING
2020-12-02 22:25:20.682 INFO  com.netflix.discovery.DiscoveryClient             :365  [32m        [0;39m Initializing Eureka in region us-east-1
2020-12-02 22:25:20.686 INFO  c.n.discovery.provider.DiscoveryJerseyProvider    :70   [32m        [0;39m Using JSON encoding codec LegacyJacksonJson
2020-12-02 22:25:20.686 INFO  c.n.discovery.provider.DiscoveryJerseyProvider    :71   [32m        [0;39m Using JSON decoding codec LegacyJacksonJson
2020-12-02 22:25:20.686 INFO  c.n.discovery.provider.DiscoveryJerseyProvider    :80   [32m        [0;39m Using XML encoding codec XStreamXml
2020-12-02 22:25:20.686 INFO  c.n.discovery.provider.DiscoveryJerseyProvider    :81   [32m        [0;39m Using XML decoding codec XStreamXml
2020-12-02 22:25:20.754 INFO  c.n.d.shared.resolver.aws.ConfigClusterResolver   :43   [32m        [0;39m Resolving eureka endpoints via configuration
2020-12-02 22:25:20.755 INFO  com.netflix.discovery.DiscoveryClient             :976  [32m        [0;39m Disable delta property : false
2020-12-02 22:25:20.755 INFO  com.netflix.discovery.DiscoveryClient             :977  [32m        [0;39m Single vip registry refresh property : null
2020-12-02 22:25:20.756 INFO  com.netflix.discovery.DiscoveryClient             :978  [32m        [0;39m Force full registry fetch : false
2020-12-02 22:25:20.756 INFO  com.netflix.discovery.DiscoveryClient             :979  [32m        [0;39m Application is null : false
2020-12-02 22:25:20.756 INFO  com.netflix.discovery.DiscoveryClient             :980  [32m        [0;39m Registered Applications size is zero : true
2020-12-02 22:25:20.756 INFO  com.netflix.discovery.DiscoveryClient             :982  [32m        [0;39m Application version is -1: true
2020-12-02 22:25:20.756 INFO  com.netflix.discovery.DiscoveryClient             :1065 [32m        [0;39m Getting all instance registry info from the eureka server
2020-12-02 22:25:20.762 INFO  com.netflix.discovery.DiscoveryClient             :1074 [32m        [0;39m The response status is 200
2020-12-02 22:25:20.764 INFO  com.netflix.discovery.DiscoveryClient             :1288 [32m        [0;39m Starting heartbeat executor: renew interval is: 30
2020-12-02 22:25:20.771 INFO  com.netflix.discovery.InstanceInfoReplicator      :60   [32m        [0;39m InstanceInfoReplicator onDemand update allowed rate per min is 4
2020-12-02 22:25:20.772 INFO  com.netflix.discovery.DiscoveryClient             :465  [32m        [0;39m Discovery Client initialized at timestamp 1606919120772 with initial instances count: 4
2020-12-02 22:25:20.775 INFO  o.s.c.n.e.serviceregistry.EurekaServiceRegistry   :41   [32m        [0;39m Registering application FILE with eureka with status UP
2020-12-02 22:25:20.776 INFO  com.netflix.discovery.DiscoveryClient             :1323 [32m        [0;39m Saw local status change event StatusChangeEvent [timestamp=1606919120776, current=UP, previous=STARTING]
2020-12-02 22:25:20.776 INFO  com.netflix.discovery.DiscoveryClient             :844  [32m        [0;39m DiscoveryClient_FILE/localhost:file:9003: registering service...
2020-12-02 22:25:20.784 INFO  org.apache.coyote.http11.Http11NioProtocol        :173  [32m        [0;39m Starting ProtocolHandler ["http-nio-9003"]
2020-12-02 22:25:20.786 INFO  o.s.boot.web.embedded.tomcat.TomcatWebServer      :204  [32m        [0;39m Tomcat started on port(s): 9003 (http) with context path '/file'
2020-12-02 22:25:20.787 INFO  o.s.c.n.e.s.EurekaAutoServiceRegistration         :145  [32m        [0;39m Updating port to 9003
2020-12-02 22:25:20.799 INFO  com.netflix.discovery.DiscoveryClient             :853  [32m        [0;39m DiscoveryClient_FILE/localhost:file:9003 - registration status: 204
2020-12-02 22:25:22.357 INFO  org.springframework.cloud.commons.util.InetUtils  :170  [32m        [0;39m Cannot determine local hostname
2020-12-02 22:25:22.358 INFO  com.sise.file.config.FileApplication              :61   [32m        [0;39m Started FileApplication in 11.394 seconds (JVM running for 5106.161)
2020-12-02 22:25:22.359 INFO  o.s.b.d.a.ConditionEvaluationDeltaLoggingListener :63   [32m        [0;39m Condition evaluation unchanged
2020-12-02 22:25:22.361 INFO  com.sise.file.config.FileApplication              :27   [32m        [0;39m 启动成功！！
2020-12-02 22:25:22.361 INFO  com.sise.file.config.FileApplication              :28   [32m        [0;39m File地址: 	http://127.0.0.1:9003
2020-12-02 22:26:01.530 INFO  o.a.c.c.C.[Tomcat-1].[localhost].[/file]          :173  [32m        [0;39m Initializing Spring DispatcherServlet 'dispatcherServlet'
2020-12-02 22:26:01.530 INFO  org.springframework.web.servlet.DispatcherServlet :525  [32m        [0;39m Initializing Servlet 'dispatcherServlet'
2020-12-02 22:26:01.548 INFO  org.springframework.web.servlet.DispatcherServlet :547  [32m        [0;39m Completed initialization in 18 ms
2020-12-02 22:26:01.590 INFO  com.sise.file.controller.admin.UploadController   :32   [32m        [0;39m 上传文件开始
