2020-11-17 23:07:08.163 INFO  o.s.c.s.PostProcessorRegistrationDelegate$BeanPostProcessorChecker:330  [32m        [0;39m Bean 'org.springframework.cloud.autoconfigure.ConfigurationPropertiesRebinderAutoConfiguration' of type [org.springframework.cloud.autoconfigure.ConfigurationPropertiesRebinderAutoConfiguration] is not eligible for getting processed by all BeanPostProcessors (for example: not eligible for auto-proxying)
2020-11-17 23:07:09.842 INFO  com.sise.course.EurekaApplication                 :651  [32m        [0;39m No active profile set, falling back to default profiles: default
2020-11-17 23:07:11.340 WARN  o.springframework.boot.actuate.endpoint.EndpointId:155  [32m        [0;39m Endpoint ID 'service-registry' contains invalid characters, please migrate to a valid format.
2020-11-17 23:07:11.601 INFO  o.springframework.cloud.context.scope.GenericScope:295  [32m        [0;39m BeanFactory id=727903e1-a861-3273-abc1-091a54618a28
2020-11-17 23:07:11.894 INFO  o.s.c.s.PostProcessorRegistrationDelegate$BeanPostProcessorChecker:330  [32m        [0;39m Bean 'org.springframework.cloud.autoconfigure.ConfigurationPropertiesRebinderAutoConfiguration' of type [org.springframework.cloud.autoconfigure.ConfigurationPropertiesRebinderAutoConfiguration] is not eligible for getting processed by all BeanPostProcessors (for example: not eligible for auto-proxying)
2020-11-17 23:07:12.205 INFO  o.s.boot.web.embedded.tomcat.TomcatWebServer      :92   [32m        [0;39m Tomcat initialized with port(s): 8761 (http)
2020-11-17 23:07:12.215 INFO  org.apache.coyote.http11.Http11NioProtocol        :173  [32m        [0;39m Initializing ProtocolHandler ["http-nio-8761"]
2020-11-17 23:07:12.216 INFO  org.apache.catalina.core.StandardService          :173  [32m        [0;39m Starting service [Tomcat]
2020-11-17 23:07:12.216 INFO  org.apache.catalina.core.StandardEngine           :173  [32m        [0;39m Starting Servlet engine: [Apache Tomcat/9.0.29]
2020-11-17 23:07:12.432 INFO  o.a.c.core.ContainerBase.[Tomcat].[localhost].[/] :173  [32m        [0;39m Initializing Spring embedded WebApplicationContext
2020-11-17 23:07:12.432 INFO  org.springframework.web.context.ContextLoader     :284  [32m        [0;39m Root WebApplicationContext: initialization completed in 2570 ms
2020-11-17 23:07:12.626 WARN  com.netflix.config.sources.URLConfigurationSource :121  [32m        [0;39m No URLs will be polled as dynamic configuration sources.
2020-11-17 23:07:12.626 INFO  com.netflix.config.sources.URLConfigurationSource :122  [32m        [0;39m To enable URLs as dynamic configuration sources, define System property archaius.configurationSource.additionalUrls or make config.properties available on classpath.
2020-11-17 23:07:12.665 INFO  com.netflix.config.DynamicPropertyFactory         :281  [32m        [0;39m DynamicPropertyFactory is initialized with configuration sources: com.netflix.config.ConcurrentCompositeConfiguration@5bb51241
2020-11-17 23:07:15.385 INFO  org.springframework.cloud.commons.util.InetUtils  :170  [32m        [0;39m Cannot determine local hostname
2020-11-17 23:07:15.686 INFO  c.s.j.server.impl.application.WebApplicationImpl  :815  [32m        [0;39m Initiating Jersey application, version 'Jersey: 1.19.1 03/11/2016 02:08 PM'
2020-11-17 23:07:15.776 INFO  c.n.discovery.provider.DiscoveryJerseyProvider    :70   [32m        [0;39m Using JSON encoding codec LegacyJacksonJson
2020-11-17 23:07:15.794 INFO  c.n.discovery.provider.DiscoveryJerseyProvider    :71   [32m        [0;39m Using JSON decoding codec LegacyJacksonJson
2020-11-17 23:07:16.022 INFO  c.n.discovery.provider.DiscoveryJerseyProvider    :80   [32m        [0;39m Using XML encoding codec XStreamXml
2020-11-17 23:07:16.022 INFO  c.n.discovery.provider.DiscoveryJerseyProvider    :81   [32m        [0;39m Using XML decoding codec XStreamXml
2020-11-17 23:07:16.528 WARN  com.netflix.config.sources.URLConfigurationSource :121  [32m        [0;39m No URLs will be polled as dynamic configuration sources.
2020-11-17 23:07:16.528 INFO  com.netflix.config.sources.URLConfigurationSource :122  [32m        [0;39m To enable URLs as dynamic configuration sources, define System property archaius.configurationSource.additionalUrls or make config.properties available on classpath.
2020-11-17 23:07:16.737 INFO  o.s.scheduling.concurrent.ThreadPoolTaskExecutor  :171  [32m        [0;39m Initializing ExecutorService 'applicationTaskExecutor'
2020-11-17 23:07:18.665 INFO  org.springframework.cloud.commons.util.InetUtils  :170  [32m        [0;39m Cannot determine local hostname
2020-11-17 23:07:20.134 INFO  org.springframework.cloud.commons.util.InetUtils  :170  [32m        [0;39m Cannot determine local hostname
2020-11-17 23:07:20.154 WARN  o.s.c.l.c.BlockingLoadBalancerClientAutoConfiguration$BlockingLoadBalancerClientRibbonWarnLogger:106  [32m        [0;39m You already have RibbonLoadBalancerClient on your classpath. It will be used by default. As Spring Cloud Ribbon is in maintenance mode. We recommend switching to BlockingLoadBalancerClient instead. In order to use it, set the value of `spring.cloud.loadbalancer.ribbon.enabled` to `false` or remove spring-cloud-starter-netflix-ribbon from your project.
2020-11-17 23:07:20.244 WARN  o.s.c.l.c.LoadBalancerCacheAutoConfiguration$LoadBalancerCaffeineWarnLogger:81   [32m        [0;39m Spring Cloud LoadBalancer is currently working with default default cache. You can switch to using Caffeine cache, by adding it to the classpath.
2020-11-17 23:07:20.271 INFO  o.s.cloud.netflix.eureka.InstanceInfoFactory      :72   [32m        [0;39m Setting initial instance status as: STARTING
2020-11-17 23:07:20.348 INFO  com.netflix.discovery.DiscoveryClient             :365  [32m        [0;39m Initializing Eureka in region us-east-1
2020-11-17 23:07:20.349 INFO  com.netflix.discovery.DiscoveryClient             :368  [32m        [0;39m Client configured to neither register nor query for data.
2020-11-17 23:07:20.363 INFO  com.netflix.discovery.DiscoveryClient             :381  [32m        [0;39m Discovery Client initialized at timestamp 1605625640360 with initial instances count: 0
2020-11-17 23:07:20.410 INFO  com.netflix.eureka.DefaultEurekaServerContext     :63   [32m        [0;39m Initializing ...
2020-11-17 23:07:20.412 WARN  com.netflix.eureka.cluster.PeerEurekaNodes        :155  [32m        [0;39m The replica size seems to be empty. Check the route 53 DNS Registry
2020-11-17 23:07:20.452 INFO  c.netflix.eureka.registry.AbstractInstanceRegistry:151  [32m        [0;39m Finished initializing remote region registries. All known remote regions: []
2020-11-17 23:07:20.453 INFO  com.netflix.eureka.DefaultEurekaServerContext     :70   [32m        [0;39m Initialized
2020-11-17 23:07:20.465 INFO  o.s.b.actuate.endpoint.web.EndpointLinksResolver  :58   [32m        [0;39m Exposing 2 endpoint(s) beneath base path '/actuator'
2020-11-17 23:07:20.521 INFO  o.s.c.n.e.serviceregistry.EurekaServiceRegistry   :41   [32m        [0;39m Registering application EUREKA with eureka with status UP
2020-11-17 23:07:20.524 INFO  o.s.c.netflix.eureka.server.EurekaServerBootstrap :110  [32m        [0;39m Setting the eureka configuration..
2020-11-17 23:07:20.526 INFO  o.s.c.netflix.eureka.server.EurekaServerBootstrap :115  [32m        [0;39m Eureka data center value eureka.datacenter is not set, defaulting to default
2020-11-17 23:07:20.526 INFO  o.s.c.netflix.eureka.server.EurekaServerBootstrap :129  [32m        [0;39m Eureka environment value eureka.environment is not set, defaulting to test
2020-11-17 23:07:20.537 INFO  org.apache.coyote.http11.Http11NioProtocol        :173  [32m        [0;39m Starting ProtocolHandler ["http-nio-8761"]
2020-11-17 23:07:20.558 INFO  o.s.c.netflix.eureka.server.EurekaServerBootstrap :188  [32m        [0;39m isAws returned false
2020-11-17 23:07:20.558 INFO  o.s.c.netflix.eureka.server.EurekaServerBootstrap :153  [32m        [0;39m Initialized server context
2020-11-17 23:07:20.558 INFO  c.n.eureka.registry.PeerAwareInstanceRegistryImpl :241  [32m        [0;39m Got 1 instances from neighboring DS node
2020-11-17 23:07:20.558 INFO  c.n.eureka.registry.PeerAwareInstanceRegistryImpl :242  [32m        [0;39m Renew threshold is: 1
2020-11-17 23:07:20.559 INFO  c.n.eureka.registry.PeerAwareInstanceRegistryImpl :253  [32m        [0;39m Changing status to UP
2020-11-17 23:07:20.566 INFO  o.s.c.n.e.s.EurekaServerInitializerConfiguration  :72   [32m        [0;39m Started Eureka Server
2020-11-17 23:07:20.584 INFO  o.s.boot.web.embedded.tomcat.TomcatWebServer      :204  [32m        [0;39m Tomcat started on port(s): 8761 (http) with context path ''
2020-11-17 23:07:20.586 INFO  o.s.c.n.e.s.EurekaAutoServiceRegistration         :145  [32m        [0;39m Updating port to 8761
2020-11-17 23:07:22.024 INFO  org.springframework.cloud.commons.util.InetUtils  :170  [32m        [0;39m Cannot determine local hostname
2020-11-17 23:07:22.026 INFO  com.sise.course.EurekaApplication                 :61   [32m        [0;39m Started EurekaApplication in 16.333 seconds (JVM running for 18.537)
2020-11-17 23:07:22.036 INFO  com.sise.course.EurekaApplication                 :23   [32m        [0;39m 启动成功！！
2020-11-17 23:07:22.037 INFO  com.sise.course.EurekaApplication                 :24   [32m        [0;39m Eureka地址: 	http://127.0.0.1:8761
2020-11-17 23:07:22.524 INFO  o.a.c.core.ContainerBase.[Tomcat].[localhost].[/] :173  [32m        [0;39m Initializing Spring DispatcherServlet 'dispatcherServlet'
2020-11-17 23:07:22.524 INFO  org.springframework.web.servlet.DispatcherServlet :525  [32m        [0;39m Initializing Servlet 'dispatcherServlet'
2020-11-17 23:07:22.531 INFO  org.springframework.web.servlet.DispatcherServlet :547  [32m        [0;39m Completed initialization in 7 ms
2020-11-17 23:07:28.458 INFO  c.netflix.eureka.registry.AbstractInstanceRegistry:266  [32m        [0;39m Registered instance GATEWAY/localhost:gateway:9000 with status UP (replication=false)
2020-11-17 23:07:59.509 INFO  c.netflix.eureka.registry.AbstractInstanceRegistry:266  [32m        [0;39m Registered instance SYSTEM/localhost:system:9001 with status UP (replication=false)
2020-11-17 23:08:19.925 INFO  c.netflix.eureka.registry.AbstractInstanceRegistry:266  [32m        [0;39m Registered instance BUSINESS/localhost:business:9002 with status UP (replication=false)
2020-11-17 23:08:20.570 INFO  c.netflix.eureka.registry.AbstractInstanceRegistry:1250 [32m        [0;39m Running the evict task with compensationTime 0ms
2020-11-17 23:09:20.573 INFO  c.netflix.eureka.registry.AbstractInstanceRegistry:1250 [32m        [0;39m Running the evict task with compensationTime 3ms
2020-11-17 23:10:20.577 INFO  c.netflix.eureka.registry.AbstractInstanceRegistry:1250 [32m        [0;39m Running the evict task with compensationTime 3ms
2020-11-17 23:11:20.583 INFO  c.netflix.eureka.registry.AbstractInstanceRegistry:1250 [32m        [0;39m Running the evict task with compensationTime 6ms
2020-11-17 23:12:20.587 INFO  c.netflix.eureka.registry.AbstractInstanceRegistry:1250 [32m        [0;39m Running the evict task with compensationTime 3ms
2020-11-17 23:13:20.599 INFO  c.netflix.eureka.registry.AbstractInstanceRegistry:1250 [32m        [0;39m Running the evict task with compensationTime 12ms
2020-11-17 23:14:20.612 INFO  c.netflix.eureka.registry.AbstractInstanceRegistry:1250 [32m        [0;39m Running the evict task with compensationTime 12ms
2020-11-17 23:15:20.624 INFO  c.netflix.eureka.registry.AbstractInstanceRegistry:1250 [32m        [0;39m Running the evict task with compensationTime 12ms
2020-11-17 23:16:20.630 INFO  c.netflix.eureka.registry.AbstractInstanceRegistry:1250 [32m        [0;39m Running the evict task with compensationTime 6ms
2020-11-17 23:17:20.427 WARN  com.netflix.eureka.cluster.PeerEurekaNodes        :155  [32m        [0;39m The replica size seems to be empty. Check the route 53 DNS Registry
2020-11-17 23:17:20.648 INFO  c.netflix.eureka.registry.AbstractInstanceRegistry:1250 [32m        [0;39m Running the evict task with compensationTime 14ms
