2020-11-16 20:10:18.479 INFO  o.s.c.s.PostProcessorRegistrationDelegate$BeanPostProcessorChecker:330  [32m        [0;39m Bean 'org.springframework.cloud.autoconfigure.ConfigurationPropertiesRebinderAutoConfiguration' of type [org.springframework.cloud.autoconfigure.ConfigurationPropertiesRebinderAutoConfiguration] is not eligible for getting processed by all BeanPostProcessors (for example: not eligible for auto-proxying)
2020-11-16 20:10:20.065 INFO  com.sise.course.EurekaApplication                 :651  [32m        [0;39m No active profile set, falling back to default profiles: default
2020-11-16 20:10:21.344 WARN  o.springframework.boot.actuate.endpoint.EndpointId:155  [32m        [0;39m Endpoint ID 'service-registry' contains invalid characters, please migrate to a valid format.
2020-11-16 20:10:21.535 INFO  o.springframework.cloud.context.scope.GenericScope:295  [32m        [0;39m BeanFactory id=727903e1-a861-3273-abc1-091a54618a28
2020-11-16 20:10:21.685 INFO  o.s.c.s.PostProcessorRegistrationDelegate$BeanPostProcessorChecker:330  [32m        [0;39m Bean 'org.springframework.cloud.autoconfigure.ConfigurationPropertiesRebinderAutoConfiguration' of type [org.springframework.cloud.autoconfigure.ConfigurationPropertiesRebinderAutoConfiguration] is not eligible for getting processed by all BeanPostProcessors (for example: not eligible for auto-proxying)
2020-11-16 20:10:21.984 INFO  o.s.boot.web.embedded.tomcat.TomcatWebServer      :92   [32m        [0;39m Tomcat initialized with port(s): 8761 (http)
2020-11-16 20:10:21.993 INFO  org.apache.coyote.http11.Http11NioProtocol        :173  [32m        [0;39m Initializing ProtocolHandler ["http-nio-8761"]
2020-11-16 20:10:21.994 INFO  org.apache.catalina.core.StandardService          :173  [32m        [0;39m Starting service [Tomcat]
2020-11-16 20:10:21.994 INFO  org.apache.catalina.core.StandardEngine           :173  [32m        [0;39m Starting Servlet engine: [Apache Tomcat/9.0.29]
2020-11-16 20:10:22.132 INFO  o.a.c.core.ContainerBase.[Tomcat].[localhost].[/] :173  [32m        [0;39m Initializing Spring embedded WebApplicationContext
2020-11-16 20:10:22.133 INFO  org.springframework.web.context.ContextLoader     :284  [32m        [0;39m Root WebApplicationContext: initialization completed in 2052 ms
2020-11-16 20:10:22.249 WARN  com.netflix.config.sources.URLConfigurationSource :121  [32m        [0;39m No URLs will be polled as dynamic configuration sources.
2020-11-16 20:10:22.249 INFO  com.netflix.config.sources.URLConfigurationSource :122  [32m        [0;39m To enable URLs as dynamic configuration sources, define System property archaius.configurationSource.additionalUrls or make config.properties available on classpath.
2020-11-16 20:10:22.276 INFO  com.netflix.config.DynamicPropertyFactory         :281  [32m        [0;39m DynamicPropertyFactory is initialized with configuration sources: com.netflix.config.ConcurrentCompositeConfiguration@2903c6ff
2020-11-16 20:10:24.224 INFO  org.springframework.cloud.commons.util.InetUtils  :170  [32m        [0;39m Cannot determine local hostname
2020-11-16 20:10:24.579 INFO  c.s.j.server.impl.application.WebApplicationImpl  :815  [32m        [0;39m Initiating Jersey application, version 'Jersey: 1.19.1 03/11/2016 02:08 PM'
2020-11-16 20:10:24.673 INFO  c.n.discovery.provider.DiscoveryJerseyProvider    :70   [32m        [0;39m Using JSON encoding codec LegacyJacksonJson
2020-11-16 20:10:24.691 INFO  c.n.discovery.provider.DiscoveryJerseyProvider    :71   [32m        [0;39m Using JSON decoding codec LegacyJacksonJson
2020-11-16 20:10:24.983 INFO  c.n.discovery.provider.DiscoveryJerseyProvider    :80   [32m        [0;39m Using XML encoding codec XStreamXml
2020-11-16 20:10:24.984 INFO  c.n.discovery.provider.DiscoveryJerseyProvider    :81   [32m        [0;39m Using XML decoding codec XStreamXml
2020-11-16 20:10:25.384 WARN  com.netflix.config.sources.URLConfigurationSource :121  [32m        [0;39m No URLs will be polled as dynamic configuration sources.
2020-11-16 20:10:25.385 INFO  com.netflix.config.sources.URLConfigurationSource :122  [32m        [0;39m To enable URLs as dynamic configuration sources, define System property archaius.configurationSource.additionalUrls or make config.properties available on classpath.
2020-11-16 20:10:25.583 INFO  o.s.scheduling.concurrent.ThreadPoolTaskExecutor  :171  [32m        [0;39m Initializing ExecutorService 'applicationTaskExecutor'
2020-11-16 20:10:27.464 INFO  org.springframework.cloud.commons.util.InetUtils  :170  [32m        [0;39m Cannot determine local hostname
2020-11-16 20:10:28.891 INFO  org.springframework.cloud.commons.util.InetUtils  :170  [32m        [0;39m Cannot determine local hostname
2020-11-16 20:10:29.021 WARN  o.s.c.l.c.BlockingLoadBalancerClientAutoConfiguration$BlockingLoadBalancerClientRibbonWarnLogger:106  [32m        [0;39m You already have RibbonLoadBalancerClient on your classpath. It will be used by default. As Spring Cloud Ribbon is in maintenance mode. We recommend switching to BlockingLoadBalancerClient instead. In order to use it, set the value of `spring.cloud.loadbalancer.ribbon.enabled` to `false` or remove spring-cloud-starter-netflix-ribbon from your project.
2020-11-16 20:10:29.076 WARN  o.s.c.l.c.LoadBalancerCacheAutoConfiguration$LoadBalancerCaffeineWarnLogger:81   [32m        [0;39m Spring Cloud LoadBalancer is currently working with default default cache. You can switch to using Caffeine cache, by adding it to the classpath.
2020-11-16 20:10:29.090 INFO  o.s.cloud.netflix.eureka.InstanceInfoFactory      :72   [32m        [0;39m Setting initial instance status as: STARTING
2020-11-16 20:10:29.161 INFO  com.netflix.discovery.DiscoveryClient             :365  [32m        [0;39m Initializing Eureka in region us-east-1
2020-11-16 20:10:29.161 INFO  com.netflix.discovery.DiscoveryClient             :368  [32m        [0;39m Client configured to neither register nor query for data.
2020-11-16 20:10:29.177 INFO  com.netflix.discovery.DiscoveryClient             :381  [32m        [0;39m Discovery Client initialized at timestamp 1605528629173 with initial instances count: 0
2020-11-16 20:10:29.223 INFO  com.netflix.eureka.DefaultEurekaServerContext     :63   [32m        [0;39m Initializing ...
2020-11-16 20:10:29.225 WARN  com.netflix.eureka.cluster.PeerEurekaNodes        :155  [32m        [0;39m The replica size seems to be empty. Check the route 53 DNS Registry
2020-11-16 20:10:29.261 INFO  c.netflix.eureka.registry.AbstractInstanceRegistry:151  [32m        [0;39m Finished initializing remote region registries. All known remote regions: []
2020-11-16 20:10:29.262 INFO  com.netflix.eureka.DefaultEurekaServerContext     :70   [32m        [0;39m Initialized
2020-11-16 20:10:29.286 INFO  o.s.b.actuate.endpoint.web.EndpointLinksResolver  :58   [32m        [0;39m Exposing 2 endpoint(s) beneath base path '/actuator'
2020-11-16 20:10:29.342 INFO  o.s.c.n.e.serviceregistry.EurekaServiceRegistry   :41   [32m        [0;39m Registering application EUREKA with eureka with status UP
2020-11-16 20:10:29.344 INFO  o.s.c.netflix.eureka.server.EurekaServerBootstrap :110  [32m        [0;39m Setting the eureka configuration..
2020-11-16 20:10:29.345 INFO  o.s.c.netflix.eureka.server.EurekaServerBootstrap :115  [32m        [0;39m Eureka data center value eureka.datacenter is not set, defaulting to default
2020-11-16 20:10:29.346 INFO  o.s.c.netflix.eureka.server.EurekaServerBootstrap :129  [32m        [0;39m Eureka environment value eureka.environment is not set, defaulting to test
2020-11-16 20:10:29.357 INFO  org.apache.coyote.http11.Http11NioProtocol        :173  [32m        [0;39m Starting ProtocolHandler ["http-nio-8761"]
2020-11-16 20:10:29.377 INFO  o.s.c.netflix.eureka.server.EurekaServerBootstrap :188  [32m        [0;39m isAws returned false
2020-11-16 20:10:29.378 INFO  o.s.c.netflix.eureka.server.EurekaServerBootstrap :153  [32m        [0;39m Initialized server context
2020-11-16 20:10:29.378 INFO  c.n.eureka.registry.PeerAwareInstanceRegistryImpl :241  [32m        [0;39m Got 1 instances from neighboring DS node
2020-11-16 20:10:29.378 INFO  c.n.eureka.registry.PeerAwareInstanceRegistryImpl :242  [32m        [0;39m Renew threshold is: 1
2020-11-16 20:10:29.378 INFO  c.n.eureka.registry.PeerAwareInstanceRegistryImpl :253  [32m        [0;39m Changing status to UP
2020-11-16 20:10:29.387 INFO  o.s.c.n.e.s.EurekaServerInitializerConfiguration  :72   [32m        [0;39m Started Eureka Server
2020-11-16 20:10:29.397 INFO  o.s.boot.web.embedded.tomcat.TomcatWebServer      :204  [32m        [0;39m Tomcat started on port(s): 8761 (http) with context path ''
2020-11-16 20:10:29.398 INFO  o.s.c.n.e.s.EurekaAutoServiceRegistration         :145  [32m        [0;39m Updating port to 8761
2020-11-16 20:10:30.924 INFO  org.springframework.cloud.commons.util.InetUtils  :170  [32m        [0;39m Cannot determine local hostname
2020-11-16 20:10:30.926 INFO  com.sise.course.EurekaApplication                 :61   [32m        [0;39m Started EurekaApplication in 15.178 seconds (JVM running for 17.062)
2020-11-16 20:10:31.032 INFO  com.sise.course.EurekaApplication                 :23   [32m        [0;39m 启动成功！！
2020-11-16 20:10:31.033 INFO  com.sise.course.EurekaApplication                 :24   [32m        [0;39m Eureka地址: 	http://127.0.0.1:8761
2020-11-16 20:10:31.898 INFO  o.a.c.core.ContainerBase.[Tomcat].[localhost].[/] :173  [32m        [0;39m Initializing Spring DispatcherServlet 'dispatcherServlet'
2020-11-16 20:10:31.899 INFO  org.springframework.web.servlet.DispatcherServlet :525  [32m        [0;39m Initializing Servlet 'dispatcherServlet'
2020-11-16 20:10:31.904 INFO  org.springframework.web.servlet.DispatcherServlet :547  [32m        [0;39m Completed initialization in 5 ms
2020-11-16 20:11:29.391 INFO  c.netflix.eureka.registry.AbstractInstanceRegistry:1250 [32m        [0;39m Running the evict task with compensationTime 0ms
2020-11-16 20:12:29.415 INFO  c.netflix.eureka.registry.AbstractInstanceRegistry:1250 [32m        [0;39m Running the evict task with compensationTime 23ms
2020-11-16 20:13:29.420 INFO  c.netflix.eureka.registry.AbstractInstanceRegistry:1250 [32m        [0;39m Running the evict task with compensationTime 5ms
2020-11-16 20:14:29.432 INFO  c.netflix.eureka.registry.AbstractInstanceRegistry:1250 [32m        [0;39m Running the evict task with compensationTime 12ms
2020-11-16 20:15:29.439 INFO  c.netflix.eureka.registry.AbstractInstanceRegistry:1250 [32m        [0;39m Running the evict task with compensationTime 6ms
2020-11-16 20:16:29.451 INFO  c.netflix.eureka.registry.AbstractInstanceRegistry:1250 [32m        [0;39m Running the evict task with compensationTime 11ms
2020-11-16 20:17:29.451 INFO  c.netflix.eureka.registry.AbstractInstanceRegistry:1250 [32m        [0;39m Running the evict task with compensationTime 0ms
2020-11-16 20:18:29.466 INFO  c.netflix.eureka.registry.AbstractInstanceRegistry:1250 [32m        [0;39m Running the evict task with compensationTime 14ms
2020-11-16 20:19:29.469 INFO  c.netflix.eureka.registry.AbstractInstanceRegistry:1250 [32m        [0;39m Running the evict task with compensationTime 3ms
2020-11-16 20:20:29.236 WARN  com.netflix.eureka.cluster.PeerEurekaNodes        :155  [32m        [0;39m The replica size seems to be empty. Check the route 53 DNS Registry
2020-11-16 20:20:29.470 INFO  c.netflix.eureka.registry.AbstractInstanceRegistry:1250 [32m        [0;39m Running the evict task with compensationTime 0ms
2020-11-16 20:21:29.470 INFO  c.netflix.eureka.registry.AbstractInstanceRegistry:1250 [32m        [0;39m Running the evict task with compensationTime 0ms
2020-11-16 20:22:29.481 INFO  c.netflix.eureka.registry.AbstractInstanceRegistry:1250 [32m        [0;39m Running the evict task with compensationTime 10ms
2020-11-16 20:23:29.489 INFO  c.netflix.eureka.registry.AbstractInstanceRegistry:1250 [32m        [0;39m Running the evict task with compensationTime 8ms
2020-11-16 20:24:29.500 INFO  c.netflix.eureka.registry.AbstractInstanceRegistry:1250 [32m        [0;39m Running the evict task with compensationTime 10ms
2020-11-16 20:25:29.268 INFO  c.n.eureka.registry.PeerAwareInstanceRegistryImpl :539  [32m        [0;39m Current renewal threshold is : 1
2020-11-16 20:25:29.500 INFO  c.netflix.eureka.registry.AbstractInstanceRegistry:1250 [32m        [0;39m Running the evict task with compensationTime 0ms
2020-11-16 20:26:29.506 INFO  c.netflix.eureka.registry.AbstractInstanceRegistry:1250 [32m        [0;39m Running the evict task with compensationTime 5ms
2020-11-16 20:27:29.506 INFO  c.netflix.eureka.registry.AbstractInstanceRegistry:1250 [32m        [0;39m Running the evict task with compensationTime 0ms
2020-11-16 20:28:15.528 INFO  c.netflix.eureka.registry.AbstractInstanceRegistry:266  [32m        [0;39m Registered instance SYSTEM/localhost:system:9001 with status UP (replication=false)
2020-11-16 20:28:29.517 INFO  c.netflix.eureka.registry.AbstractInstanceRegistry:1250 [32m        [0;39m Running the evict task with compensationTime 11ms
2020-11-16 20:29:29.521 INFO  c.netflix.eureka.registry.AbstractInstanceRegistry:1250 [32m        [0;39m Running the evict task with compensationTime 3ms
2020-11-16 20:30:29.252 WARN  com.netflix.eureka.cluster.PeerEurekaNodes        :155  [32m        [0;39m The replica size seems to be empty. Check the route 53 DNS Registry
2020-11-16 20:30:29.536 INFO  c.netflix.eureka.registry.AbstractInstanceRegistry:1250 [32m        [0;39m Running the evict task with compensationTime 15ms
2020-11-16 20:31:25.129 INFO  c.netflix.eureka.registry.AbstractInstanceRegistry:266  [32m        [0;39m Registered instance SYSTEM/localhost:system:9001 with status DOWN (replication=false)
2020-11-16 20:31:28.250 INFO  c.netflix.eureka.registry.AbstractInstanceRegistry:330  [32m        [0;39m Cancelled instance SYSTEM/localhost:system:9001 (replication=false)
2020-11-16 20:31:29.550 INFO  c.netflix.eureka.registry.AbstractInstanceRegistry:1250 [32m        [0;39m Running the evict task with compensationTime 14ms
2020-11-16 20:31:32.564 INFO  c.netflix.eureka.registry.AbstractInstanceRegistry:266  [32m        [0;39m Registered instance SYSTEM/DESKTOP-M0AIH34:system:9001 with status UP (replication=false)
2020-11-16 20:31:34.306 INFO  c.netflix.eureka.registry.AbstractInstanceRegistry:266  [32m        [0;39m Registered instance SYSTEM/DESKTOP-M0AIH34:system:9001 with status DOWN (replication=false)
2020-11-16 20:31:37.545 INFO  c.netflix.eureka.registry.AbstractInstanceRegistry:330  [32m        [0;39m Cancelled instance SYSTEM/DESKTOP-M0AIH34:system:9001 (replication=false)
2020-11-16 20:31:43.224 INFO  c.netflix.eureka.registry.AbstractInstanceRegistry:266  [32m        [0;39m Registered instance SYSTEM/DESKTOP-M0AIH34:system:9001 with status UP (replication=false)
2020-11-16 20:31:48.228 INFO  c.netflix.eureka.registry.AbstractInstanceRegistry:266  [32m        [0;39m Registered instance SYSTEM/DESKTOP-M0AIH34:system:9001 with status DOWN (replication=false)
2020-11-16 20:31:48.239 INFO  c.netflix.eureka.registry.AbstractInstanceRegistry:330  [32m        [0;39m Cancelled instance SYSTEM/DESKTOP-M0AIH34:system:9001 (replication=false)
2020-11-16 20:31:55.042 INFO  c.netflix.eureka.registry.AbstractInstanceRegistry:266  [32m        [0;39m Registered instance SYSTEM/DESKTOP-M0AIH34:system:9001 with status UP (replication=false)
2020-11-16 20:31:57.267 INFO  c.netflix.eureka.registry.AbstractInstanceRegistry:266  [32m        [0;39m Registered instance SYSTEM/DESKTOP-M0AIH34:system:9001 with status DOWN (replication=false)
2020-11-16 20:31:57.289 INFO  c.netflix.eureka.registry.AbstractInstanceRegistry:330  [32m        [0;39m Cancelled instance SYSTEM/DESKTOP-M0AIH34:system:9001 (replication=false)
2020-11-16 20:32:01.342 INFO  c.netflix.eureka.registry.AbstractInstanceRegistry:266  [32m        [0;39m Registered instance SYSTEM/DESKTOP-M0AIH34:system:9001 with status UP (replication=false)
2020-11-16 20:32:29.565 INFO  c.netflix.eureka.registry.AbstractInstanceRegistry:1250 [32m        [0;39m Running the evict task with compensationTime 14ms
2020-11-16 20:33:29.569 INFO  c.netflix.eureka.registry.AbstractInstanceRegistry:1250 [32m        [0;39m Running the evict task with compensationTime 4ms
2020-11-16 20:34:29.577 INFO  c.netflix.eureka.registry.AbstractInstanceRegistry:1250 [32m        [0;39m Running the evict task with compensationTime 7ms
2020-11-16 20:35:29.586 INFO  c.netflix.eureka.registry.AbstractInstanceRegistry:1250 [32m        [0;39m Running the evict task with compensationTime 10ms
2020-11-16 20:36:29.598 INFO  c.netflix.eureka.registry.AbstractInstanceRegistry:1250 [32m        [0;39m Running the evict task with compensationTime 11ms
2020-11-16 20:37:29.603 INFO  c.netflix.eureka.registry.AbstractInstanceRegistry:1250 [32m        [0;39m Running the evict task with compensationTime 5ms
2020-11-16 20:38:29.606 INFO  c.netflix.eureka.registry.AbstractInstanceRegistry:1250 [32m        [0;39m Running the evict task with compensationTime 3ms
2020-11-16 20:39:29.608 INFO  c.netflix.eureka.registry.AbstractInstanceRegistry:1250 [32m        [0;39m Running the evict task with compensationTime 2ms
2020-11-16 20:40:29.263 WARN  com.netflix.eureka.cluster.PeerEurekaNodes        :155  [32m        [0;39m The replica size seems to be empty. Check the route 53 DNS Registry
2020-11-16 20:40:29.279 INFO  c.n.eureka.registry.PeerAwareInstanceRegistryImpl :539  [32m        [0;39m Current renewal threshold is : 3
2020-11-16 20:40:29.621 INFO  c.netflix.eureka.registry.AbstractInstanceRegistry:1250 [32m        [0;39m Running the evict task with compensationTime 12ms
2020-11-16 20:41:29.635 INFO  c.netflix.eureka.registry.AbstractInstanceRegistry:1250 [32m        [0;39m Running the evict task with compensationTime 14ms
2020-11-16 20:42:29.650 INFO  c.netflix.eureka.registry.AbstractInstanceRegistry:1250 [32m        [0;39m Running the evict task with compensationTime 14ms
2020-11-16 20:42:53.632 INFO  c.netflix.eureka.registry.AbstractInstanceRegistry:266  [32m        [0;39m Registered instance SYSTEM/DESKTOP-M0AIH34:system:9001 with status UP (replication=false)
2020-11-16 20:43:29.654 INFO  c.netflix.eureka.registry.AbstractInstanceRegistry:1250 [32m        [0;39m Running the evict task with compensationTime 4ms
2020-11-16 20:44:29.660 INFO  c.netflix.eureka.registry.AbstractInstanceRegistry:1250 [32m        [0;39m Running the evict task with compensationTime 6ms
2020-11-16 20:45:19.666 INFO  c.netflix.eureka.registry.AbstractInstanceRegistry:266  [32m        [0;39m Registered instance SYSTEM/DESKTOP-M0AIH34:system:9001 with status DOWN (replication=false)
2020-11-16 20:45:19.681 INFO  c.netflix.eureka.registry.AbstractInstanceRegistry:330  [32m        [0;39m Cancelled instance SYSTEM/DESKTOP-M0AIH34:system:9001 (replication=false)
2020-11-16 20:45:23.810 INFO  c.netflix.eureka.registry.AbstractInstanceRegistry:266  [32m        [0;39m Registered instance SYSTEM/DESKTOP-M0AIH34:system:9001 with status UP (replication=false)
2020-11-16 20:45:29.667 INFO  c.netflix.eureka.registry.AbstractInstanceRegistry:1250 [32m        [0;39m Running the evict task with compensationTime 6ms
2020-11-16 20:46:19.683 INFO  c.netflix.eureka.registry.AbstractInstanceRegistry:266  [32m        [0;39m Registered instance SYSTEM/DESKTOP-M0AIH34:system:9001 with status DOWN (replication=false)
2020-11-16 20:46:19.696 INFO  c.netflix.eureka.registry.AbstractInstanceRegistry:330  [32m        [0;39m Cancelled instance SYSTEM/DESKTOP-M0AIH34:system:9001 (replication=false)
2020-11-16 20:46:24.198 INFO  c.netflix.eureka.registry.AbstractInstanceRegistry:266  [32m        [0;39m Registered instance SYSTEM/DESKTOP-M0AIH34:system:9001 with status UP (replication=false)
2020-11-16 20:46:29.677 INFO  c.netflix.eureka.registry.AbstractInstanceRegistry:1250 [32m        [0;39m Running the evict task with compensationTime 9ms
2020-11-16 20:47:29.683 INFO  c.netflix.eureka.registry.AbstractInstanceRegistry:1250 [32m        [0;39m Running the evict task with compensationTime 6ms
2020-11-16 20:48:24.264 INFO  c.netflix.eureka.registry.AbstractInstanceRegistry:266  [32m        [0;39m Registered instance SYSTEM/DESKTOP-M0AIH34:system:9001 with status DOWN (replication=false)
2020-11-16 20:48:24.286 INFO  c.netflix.eureka.registry.AbstractInstanceRegistry:330  [32m        [0;39m Cancelled instance SYSTEM/DESKTOP-M0AIH34:system:9001 (replication=false)
2020-11-16 20:48:28.927 INFO  c.netflix.eureka.registry.AbstractInstanceRegistry:266  [32m        [0;39m Registered instance SYSTEM/DESKTOP-M0AIH34:system:9001 with status UP (replication=false)
2020-11-16 20:48:29.689 INFO  c.netflix.eureka.registry.AbstractInstanceRegistry:1250 [32m        [0;39m Running the evict task with compensationTime 5ms
2020-11-16 20:49:29.693 INFO  c.netflix.eureka.registry.AbstractInstanceRegistry:1250 [32m        [0;39m Running the evict task with compensationTime 4ms
2020-11-16 20:50:29.278 WARN  com.netflix.eureka.cluster.PeerEurekaNodes        :155  [32m        [0;39m The replica size seems to be empty. Check the route 53 DNS Registry
2020-11-16 20:50:29.700 INFO  c.netflix.eureka.registry.AbstractInstanceRegistry:1250 [32m        [0;39m Running the evict task with compensationTime 6ms
2020-11-16 20:51:29.705 INFO  c.netflix.eureka.registry.AbstractInstanceRegistry:1250 [32m        [0;39m Running the evict task with compensationTime 5ms
2020-11-16 20:51:47.362 INFO  c.netflix.eureka.registry.AbstractInstanceRegistry:266  [32m        [0;39m Registered instance GATEWAY/DESKTOP-M0AIH34:gateway:9000 with status UP (replication=false)
2020-11-16 20:52:09.067 INFO  c.netflix.eureka.registry.AbstractInstanceRegistry:266  [32m        [0;39m Registered instance BUSINESS/DESKTOP-M0AIH34:business:9002 with status UP (replication=false)
2020-11-16 20:52:29.711 INFO  c.netflix.eureka.registry.AbstractInstanceRegistry:1250 [32m        [0;39m Running the evict task with compensationTime 6ms
2020-11-16 20:53:29.718 INFO  c.netflix.eureka.registry.AbstractInstanceRegistry:1250 [32m        [0;39m Running the evict task with compensationTime 6ms
2020-11-16 20:54:29.725 INFO  c.netflix.eureka.registry.AbstractInstanceRegistry:1250 [32m        [0;39m Running the evict task with compensationTime 6ms
2020-11-16 20:55:29.280 INFO  c.n.eureka.registry.PeerAwareInstanceRegistryImpl :539  [32m        [0;39m Current renewal threshold is : 6
2020-11-16 20:55:29.735 INFO  c.netflix.eureka.registry.AbstractInstanceRegistry:1250 [32m        [0;39m Running the evict task with compensationTime 10ms
2020-11-16 20:56:29.747 INFO  c.netflix.eureka.registry.AbstractInstanceRegistry:1250 [32m        [0;39m Running the evict task with compensationTime 11ms
2020-11-16 20:57:29.747 INFO  c.netflix.eureka.registry.AbstractInstanceRegistry:1250 [32m        [0;39m Running the evict task with compensationTime 0ms
2020-11-16 20:58:29.748 INFO  c.netflix.eureka.registry.AbstractInstanceRegistry:1250 [32m        [0;39m Running the evict task with compensationTime 1ms
2020-11-16 20:59:29.753 INFO  c.netflix.eureka.registry.AbstractInstanceRegistry:1250 [32m        [0;39m Running the evict task with compensationTime 5ms
2020-11-16 21:00:29.280 WARN  com.netflix.eureka.cluster.PeerEurekaNodes        :155  [32m        [0;39m The replica size seems to be empty. Check the route 53 DNS Registry
2020-11-16 21:00:29.765 INFO  c.netflix.eureka.registry.AbstractInstanceRegistry:1250 [32m        [0;39m Running the evict task with compensationTime 10ms
2020-11-16 21:01:29.765 INFO  c.netflix.eureka.registry.AbstractInstanceRegistry:1250 [32m        [0;39m Running the evict task with compensationTime 0ms
2020-11-16 21:02:29.774 INFO  c.netflix.eureka.registry.AbstractInstanceRegistry:1250 [32m        [0;39m Running the evict task with compensationTime 8ms
2020-11-16 21:03:29.784 INFO  c.netflix.eureka.registry.AbstractInstanceRegistry:1250 [32m        [0;39m Running the evict task with compensationTime 10ms
2020-11-16 21:04:29.797 INFO  c.netflix.eureka.registry.AbstractInstanceRegistry:1250 [32m        [0;39m Running the evict task with compensationTime 13ms
2020-11-16 21:05:29.811 INFO  c.netflix.eureka.registry.AbstractInstanceRegistry:1250 [32m        [0;39m Running the evict task with compensationTime 13ms
2020-11-16 21:06:29.816 INFO  c.netflix.eureka.registry.AbstractInstanceRegistry:1250 [32m        [0;39m Running the evict task with compensationTime 5ms
2020-11-16 21:07:29.818 INFO  c.netflix.eureka.registry.AbstractInstanceRegistry:1250 [32m        [0;39m Running the evict task with compensationTime 1ms
2020-11-16 21:08:29.833 INFO  c.netflix.eureka.registry.AbstractInstanceRegistry:1250 [32m        [0;39m Running the evict task with compensationTime 15ms
2020-11-16 21:09:29.834 INFO  c.netflix.eureka.registry.AbstractInstanceRegistry:1250 [32m        [0;39m Running the evict task with compensationTime 0ms
2020-11-16 21:10:29.285 WARN  com.netflix.eureka.cluster.PeerEurekaNodes        :155  [32m        [0;39m The replica size seems to be empty. Check the route 53 DNS Registry
2020-11-16 21:10:29.285 INFO  c.n.eureka.registry.PeerAwareInstanceRegistryImpl :539  [32m        [0;39m Current renewal threshold is : 6
2020-11-16 21:10:29.849 INFO  c.netflix.eureka.registry.AbstractInstanceRegistry:1250 [32m        [0;39m Running the evict task with compensationTime 15ms
2020-11-16 21:11:29.852 INFO  c.netflix.eureka.registry.AbstractInstanceRegistry:1250 [32m        [0;39m Running the evict task with compensationTime 2ms
2020-11-16 21:12:29.859 INFO  c.netflix.eureka.registry.AbstractInstanceRegistry:1250 [32m        [0;39m Running the evict task with compensationTime 7ms
2020-11-16 21:13:29.870 INFO  c.netflix.eureka.registry.AbstractInstanceRegistry:1250 [32m        [0;39m Running the evict task with compensationTime 10ms
2020-11-16 21:14:29.883 INFO  c.netflix.eureka.registry.AbstractInstanceRegistry:1250 [32m        [0;39m Running the evict task with compensationTime 13ms
2020-11-16 21:15:29.888 INFO  c.netflix.eureka.registry.AbstractInstanceRegistry:1250 [32m        [0;39m Running the evict task with compensationTime 4ms
2020-11-16 21:16:29.897 INFO  c.netflix.eureka.registry.AbstractInstanceRegistry:1250 [32m        [0;39m Running the evict task with compensationTime 9ms
2020-11-16 21:17:29.913 INFO  c.netflix.eureka.registry.AbstractInstanceRegistry:1250 [32m        [0;39m Running the evict task with compensationTime 15ms
2020-11-16 21:18:29.922 INFO  c.netflix.eureka.registry.AbstractInstanceRegistry:1250 [32m        [0;39m Running the evict task with compensationTime 9ms
2020-11-16 21:19:29.929 INFO  c.netflix.eureka.registry.AbstractInstanceRegistry:1250 [32m        [0;39m Running the evict task with compensationTime 6ms
2020-11-16 21:20:29.289 WARN  com.netflix.eureka.cluster.PeerEurekaNodes        :155  [32m        [0;39m The replica size seems to be empty. Check the route 53 DNS Registry
2020-11-16 21:20:29.930 INFO  c.netflix.eureka.registry.AbstractInstanceRegistry:1250 [32m        [0;39m Running the evict task with compensationTime 1ms
2020-11-16 21:21:29.945 INFO  c.netflix.eureka.registry.AbstractInstanceRegistry:1250 [32m        [0;39m Running the evict task with compensationTime 14ms
2020-11-16 21:22:29.948 INFO  c.netflix.eureka.registry.AbstractInstanceRegistry:1250 [32m        [0;39m Running the evict task with compensationTime 4ms
2020-11-16 21:23:29.955 INFO  c.netflix.eureka.registry.AbstractInstanceRegistry:1250 [32m        [0;39m Running the evict task with compensationTime 5ms
2020-11-16 21:24:29.968 INFO  c.netflix.eureka.registry.AbstractInstanceRegistry:1250 [32m        [0;39m Running the evict task with compensationTime 13ms
2020-11-16 21:25:29.294 INFO  c.n.eureka.registry.PeerAwareInstanceRegistryImpl :539  [32m        [0;39m Current renewal threshold is : 6
2020-11-16 21:25:29.982 INFO  c.netflix.eureka.registry.AbstractInstanceRegistry:1250 [32m        [0;39m Running the evict task with compensationTime 13ms
2020-11-16 21:26:29.983 INFO  c.netflix.eureka.registry.AbstractInstanceRegistry:1250 [32m        [0;39m Running the evict task with compensationTime 1ms
2020-11-16 21:27:29.990 INFO  c.netflix.eureka.registry.AbstractInstanceRegistry:1250 [32m        [0;39m Running the evict task with compensationTime 6ms
2020-11-16 21:28:29.996 INFO  c.netflix.eureka.registry.AbstractInstanceRegistry:1250 [32m        [0;39m Running the evict task with compensationTime 6ms
2020-11-16 21:29:30.008 INFO  c.netflix.eureka.registry.AbstractInstanceRegistry:1250 [32m        [0;39m Running the evict task with compensationTime 11ms
2020-11-16 21:30:29.302 WARN  com.netflix.eureka.cluster.PeerEurekaNodes        :155  [32m        [0;39m The replica size seems to be empty. Check the route 53 DNS Registry
2020-11-16 21:30:30.008 INFO  c.netflix.eureka.registry.AbstractInstanceRegistry:1250 [32m        [0;39m Running the evict task with compensationTime 0ms
2020-11-16 21:31:30.023 INFO  c.netflix.eureka.registry.AbstractInstanceRegistry:1250 [32m        [0;39m Running the evict task with compensationTime 14ms
2020-11-16 21:32:30.027 INFO  c.netflix.eureka.registry.AbstractInstanceRegistry:1250 [32m        [0;39m Running the evict task with compensationTime 4ms
2020-11-16 21:33:30.037 INFO  c.netflix.eureka.registry.AbstractInstanceRegistry:1250 [32m        [0;39m Running the evict task with compensationTime 9ms
2020-11-16 21:34:30.052 INFO  c.netflix.eureka.registry.AbstractInstanceRegistry:1250 [32m        [0;39m Running the evict task with compensationTime 15ms
2020-11-16 21:35:30.053 INFO  c.netflix.eureka.registry.AbstractInstanceRegistry:1250 [32m        [0;39m Running the evict task with compensationTime 0ms
2020-11-16 21:36:30.061 INFO  c.netflix.eureka.registry.AbstractInstanceRegistry:1250 [32m        [0;39m Running the evict task with compensationTime 8ms
2020-11-16 21:37:30.072 INFO  c.netflix.eureka.registry.AbstractInstanceRegistry:1250 [32m        [0;39m Running the evict task with compensationTime 10ms
2020-11-16 21:38:30.085 INFO  c.netflix.eureka.registry.AbstractInstanceRegistry:1250 [32m        [0;39m Running the evict task with compensationTime 13ms
2020-11-16 21:39:30.094 INFO  c.netflix.eureka.registry.AbstractInstanceRegistry:1250 [32m        [0;39m Running the evict task with compensationTime 8ms
2020-11-16 21:40:29.298 INFO  c.n.eureka.registry.PeerAwareInstanceRegistryImpl :539  [32m        [0;39m Current renewal threshold is : 6
2020-11-16 21:40:29.314 WARN  com.netflix.eureka.cluster.PeerEurekaNodes        :155  [32m        [0;39m The replica size seems to be empty. Check the route 53 DNS Registry
2020-11-16 21:40:30.094 INFO  c.netflix.eureka.registry.AbstractInstanceRegistry:1250 [32m        [0;39m Running the evict task with compensationTime 0ms
2020-11-16 21:41:30.104 INFO  c.netflix.eureka.registry.AbstractInstanceRegistry:1250 [32m        [0;39m Running the evict task with compensationTime 10ms
2020-11-16 21:42:30.110 INFO  c.netflix.eureka.registry.AbstractInstanceRegistry:1250 [32m        [0;39m Running the evict task with compensationTime 5ms
2020-11-16 21:43:30.115 INFO  c.netflix.eureka.registry.AbstractInstanceRegistry:1250 [32m        [0;39m Running the evict task with compensationTime 6ms
2020-11-16 21:44:30.123 INFO  c.netflix.eureka.registry.AbstractInstanceRegistry:1250 [32m        [0;39m Running the evict task with compensationTime 6ms
2020-11-16 21:45:30.127 INFO  c.netflix.eureka.registry.AbstractInstanceRegistry:1250 [32m        [0;39m Running the evict task with compensationTime 4ms
2020-11-16 21:46:30.140 INFO  c.netflix.eureka.registry.AbstractInstanceRegistry:1250 [32m        [0;39m Running the evict task with compensationTime 12ms
2020-11-16 21:47:30.143 INFO  c.netflix.eureka.registry.AbstractInstanceRegistry:1250 [32m        [0;39m Running the evict task with compensationTime 3ms
2020-11-16 21:48:30.152 INFO  c.netflix.eureka.registry.AbstractInstanceRegistry:1250 [32m        [0;39m Running the evict task with compensationTime 8ms
2020-11-16 21:49:30.164 INFO  c.netflix.eureka.registry.AbstractInstanceRegistry:1250 [32m        [0;39m Running the evict task with compensationTime 12ms
2020-11-16 21:50:29.322 WARN  com.netflix.eureka.cluster.PeerEurekaNodes        :155  [32m        [0;39m The replica size seems to be empty. Check the route 53 DNS Registry
2020-11-16 21:50:30.166 INFO  c.netflix.eureka.registry.AbstractInstanceRegistry:1250 [32m        [0;39m Running the evict task with compensationTime 1ms
2020-11-16 21:51:30.175 INFO  c.netflix.eureka.registry.AbstractInstanceRegistry:1250 [32m        [0;39m Running the evict task with compensationTime 9ms
2020-11-16 21:52:30.178 INFO  c.netflix.eureka.registry.AbstractInstanceRegistry:1250 [32m        [0;39m Running the evict task with compensationTime 3ms
2020-11-16 21:53:30.181 INFO  c.netflix.eureka.registry.AbstractInstanceRegistry:1250 [32m        [0;39m Running the evict task with compensationTime 2ms
2020-11-16 21:54:30.187 INFO  c.netflix.eureka.registry.AbstractInstanceRegistry:1250 [32m        [0;39m Running the evict task with compensationTime 5ms
2020-11-16 21:55:29.299 INFO  c.n.eureka.registry.PeerAwareInstanceRegistryImpl :539  [32m        [0;39m Current renewal threshold is : 6
2020-11-16 21:55:30.192 INFO  c.netflix.eureka.registry.AbstractInstanceRegistry:1250 [32m        [0;39m Running the evict task with compensationTime 4ms
2020-11-16 21:56:30.193 INFO  c.netflix.eureka.registry.AbstractInstanceRegistry:1250 [32m        [0;39m Running the evict task with compensationTime 1ms
2020-11-16 21:57:30.205 INFO  c.netflix.eureka.registry.AbstractInstanceRegistry:1250 [32m        [0;39m Running the evict task with compensationTime 12ms
2020-11-16 21:58:30.221 INFO  c.netflix.eureka.registry.AbstractInstanceRegistry:1250 [32m        [0;39m Running the evict task with compensationTime 15ms
2020-11-16 21:59:30.222 INFO  c.netflix.eureka.registry.AbstractInstanceRegistry:1250 [32m        [0;39m Running the evict task with compensationTime 1ms
2020-11-16 22:00:29.335 WARN  com.netflix.eureka.cluster.PeerEurekaNodes        :155  [32m        [0;39m The replica size seems to be empty. Check the route 53 DNS Registry
2020-11-16 22:00:30.237 INFO  c.netflix.eureka.registry.AbstractInstanceRegistry:1250 [32m        [0;39m Running the evict task with compensationTime 14ms
2020-11-16 22:01:30.250 INFO  c.netflix.eureka.registry.AbstractInstanceRegistry:1250 [32m        [0;39m Running the evict task with compensationTime 13ms
2020-11-16 22:02:30.255 INFO  c.netflix.eureka.registry.AbstractInstanceRegistry:1250 [32m        [0;39m Running the evict task with compensationTime 4ms
2020-11-16 22:03:06.400 INFO  c.netflix.eureka.registry.AbstractInstanceRegistry:266  [32m        [0;39m Registered instance BUSINESS/DESKTOP-M0AIH34:business:9002 with status DOWN (replication=false)
2020-11-16 22:03:09.429 INFO  c.netflix.eureka.registry.AbstractInstanceRegistry:330  [32m        [0;39m Cancelled instance BUSINESS/DESKTOP-M0AIH34:business:9002 (replication=false)
2020-11-16 22:03:13.210 INFO  c.netflix.eureka.registry.AbstractInstanceRegistry:266  [32m        [0;39m Registered instance BUSINESS/DESKTOP-M0AIH34:business:9002 with status UP (replication=false)
2020-11-16 22:03:30.257 INFO  c.netflix.eureka.registry.AbstractInstanceRegistry:1250 [32m        [0;39m Running the evict task with compensationTime 1ms
2020-11-16 22:04:06.970 INFO  c.netflix.eureka.registry.AbstractInstanceRegistry:266  [32m        [0;39m Registered instance BUSINESS/DESKTOP-M0AIH34:business:9002 with status DOWN (replication=false)
2020-11-16 22:04:06.981 INFO  c.netflix.eureka.registry.AbstractInstanceRegistry:330  [32m        [0;39m Cancelled instance BUSINESS/DESKTOP-M0AIH34:business:9002 (replication=false)
2020-11-16 22:04:10.605 INFO  c.netflix.eureka.registry.AbstractInstanceRegistry:266  [32m        [0;39m Registered instance BUSINESS/DESKTOP-M0AIH34:business:9002 with status UP (replication=false)
2020-11-16 22:04:30.257 INFO  c.netflix.eureka.registry.AbstractInstanceRegistry:1250 [32m        [0;39m Running the evict task with compensationTime 0ms
2020-11-16 22:14:55.149 INFO  o.s.c.s.PostProcessorRegistrationDelegate$BeanPostProcessorChecker:330  [32m        [0;39m Bean 'org.springframework.cloud.autoconfigure.ConfigurationPropertiesRebinderAutoConfiguration' of type [org.springframework.cloud.autoconfigure.ConfigurationPropertiesRebinderAutoConfiguration] is not eligible for getting processed by all BeanPostProcessors (for example: not eligible for auto-proxying)
2020-11-16 22:14:55.859 INFO  com.sise.course.EurekaApplication                 :651  [32m        [0;39m No active profile set, falling back to default profiles: default
2020-11-16 22:14:56.694 WARN  o.springframework.boot.actuate.endpoint.EndpointId:155  [32m        [0;39m Endpoint ID 'service-registry' contains invalid characters, please migrate to a valid format.
2020-11-16 22:14:56.862 INFO  o.springframework.cloud.context.scope.GenericScope:295  [32m        [0;39m BeanFactory id=727903e1-a861-3273-abc1-091a54618a28
2020-11-16 22:14:57.062 INFO  o.s.c.s.PostProcessorRegistrationDelegate$BeanPostProcessorChecker:330  [32m        [0;39m Bean 'org.springframework.cloud.autoconfigure.ConfigurationPropertiesRebinderAutoConfiguration' of type [org.springframework.cloud.autoconfigure.ConfigurationPropertiesRebinderAutoConfiguration] is not eligible for getting processed by all BeanPostProcessors (for example: not eligible for auto-proxying)
2020-11-16 22:14:57.387 INFO  o.s.boot.web.embedded.tomcat.TomcatWebServer      :92   [32m        [0;39m Tomcat initialized with port(s): 8761 (http)
2020-11-16 22:14:57.402 INFO  org.apache.coyote.http11.Http11NioProtocol        :173  [32m        [0;39m Initializing ProtocolHandler ["http-nio-8761"]
2020-11-16 22:14:57.403 INFO  org.apache.catalina.core.StandardService          :173  [32m        [0;39m Starting service [Tomcat]
2020-11-16 22:14:57.404 INFO  org.apache.catalina.core.StandardEngine           :173  [32m        [0;39m Starting Servlet engine: [Apache Tomcat/9.0.29]
2020-11-16 22:14:57.547 INFO  o.a.c.core.ContainerBase.[Tomcat].[localhost].[/] :173  [32m        [0;39m Initializing Spring embedded WebApplicationContext
2020-11-16 22:14:57.547 INFO  org.springframework.web.context.ContextLoader     :284  [32m        [0;39m Root WebApplicationContext: initialization completed in 1676 ms
2020-11-16 22:14:57.654 WARN  com.netflix.config.sources.URLConfigurationSource :121  [32m        [0;39m No URLs will be polled as dynamic configuration sources.
2020-11-16 22:14:57.654 INFO  com.netflix.config.sources.URLConfigurationSource :122  [32m        [0;39m To enable URLs as dynamic configuration sources, define System property archaius.configurationSource.additionalUrls or make config.properties available on classpath.
2020-11-16 22:14:57.665 INFO  com.netflix.config.DynamicPropertyFactory         :281  [32m        [0;39m DynamicPropertyFactory is initialized with configuration sources: com.netflix.config.ConcurrentCompositeConfiguration@5bb51241
2020-11-16 22:14:58.927 INFO  c.s.j.server.impl.application.WebApplicationImpl  :815  [32m        [0;39m Initiating Jersey application, version 'Jersey: 1.19.1 03/11/2016 02:08 PM'
2020-11-16 22:14:59.072 INFO  c.n.discovery.provider.DiscoveryJerseyProvider    :70   [32m        [0;39m Using JSON encoding codec LegacyJacksonJson
2020-11-16 22:14:59.074 INFO  c.n.discovery.provider.DiscoveryJerseyProvider    :71   [32m        [0;39m Using JSON decoding codec LegacyJacksonJson
2020-11-16 22:14:59.421 INFO  c.n.discovery.provider.DiscoveryJerseyProvider    :80   [32m        [0;39m Using XML encoding codec XStreamXml
2020-11-16 22:14:59.421 INFO  c.n.discovery.provider.DiscoveryJerseyProvider    :81   [32m        [0;39m Using XML decoding codec XStreamXml
2020-11-16 22:14:59.745 WARN  com.netflix.config.sources.URLConfigurationSource :121  [32m        [0;39m No URLs will be polled as dynamic configuration sources.
2020-11-16 22:14:59.746 INFO  com.netflix.config.sources.URLConfigurationSource :122  [32m        [0;39m To enable URLs as dynamic configuration sources, define System property archaius.configurationSource.additionalUrls or make config.properties available on classpath.
2020-11-16 22:14:59.874 INFO  o.s.scheduling.concurrent.ThreadPoolTaskExecutor  :171  [32m        [0;39m Initializing ExecutorService 'applicationTaskExecutor'
2020-11-16 22:15:01.211 WARN  o.s.c.l.c.BlockingLoadBalancerClientAutoConfiguration$BlockingLoadBalancerClientRibbonWarnLogger:106  [32m        [0;39m You already have RibbonLoadBalancerClient on your classpath. It will be used by default. As Spring Cloud Ribbon is in maintenance mode. We recommend switching to BlockingLoadBalancerClient instead. In order to use it, set the value of `spring.cloud.loadbalancer.ribbon.enabled` to `false` or remove spring-cloud-starter-netflix-ribbon from your project.
2020-11-16 22:15:01.251 WARN  o.s.c.l.c.LoadBalancerCacheAutoConfiguration$LoadBalancerCaffeineWarnLogger:81   [32m        [0;39m Spring Cloud LoadBalancer is currently working with default default cache. You can switch to using Caffeine cache, by adding it to the classpath.
2020-11-16 22:15:01.268 INFO  o.s.cloud.netflix.eureka.InstanceInfoFactory      :72   [32m        [0;39m Setting initial instance status as: STARTING
2020-11-16 22:15:01.350 INFO  com.netflix.discovery.DiscoveryClient             :365  [32m        [0;39m Initializing Eureka in region us-east-1
2020-11-16 22:15:01.350 INFO  com.netflix.discovery.DiscoveryClient             :368  [32m        [0;39m Client configured to neither register nor query for data.
2020-11-16 22:15:01.367 INFO  com.netflix.discovery.DiscoveryClient             :381  [32m        [0;39m Discovery Client initialized at timestamp 1605536101363 with initial instances count: 0
2020-11-16 22:15:01.416 INFO  com.netflix.eureka.DefaultEurekaServerContext     :63   [32m        [0;39m Initializing ...
2020-11-16 22:15:01.418 INFO  com.netflix.eureka.cluster.PeerEurekaNodes        :187  [32m        [0;39m Adding new peer nodes [http://localhost:8761/eureka/]
2020-11-16 22:15:02.157 INFO  c.n.discovery.provider.DiscoveryJerseyProvider    :70   [32m        [0;39m Using JSON encoding codec LegacyJacksonJson
2020-11-16 22:15:02.157 INFO  c.n.discovery.provider.DiscoveryJerseyProvider    :71   [32m        [0;39m Using JSON decoding codec LegacyJacksonJson
2020-11-16 22:15:02.158 INFO  c.n.discovery.provider.DiscoveryJerseyProvider    :80   [32m        [0;39m Using XML encoding codec XStreamXml
2020-11-16 22:15:02.158 INFO  c.n.discovery.provider.DiscoveryJerseyProvider    :81   [32m        [0;39m Using XML decoding codec XStreamXml
2020-11-16 22:15:02.315 INFO  com.netflix.eureka.cluster.PeerEurekaNodes        :109  [32m        [0;39m Replica node URL:  http://localhost:8761/eureka/
2020-11-16 22:15:02.322 INFO  c.netflix.eureka.registry.AbstractInstanceRegistry:151  [32m        [0;39m Finished initializing remote region registries. All known remote regions: []
2020-11-16 22:15:02.323 INFO  com.netflix.eureka.DefaultEurekaServerContext     :70   [32m        [0;39m Initialized
2020-11-16 22:15:02.335 INFO  o.s.b.actuate.endpoint.web.EndpointLinksResolver  :58   [32m        [0;39m Exposing 2 endpoint(s) beneath base path '/actuator'
2020-11-16 22:15:02.392 INFO  o.s.c.n.e.serviceregistry.EurekaServiceRegistry   :41   [32m        [0;39m Registering application EUREKA with eureka with status UP
2020-11-16 22:15:02.394 INFO  o.s.c.netflix.eureka.server.EurekaServerBootstrap :110  [32m        [0;39m Setting the eureka configuration..
2020-11-16 22:15:02.395 INFO  o.s.c.netflix.eureka.server.EurekaServerBootstrap :115  [32m        [0;39m Eureka data center value eureka.datacenter is not set, defaulting to default
2020-11-16 22:15:02.395 INFO  o.s.c.netflix.eureka.server.EurekaServerBootstrap :129  [32m        [0;39m Eureka environment value eureka.environment is not set, defaulting to test
2020-11-16 22:15:02.443 INFO  o.s.c.netflix.eureka.server.EurekaServerBootstrap :188  [32m        [0;39m isAws returned false
2020-11-16 22:15:02.443 INFO  o.s.c.netflix.eureka.server.EurekaServerBootstrap :153  [32m        [0;39m Initialized server context
2020-11-16 22:15:02.444 INFO  c.n.eureka.registry.PeerAwareInstanceRegistryImpl :241  [32m        [0;39m Got 1 instances from neighboring DS node
2020-11-16 22:15:02.444 INFO  c.n.eureka.registry.PeerAwareInstanceRegistryImpl :242  [32m        [0;39m Renew threshold is: 1
2020-11-16 22:15:02.445 INFO  org.apache.coyote.http11.Http11NioProtocol        :173  [32m        [0;39m Starting ProtocolHandler ["http-nio-8761"]
2020-11-16 22:15:02.444 INFO  c.n.eureka.registry.PeerAwareInstanceRegistryImpl :253  [32m        [0;39m Changing status to UP
2020-11-16 22:15:02.455 INFO  o.s.c.n.e.s.EurekaServerInitializerConfiguration  :72   [32m        [0;39m Started Eureka Server
2020-11-16 22:15:02.505 INFO  o.s.boot.web.embedded.tomcat.TomcatWebServer      :204  [32m        [0;39m Tomcat started on port(s): 8761 (http) with context path ''
2020-11-16 22:15:02.505 INFO  o.s.c.n.e.s.EurekaAutoServiceRegistration         :145  [32m        [0;39m Updating port to 8761
2020-11-16 22:15:02.988 INFO  com.sise.course.EurekaApplication                 :61   [32m        [0;39m Started EurekaApplication in 9.384 seconds (JVM running for 10.883)
2020-11-16 22:15:03.009 INFO  com.sise.course.EurekaApplication                 :23   [32m        [0;39m 启动成功！！
2020-11-16 22:15:03.010 INFO  com.sise.course.EurekaApplication                 :24   [32m        [0;39m Eureka地址: 	http://127.0.0.1:8761
2020-11-16 22:15:03.493 INFO  o.a.c.core.ContainerBase.[Tomcat].[localhost].[/] :173  [32m        [0;39m Initializing Spring DispatcherServlet 'dispatcherServlet'
2020-11-16 22:15:03.494 INFO  org.springframework.web.servlet.DispatcherServlet :525  [32m        [0;39m Initializing Servlet 'dispatcherServlet'
2020-11-16 22:15:03.500 INFO  org.springframework.web.servlet.DispatcherServlet :547  [32m        [0;39m Completed initialization in 6 ms
2020-11-16 22:15:18.479 INFO  c.netflix.eureka.registry.AbstractInstanceRegistry:266  [32m        [0;39m Registered instance GATEWAY/DESKTOP-M0AIH34:gateway:9000 with status UP (replication=false)
2020-11-16 22:15:19.091 INFO  c.netflix.eureka.registry.AbstractInstanceRegistry:266  [32m        [0;39m Registered instance GATEWAY/DESKTOP-M0AIH34:gateway:9000 with status UP (replication=true)
2020-11-16 22:15:23.913 INFO  c.netflix.eureka.registry.AbstractInstanceRegistry:266  [32m        [0;39m Registered instance SYSTEM/DESKTOP-M0AIH34:system:9001 with status UP (replication=false)
2020-11-16 22:15:24.438 INFO  c.netflix.eureka.registry.AbstractInstanceRegistry:266  [32m        [0;39m Registered instance SYSTEM/DESKTOP-M0AIH34:system:9001 with status UP (replication=true)
2020-11-16 22:16:02.448 INFO  c.netflix.eureka.registry.AbstractInstanceRegistry:1250 [32m        [0;39m Running the evict task with compensationTime 0ms
2020-11-16 22:17:02.453 INFO  c.netflix.eureka.registry.AbstractInstanceRegistry:1250 [32m        [0;39m Running the evict task with compensationTime 5ms
2020-11-16 22:18:02.457 INFO  c.netflix.eureka.registry.AbstractInstanceRegistry:1250 [32m        [0;39m Running the evict task with compensationTime 3ms
2020-11-16 22:19:02.470 INFO  c.netflix.eureka.registry.AbstractInstanceRegistry:1250 [32m        [0;39m Running the evict task with compensationTime 13ms
2020-11-16 22:20:02.480 INFO  c.netflix.eureka.registry.AbstractInstanceRegistry:1250 [32m        [0;39m Running the evict task with compensationTime 9ms
2020-11-16 22:20:10.906 INFO  c.netflix.eureka.registry.AbstractInstanceRegistry:266  [32m        [0;39m Registered instance BUSINESS/DESKTOP-M0AIH34:business:9002 with status UP (replication=false)
2020-11-16 22:20:11.427 INFO  c.netflix.eureka.registry.AbstractInstanceRegistry:266  [32m        [0;39m Registered instance BUSINESS/DESKTOP-M0AIH34:business:9002 with status UP (replication=true)
2020-11-16 22:21:02.486 INFO  c.netflix.eureka.registry.AbstractInstanceRegistry:1250 [32m        [0;39m Running the evict task with compensationTime 5ms
2020-11-16 22:22:02.488 INFO  c.netflix.eureka.registry.AbstractInstanceRegistry:1250 [32m        [0;39m Running the evict task with compensationTime 2ms
2020-11-16 22:23:02.496 INFO  c.netflix.eureka.registry.AbstractInstanceRegistry:1250 [32m        [0;39m Running the evict task with compensationTime 7ms
2020-11-16 22:24:02.500 INFO  c.netflix.eureka.registry.AbstractInstanceRegistry:1250 [32m        [0;39m Running the evict task with compensationTime 4ms
2020-11-16 22:25:02.508 INFO  c.netflix.eureka.registry.AbstractInstanceRegistry:1250 [32m        [0;39m Running the evict task with compensationTime 8ms
2020-11-16 22:26:02.517 INFO  c.netflix.eureka.registry.AbstractInstanceRegistry:1250 [32m        [0;39m Running the evict task with compensationTime 8ms
2020-11-16 22:27:02.521 INFO  c.netflix.eureka.registry.AbstractInstanceRegistry:1250 [32m        [0;39m Running the evict task with compensationTime 3ms
2020-11-16 22:28:02.531 INFO  c.netflix.eureka.registry.AbstractInstanceRegistry:1250 [32m        [0;39m Running the evict task with compensationTime 10ms
2020-11-16 22:29:02.535 INFO  c.netflix.eureka.registry.AbstractInstanceRegistry:1250 [32m        [0;39m Running the evict task with compensationTime 3ms
2020-11-16 22:30:02.330 INFO  c.n.eureka.registry.PeerAwareInstanceRegistryImpl :539  [32m        [0;39m Current renewal threshold is : 6
2020-11-16 22:30:02.550 INFO  c.netflix.eureka.registry.AbstractInstanceRegistry:1250 [32m        [0;39m Running the evict task with compensationTime 15ms
2020-11-16 22:31:02.551 INFO  c.netflix.eureka.registry.AbstractInstanceRegistry:1250 [32m        [0;39m Running the evict task with compensationTime 1ms
2020-11-16 22:32:02.552 INFO  c.netflix.eureka.registry.AbstractInstanceRegistry:1250 [32m        [0;39m Running the evict task with compensationTime 1ms
2020-11-16 22:33:02.565 INFO  c.netflix.eureka.registry.AbstractInstanceRegistry:1250 [32m        [0;39m Running the evict task with compensationTime 12ms
2020-11-16 22:34:02.570 INFO  c.netflix.eureka.registry.AbstractInstanceRegistry:1250 [32m        [0;39m Running the evict task with compensationTime 5ms
2020-11-16 22:34:35.757 INFO  c.netflix.eureka.registry.AbstractInstanceRegistry:266  [32m        [0;39m Registered instance BUSINESS/DESKTOP-M0AIH34:business:9002 with status DOWN (replication=false)
2020-11-16 22:34:35.772 INFO  c.netflix.eureka.registry.AbstractInstanceRegistry:330  [32m        [0;39m Cancelled instance BUSINESS/DESKTOP-M0AIH34:business:9002 (replication=false)
2020-11-16 22:34:36.287 INFO  c.netflix.eureka.registry.AbstractInstanceRegistry:266  [32m        [0;39m Registered instance BUSINESS/DESKTOP-M0AIH34:business:9002 with status DOWN (replication=true)
2020-11-16 22:34:36.288 INFO  c.netflix.eureka.registry.AbstractInstanceRegistry:330  [32m        [0;39m Cancelled instance BUSINESS/DESKTOP-M0AIH34:business:9002 (replication=true)
2020-11-16 22:34:40.203 INFO  c.netflix.eureka.registry.AbstractInstanceRegistry:266  [32m        [0;39m Registered instance BUSINESS/DESKTOP-M0AIH34:business:9002 with status UP (replication=false)
2020-11-16 22:34:40.730 INFO  c.netflix.eureka.registry.AbstractInstanceRegistry:266  [32m        [0;39m Registered instance BUSINESS/DESKTOP-M0AIH34:business:9002 with status UP (replication=true)
2020-11-16 22:35:02.577 INFO  c.netflix.eureka.registry.AbstractInstanceRegistry:1250 [32m        [0;39m Running the evict task with compensationTime 7ms
2020-11-16 22:35:05.653 INFO  c.netflix.eureka.registry.AbstractInstanceRegistry:266  [32m        [0;39m Registered instance BUSINESS/DESKTOP-M0AIH34:business:9002 with status DOWN (replication=false)
2020-11-16 22:35:05.680 INFO  c.netflix.eureka.registry.AbstractInstanceRegistry:330  [32m        [0;39m Cancelled instance BUSINESS/DESKTOP-M0AIH34:business:9002 (replication=false)
2020-11-16 22:35:06.175 INFO  c.netflix.eureka.registry.AbstractInstanceRegistry:266  [32m        [0;39m Registered instance BUSINESS/DESKTOP-M0AIH34:business:9002 with status DOWN (replication=true)
2020-11-16 22:35:06.176 INFO  c.netflix.eureka.registry.AbstractInstanceRegistry:330  [32m        [0;39m Cancelled instance BUSINESS/DESKTOP-M0AIH34:business:9002 (replication=true)
2020-11-16 22:35:29.672 INFO  c.netflix.eureka.registry.AbstractInstanceRegistry:266  [32m        [0;39m Registered instance BUSINESS/DESKTOP-M0AIH34:business:9002 with status UP (replication=false)
2020-11-16 22:35:30.202 INFO  c.netflix.eureka.registry.AbstractInstanceRegistry:266  [32m        [0;39m Registered instance BUSINESS/DESKTOP-M0AIH34:business:9002 with status UP (replication=true)
2020-11-16 22:36:02.591 INFO  c.netflix.eureka.registry.AbstractInstanceRegistry:1250 [32m        [0;39m Running the evict task with compensationTime 13ms
2020-11-16 22:37:02.603 INFO  c.netflix.eureka.registry.AbstractInstanceRegistry:1250 [32m        [0;39m Running the evict task with compensationTime 11ms
2020-11-16 22:38:02.610 INFO  c.netflix.eureka.registry.AbstractInstanceRegistry:1250 [32m        [0;39m Running the evict task with compensationTime 7ms
2020-11-16 22:38:24.261 INFO  c.netflix.eureka.registry.AbstractInstanceRegistry:266  [32m        [0;39m Registered instance SYSTEM/DESKTOP-M0AIH34:system:9001 with status DOWN (replication=false)
2020-11-16 22:38:24.588 INFO  c.netflix.eureka.registry.AbstractInstanceRegistry:266  [32m        [0;39m Registered instance BUSINESS/DESKTOP-M0AIH34:business:9002 with status DOWN (replication=false)
2020-11-16 22:38:24.604 INFO  c.netflix.eureka.registry.AbstractInstanceRegistry:330  [32m        [0;39m Cancelled instance BUSINESS/DESKTOP-M0AIH34:business:9002 (replication=false)
2020-11-16 22:38:24.808 INFO  c.netflix.eureka.registry.AbstractInstanceRegistry:266  [32m        [0;39m Registered instance SYSTEM/DESKTOP-M0AIH34:system:9001 with status DOWN (replication=true)
2020-11-16 22:38:24.813 INFO  c.netflix.eureka.registry.AbstractInstanceRegistry:266  [32m        [0;39m Registered instance BUSINESS/DESKTOP-M0AIH34:business:9002 with status DOWN (replication=true)
2020-11-16 22:38:24.814 INFO  c.netflix.eureka.registry.AbstractInstanceRegistry:330  [32m        [0;39m Cancelled instance BUSINESS/DESKTOP-M0AIH34:business:9002 (replication=true)
2020-11-16 22:38:27.297 INFO  c.netflix.eureka.registry.AbstractInstanceRegistry:330  [32m        [0;39m Cancelled instance SYSTEM/DESKTOP-M0AIH34:system:9001 (replication=false)
2020-11-16 22:38:27.819 WARN  c.netflix.eureka.registry.AbstractInstanceRegistry:315  [32m        [0;39m DS: Registry: cancel failed because Lease is not registered for: SYSTEM/DESKTOP-M0AIH34:system:9001
2020-11-16 22:38:27.819 INFO  com.netflix.eureka.resources.InstanceResource     :288  [32m        [0;39m Not Found (Cancel): SYSTEM - DESKTOP-M0AIH34:system:9001
2020-11-16 22:38:27.820 WARN  com.netflix.eureka.cluster.ReplicationTask        :35   [32m        [0;39m The replication of task SYSTEM/DESKTOP-M0AIH34:system:9001:Cancel@localhost failed with response code 404
2020-11-16 22:38:27.820 WARN  com.netflix.eureka.cluster.PeerEurekaNode         :171  [32m        [0;39m SYSTEM/DESKTOP-M0AIH34:system:9001:Cancel@localhost: missing entry.
2020-11-16 22:39:02.622 INFO  c.netflix.eureka.registry.AbstractInstanceRegistry:1250 [32m        [0;39m Running the evict task with compensationTime 11ms
2020-11-16 22:40:02.631 INFO  c.netflix.eureka.registry.AbstractInstanceRegistry:1250 [32m        [0;39m Running the evict task with compensationTime 9ms
2020-11-16 22:40:41.087 INFO  c.netflix.eureka.registry.AbstractInstanceRegistry:266  [32m        [0;39m Registered instance BUSINESS/DESKTOP-M0AIH34:business:9002 with status UP (replication=false)
2020-11-16 22:40:41.521 INFO  c.netflix.eureka.registry.AbstractInstanceRegistry:266  [32m        [0;39m Registered instance SYSTEM/DESKTOP-M0AIH34:system:9001 with status UP (replication=false)
2020-11-16 22:40:41.614 INFO  c.netflix.eureka.registry.AbstractInstanceRegistry:266  [32m        [0;39m Registered instance BUSINESS/DESKTOP-M0AIH34:business:9002 with status UP (replication=true)
2020-11-16 22:40:41.614 INFO  c.netflix.eureka.registry.AbstractInstanceRegistry:266  [32m        [0;39m Registered instance SYSTEM/DESKTOP-M0AIH34:system:9001 with status UP (replication=true)
2020-11-16 22:41:02.644 INFO  c.netflix.eureka.registry.AbstractInstanceRegistry:1250 [32m        [0;39m Running the evict task with compensationTime 12ms
2020-11-16 22:42:02.658 INFO  c.netflix.eureka.registry.AbstractInstanceRegistry:1250 [32m        [0;39m Running the evict task with compensationTime 13ms
2020-11-16 22:43:02.667 INFO  c.netflix.eureka.registry.AbstractInstanceRegistry:1250 [32m        [0;39m Running the evict task with compensationTime 9ms
2020-11-16 22:44:02.671 INFO  c.netflix.eureka.registry.AbstractInstanceRegistry:1250 [32m        [0;39m Running the evict task with compensationTime 3ms
2020-11-16 22:45:02.340 INFO  c.n.eureka.registry.PeerAwareInstanceRegistryImpl :539  [32m        [0;39m Current renewal threshold is : 6
2020-11-16 22:45:02.680 INFO  c.netflix.eureka.registry.AbstractInstanceRegistry:1250 [32m        [0;39m Running the evict task with compensationTime 9ms
2020-11-16 22:46:02.687 INFO  c.netflix.eureka.registry.AbstractInstanceRegistry:1250 [32m        [0;39m Running the evict task with compensationTime 6ms
2020-11-16 22:47:02.696 INFO  c.netflix.eureka.registry.AbstractInstanceRegistry:1250 [32m        [0;39m Running the evict task with compensationTime 9ms
2020-11-16 22:48:02.698 INFO  c.netflix.eureka.registry.AbstractInstanceRegistry:1250 [32m        [0;39m Running the evict task with compensationTime 1ms
2020-11-16 22:48:12.353 INFO  c.netflix.eureka.registry.AbstractInstanceRegistry:266  [32m        [0;39m Registered instance BUSINESS/DESKTOP-M0AIH34:business:9002 with status DOWN (replication=false)
2020-11-16 22:48:12.369 INFO  c.netflix.eureka.registry.AbstractInstanceRegistry:330  [32m        [0;39m Cancelled instance BUSINESS/DESKTOP-M0AIH34:business:9002 (replication=false)
2020-11-16 22:48:12.865 INFO  c.netflix.eureka.registry.AbstractInstanceRegistry:266  [32m        [0;39m Registered instance BUSINESS/DESKTOP-M0AIH34:business:9002 with status DOWN (replication=true)
2020-11-16 22:48:12.865 INFO  c.netflix.eureka.registry.AbstractInstanceRegistry:330  [32m        [0;39m Cancelled instance BUSINESS/DESKTOP-M0AIH34:business:9002 (replication=true)
2020-11-16 22:48:13.053 INFO  c.netflix.eureka.registry.AbstractInstanceRegistry:266  [32m        [0;39m Registered instance SYSTEM/DESKTOP-M0AIH34:system:9001 with status DOWN (replication=false)
2020-11-16 22:48:13.067 INFO  c.netflix.eureka.registry.AbstractInstanceRegistry:330  [32m        [0;39m Cancelled instance SYSTEM/DESKTOP-M0AIH34:system:9001 (replication=false)
2020-11-16 22:48:13.583 INFO  c.netflix.eureka.registry.AbstractInstanceRegistry:266  [32m        [0;39m Registered instance SYSTEM/DESKTOP-M0AIH34:system:9001 with status DOWN (replication=true)
2020-11-16 22:48:13.583 INFO  c.netflix.eureka.registry.AbstractInstanceRegistry:330  [32m        [0;39m Cancelled instance SYSTEM/DESKTOP-M0AIH34:system:9001 (replication=true)
2020-11-16 22:48:17.435 INFO  c.netflix.eureka.registry.AbstractInstanceRegistry:266  [32m        [0;39m Registered instance BUSINESS/DESKTOP-M0AIH34:business:9002 with status UP (replication=false)
2020-11-16 22:48:17.966 INFO  c.netflix.eureka.registry.AbstractInstanceRegistry:266  [32m        [0;39m Registered instance BUSINESS/DESKTOP-M0AIH34:business:9002 with status UP (replication=true)
2020-11-16 22:48:18.325 INFO  c.netflix.eureka.registry.AbstractInstanceRegistry:266  [32m        [0;39m Registered instance SYSTEM/DESKTOP-M0AIH34:system:9001 with status UP (replication=false)
2020-11-16 22:48:18.841 INFO  c.netflix.eureka.registry.AbstractInstanceRegistry:266  [32m        [0;39m Registered instance SYSTEM/DESKTOP-M0AIH34:system:9001 with status UP (replication=true)
