2020-11-24 21:43:09.704 INFO  o.s.c.s.PostProcessorRegistrationDelegate$BeanPostProcessorChecker:330  [32m        [0;39m Bean 'org.springframework.cloud.autoconfigure.ConfigurationPropertiesRebinderAutoConfiguration' of type [org.springframework.cloud.autoconfigure.ConfigurationPropertiesRebinderAutoConfiguration] is not eligible for getting processed by all BeanPostProcessors (for example: not eligible for auto-proxying)
2020-11-24 21:43:11.325 INFO  com.sise.course.EurekaApplication                 :651  [32m        [0;39m No active profile set, falling back to default profiles: default
2020-11-24 21:43:12.634 WARN  o.springframework.boot.actuate.endpoint.EndpointId:155  [32m        [0;39m Endpoint ID 'service-registry' contains invalid characters, please migrate to a valid format.
2020-11-24 21:43:13.163 INFO  o.springframework.cloud.context.scope.GenericScope:295  [32m        [0;39m BeanFactory id=727903e1-a861-3273-abc1-091a54618a28
2020-11-24 21:43:13.420 INFO  o.s.c.s.PostProcessorRegistrationDelegate$BeanPostProcessorChecker:330  [32m        [0;39m Bean 'org.springframework.cloud.autoconfigure.ConfigurationPropertiesRebinderAutoConfiguration' of type [org.springframework.cloud.autoconfigure.ConfigurationPropertiesRebinderAutoConfiguration] is not eligible for getting processed by all BeanPostProcessors (for example: not eligible for auto-proxying)
2020-11-24 21:43:14.007 INFO  o.s.boot.web.embedded.tomcat.TomcatWebServer      :92   [32m        [0;39m Tomcat initialized with port(s): 8761 (http)
2020-11-24 21:43:14.042 INFO  org.apache.coyote.http11.Http11NioProtocol        :173  [32m        [0;39m Initializing ProtocolHandler ["http-nio-8761"]
2020-11-24 21:43:14.043 INFO  org.apache.catalina.core.StandardService          :173  [32m        [0;39m Starting service [Tomcat]
2020-11-24 21:43:14.044 INFO  org.apache.catalina.core.StandardEngine           :173  [32m        [0;39m Starting Servlet engine: [Apache Tomcat/9.0.29]
2020-11-24 21:43:14.189 INFO  o.a.c.core.ContainerBase.[Tomcat].[localhost].[/] :173  [32m        [0;39m Initializing Spring embedded WebApplicationContext
2020-11-24 21:43:14.189 INFO  org.springframework.web.context.ContextLoader     :284  [32m        [0;39m Root WebApplicationContext: initialization completed in 2846 ms
2020-11-24 21:43:14.430 WARN  com.netflix.config.sources.URLConfigurationSource :121  [32m        [0;39m No URLs will be polled as dynamic configuration sources.
2020-11-24 21:43:14.430 INFO  com.netflix.config.sources.URLConfigurationSource :122  [32m        [0;39m To enable URLs as dynamic configuration sources, define System property archaius.configurationSource.additionalUrls or make config.properties available on classpath.
2020-11-24 21:43:14.464 INFO  com.netflix.config.DynamicPropertyFactory         :281  [32m        [0;39m DynamicPropertyFactory is initialized with configuration sources: com.netflix.config.ConcurrentCompositeConfiguration@2b59501e
2020-11-24 21:43:16.921 INFO  org.springframework.cloud.commons.util.InetUtils  :170  [32m        [0;39m Cannot determine local hostname
2020-11-24 21:43:17.226 INFO  c.s.j.server.impl.application.WebApplicationImpl  :815  [32m        [0;39m Initiating Jersey application, version 'Jersey: 1.19.1 03/11/2016 02:08 PM'
2020-11-24 21:43:17.343 INFO  c.n.discovery.provider.DiscoveryJerseyProvider    :70   [32m        [0;39m Using JSON encoding codec LegacyJacksonJson
2020-11-24 21:43:17.361 INFO  c.n.discovery.provider.DiscoveryJerseyProvider    :71   [32m        [0;39m Using JSON decoding codec LegacyJacksonJson
2020-11-24 21:43:17.599 INFO  c.n.discovery.provider.DiscoveryJerseyProvider    :80   [32m        [0;39m Using XML encoding codec XStreamXml
2020-11-24 21:43:17.599 INFO  c.n.discovery.provider.DiscoveryJerseyProvider    :81   [32m        [0;39m Using XML decoding codec XStreamXml
2020-11-24 21:43:18.061 WARN  com.netflix.config.sources.URLConfigurationSource :121  [32m        [0;39m No URLs will be polled as dynamic configuration sources.
2020-11-24 21:43:18.061 INFO  com.netflix.config.sources.URLConfigurationSource :122  [32m        [0;39m To enable URLs as dynamic configuration sources, define System property archaius.configurationSource.additionalUrls or make config.properties available on classpath.
2020-11-24 21:43:18.233 INFO  o.s.scheduling.concurrent.ThreadPoolTaskExecutor  :171  [32m        [0;39m Initializing ExecutorService 'applicationTaskExecutor'
2020-11-24 21:43:20.150 INFO  org.springframework.cloud.commons.util.InetUtils  :170  [32m        [0;39m Cannot determine local hostname
2020-11-24 21:43:21.586 INFO  org.springframework.cloud.commons.util.InetUtils  :170  [32m        [0;39m Cannot determine local hostname
2020-11-24 21:43:21.783 WARN  o.s.c.l.c.BlockingLoadBalancerClientAutoConfiguration$BlockingLoadBalancerClientRibbonWarnLogger:106  [32m        [0;39m You already have RibbonLoadBalancerClient on your classpath. It will be used by default. As Spring Cloud Ribbon is in maintenance mode. We recommend switching to BlockingLoadBalancerClient instead. In order to use it, set the value of `spring.cloud.loadbalancer.ribbon.enabled` to `false` or remove spring-cloud-starter-netflix-ribbon from your project.
2020-11-24 21:43:21.855 WARN  o.s.c.l.c.LoadBalancerCacheAutoConfiguration$LoadBalancerCaffeineWarnLogger:81   [32m        [0;39m Spring Cloud LoadBalancer is currently working with default default cache. You can switch to using Caffeine cache, by adding it to the classpath.
2020-11-24 21:43:21.880 INFO  o.s.cloud.netflix.eureka.InstanceInfoFactory      :72   [32m        [0;39m Setting initial instance status as: STARTING
2020-11-24 21:43:21.960 INFO  com.netflix.discovery.DiscoveryClient             :365  [32m        [0;39m Initializing Eureka in region us-east-1
2020-11-24 21:43:21.961 INFO  com.netflix.discovery.DiscoveryClient             :368  [32m        [0;39m Client configured to neither register nor query for data.
2020-11-24 21:43:21.974 INFO  com.netflix.discovery.DiscoveryClient             :381  [32m        [0;39m Discovery Client initialized at timestamp 1606225401971 with initial instances count: 0
2020-11-24 21:43:22.028 INFO  com.netflix.eureka.DefaultEurekaServerContext     :63   [32m        [0;39m Initializing ...
2020-11-24 21:43:22.029 WARN  com.netflix.eureka.cluster.PeerEurekaNodes        :155  [32m        [0;39m The replica size seems to be empty. Check the route 53 DNS Registry
2020-11-24 21:43:22.080 INFO  c.netflix.eureka.registry.AbstractInstanceRegistry:151  [32m        [0;39m Finished initializing remote region registries. All known remote regions: []
2020-11-24 21:43:22.082 INFO  com.netflix.eureka.DefaultEurekaServerContext     :70   [32m        [0;39m Initialized
2020-11-24 21:43:22.121 INFO  o.s.b.actuate.endpoint.web.EndpointLinksResolver  :58   [32m        [0;39m Exposing 2 endpoint(s) beneath base path '/actuator'
2020-11-24 21:43:22.186 INFO  o.s.c.n.e.serviceregistry.EurekaServiceRegistry   :41   [32m        [0;39m Registering application EUREKA with eureka with status UP
2020-11-24 21:43:22.189 INFO  o.s.c.netflix.eureka.server.EurekaServerBootstrap :110  [32m        [0;39m Setting the eureka configuration..
2020-11-24 21:43:22.191 INFO  o.s.c.netflix.eureka.server.EurekaServerBootstrap :115  [32m        [0;39m Eureka data center value eureka.datacenter is not set, defaulting to default
2020-11-24 21:43:22.192 INFO  o.s.c.netflix.eureka.server.EurekaServerBootstrap :129  [32m        [0;39m Eureka environment value eureka.environment is not set, defaulting to test
2020-11-24 21:43:22.204 INFO  org.apache.coyote.http11.Http11NioProtocol        :173  [32m        [0;39m Starting ProtocolHandler ["http-nio-8761"]
2020-11-24 21:43:22.222 INFO  o.s.c.netflix.eureka.server.EurekaServerBootstrap :188  [32m        [0;39m isAws returned false
2020-11-24 21:43:22.222 INFO  o.s.c.netflix.eureka.server.EurekaServerBootstrap :153  [32m        [0;39m Initialized server context
2020-11-24 21:43:22.222 INFO  c.n.eureka.registry.PeerAwareInstanceRegistryImpl :241  [32m        [0;39m Got 1 instances from neighboring DS node
2020-11-24 21:43:22.223 INFO  c.n.eureka.registry.PeerAwareInstanceRegistryImpl :242  [32m        [0;39m Renew threshold is: 1
2020-11-24 21:43:22.223 INFO  c.n.eureka.registry.PeerAwareInstanceRegistryImpl :253  [32m        [0;39m Changing status to UP
2020-11-24 21:43:22.230 INFO  o.s.c.n.e.s.EurekaServerInitializerConfiguration  :72   [32m        [0;39m Started Eureka Server
2020-11-24 21:43:22.238 INFO  o.s.boot.web.embedded.tomcat.TomcatWebServer      :204  [32m        [0;39m Tomcat started on port(s): 8761 (http) with context path ''
2020-11-24 21:43:22.239 INFO  o.s.c.n.e.s.EurekaAutoServiceRegistration         :145  [32m        [0;39m Updating port to 8761
2020-11-24 21:43:23.700 INFO  org.springframework.cloud.commons.util.InetUtils  :170  [32m        [0;39m Cannot determine local hostname
2020-11-24 21:43:23.702 INFO  com.sise.course.EurekaApplication                 :61   [32m        [0;39m Started EurekaApplication in 16.407 seconds (JVM running for 18.998)
2020-11-24 21:43:23.801 INFO  com.sise.course.EurekaApplication                 :23   [32m        [0;39m 启动成功！！
2020-11-24 21:43:23.802 INFO  com.sise.course.EurekaApplication                 :24   [32m        [0;39m Eureka地址: 	http://127.0.0.1:8761
2020-11-24 21:43:24.888 INFO  o.a.c.core.ContainerBase.[Tomcat].[localhost].[/] :173  [32m        [0;39m Initializing Spring DispatcherServlet 'dispatcherServlet'
2020-11-24 21:43:24.889 INFO  org.springframework.web.servlet.DispatcherServlet :525  [32m        [0;39m Initializing Servlet 'dispatcherServlet'
2020-11-24 21:43:24.895 INFO  org.springframework.web.servlet.DispatcherServlet :547  [32m        [0;39m Completed initialization in 6 ms
2020-11-24 21:43:49.944 INFO  c.netflix.eureka.registry.AbstractInstanceRegistry:266  [32m        [0;39m Registered instance GATEWAY/localhost:gateway:9000 with status UP (replication=false)
2020-11-24 21:44:19.586 INFO  c.netflix.eureka.registry.AbstractInstanceRegistry:266  [32m        [0;39m Registered instance BUSINESS/localhost:business:9002 with status UP (replication=false)
2020-11-24 21:44:22.232 INFO  c.netflix.eureka.registry.AbstractInstanceRegistry:1250 [32m        [0;39m Running the evict task with compensationTime 0ms
2020-11-24 21:44:41.463 INFO  c.netflix.eureka.registry.AbstractInstanceRegistry:266  [32m        [0;39m Registered instance SYSTEM/localhost:system:9001 with status UP (replication=false)
2020-11-24 21:45:22.239 INFO  c.netflix.eureka.registry.AbstractInstanceRegistry:1250 [32m        [0;39m Running the evict task with compensationTime 6ms
2020-11-24 21:46:22.252 INFO  c.netflix.eureka.registry.AbstractInstanceRegistry:1250 [32m        [0;39m Running the evict task with compensationTime 13ms
2020-11-24 21:47:22.264 INFO  c.netflix.eureka.registry.AbstractInstanceRegistry:1250 [32m        [0;39m Running the evict task with compensationTime 12ms
2020-11-24 21:48:22.277 INFO  c.netflix.eureka.registry.AbstractInstanceRegistry:1250 [32m        [0;39m Running the evict task with compensationTime 12ms
2020-11-24 21:49:22.282 INFO  c.netflix.eureka.registry.AbstractInstanceRegistry:1250 [32m        [0;39m Running the evict task with compensationTime 5ms
2020-11-24 21:50:22.290 INFO  c.netflix.eureka.registry.AbstractInstanceRegistry:1250 [32m        [0;39m Running the evict task with compensationTime 7ms
2020-11-24 21:51:22.295 INFO  c.netflix.eureka.registry.AbstractInstanceRegistry:1250 [32m        [0;39m Running the evict task with compensationTime 4ms
2020-11-24 21:52:22.297 INFO  c.netflix.eureka.registry.AbstractInstanceRegistry:1250 [32m        [0;39m Running the evict task with compensationTime 2ms
2020-11-24 21:53:22.034 WARN  com.netflix.eureka.cluster.PeerEurekaNodes        :155  [32m        [0;39m The replica size seems to be empty. Check the route 53 DNS Registry
2020-11-24 21:53:22.302 INFO  c.netflix.eureka.registry.AbstractInstanceRegistry:1250 [32m        [0;39m Running the evict task with compensationTime 4ms
2020-11-24 21:54:22.312 INFO  c.netflix.eureka.registry.AbstractInstanceRegistry:1250 [32m        [0;39m Running the evict task with compensationTime 10ms
2020-11-24 21:55:22.322 INFO  c.netflix.eureka.registry.AbstractInstanceRegistry:1250 [32m        [0;39m Running the evict task with compensationTime 10ms
2020-11-24 21:56:22.325 INFO  c.netflix.eureka.registry.AbstractInstanceRegistry:1250 [32m        [0;39m Running the evict task with compensationTime 2ms
2020-11-24 21:57:22.331 INFO  c.netflix.eureka.registry.AbstractInstanceRegistry:1250 [32m        [0;39m Running the evict task with compensationTime 5ms
2020-11-24 21:58:22.092 INFO  c.n.eureka.registry.PeerAwareInstanceRegistryImpl :539  [32m        [0;39m Current renewal threshold is : 6
2020-11-24 21:58:22.340 INFO  c.netflix.eureka.registry.AbstractInstanceRegistry:1250 [32m        [0;39m Running the evict task with compensationTime 9ms
2020-11-24 21:59:22.344 INFO  c.netflix.eureka.registry.AbstractInstanceRegistry:1250 [32m        [0;39m Running the evict task with compensationTime 3ms
2020-11-24 22:00:22.347 INFO  c.netflix.eureka.registry.AbstractInstanceRegistry:1250 [32m        [0;39m Running the evict task with compensationTime 3ms
2020-11-24 22:01:22.361 INFO  c.netflix.eureka.registry.AbstractInstanceRegistry:1250 [32m        [0;39m Running the evict task with compensationTime 14ms
2020-11-24 22:02:22.373 INFO  c.netflix.eureka.registry.AbstractInstanceRegistry:1250 [32m        [0;39m Running the evict task with compensationTime 11ms
2020-11-24 22:03:22.041 WARN  com.netflix.eureka.cluster.PeerEurekaNodes        :155  [32m        [0;39m The replica size seems to be empty. Check the route 53 DNS Registry
2020-11-24 22:03:22.388 INFO  c.netflix.eureka.registry.AbstractInstanceRegistry:1250 [32m        [0;39m Running the evict task with compensationTime 14ms
2020-11-24 22:04:22.388 INFO  c.netflix.eureka.registry.AbstractInstanceRegistry:1250 [32m        [0;39m Running the evict task with compensationTime 0ms
2020-11-24 22:05:22.398 INFO  c.netflix.eureka.registry.AbstractInstanceRegistry:1250 [32m        [0;39m Running the evict task with compensationTime 10ms
2020-11-24 22:06:22.400 INFO  c.netflix.eureka.registry.AbstractInstanceRegistry:1250 [32m        [0;39m Running the evict task with compensationTime 1ms
2020-11-24 22:07:22.412 INFO  c.netflix.eureka.registry.AbstractInstanceRegistry:1250 [32m        [0;39m Running the evict task with compensationTime 12ms
2020-11-24 22:08:22.420 INFO  c.netflix.eureka.registry.AbstractInstanceRegistry:1250 [32m        [0;39m Running the evict task with compensationTime 7ms
2020-11-24 22:09:22.431 INFO  c.netflix.eureka.registry.AbstractInstanceRegistry:1250 [32m        [0;39m Running the evict task with compensationTime 10ms
2020-11-24 22:10:22.437 INFO  c.netflix.eureka.registry.AbstractInstanceRegistry:1250 [32m        [0;39m Running the evict task with compensationTime 6ms
2020-11-24 22:11:22.445 INFO  c.netflix.eureka.registry.AbstractInstanceRegistry:1250 [32m        [0;39m Running the evict task with compensationTime 6ms
2020-11-24 22:12:22.446 INFO  c.netflix.eureka.registry.AbstractInstanceRegistry:1250 [32m        [0;39m Running the evict task with compensationTime 2ms
2020-11-24 22:13:22.043 WARN  com.netflix.eureka.cluster.PeerEurekaNodes        :155  [32m        [0;39m The replica size seems to be empty. Check the route 53 DNS Registry
2020-11-24 22:13:22.105 INFO  c.n.eureka.registry.PeerAwareInstanceRegistryImpl :539  [32m        [0;39m Current renewal threshold is : 6
2020-11-24 22:13:22.449 INFO  c.netflix.eureka.registry.AbstractInstanceRegistry:1250 [32m        [0;39m Running the evict task with compensationTime 2ms
2020-11-24 22:14:22.455 INFO  c.netflix.eureka.registry.AbstractInstanceRegistry:1250 [32m        [0;39m Running the evict task with compensationTime 6ms
2020-11-24 22:15:22.461 INFO  c.netflix.eureka.registry.AbstractInstanceRegistry:1250 [32m        [0;39m Running the evict task with compensationTime 5ms
2020-11-24 22:16:22.462 INFO  c.netflix.eureka.registry.AbstractInstanceRegistry:1250 [32m        [0;39m Running the evict task with compensationTime 0ms
2020-11-24 22:17:22.468 INFO  c.netflix.eureka.registry.AbstractInstanceRegistry:1250 [32m        [0;39m Running the evict task with compensationTime 6ms
2020-11-24 22:18:22.469 INFO  c.netflix.eureka.registry.AbstractInstanceRegistry:1250 [32m        [0;39m Running the evict task with compensationTime 0ms
2020-11-24 22:19:22.477 INFO  c.netflix.eureka.registry.AbstractInstanceRegistry:1250 [32m        [0;39m Running the evict task with compensationTime 8ms
2020-11-24 22:20:22.491 INFO  c.netflix.eureka.registry.AbstractInstanceRegistry:1250 [32m        [0;39m Running the evict task with compensationTime 14ms
2020-11-24 22:21:22.496 INFO  c.netflix.eureka.registry.AbstractInstanceRegistry:1250 [32m        [0;39m Running the evict task with compensationTime 5ms
2020-11-24 22:22:22.508 INFO  c.netflix.eureka.registry.AbstractInstanceRegistry:1250 [32m        [0;39m Running the evict task with compensationTime 11ms
2020-11-24 22:23:22.049 WARN  com.netflix.eureka.cluster.PeerEurekaNodes        :155  [32m        [0;39m The replica size seems to be empty. Check the route 53 DNS Registry
2020-11-24 22:23:22.516 INFO  c.netflix.eureka.registry.AbstractInstanceRegistry:1250 [32m        [0;39m Running the evict task with compensationTime 7ms
2020-11-24 22:24:22.521 INFO  c.netflix.eureka.registry.AbstractInstanceRegistry:1250 [32m        [0;39m Running the evict task with compensationTime 5ms
2020-11-24 22:25:22.524 INFO  c.netflix.eureka.registry.AbstractInstanceRegistry:1250 [32m        [0;39m Running the evict task with compensationTime 2ms
2020-11-24 22:26:22.528 INFO  c.netflix.eureka.registry.AbstractInstanceRegistry:1250 [32m        [0;39m Running the evict task with compensationTime 4ms
2020-11-24 22:27:22.535 INFO  c.netflix.eureka.registry.AbstractInstanceRegistry:1250 [32m        [0;39m Running the evict task with compensationTime 7ms
2020-11-24 22:28:22.112 INFO  c.n.eureka.registry.PeerAwareInstanceRegistryImpl :539  [32m        [0;39m Current renewal threshold is : 6
2020-11-24 22:28:22.550 INFO  c.netflix.eureka.registry.AbstractInstanceRegistry:1250 [32m        [0;39m Running the evict task with compensationTime 15ms
2020-11-24 22:29:22.564 INFO  c.netflix.eureka.registry.AbstractInstanceRegistry:1250 [32m        [0;39m Running the evict task with compensationTime 13ms
2020-11-24 22:30:22.573 INFO  c.netflix.eureka.registry.AbstractInstanceRegistry:1250 [32m        [0;39m Running the evict task with compensationTime 8ms
2020-11-24 22:31:22.587 INFO  c.netflix.eureka.registry.AbstractInstanceRegistry:1250 [32m        [0;39m Running the evict task with compensationTime 13ms
2020-11-24 22:32:22.589 INFO  c.netflix.eureka.registry.AbstractInstanceRegistry:1250 [32m        [0;39m Running the evict task with compensationTime 2ms
2020-11-24 22:33:22.055 WARN  com.netflix.eureka.cluster.PeerEurekaNodes        :155  [32m        [0;39m The replica size seems to be empty. Check the route 53 DNS Registry
2020-11-24 22:33:22.604 INFO  c.netflix.eureka.registry.AbstractInstanceRegistry:1250 [32m        [0;39m Running the evict task with compensationTime 14ms
2020-11-24 22:34:22.611 INFO  c.netflix.eureka.registry.AbstractInstanceRegistry:1250 [32m        [0;39m Running the evict task with compensationTime 7ms
2020-11-24 22:35:22.617 INFO  c.netflix.eureka.registry.AbstractInstanceRegistry:1250 [32m        [0;39m Running the evict task with compensationTime 5ms
2020-11-24 22:36:22.627 INFO  c.netflix.eureka.registry.AbstractInstanceRegistry:1250 [32m        [0;39m Running the evict task with compensationTime 10ms
2020-11-24 22:37:22.635 INFO  c.netflix.eureka.registry.AbstractInstanceRegistry:1250 [32m        [0;39m Running the evict task with compensationTime 7ms
2020-11-24 22:38:22.643 INFO  c.netflix.eureka.registry.AbstractInstanceRegistry:1250 [32m        [0;39m Running the evict task with compensationTime 8ms
2020-11-24 22:39:22.644 INFO  c.netflix.eureka.registry.AbstractInstanceRegistry:1250 [32m        [0;39m Running the evict task with compensationTime 1ms
2020-11-24 22:40:22.650 INFO  c.netflix.eureka.registry.AbstractInstanceRegistry:1250 [32m        [0;39m Running the evict task with compensationTime 5ms
2020-11-24 22:41:22.651 INFO  c.netflix.eureka.registry.AbstractInstanceRegistry:1250 [32m        [0;39m Running the evict task with compensationTime 1ms
2020-11-24 22:42:22.654 INFO  c.netflix.eureka.registry.AbstractInstanceRegistry:1250 [32m        [0;39m Running the evict task with compensationTime 3ms
2020-11-24 22:43:22.064 WARN  com.netflix.eureka.cluster.PeerEurekaNodes        :155  [32m        [0;39m The replica size seems to be empty. Check the route 53 DNS Registry
2020-11-24 22:43:22.127 INFO  c.n.eureka.registry.PeerAwareInstanceRegistryImpl :539  [32m        [0;39m Current renewal threshold is : 6
2020-11-24 22:43:22.669 INFO  c.netflix.eureka.registry.AbstractInstanceRegistry:1250 [32m        [0;39m Running the evict task with compensationTime 15ms
