2020-11-25 20:02:39.282 INFO  o.s.c.s.PostProcessorRegistrationDelegate$BeanPostProcessorChecker:330  [32m        [0;39m Bean 'org.springframework.cloud.autoconfigure.ConfigurationPropertiesRebinderAutoConfiguration' of type [org.springframework.cloud.autoconfigure.ConfigurationPropertiesRebinderAutoConfiguration] is not eligible for getting processed by all BeanPostProcessors (for example: not eligible for auto-proxying)
2020-11-25 20:02:40.088 INFO  com.sise.course.EurekaApplication                 :651  [32m        [0;39m No active profile set, falling back to default profiles: default
2020-11-25 20:02:41.471 WARN  o.springframework.boot.actuate.endpoint.EndpointId:155  [32m        [0;39m Endpoint ID 'service-registry' contains invalid characters, please migrate to a valid format.
2020-11-25 20:02:41.738 INFO  o.springframework.cloud.context.scope.GenericScope:295  [32m        [0;39m BeanFactory id=727903e1-a861-3273-abc1-091a54618a28
2020-11-25 20:02:41.985 INFO  o.s.c.s.PostProcessorRegistrationDelegate$BeanPostProcessorChecker:330  [32m        [0;39m Bean 'org.springframework.cloud.autoconfigure.ConfigurationPropertiesRebinderAutoConfiguration' of type [org.springframework.cloud.autoconfigure.ConfigurationPropertiesRebinderAutoConfiguration] is not eligible for getting processed by all BeanPostProcessors (for example: not eligible for auto-proxying)
2020-11-25 20:02:42.338 INFO  o.s.boot.web.embedded.tomcat.TomcatWebServer      :92   [32m        [0;39m Tomcat initialized with port(s): 8761 (http)
2020-11-25 20:02:42.357 INFO  org.apache.coyote.http11.Http11NioProtocol        :173  [32m        [0;39m Initializing ProtocolHandler ["http-nio-8761"]
2020-11-25 20:02:42.357 INFO  org.apache.catalina.core.StandardService          :173  [32m        [0;39m Starting service [Tomcat]
2020-11-25 20:02:42.358 INFO  org.apache.catalina.core.StandardEngine           :173  [32m        [0;39m Starting Servlet engine: [Apache Tomcat/9.0.29]
2020-11-25 20:02:42.492 INFO  o.a.c.core.ContainerBase.[Tomcat].[localhost].[/] :173  [32m        [0;39m Initializing Spring embedded WebApplicationContext
2020-11-25 20:02:42.492 INFO  org.springframework.web.context.ContextLoader     :284  [32m        [0;39m Root WebApplicationContext: initialization completed in 2379 ms
2020-11-25 20:02:42.633 WARN  com.netflix.config.sources.URLConfigurationSource :121  [32m        [0;39m No URLs will be polled as dynamic configuration sources.
2020-11-25 20:02:42.634 INFO  com.netflix.config.sources.URLConfigurationSource :122  [32m        [0;39m To enable URLs as dynamic configuration sources, define System property archaius.configurationSource.additionalUrls or make config.properties available on classpath.
2020-11-25 20:02:42.668 INFO  com.netflix.config.DynamicPropertyFactory         :281  [32m        [0;39m DynamicPropertyFactory is initialized with configuration sources: com.netflix.config.ConcurrentCompositeConfiguration@5e2a3040
2020-11-25 20:02:47.875 INFO  c.s.j.server.impl.application.WebApplicationImpl  :815  [32m        [0;39m Initiating Jersey application, version 'Jersey: 1.19.1 03/11/2016 02:08 PM'
2020-11-25 20:02:47.998 INFO  c.n.discovery.provider.DiscoveryJerseyProvider    :70   [32m        [0;39m Using JSON encoding codec LegacyJacksonJson
2020-11-25 20:02:48.015 INFO  c.n.discovery.provider.DiscoveryJerseyProvider    :71   [32m        [0;39m Using JSON decoding codec LegacyJacksonJson
2020-11-25 20:02:48.389 INFO  c.n.discovery.provider.DiscoveryJerseyProvider    :80   [32m        [0;39m Using XML encoding codec XStreamXml
2020-11-25 20:02:48.389 INFO  c.n.discovery.provider.DiscoveryJerseyProvider    :81   [32m        [0;39m Using XML decoding codec XStreamXml
2020-11-25 20:02:48.990 WARN  com.netflix.config.sources.URLConfigurationSource :121  [32m        [0;39m No URLs will be polled as dynamic configuration sources.
2020-11-25 20:02:48.990 INFO  com.netflix.config.sources.URLConfigurationSource :122  [32m        [0;39m To enable URLs as dynamic configuration sources, define System property archaius.configurationSource.additionalUrls or make config.properties available on classpath.
2020-11-25 20:02:49.228 INFO  o.s.scheduling.concurrent.ThreadPoolTaskExecutor  :171  [32m        [0;39m Initializing ExecutorService 'applicationTaskExecutor'
2020-11-25 20:02:50.996 WARN  o.s.c.l.c.BlockingLoadBalancerClientAutoConfiguration$BlockingLoadBalancerClientRibbonWarnLogger:106  [32m        [0;39m You already have RibbonLoadBalancerClient on your classpath. It will be used by default. As Spring Cloud Ribbon is in maintenance mode. We recommend switching to BlockingLoadBalancerClient instead. In order to use it, set the value of `spring.cloud.loadbalancer.ribbon.enabled` to `false` or remove spring-cloud-starter-netflix-ribbon from your project.
2020-11-25 20:02:51.184 WARN  o.s.c.l.c.LoadBalancerCacheAutoConfiguration$LoadBalancerCaffeineWarnLogger:81   [32m        [0;39m Spring Cloud LoadBalancer is currently working with default default cache. You can switch to using Caffeine cache, by adding it to the classpath.
2020-11-25 20:02:51.231 INFO  o.s.cloud.netflix.eureka.InstanceInfoFactory      :72   [32m        [0;39m Setting initial instance status as: STARTING
2020-11-25 20:02:51.361 INFO  com.netflix.discovery.DiscoveryClient             :365  [32m        [0;39m Initializing Eureka in region us-east-1
2020-11-25 20:02:51.361 INFO  com.netflix.discovery.DiscoveryClient             :368  [32m        [0;39m Client configured to neither register nor query for data.
2020-11-25 20:02:51.388 INFO  com.netflix.discovery.DiscoveryClient             :381  [32m        [0;39m Discovery Client initialized at timestamp 1606305771370 with initial instances count: 0
2020-11-25 20:02:51.595 INFO  com.netflix.eureka.DefaultEurekaServerContext     :63   [32m        [0;39m Initializing ...
2020-11-25 20:02:51.599 INFO  com.netflix.eureka.cluster.PeerEurekaNodes        :187  [32m        [0;39m Adding new peer nodes [http://localhost:8761/eureka/]
2020-11-25 20:02:52.521 INFO  c.n.discovery.provider.DiscoveryJerseyProvider    :70   [32m        [0;39m Using JSON encoding codec LegacyJacksonJson
2020-11-25 20:02:52.521 INFO  c.n.discovery.provider.DiscoveryJerseyProvider    :71   [32m        [0;39m Using JSON decoding codec LegacyJacksonJson
2020-11-25 20:02:52.521 INFO  c.n.discovery.provider.DiscoveryJerseyProvider    :80   [32m        [0;39m Using XML encoding codec XStreamXml
2020-11-25 20:02:52.522 INFO  c.n.discovery.provider.DiscoveryJerseyProvider    :81   [32m        [0;39m Using XML decoding codec XStreamXml
2020-11-25 20:02:52.717 INFO  com.netflix.eureka.cluster.PeerEurekaNodes        :109  [32m        [0;39m Replica node URL:  http://localhost:8761/eureka/
2020-11-25 20:02:52.731 INFO  c.netflix.eureka.registry.AbstractInstanceRegistry:151  [32m        [0;39m Finished initializing remote region registries. All known remote regions: []
2020-11-25 20:02:52.732 INFO  com.netflix.eureka.DefaultEurekaServerContext     :70   [32m        [0;39m Initialized
2020-11-25 20:02:52.768 INFO  o.s.b.actuate.endpoint.web.EndpointLinksResolver  :58   [32m        [0;39m Exposing 2 endpoint(s) beneath base path '/actuator'
2020-11-25 20:02:52.884 INFO  o.s.c.n.e.serviceregistry.EurekaServiceRegistry   :41   [32m        [0;39m Registering application EUREKA with eureka with status UP
2020-11-25 20:02:52.915 INFO  o.s.c.netflix.eureka.server.EurekaServerBootstrap :110  [32m        [0;39m Setting the eureka configuration..
2020-11-25 20:02:52.916 INFO  o.s.c.netflix.eureka.server.EurekaServerBootstrap :115  [32m        [0;39m Eureka data center value eureka.datacenter is not set, defaulting to default
2020-11-25 20:02:52.917 INFO  o.s.c.netflix.eureka.server.EurekaServerBootstrap :129  [32m        [0;39m Eureka environment value eureka.environment is not set, defaulting to test
2020-11-25 20:02:52.922 INFO  org.apache.coyote.http11.Http11NioProtocol        :173  [32m        [0;39m Starting ProtocolHandler ["http-nio-8761"]
2020-11-25 20:02:53.139 INFO  o.s.c.netflix.eureka.server.EurekaServerBootstrap :188  [32m        [0;39m isAws returned false
2020-11-25 20:02:53.146 INFO  o.s.c.netflix.eureka.server.EurekaServerBootstrap :153  [32m        [0;39m Initialized server context
2020-11-25 20:02:53.147 INFO  c.n.eureka.registry.PeerAwareInstanceRegistryImpl :241  [32m        [0;39m Got 1 instances from neighboring DS node
2020-11-25 20:02:53.147 INFO  c.n.eureka.registry.PeerAwareInstanceRegistryImpl :242  [32m        [0;39m Renew threshold is: 1
2020-11-25 20:02:53.148 INFO  c.n.eureka.registry.PeerAwareInstanceRegistryImpl :253  [32m        [0;39m Changing status to UP
2020-11-25 20:02:53.161 INFO  o.s.c.n.e.s.EurekaServerInitializerConfiguration  :72   [32m        [0;39m Started Eureka Server
2020-11-25 20:02:53.162 INFO  o.s.boot.web.embedded.tomcat.TomcatWebServer      :204  [32m        [0;39m Tomcat started on port(s): 8761 (http) with context path ''
2020-11-25 20:02:53.164 INFO  o.s.c.n.e.s.EurekaAutoServiceRegistration         :145  [32m        [0;39m Updating port to 8761
2020-11-25 20:02:54.605 INFO  com.sise.course.EurekaApplication                 :61   [32m        [0;39m Started EurekaApplication in 16.93 seconds (JVM running for 19.881)
2020-11-25 20:02:54.625 INFO  com.sise.course.EurekaApplication                 :23   [32m        [0;39m 启动成功！！
2020-11-25 20:02:54.626 INFO  com.sise.course.EurekaApplication                 :24   [32m        [0;39m Eureka地址: 	http://127.0.0.1:8761
2020-11-25 20:02:54.925 INFO  o.a.c.core.ContainerBase.[Tomcat].[localhost].[/] :173  [32m        [0;39m Initializing Spring DispatcherServlet 'dispatcherServlet'
2020-11-25 20:02:54.926 INFO  org.springframework.web.servlet.DispatcherServlet :525  [32m        [0;39m Initializing Servlet 'dispatcherServlet'
2020-11-25 20:02:54.933 INFO  org.springframework.web.servlet.DispatcherServlet :547  [32m        [0;39m Completed initialization in 7 ms
2020-11-25 20:03:06.316 INFO  c.netflix.eureka.registry.AbstractInstanceRegistry:266  [32m        [0;39m Registered instance GATEWAY/DESKTOP-M0AIH34:gateway:9000 with status UP (replication=false)
2020-11-25 20:03:06.935 INFO  c.netflix.eureka.registry.AbstractInstanceRegistry:266  [32m        [0;39m Registered instance GATEWAY/DESKTOP-M0AIH34:gateway:9000 with status UP (replication=true)
2020-11-25 20:03:40.749 INFO  c.netflix.eureka.registry.AbstractInstanceRegistry:266  [32m        [0;39m Registered instance SYSTEM/DESKTOP-M0AIH34:system:9001 with status UP (replication=false)
2020-11-25 20:03:41.274 INFO  c.netflix.eureka.registry.AbstractInstanceRegistry:266  [32m        [0;39m Registered instance SYSTEM/DESKTOP-M0AIH34:system:9001 with status UP (replication=true)
2020-11-25 20:03:43.708 INFO  c.netflix.eureka.registry.AbstractInstanceRegistry:266  [32m        [0;39m Registered instance BUSINESS/DESKTOP-M0AIH34:business:9002 with status UP (replication=false)
2020-11-25 20:03:44.229 INFO  c.netflix.eureka.registry.AbstractInstanceRegistry:266  [32m        [0;39m Registered instance BUSINESS/DESKTOP-M0AIH34:business:9002 with status UP (replication=true)
2020-11-25 20:03:53.160 INFO  c.netflix.eureka.registry.AbstractInstanceRegistry:1250 [32m        [0;39m Running the evict task with compensationTime 0ms
2020-11-25 20:04:53.167 INFO  c.netflix.eureka.registry.AbstractInstanceRegistry:1250 [32m        [0;39m Running the evict task with compensationTime 6ms
2020-11-25 20:05:53.179 INFO  c.netflix.eureka.registry.AbstractInstanceRegistry:1250 [32m        [0;39m Running the evict task with compensationTime 12ms
2020-11-25 20:06:53.193 INFO  c.netflix.eureka.registry.AbstractInstanceRegistry:1250 [32m        [0;39m Running the evict task with compensationTime 13ms
2020-11-25 20:07:53.204 INFO  c.netflix.eureka.registry.AbstractInstanceRegistry:1250 [32m        [0;39m Running the evict task with compensationTime 11ms
2020-11-25 20:08:53.216 INFO  c.netflix.eureka.registry.AbstractInstanceRegistry:1250 [32m        [0;39m Running the evict task with compensationTime 11ms
2020-11-25 20:09:53.217 INFO  c.netflix.eureka.registry.AbstractInstanceRegistry:1250 [32m        [0;39m Running the evict task with compensationTime 1ms
2020-11-25 20:10:53.218 INFO  c.netflix.eureka.registry.AbstractInstanceRegistry:1250 [32m        [0;39m Running the evict task with compensationTime 0ms
2020-11-25 20:11:53.233 INFO  c.netflix.eureka.registry.AbstractInstanceRegistry:1250 [32m        [0;39m Running the evict task with compensationTime 14ms
2020-11-25 20:12:53.234 INFO  c.netflix.eureka.registry.AbstractInstanceRegistry:1250 [32m        [0;39m Running the evict task with compensationTime 1ms
2020-11-25 20:13:53.242 INFO  c.netflix.eureka.registry.AbstractInstanceRegistry:1250 [32m        [0;39m Running the evict task with compensationTime 8ms
2020-11-25 20:14:53.255 INFO  c.netflix.eureka.registry.AbstractInstanceRegistry:1250 [32m        [0;39m Running the evict task with compensationTime 12ms
2020-11-25 20:15:53.257 INFO  c.netflix.eureka.registry.AbstractInstanceRegistry:1250 [32m        [0;39m Running the evict task with compensationTime 2ms
2020-11-25 20:16:53.273 INFO  c.netflix.eureka.registry.AbstractInstanceRegistry:1250 [32m        [0;39m Running the evict task with compensationTime 15ms
2020-11-25 20:17:52.746 INFO  c.n.eureka.registry.PeerAwareInstanceRegistryImpl :539  [32m        [0;39m Current renewal threshold is : 6
2020-11-25 20:17:53.284 INFO  c.netflix.eureka.registry.AbstractInstanceRegistry:1250 [32m        [0;39m Running the evict task with compensationTime 10ms
2020-11-25 20:18:53.296 INFO  c.netflix.eureka.registry.AbstractInstanceRegistry:1250 [32m        [0;39m Running the evict task with compensationTime 12ms
2020-11-25 20:19:53.300 INFO  c.netflix.eureka.registry.AbstractInstanceRegistry:1250 [32m        [0;39m Running the evict task with compensationTime 4ms
2020-11-25 20:20:53.311 INFO  c.netflix.eureka.registry.AbstractInstanceRegistry:1250 [32m        [0;39m Running the evict task with compensationTime 11ms
2020-11-25 20:21:53.325 INFO  c.netflix.eureka.registry.AbstractInstanceRegistry:1250 [32m        [0;39m Running the evict task with compensationTime 13ms
2020-11-25 20:22:53.339 INFO  c.netflix.eureka.registry.AbstractInstanceRegistry:1250 [32m        [0;39m Running the evict task with compensationTime 14ms
2020-11-25 20:23:53.346 INFO  c.netflix.eureka.registry.AbstractInstanceRegistry:1250 [32m        [0;39m Running the evict task with compensationTime 6ms
2020-11-25 20:23:58.673 INFO  c.netflix.eureka.registry.AbstractInstanceRegistry:266  [32m        [0;39m Registered instance BUSINESS/DESKTOP-M0AIH34:business:9002 with status DOWN (replication=false)
2020-11-25 20:23:58.698 INFO  c.netflix.eureka.registry.AbstractInstanceRegistry:266  [32m        [0;39m Registered instance SYSTEM/DESKTOP-M0AIH34:system:9001 with status DOWN (replication=false)
2020-11-25 20:23:58.703 INFO  c.netflix.eureka.registry.AbstractInstanceRegistry:330  [32m        [0;39m Cancelled instance BUSINESS/DESKTOP-M0AIH34:business:9002 (replication=false)
2020-11-25 20:23:58.712 INFO  c.netflix.eureka.registry.AbstractInstanceRegistry:330  [32m        [0;39m Cancelled instance SYSTEM/DESKTOP-M0AIH34:system:9001 (replication=false)
2020-11-25 20:23:59.215 INFO  c.netflix.eureka.registry.AbstractInstanceRegistry:266  [32m        [0;39m Registered instance BUSINESS/DESKTOP-M0AIH34:business:9002 with status DOWN (replication=true)
2020-11-25 20:23:59.216 INFO  c.netflix.eureka.registry.AbstractInstanceRegistry:266  [32m        [0;39m Registered instance SYSTEM/DESKTOP-M0AIH34:system:9001 with status DOWN (replication=true)
2020-11-25 20:23:59.218 INFO  c.netflix.eureka.registry.AbstractInstanceRegistry:330  [32m        [0;39m Cancelled instance BUSINESS/DESKTOP-M0AIH34:business:9002 (replication=true)
2020-11-25 20:23:59.219 INFO  c.netflix.eureka.registry.AbstractInstanceRegistry:330  [32m        [0;39m Cancelled instance SYSTEM/DESKTOP-M0AIH34:system:9001 (replication=true)
2020-11-25 20:24:04.185 INFO  c.netflix.eureka.registry.AbstractInstanceRegistry:266  [32m        [0;39m Registered instance SYSTEM/DESKTOP-M0AIH34:system:9001 with status UP (replication=false)
2020-11-25 20:24:04.221 INFO  c.netflix.eureka.registry.AbstractInstanceRegistry:266  [32m        [0;39m Registered instance BUSINESS/DESKTOP-M0AIH34:business:9002 with status UP (replication=false)
2020-11-25 20:24:04.717 INFO  c.netflix.eureka.registry.AbstractInstanceRegistry:266  [32m        [0;39m Registered instance SYSTEM/DESKTOP-M0AIH34:system:9001 with status UP (replication=true)
2020-11-25 20:24:04.718 INFO  c.netflix.eureka.registry.AbstractInstanceRegistry:266  [32m        [0;39m Registered instance BUSINESS/DESKTOP-M0AIH34:business:9002 with status UP (replication=true)
2020-11-25 20:24:53.357 INFO  c.netflix.eureka.registry.AbstractInstanceRegistry:1250 [32m        [0;39m Running the evict task with compensationTime 11ms
2020-11-25 20:25:53.363 INFO  c.netflix.eureka.registry.AbstractInstanceRegistry:1250 [32m        [0;39m Running the evict task with compensationTime 6ms
2020-11-25 20:26:53.374 INFO  c.netflix.eureka.registry.AbstractInstanceRegistry:1250 [32m        [0;39m Running the evict task with compensationTime 10ms
2020-11-25 20:27:53.374 INFO  c.netflix.eureka.registry.AbstractInstanceRegistry:1250 [32m        [0;39m Running the evict task with compensationTime 0ms
2020-11-25 20:28:53.380 INFO  c.netflix.eureka.registry.AbstractInstanceRegistry:1250 [32m        [0;39m Running the evict task with compensationTime 5ms
2020-11-25 20:29:53.383 INFO  c.netflix.eureka.registry.AbstractInstanceRegistry:1250 [32m        [0;39m Running the evict task with compensationTime 3ms
2020-11-25 20:30:53.383 INFO  c.netflix.eureka.registry.AbstractInstanceRegistry:1250 [32m        [0;39m Running the evict task with compensationTime 0ms
2020-11-25 20:31:53.389 INFO  c.netflix.eureka.registry.AbstractInstanceRegistry:1250 [32m        [0;39m Running the evict task with compensationTime 4ms
2020-11-25 20:32:52.759 INFO  c.n.eureka.registry.PeerAwareInstanceRegistryImpl :539  [32m        [0;39m Current renewal threshold is : 6
2020-11-25 20:32:53.401 INFO  c.netflix.eureka.registry.AbstractInstanceRegistry:1250 [32m        [0;39m Running the evict task with compensationTime 11ms
2020-11-25 20:33:53.405 INFO  c.netflix.eureka.registry.AbstractInstanceRegistry:1250 [32m        [0;39m Running the evict task with compensationTime 4ms
2020-11-25 20:34:49.198 INFO  c.netflix.eureka.registry.AbstractInstanceRegistry:266  [32m        [0;39m Registered instance SYSTEM/DESKTOP-M0AIH34:system:9001 with status DOWN (replication=false)
2020-11-25 20:34:49.212 INFO  c.netflix.eureka.registry.AbstractInstanceRegistry:330  [32m        [0;39m Cancelled instance SYSTEM/DESKTOP-M0AIH34:system:9001 (replication=false)
2020-11-25 20:34:49.228 INFO  c.netflix.eureka.registry.AbstractInstanceRegistry:266  [32m        [0;39m Registered instance BUSINESS/DESKTOP-M0AIH34:business:9002 with status DOWN (replication=false)
2020-11-25 20:34:49.243 INFO  c.netflix.eureka.registry.AbstractInstanceRegistry:330  [32m        [0;39m Cancelled instance BUSINESS/DESKTOP-M0AIH34:business:9002 (replication=false)
2020-11-25 20:34:49.714 INFO  c.netflix.eureka.registry.AbstractInstanceRegistry:266  [32m        [0;39m Registered instance SYSTEM/DESKTOP-M0AIH34:system:9001 with status DOWN (replication=true)
2020-11-25 20:34:49.716 INFO  c.netflix.eureka.registry.AbstractInstanceRegistry:330  [32m        [0;39m Cancelled instance SYSTEM/DESKTOP-M0AIH34:system:9001 (replication=true)
2020-11-25 20:34:49.716 INFO  c.netflix.eureka.registry.AbstractInstanceRegistry:266  [32m        [0;39m Registered instance BUSINESS/DESKTOP-M0AIH34:business:9002 with status DOWN (replication=true)
2020-11-25 20:34:49.717 INFO  c.netflix.eureka.registry.AbstractInstanceRegistry:330  [32m        [0;39m Cancelled instance BUSINESS/DESKTOP-M0AIH34:business:9002 (replication=true)
2020-11-25 20:34:53.412 INFO  c.netflix.eureka.registry.AbstractInstanceRegistry:1250 [32m        [0;39m Running the evict task with compensationTime 7ms
2020-11-25 20:34:55.266 INFO  c.netflix.eureka.registry.AbstractInstanceRegistry:266  [32m        [0;39m Registered instance BUSINESS/DESKTOP-M0AIH34:business:9002 with status UP (replication=false)
2020-11-25 20:34:55.268 INFO  c.netflix.eureka.registry.AbstractInstanceRegistry:266  [32m        [0;39m Registered instance SYSTEM/DESKTOP-M0AIH34:system:9001 with status UP (replication=false)
2020-11-25 20:34:55.798 INFO  c.netflix.eureka.registry.AbstractInstanceRegistry:266  [32m        [0;39m Registered instance BUSINESS/DESKTOP-M0AIH34:business:9002 with status UP (replication=true)
2020-11-25 20:34:55.799 INFO  c.netflix.eureka.registry.AbstractInstanceRegistry:266  [32m        [0;39m Registered instance SYSTEM/DESKTOP-M0AIH34:system:9001 with status UP (replication=true)
2020-11-25 20:35:53.428 INFO  c.netflix.eureka.registry.AbstractInstanceRegistry:1250 [32m        [0;39m Running the evict task with compensationTime 14ms
2020-11-25 20:36:11.967 INFO  c.netflix.eureka.registry.AbstractInstanceRegistry:266  [32m        [0;39m Registered instance BUSINESS/DESKTOP-M0AIH34:business:9002 with status DOWN (replication=false)
2020-11-25 20:36:11.967 INFO  c.netflix.eureka.registry.AbstractInstanceRegistry:266  [32m        [0;39m Registered instance SYSTEM/DESKTOP-M0AIH34:system:9001 with status DOWN (replication=false)
2020-11-25 20:36:11.983 INFO  c.netflix.eureka.registry.AbstractInstanceRegistry:330  [32m        [0;39m Cancelled instance BUSINESS/DESKTOP-M0AIH34:business:9002 (replication=false)
2020-11-25 20:36:11.986 INFO  c.netflix.eureka.registry.AbstractInstanceRegistry:330  [32m        [0;39m Cancelled instance SYSTEM/DESKTOP-M0AIH34:system:9001 (replication=false)
2020-11-25 20:36:12.502 INFO  c.netflix.eureka.registry.AbstractInstanceRegistry:266  [32m        [0;39m Registered instance BUSINESS/DESKTOP-M0AIH34:business:9002 with status DOWN (replication=true)
2020-11-25 20:36:12.504 INFO  c.netflix.eureka.registry.AbstractInstanceRegistry:266  [32m        [0;39m Registered instance SYSTEM/DESKTOP-M0AIH34:system:9001 with status DOWN (replication=true)
2020-11-25 20:36:12.504 INFO  c.netflix.eureka.registry.AbstractInstanceRegistry:330  [32m        [0;39m Cancelled instance BUSINESS/DESKTOP-M0AIH34:business:9002 (replication=true)
2020-11-25 20:36:12.504 INFO  c.netflix.eureka.registry.AbstractInstanceRegistry:330  [32m        [0;39m Cancelled instance SYSTEM/DESKTOP-M0AIH34:system:9001 (replication=true)
2020-11-25 20:36:19.491 INFO  c.netflix.eureka.registry.AbstractInstanceRegistry:266  [32m        [0;39m Registered instance BUSINESS/DESKTOP-M0AIH34:business:9002 with status UP (replication=false)
2020-11-25 20:36:19.523 INFO  c.netflix.eureka.registry.AbstractInstanceRegistry:266  [32m        [0;39m Registered instance SYSTEM/DESKTOP-M0AIH34:system:9001 with status UP (replication=false)
2020-11-25 20:36:20.024 INFO  c.netflix.eureka.registry.AbstractInstanceRegistry:266  [32m        [0;39m Registered instance BUSINESS/DESKTOP-M0AIH34:business:9002 with status UP (replication=true)
2020-11-25 20:36:20.025 INFO  c.netflix.eureka.registry.AbstractInstanceRegistry:266  [32m        [0;39m Registered instance SYSTEM/DESKTOP-M0AIH34:system:9001 with status UP (replication=true)
2020-11-25 20:36:53.441 INFO  c.netflix.eureka.registry.AbstractInstanceRegistry:1250 [32m        [0;39m Running the evict task with compensationTime 13ms
2020-11-25 20:37:38.610 INFO  c.netflix.eureka.registry.AbstractInstanceRegistry:266  [32m        [0;39m Registered instance BUSINESS/DESKTOP-M0AIH34:business:9002 with status DOWN (replication=false)
2020-11-25 20:37:38.623 INFO  c.netflix.eureka.registry.AbstractInstanceRegistry:330  [32m        [0;39m Cancelled instance BUSINESS/DESKTOP-M0AIH34:business:9002 (replication=false)
2020-11-25 20:37:38.657 INFO  c.netflix.eureka.registry.AbstractInstanceRegistry:266  [32m        [0;39m Registered instance SYSTEM/DESKTOP-M0AIH34:system:9001 with status DOWN (replication=false)
2020-11-25 20:37:38.670 INFO  c.netflix.eureka.registry.AbstractInstanceRegistry:330  [32m        [0;39m Cancelled instance SYSTEM/DESKTOP-M0AIH34:system:9001 (replication=false)
2020-11-25 20:37:39.155 INFO  c.netflix.eureka.registry.AbstractInstanceRegistry:266  [32m        [0;39m Registered instance BUSINESS/DESKTOP-M0AIH34:business:9002 with status DOWN (replication=true)
2020-11-25 20:37:39.157 INFO  c.netflix.eureka.registry.AbstractInstanceRegistry:330  [32m        [0;39m Cancelled instance BUSINESS/DESKTOP-M0AIH34:business:9002 (replication=true)
2020-11-25 20:37:39.157 INFO  c.netflix.eureka.registry.AbstractInstanceRegistry:266  [32m        [0;39m Registered instance SYSTEM/DESKTOP-M0AIH34:system:9001 with status DOWN (replication=true)
2020-11-25 20:37:39.158 INFO  c.netflix.eureka.registry.AbstractInstanceRegistry:330  [32m        [0;39m Cancelled instance SYSTEM/DESKTOP-M0AIH34:system:9001 (replication=true)
2020-11-25 20:37:46.580 INFO  c.netflix.eureka.registry.AbstractInstanceRegistry:266  [32m        [0;39m Registered instance SYSTEM/DESKTOP-M0AIH34:system:9001 with status UP (replication=false)
2020-11-25 20:37:47.101 INFO  c.netflix.eureka.registry.AbstractInstanceRegistry:266  [32m        [0;39m Registered instance SYSTEM/DESKTOP-M0AIH34:system:9001 with status UP (replication=true)
2020-11-25 20:37:53.447 INFO  c.netflix.eureka.registry.AbstractInstanceRegistry:1250 [32m        [0;39m Running the evict task with compensationTime 5ms
2020-11-25 20:38:01.799 INFO  c.netflix.eureka.registry.AbstractInstanceRegistry:266  [32m        [0;39m Registered instance SYSTEM/DESKTOP-M0AIH34:system:9001 with status DOWN (replication=false)
2020-11-25 20:38:01.814 INFO  c.netflix.eureka.registry.AbstractInstanceRegistry:330  [32m        [0;39m Cancelled instance SYSTEM/DESKTOP-M0AIH34:system:9001 (replication=false)
2020-11-25 20:38:02.332 INFO  c.netflix.eureka.registry.AbstractInstanceRegistry:266  [32m        [0;39m Registered instance SYSTEM/DESKTOP-M0AIH34:system:9001 with status DOWN (replication=true)
2020-11-25 20:38:02.333 INFO  c.netflix.eureka.registry.AbstractInstanceRegistry:330  [32m        [0;39m Cancelled instance SYSTEM/DESKTOP-M0AIH34:system:9001 (replication=true)
2020-11-25 20:38:05.942 INFO  c.netflix.eureka.registry.AbstractInstanceRegistry:266  [32m        [0;39m Registered instance BUSINESS/DESKTOP-M0AIH34:business:9002 with status UP (replication=false)
2020-11-25 20:38:06.470 INFO  c.netflix.eureka.registry.AbstractInstanceRegistry:266  [32m        [0;39m Registered instance BUSINESS/DESKTOP-M0AIH34:business:9002 with status UP (replication=true)
2020-11-25 20:38:06.519 INFO  c.netflix.eureka.registry.AbstractInstanceRegistry:266  [32m        [0;39m Registered instance SYSTEM/DESKTOP-M0AIH34:system:9001 with status UP (replication=false)
2020-11-25 20:38:07.046 INFO  c.netflix.eureka.registry.AbstractInstanceRegistry:266  [32m        [0;39m Registered instance SYSTEM/DESKTOP-M0AIH34:system:9001 with status UP (replication=true)
2020-11-25 20:38:23.781 INFO  c.netflix.eureka.registry.AbstractInstanceRegistry:266  [32m        [0;39m Registered instance BUSINESS/DESKTOP-M0AIH34:business:9002 with status DOWN (replication=false)
2020-11-25 20:38:23.796 INFO  c.netflix.eureka.registry.AbstractInstanceRegistry:330  [32m        [0;39m Cancelled instance BUSINESS/DESKTOP-M0AIH34:business:9002 (replication=false)
2020-11-25 20:38:23.938 INFO  c.netflix.eureka.registry.AbstractInstanceRegistry:266  [32m        [0;39m Registered instance SYSTEM/DESKTOP-M0AIH34:system:9001 with status DOWN (replication=false)
2020-11-25 20:38:23.952 INFO  c.netflix.eureka.registry.AbstractInstanceRegistry:330  [32m        [0;39m Cancelled instance SYSTEM/DESKTOP-M0AIH34:system:9001 (replication=false)
2020-11-25 20:38:24.311 INFO  c.netflix.eureka.registry.AbstractInstanceRegistry:266  [32m        [0;39m Registered instance BUSINESS/DESKTOP-M0AIH34:business:9002 with status DOWN (replication=true)
2020-11-25 20:38:24.311 INFO  c.netflix.eureka.registry.AbstractInstanceRegistry:330  [32m        [0;39m Cancelled instance BUSINESS/DESKTOP-M0AIH34:business:9002 (replication=true)
2020-11-25 20:38:24.312 INFO  c.netflix.eureka.registry.AbstractInstanceRegistry:266  [32m        [0;39m Registered instance SYSTEM/DESKTOP-M0AIH34:system:9001 with status DOWN (replication=true)
2020-11-25 20:38:24.312 INFO  c.netflix.eureka.registry.AbstractInstanceRegistry:330  [32m        [0;39m Cancelled instance SYSTEM/DESKTOP-M0AIH34:system:9001 (replication=true)
2020-11-25 20:38:28.075 INFO  c.netflix.eureka.registry.AbstractInstanceRegistry:266  [32m        [0;39m Registered instance BUSINESS/DESKTOP-M0AIH34:business:9002 with status UP (replication=false)
2020-11-25 20:38:28.143 INFO  c.netflix.eureka.registry.AbstractInstanceRegistry:266  [32m        [0;39m Registered instance SYSTEM/DESKTOP-M0AIH34:system:9001 with status UP (replication=false)
2020-11-25 20:38:28.594 INFO  c.netflix.eureka.registry.AbstractInstanceRegistry:266  [32m        [0;39m Registered instance BUSINESS/DESKTOP-M0AIH34:business:9002 with status UP (replication=true)
2020-11-25 20:38:28.595 INFO  c.netflix.eureka.registry.AbstractInstanceRegistry:266  [32m        [0;39m Registered instance SYSTEM/DESKTOP-M0AIH34:system:9001 with status UP (replication=true)
2020-11-25 20:38:53.457 INFO  c.netflix.eureka.registry.AbstractInstanceRegistry:1250 [32m        [0;39m Running the evict task with compensationTime 9ms
2020-11-25 20:39:15.104 INFO  c.netflix.eureka.registry.AbstractInstanceRegistry:266  [32m        [0;39m Registered instance BUSINESS/DESKTOP-M0AIH34:business:9002 with status DOWN (replication=false)
2020-11-25 20:39:15.195 INFO  c.netflix.eureka.registry.AbstractInstanceRegistry:266  [32m        [0;39m Registered instance SYSTEM/DESKTOP-M0AIH34:system:9001 with status DOWN (replication=false)
2020-11-25 20:39:15.211 INFO  c.netflix.eureka.registry.AbstractInstanceRegistry:330  [32m        [0;39m Cancelled instance SYSTEM/DESKTOP-M0AIH34:system:9001 (replication=false)
2020-11-25 20:39:15.636 INFO  c.netflix.eureka.registry.AbstractInstanceRegistry:266  [32m        [0;39m Registered instance BUSINESS/DESKTOP-M0AIH34:business:9002 with status DOWN (replication=true)
2020-11-25 20:39:15.636 INFO  c.netflix.eureka.registry.AbstractInstanceRegistry:266  [32m        [0;39m Registered instance SYSTEM/DESKTOP-M0AIH34:system:9001 with status DOWN (replication=true)
2020-11-25 20:39:15.637 INFO  c.netflix.eureka.registry.AbstractInstanceRegistry:330  [32m        [0;39m Cancelled instance SYSTEM/DESKTOP-M0AIH34:system:9001 (replication=true)
2020-11-25 20:39:18.125 INFO  c.netflix.eureka.registry.AbstractInstanceRegistry:330  [32m        [0;39m Cancelled instance BUSINESS/DESKTOP-M0AIH34:business:9002 (replication=false)
2020-11-25 20:39:18.642 WARN  c.netflix.eureka.registry.AbstractInstanceRegistry:315  [32m        [0;39m DS: Registry: cancel failed because Lease is not registered for: BUSINESS/DESKTOP-M0AIH34:business:9002
2020-11-25 20:39:18.643 INFO  com.netflix.eureka.resources.InstanceResource     :288  [32m        [0;39m Not Found (Cancel): BUSINESS - DESKTOP-M0AIH34:business:9002
2020-11-25 20:39:18.643 WARN  com.netflix.eureka.cluster.ReplicationTask        :35   [32m        [0;39m The replication of task BUSINESS/DESKTOP-M0AIH34:business:9002:Cancel@localhost failed with response code 404
2020-11-25 20:39:18.644 WARN  com.netflix.eureka.cluster.PeerEurekaNode         :171  [32m        [0;39m BUSINESS/DESKTOP-M0AIH34:business:9002:Cancel@localhost: missing entry.
2020-11-25 20:39:19.816 INFO  c.netflix.eureka.registry.AbstractInstanceRegistry:266  [32m        [0;39m Registered instance SYSTEM/DESKTOP-M0AIH34:system:9001 with status UP (replication=false)
2020-11-25 20:39:20.336 INFO  c.netflix.eureka.registry.AbstractInstanceRegistry:266  [32m        [0;39m Registered instance SYSTEM/DESKTOP-M0AIH34:system:9001 with status UP (replication=true)
2020-11-25 20:39:24.655 INFO  c.netflix.eureka.registry.AbstractInstanceRegistry:266  [32m        [0;39m Registered instance SYSTEM/DESKTOP-M0AIH34:system:9001 with status DOWN (replication=false)
2020-11-25 20:39:24.667 INFO  c.netflix.eureka.registry.AbstractInstanceRegistry:330  [32m        [0;39m Cancelled instance SYSTEM/DESKTOP-M0AIH34:system:9001 (replication=false)
2020-11-25 20:39:25.183 INFO  c.netflix.eureka.registry.AbstractInstanceRegistry:266  [32m        [0;39m Registered instance SYSTEM/DESKTOP-M0AIH34:system:9001 with status DOWN (replication=true)
2020-11-25 20:39:25.183 INFO  c.netflix.eureka.registry.AbstractInstanceRegistry:330  [32m        [0;39m Cancelled instance SYSTEM/DESKTOP-M0AIH34:system:9001 (replication=true)
2020-11-25 20:39:28.714 INFO  c.netflix.eureka.registry.AbstractInstanceRegistry:266  [32m        [0;39m Registered instance BUSINESS/DESKTOP-M0AIH34:business:9002 with status UP (replication=false)
2020-11-25 20:39:29.158 INFO  c.netflix.eureka.registry.AbstractInstanceRegistry:266  [32m        [0;39m Registered instance SYSTEM/DESKTOP-M0AIH34:system:9001 with status UP (replication=false)
2020-11-25 20:39:29.237 INFO  c.netflix.eureka.registry.AbstractInstanceRegistry:266  [32m        [0;39m Registered instance BUSINESS/DESKTOP-M0AIH34:business:9002 with status UP (replication=true)
2020-11-25 20:39:29.237 INFO  c.netflix.eureka.registry.AbstractInstanceRegistry:266  [32m        [0;39m Registered instance SYSTEM/DESKTOP-M0AIH34:system:9001 with status UP (replication=true)
2020-11-25 20:39:53.464 INFO  c.netflix.eureka.registry.AbstractInstanceRegistry:1250 [32m        [0;39m Running the evict task with compensationTime 8ms
2020-11-25 20:40:02.796 INFO  c.netflix.eureka.registry.AbstractInstanceRegistry:266  [32m        [0;39m Registered instance SYSTEM/DESKTOP-M0AIH34:system:9001 with status DOWN (replication=false)
2020-11-25 20:40:02.812 INFO  c.netflix.eureka.registry.AbstractInstanceRegistry:330  [32m        [0;39m Cancelled instance SYSTEM/DESKTOP-M0AIH34:system:9001 (replication=false)
2020-11-25 20:40:03.328 INFO  c.netflix.eureka.registry.AbstractInstanceRegistry:266  [32m        [0;39m Registered instance SYSTEM/DESKTOP-M0AIH34:system:9001 with status DOWN (replication=true)
2020-11-25 20:40:03.329 INFO  c.netflix.eureka.registry.AbstractInstanceRegistry:330  [32m        [0;39m Cancelled instance SYSTEM/DESKTOP-M0AIH34:system:9001 (replication=true)
2020-11-25 20:40:03.434 INFO  c.netflix.eureka.registry.AbstractInstanceRegistry:266  [32m        [0;39m Registered instance BUSINESS/DESKTOP-M0AIH34:business:9002 with status DOWN (replication=false)
2020-11-25 20:40:03.450 INFO  c.netflix.eureka.registry.AbstractInstanceRegistry:330  [32m        [0;39m Cancelled instance BUSINESS/DESKTOP-M0AIH34:business:9002 (replication=false)
2020-11-25 20:40:03.954 INFO  c.netflix.eureka.registry.AbstractInstanceRegistry:266  [32m        [0;39m Registered instance BUSINESS/DESKTOP-M0AIH34:business:9002 with status DOWN (replication=true)
2020-11-25 20:40:03.954 INFO  c.netflix.eureka.registry.AbstractInstanceRegistry:330  [32m        [0;39m Cancelled instance BUSINESS/DESKTOP-M0AIH34:business:9002 (replication=true)
2020-11-25 20:40:09.662 INFO  c.netflix.eureka.registry.AbstractInstanceRegistry:266  [32m        [0;39m Registered instance SYSTEM/DESKTOP-M0AIH34:system:9001 with status UP (replication=false)
2020-11-25 20:40:10.178 INFO  c.netflix.eureka.registry.AbstractInstanceRegistry:266  [32m        [0;39m Registered instance SYSTEM/DESKTOP-M0AIH34:system:9001 with status UP (replication=true)
2020-11-25 20:40:10.553 INFO  c.netflix.eureka.registry.AbstractInstanceRegistry:266  [32m        [0;39m Registered instance BUSINESS/DESKTOP-M0AIH34:business:9002 with status UP (replication=false)
2020-11-25 20:40:11.082 INFO  c.netflix.eureka.registry.AbstractInstanceRegistry:266  [32m        [0;39m Registered instance BUSINESS/DESKTOP-M0AIH34:business:9002 with status UP (replication=true)
2020-11-25 20:40:40.593 INFO  c.netflix.eureka.registry.AbstractInstanceRegistry:266  [32m        [0;39m Registered instance BUSINESS/DESKTOP-M0AIH34:business:9002 with status DOWN (replication=false)
2020-11-25 20:40:40.594 INFO  c.netflix.eureka.registry.AbstractInstanceRegistry:266  [32m        [0;39m Registered instance SYSTEM/DESKTOP-M0AIH34:system:9001 with status DOWN (replication=false)
2020-11-25 20:40:40.607 INFO  c.netflix.eureka.registry.AbstractInstanceRegistry:330  [32m        [0;39m Cancelled instance SYSTEM/DESKTOP-M0AIH34:system:9001 (replication=false)
2020-11-25 20:40:40.607 INFO  c.netflix.eureka.registry.AbstractInstanceRegistry:330  [32m        [0;39m Cancelled instance BUSINESS/DESKTOP-M0AIH34:business:9002 (replication=false)
2020-11-25 20:40:41.065 WARN  c.netflix.eureka.registry.AbstractInstanceRegistry:353  [32m        [0;39m DS: Registry: lease doesn't exist, registering resource: BUSINESS - DESKTOP-M0AIH34:business:9002
2020-11-25 20:40:41.065 WARN  com.netflix.eureka.resources.InstanceResource     :116  [32m        [0;39m Not Found (Renew): BUSINESS - DESKTOP-M0AIH34:business:9002
2020-11-25 20:40:41.066 INFO  c.netflix.eureka.registry.AbstractInstanceRegistry:266  [32m        [0;39m Registered instance BUSINESS/DESKTOP-M0AIH34:business:9002 with status DOWN (replication=true)
2020-11-25 20:40:41.066 INFO  c.netflix.eureka.registry.AbstractInstanceRegistry:266  [32m        [0;39m Registered instance SYSTEM/DESKTOP-M0AIH34:system:9001 with status DOWN (replication=true)
2020-11-25 20:40:41.066 INFO  c.netflix.eureka.registry.AbstractInstanceRegistry:330  [32m        [0;39m Cancelled instance SYSTEM/DESKTOP-M0AIH34:system:9001 (replication=true)
2020-11-25 20:40:41.067 INFO  c.netflix.eureka.registry.AbstractInstanceRegistry:330  [32m        [0;39m Cancelled instance BUSINESS/DESKTOP-M0AIH34:business:9002 (replication=true)
2020-11-25 20:40:41.068 WARN  com.netflix.eureka.cluster.ReplicationTask        :35   [32m        [0;39m The replication of task BUSINESS/DESKTOP-M0AIH34:business:9002:Heartbeat@localhost failed with response code 404
2020-11-25 20:40:41.068 WARN  com.netflix.eureka.cluster.PeerEurekaNode         :212  [32m        [0;39m BUSINESS/DESKTOP-M0AIH34:business:9002:Heartbeat@localhost: missing entry.
2020-11-25 20:40:41.068 WARN  com.netflix.eureka.cluster.PeerEurekaNode         :214  [32m        [0;39m BUSINESS/DESKTOP-M0AIH34:business:9002:Heartbeat@localhost: cannot find instance id DESKTOP-M0AIH34:business:9002 and hence replicating the instance with status UP
2020-11-25 20:40:41.594 INFO  c.netflix.eureka.registry.AbstractInstanceRegistry:266  [32m        [0;39m Registered instance BUSINESS/DESKTOP-M0AIH34:business:9002 with status UP (replication=true)
2020-11-25 20:40:45.186 INFO  c.netflix.eureka.registry.AbstractInstanceRegistry:266  [32m        [0;39m Registered instance BUSINESS/DESKTOP-M0AIH34:business:9002 with status UP (replication=false)
2020-11-25 20:40:45.201 INFO  c.netflix.eureka.registry.AbstractInstanceRegistry:266  [32m        [0;39m Registered instance SYSTEM/DESKTOP-M0AIH34:system:9001 with status UP (replication=false)
2020-11-25 20:40:45.716 INFO  c.netflix.eureka.registry.AbstractInstanceRegistry:266  [32m        [0;39m Registered instance BUSINESS/DESKTOP-M0AIH34:business:9002 with status UP (replication=true)
2020-11-25 20:40:45.716 INFO  c.netflix.eureka.registry.AbstractInstanceRegistry:266  [32m        [0;39m Registered instance SYSTEM/DESKTOP-M0AIH34:system:9001 with status UP (replication=true)
2020-11-25 20:40:52.150 INFO  c.netflix.eureka.registry.AbstractInstanceRegistry:266  [32m        [0;39m Registered instance SYSTEM/DESKTOP-M0AIH34:system:9001 with status DOWN (replication=false)
2020-11-25 20:40:52.167 INFO  c.netflix.eureka.registry.AbstractInstanceRegistry:330  [32m        [0;39m Cancelled instance SYSTEM/DESKTOP-M0AIH34:system:9001 (replication=false)
2020-11-25 20:40:52.462 INFO  c.netflix.eureka.registry.AbstractInstanceRegistry:266  [32m        [0;39m Registered instance BUSINESS/DESKTOP-M0AIH34:business:9002 with status DOWN (replication=false)
2020-11-25 20:40:52.478 INFO  c.netflix.eureka.registry.AbstractInstanceRegistry:330  [32m        [0;39m Cancelled instance BUSINESS/DESKTOP-M0AIH34:business:9002 (replication=false)
2020-11-25 20:40:52.684 INFO  c.netflix.eureka.registry.AbstractInstanceRegistry:266  [32m        [0;39m Registered instance SYSTEM/DESKTOP-M0AIH34:system:9001 with status DOWN (replication=true)
2020-11-25 20:40:52.686 INFO  c.netflix.eureka.registry.AbstractInstanceRegistry:330  [32m        [0;39m Cancelled instance SYSTEM/DESKTOP-M0AIH34:system:9001 (replication=true)
2020-11-25 20:40:52.686 INFO  c.netflix.eureka.registry.AbstractInstanceRegistry:266  [32m        [0;39m Registered instance BUSINESS/DESKTOP-M0AIH34:business:9002 with status DOWN (replication=true)
2020-11-25 20:40:52.686 INFO  c.netflix.eureka.registry.AbstractInstanceRegistry:330  [32m        [0;39m Cancelled instance BUSINESS/DESKTOP-M0AIH34:business:9002 (replication=true)
2020-11-25 20:40:53.479 INFO  c.netflix.eureka.registry.AbstractInstanceRegistry:1250 [32m        [0;39m Running the evict task with compensationTime 14ms
2020-11-25 20:41:00.169 INFO  c.netflix.eureka.registry.AbstractInstanceRegistry:266  [32m        [0;39m Registered instance SYSTEM/DESKTOP-M0AIH34:system:9001 with status UP (replication=false)
2020-11-25 20:41:00.355 INFO  c.netflix.eureka.registry.AbstractInstanceRegistry:266  [32m        [0;39m Registered instance BUSINESS/DESKTOP-M0AIH34:business:9002 with status UP (replication=false)
2020-11-25 20:41:00.695 INFO  c.netflix.eureka.registry.AbstractInstanceRegistry:266  [32m        [0;39m Registered instance SYSTEM/DESKTOP-M0AIH34:system:9001 with status UP (replication=true)
2020-11-25 20:41:00.695 INFO  c.netflix.eureka.registry.AbstractInstanceRegistry:266  [32m        [0;39m Registered instance BUSINESS/DESKTOP-M0AIH34:business:9002 with status UP (replication=true)
2020-11-25 20:41:53.492 INFO  c.netflix.eureka.registry.AbstractInstanceRegistry:1250 [32m        [0;39m Running the evict task with compensationTime 13ms
2020-11-25 20:42:53.493 INFO  c.netflix.eureka.registry.AbstractInstanceRegistry:1250 [32m        [0;39m Running the evict task with compensationTime 0ms
2020-11-25 20:43:53.503 INFO  c.netflix.eureka.registry.AbstractInstanceRegistry:1250 [32m        [0;39m Running the evict task with compensationTime 9ms
2020-11-25 20:44:53.517 INFO  c.netflix.eureka.registry.AbstractInstanceRegistry:1250 [32m        [0;39m Running the evict task with compensationTime 14ms
2020-11-25 20:45:53.520 INFO  c.netflix.eureka.registry.AbstractInstanceRegistry:1250 [32m        [0;39m Running the evict task with compensationTime 2ms
2020-11-25 20:46:53.522 INFO  c.netflix.eureka.registry.AbstractInstanceRegistry:1250 [32m        [0;39m Running the evict task with compensationTime 2ms
2020-11-25 20:47:52.772 INFO  c.n.eureka.registry.PeerAwareInstanceRegistryImpl :539  [32m        [0;39m Current renewal threshold is : 6
2020-11-25 20:47:53.524 INFO  c.netflix.eureka.registry.AbstractInstanceRegistry:1250 [32m        [0;39m Running the evict task with compensationTime 1ms
2020-11-25 20:48:53.538 INFO  c.netflix.eureka.registry.AbstractInstanceRegistry:1250 [32m        [0;39m Running the evict task with compensationTime 13ms
2020-11-25 20:49:53.548 INFO  c.netflix.eureka.registry.AbstractInstanceRegistry:1250 [32m        [0;39m Running the evict task with compensationTime 10ms
2020-11-25 20:50:53.555 INFO  c.netflix.eureka.registry.AbstractInstanceRegistry:1250 [32m        [0;39m Running the evict task with compensationTime 7ms
2020-11-25 20:51:53.566 INFO  c.netflix.eureka.registry.AbstractInstanceRegistry:1250 [32m        [0;39m Running the evict task with compensationTime 10ms
2020-11-25 20:52:53.573 INFO  c.netflix.eureka.registry.AbstractInstanceRegistry:1250 [32m        [0;39m Running the evict task with compensationTime 7ms
2020-11-25 20:53:53.585 INFO  c.netflix.eureka.registry.AbstractInstanceRegistry:1250 [32m        [0;39m Running the evict task with compensationTime 12ms
2020-11-25 20:54:53.586 INFO  c.netflix.eureka.registry.AbstractInstanceRegistry:1250 [32m        [0;39m Running the evict task with compensationTime 1ms
2020-11-25 20:55:53.588 INFO  c.netflix.eureka.registry.AbstractInstanceRegistry:1250 [32m        [0;39m Running the evict task with compensationTime 1ms
2020-11-25 20:56:53.601 INFO  c.netflix.eureka.registry.AbstractInstanceRegistry:1250 [32m        [0;39m Running the evict task with compensationTime 14ms
2020-11-25 20:57:53.616 INFO  c.netflix.eureka.registry.AbstractInstanceRegistry:1250 [32m        [0;39m Running the evict task with compensationTime 13ms
2020-11-25 20:58:53.623 INFO  c.netflix.eureka.registry.AbstractInstanceRegistry:1250 [32m        [0;39m Running the evict task with compensationTime 7ms
2020-11-25 20:59:53.630 INFO  c.netflix.eureka.registry.AbstractInstanceRegistry:1250 [32m        [0;39m Running the evict task with compensationTime 6ms
2020-11-25 21:00:53.631 INFO  c.netflix.eureka.registry.AbstractInstanceRegistry:1250 [32m        [0;39m Running the evict task with compensationTime 1ms
2020-11-25 21:01:53.638 INFO  c.netflix.eureka.registry.AbstractInstanceRegistry:1250 [32m        [0;39m Running the evict task with compensationTime 6ms
2020-11-25 21:02:52.783 INFO  c.n.eureka.registry.PeerAwareInstanceRegistryImpl :539  [32m        [0;39m Current renewal threshold is : 6
2020-11-25 21:02:53.644 INFO  c.netflix.eureka.registry.AbstractInstanceRegistry:1250 [32m        [0;39m Running the evict task with compensationTime 6ms
2020-11-25 21:03:53.654 INFO  c.netflix.eureka.registry.AbstractInstanceRegistry:1250 [32m        [0;39m Running the evict task with compensationTime 10ms
2020-11-25 21:04:53.660 INFO  c.netflix.eureka.registry.AbstractInstanceRegistry:1250 [32m        [0;39m Running the evict task with compensationTime 5ms
2020-11-25 21:05:53.674 INFO  c.netflix.eureka.registry.AbstractInstanceRegistry:1250 [32m        [0;39m Running the evict task with compensationTime 14ms
2020-11-25 21:06:53.679 INFO  c.netflix.eureka.registry.AbstractInstanceRegistry:1250 [32m        [0;39m Running the evict task with compensationTime 4ms
2020-11-25 21:07:53.687 INFO  c.netflix.eureka.registry.AbstractInstanceRegistry:1250 [32m        [0;39m Running the evict task with compensationTime 8ms
2020-11-25 21:08:53.692 INFO  c.netflix.eureka.registry.AbstractInstanceRegistry:1250 [32m        [0;39m Running the evict task with compensationTime 5ms
2020-11-25 21:09:53.705 INFO  c.netflix.eureka.registry.AbstractInstanceRegistry:1250 [32m        [0;39m Running the evict task with compensationTime 12ms
2020-11-25 21:10:53.713 INFO  c.netflix.eureka.registry.AbstractInstanceRegistry:1250 [32m        [0;39m Running the evict task with compensationTime 8ms
2020-11-25 21:11:53.726 INFO  c.netflix.eureka.registry.AbstractInstanceRegistry:1250 [32m        [0;39m Running the evict task with compensationTime 12ms
2020-11-25 21:12:53.739 INFO  c.netflix.eureka.registry.AbstractInstanceRegistry:1250 [32m        [0;39m Running the evict task with compensationTime 13ms
2020-11-25 21:13:53.744 INFO  c.netflix.eureka.registry.AbstractInstanceRegistry:1250 [32m        [0;39m Running the evict task with compensationTime 4ms
2020-11-25 21:14:53.755 INFO  c.netflix.eureka.registry.AbstractInstanceRegistry:1250 [32m        [0;39m Running the evict task with compensationTime 11ms
2020-11-25 21:15:53.756 INFO  c.netflix.eureka.registry.AbstractInstanceRegistry:1250 [32m        [0;39m Running the evict task with compensationTime 0ms
2020-11-25 21:16:53.758 INFO  c.netflix.eureka.registry.AbstractInstanceRegistry:1250 [32m        [0;39m Running the evict task with compensationTime 2ms
2020-11-25 21:17:52.788 INFO  c.n.eureka.registry.PeerAwareInstanceRegistryImpl :539  [32m        [0;39m Current renewal threshold is : 6
2020-11-25 21:17:53.758 INFO  c.netflix.eureka.registry.AbstractInstanceRegistry:1250 [32m        [0;39m Running the evict task with compensationTime 0ms
2020-11-25 21:18:53.773 INFO  c.netflix.eureka.registry.AbstractInstanceRegistry:1250 [32m        [0;39m Running the evict task with compensationTime 14ms
2020-11-25 21:19:53.777 INFO  c.netflix.eureka.registry.AbstractInstanceRegistry:1250 [32m        [0;39m Running the evict task with compensationTime 4ms
2020-11-25 21:20:53.788 INFO  c.netflix.eureka.registry.AbstractInstanceRegistry:1250 [32m        [0;39m Running the evict task with compensationTime 10ms
2020-11-25 21:21:53.799 INFO  c.netflix.eureka.registry.AbstractInstanceRegistry:1250 [32m        [0;39m Running the evict task with compensationTime 11ms
2020-11-25 21:22:53.815 INFO  c.netflix.eureka.registry.AbstractInstanceRegistry:1250 [32m        [0;39m Running the evict task with compensationTime 15ms
2020-11-25 21:23:53.820 INFO  c.netflix.eureka.registry.AbstractInstanceRegistry:1250 [32m        [0;39m Running the evict task with compensationTime 5ms
2020-11-25 21:24:53.822 INFO  c.netflix.eureka.registry.AbstractInstanceRegistry:1250 [32m        [0;39m Running the evict task with compensationTime 1ms
2020-11-25 21:25:53.832 INFO  c.netflix.eureka.registry.AbstractInstanceRegistry:1250 [32m        [0;39m Running the evict task with compensationTime 10ms
2020-11-25 21:26:53.842 INFO  c.netflix.eureka.registry.AbstractInstanceRegistry:1250 [32m        [0;39m Running the evict task with compensationTime 9ms
2020-11-25 21:27:53.848 INFO  c.netflix.eureka.registry.AbstractInstanceRegistry:1250 [32m        [0;39m Running the evict task with compensationTime 6ms
2020-11-25 21:28:53.858 INFO  c.netflix.eureka.registry.AbstractInstanceRegistry:1250 [32m        [0;39m Running the evict task with compensationTime 10ms
2020-11-25 21:29:53.873 INFO  c.netflix.eureka.registry.AbstractInstanceRegistry:1250 [32m        [0;39m Running the evict task with compensationTime 15ms
2020-11-25 21:30:38.500 INFO  c.netflix.eureka.registry.AbstractInstanceRegistry:266  [32m        [0;39m Registered instance SYSTEM/DESKTOP-M0AIH34:system:9001 with status DOWN (replication=false)
2020-11-25 21:30:38.513 INFO  c.netflix.eureka.registry.AbstractInstanceRegistry:330  [32m        [0;39m Cancelled instance SYSTEM/DESKTOP-M0AIH34:system:9001 (replication=false)
2020-11-25 21:30:38.561 INFO  c.netflix.eureka.registry.AbstractInstanceRegistry:266  [32m        [0;39m Registered instance BUSINESS/DESKTOP-M0AIH34:business:9002 with status DOWN (replication=false)
2020-11-25 21:30:38.576 INFO  c.netflix.eureka.registry.AbstractInstanceRegistry:330  [32m        [0;39m Cancelled instance BUSINESS/DESKTOP-M0AIH34:business:9002 (replication=false)
2020-11-25 21:30:39.045 INFO  c.netflix.eureka.registry.AbstractInstanceRegistry:266  [32m        [0;39m Registered instance SYSTEM/DESKTOP-M0AIH34:system:9001 with status DOWN (replication=true)
2020-11-25 21:30:39.046 INFO  c.netflix.eureka.registry.AbstractInstanceRegistry:330  [32m        [0;39m Cancelled instance SYSTEM/DESKTOP-M0AIH34:system:9001 (replication=true)
2020-11-25 21:30:39.046 INFO  c.netflix.eureka.registry.AbstractInstanceRegistry:266  [32m        [0;39m Registered instance BUSINESS/DESKTOP-M0AIH34:business:9002 with status DOWN (replication=true)
2020-11-25 21:30:39.046 INFO  c.netflix.eureka.registry.AbstractInstanceRegistry:330  [32m        [0;39m Cancelled instance BUSINESS/DESKTOP-M0AIH34:business:9002 (replication=true)
2020-11-25 21:30:46.950 INFO  c.netflix.eureka.registry.AbstractInstanceRegistry:266  [32m        [0;39m Registered instance BUSINESS/DESKTOP-M0AIH34:business:9002 with status UP (replication=false)
2020-11-25 21:30:46.968 INFO  c.netflix.eureka.registry.AbstractInstanceRegistry:266  [32m        [0;39m Registered instance SYSTEM/DESKTOP-M0AIH34:system:9001 with status UP (replication=false)
2020-11-25 21:30:47.484 INFO  c.netflix.eureka.registry.AbstractInstanceRegistry:266  [32m        [0;39m Registered instance BUSINESS/DESKTOP-M0AIH34:business:9002 with status UP (replication=true)
2020-11-25 21:30:47.486 INFO  c.netflix.eureka.registry.AbstractInstanceRegistry:266  [32m        [0;39m Registered instance SYSTEM/DESKTOP-M0AIH34:system:9001 with status UP (replication=true)
2020-11-25 21:30:53.877 INFO  c.netflix.eureka.registry.AbstractInstanceRegistry:1250 [32m        [0;39m Running the evict task with compensationTime 3ms
2020-11-25 21:31:18.338 INFO  c.netflix.eureka.registry.AbstractInstanceRegistry:266  [32m        [0;39m Registered instance SYSTEM/DESKTOP-M0AIH34:system:9001 with status DOWN (replication=false)
2020-11-25 21:31:18.352 INFO  c.netflix.eureka.registry.AbstractInstanceRegistry:330  [32m        [0;39m Cancelled instance SYSTEM/DESKTOP-M0AIH34:system:9001 (replication=false)
2020-11-25 21:31:18.369 INFO  c.netflix.eureka.registry.AbstractInstanceRegistry:266  [32m        [0;39m Registered instance BUSINESS/DESKTOP-M0AIH34:business:9002 with status DOWN (replication=false)
2020-11-25 21:31:18.383 INFO  c.netflix.eureka.registry.AbstractInstanceRegistry:330  [32m        [0;39m Cancelled instance BUSINESS/DESKTOP-M0AIH34:business:9002 (replication=false)
2020-11-25 21:31:18.856 INFO  c.netflix.eureka.registry.AbstractInstanceRegistry:266  [32m        [0;39m Registered instance SYSTEM/DESKTOP-M0AIH34:system:9001 with status DOWN (replication=true)
2020-11-25 21:31:18.857 INFO  c.netflix.eureka.registry.AbstractInstanceRegistry:330  [32m        [0;39m Cancelled instance SYSTEM/DESKTOP-M0AIH34:system:9001 (replication=true)
2020-11-25 21:31:18.857 INFO  c.netflix.eureka.registry.AbstractInstanceRegistry:266  [32m        [0;39m Registered instance BUSINESS/DESKTOP-M0AIH34:business:9002 with status DOWN (replication=true)
2020-11-25 21:31:18.858 INFO  c.netflix.eureka.registry.AbstractInstanceRegistry:330  [32m        [0;39m Cancelled instance BUSINESS/DESKTOP-M0AIH34:business:9002 (replication=true)
2020-11-25 21:31:23.147 INFO  c.netflix.eureka.registry.AbstractInstanceRegistry:266  [32m        [0;39m Registered instance BUSINESS/DESKTOP-M0AIH34:business:9002 with status UP (replication=false)
2020-11-25 21:31:23.163 INFO  c.netflix.eureka.registry.AbstractInstanceRegistry:266  [32m        [0;39m Registered instance SYSTEM/DESKTOP-M0AIH34:system:9001 with status UP (replication=false)
2020-11-25 21:31:23.674 INFO  c.netflix.eureka.registry.AbstractInstanceRegistry:266  [32m        [0;39m Registered instance BUSINESS/DESKTOP-M0AIH34:business:9002 with status UP (replication=true)
2020-11-25 21:31:23.674 INFO  c.netflix.eureka.registry.AbstractInstanceRegistry:266  [32m        [0;39m Registered instance SYSTEM/DESKTOP-M0AIH34:system:9001 with status UP (replication=true)
2020-11-25 21:31:53.879 INFO  c.netflix.eureka.registry.AbstractInstanceRegistry:1250 [32m        [0;39m Running the evict task with compensationTime 1ms
2020-11-25 21:32:52.792 INFO  c.n.eureka.registry.PeerAwareInstanceRegistryImpl :539  [32m        [0;39m Current renewal threshold is : 6
2020-11-25 21:32:53.880 INFO  c.netflix.eureka.registry.AbstractInstanceRegistry:1250 [32m        [0;39m Running the evict task with compensationTime 0ms
2020-11-25 21:33:53.895 INFO  c.netflix.eureka.registry.AbstractInstanceRegistry:1250 [32m        [0;39m Running the evict task with compensationTime 15ms
2020-11-25 21:34:53.902 INFO  c.netflix.eureka.registry.AbstractInstanceRegistry:1250 [32m        [0;39m Running the evict task with compensationTime 7ms
2020-11-25 21:35:53.912 INFO  c.netflix.eureka.registry.AbstractInstanceRegistry:1250 [32m        [0;39m Running the evict task with compensationTime 9ms
2020-11-25 21:36:53.917 INFO  c.netflix.eureka.registry.AbstractInstanceRegistry:1250 [32m        [0;39m Running the evict task with compensationTime 4ms
2020-11-25 21:37:53.931 INFO  c.netflix.eureka.registry.AbstractInstanceRegistry:1250 [32m        [0;39m Running the evict task with compensationTime 13ms
2020-11-25 21:38:53.936 INFO  c.netflix.eureka.registry.AbstractInstanceRegistry:1250 [32m        [0;39m Running the evict task with compensationTime 5ms
2020-11-25 21:39:53.937 INFO  c.netflix.eureka.registry.AbstractInstanceRegistry:1250 [32m        [0;39m Running the evict task with compensationTime 0ms
2020-11-25 21:40:53.938 INFO  c.netflix.eureka.registry.AbstractInstanceRegistry:1250 [32m        [0;39m Running the evict task with compensationTime 0ms
2020-11-25 21:41:53.942 INFO  c.netflix.eureka.registry.AbstractInstanceRegistry:1250 [32m        [0;39m Running the evict task with compensationTime 4ms
2020-11-25 21:42:53.958 INFO  c.netflix.eureka.registry.AbstractInstanceRegistry:1250 [32m        [0;39m Running the evict task with compensationTime 15ms
2020-11-25 21:43:53.961 INFO  c.netflix.eureka.registry.AbstractInstanceRegistry:1250 [32m        [0;39m Running the evict task with compensationTime 2ms
2020-11-25 21:44:53.965 INFO  c.netflix.eureka.registry.AbstractInstanceRegistry:1250 [32m        [0;39m Running the evict task with compensationTime 4ms
2020-11-25 21:45:53.978 INFO  c.netflix.eureka.registry.AbstractInstanceRegistry:1250 [32m        [0;39m Running the evict task with compensationTime 13ms
2020-11-25 21:46:53.989 INFO  c.netflix.eureka.registry.AbstractInstanceRegistry:1250 [32m        [0;39m Running the evict task with compensationTime 10ms
2020-11-25 21:47:52.807 INFO  c.n.eureka.registry.PeerAwareInstanceRegistryImpl :539  [32m        [0;39m Current renewal threshold is : 6
2020-11-25 21:47:53.998 INFO  c.netflix.eureka.registry.AbstractInstanceRegistry:1250 [32m        [0;39m Running the evict task with compensationTime 9ms
2020-11-25 21:48:54.013 INFO  c.netflix.eureka.registry.AbstractInstanceRegistry:1250 [32m        [0;39m Running the evict task with compensationTime 14ms
2020-11-25 21:49:54.028 INFO  c.netflix.eureka.registry.AbstractInstanceRegistry:1250 [32m        [0;39m Running the evict task with compensationTime 15ms
2020-11-25 21:50:54.042 INFO  c.netflix.eureka.registry.AbstractInstanceRegistry:1250 [32m        [0;39m Running the evict task with compensationTime 14ms
2020-11-25 21:51:54.044 INFO  c.netflix.eureka.registry.AbstractInstanceRegistry:1250 [32m        [0;39m Running the evict task with compensationTime 2ms
2020-11-25 21:52:54.051 INFO  c.netflix.eureka.registry.AbstractInstanceRegistry:1250 [32m        [0;39m Running the evict task with compensationTime 6ms
2020-11-25 21:53:54.052 INFO  c.netflix.eureka.registry.AbstractInstanceRegistry:1250 [32m        [0;39m Running the evict task with compensationTime 1ms
2020-11-25 21:54:54.054 INFO  c.netflix.eureka.registry.AbstractInstanceRegistry:1250 [32m        [0;39m Running the evict task with compensationTime 2ms
2020-11-25 21:55:54.060 INFO  c.netflix.eureka.registry.AbstractInstanceRegistry:1250 [32m        [0;39m Running the evict task with compensationTime 5ms
2020-11-25 21:56:54.061 INFO  c.netflix.eureka.registry.AbstractInstanceRegistry:1250 [32m        [0;39m Running the evict task with compensationTime 1ms
2020-11-25 21:57:54.064 INFO  c.netflix.eureka.registry.AbstractInstanceRegistry:1250 [32m        [0;39m Running the evict task with compensationTime 3ms
2020-11-25 21:58:54.074 INFO  c.netflix.eureka.registry.AbstractInstanceRegistry:1250 [32m        [0;39m Running the evict task with compensationTime 9ms
2020-11-25 21:59:54.074 INFO  c.netflix.eureka.registry.AbstractInstanceRegistry:1250 [32m        [0;39m Running the evict task with compensationTime 1ms
2020-11-25 22:00:54.081 INFO  c.netflix.eureka.registry.AbstractInstanceRegistry:1250 [32m        [0;39m Running the evict task with compensationTime 5ms
2020-11-25 22:01:54.085 INFO  c.netflix.eureka.registry.AbstractInstanceRegistry:1250 [32m        [0;39m Running the evict task with compensationTime 4ms
2020-11-25 22:02:52.810 INFO  c.n.eureka.registry.PeerAwareInstanceRegistryImpl :539  [32m        [0;39m Current renewal threshold is : 6
2020-11-25 22:02:54.092 INFO  c.netflix.eureka.registry.AbstractInstanceRegistry:1250 [32m        [0;39m Running the evict task with compensationTime 6ms
2020-11-25 22:03:54.100 INFO  c.netflix.eureka.registry.AbstractInstanceRegistry:1250 [32m        [0;39m Running the evict task with compensationTime 7ms
2020-11-25 22:04:54.110 INFO  c.netflix.eureka.registry.AbstractInstanceRegistry:1250 [32m        [0;39m Running the evict task with compensationTime 10ms
2020-11-25 22:05:54.124 INFO  c.netflix.eureka.registry.AbstractInstanceRegistry:1250 [32m        [0;39m Running the evict task with compensationTime 13ms
2020-11-25 22:06:54.134 INFO  c.netflix.eureka.registry.AbstractInstanceRegistry:1250 [32m        [0;39m Running the evict task with compensationTime 9ms
2020-11-25 22:07:54.135 INFO  c.netflix.eureka.registry.AbstractInstanceRegistry:1250 [32m        [0;39m Running the evict task with compensationTime 1ms
2020-11-25 22:08:54.139 INFO  c.netflix.eureka.registry.AbstractInstanceRegistry:1250 [32m        [0;39m Running the evict task with compensationTime 3ms
2020-11-25 22:09:54.150 INFO  c.netflix.eureka.registry.AbstractInstanceRegistry:1250 [32m        [0;39m Running the evict task with compensationTime 11ms
2020-11-25 22:10:54.154 INFO  c.netflix.eureka.registry.AbstractInstanceRegistry:1250 [32m        [0;39m Running the evict task with compensationTime 3ms
2020-11-25 22:11:54.158 INFO  c.netflix.eureka.registry.AbstractInstanceRegistry:1250 [32m        [0;39m Running the evict task with compensationTime 4ms
2020-11-25 22:12:54.174 INFO  c.netflix.eureka.registry.AbstractInstanceRegistry:1250 [32m        [0;39m Running the evict task with compensationTime 15ms
2020-11-25 22:13:54.182 INFO  c.netflix.eureka.registry.AbstractInstanceRegistry:1250 [32m        [0;39m Running the evict task with compensationTime 8ms
2020-11-25 22:14:54.187 INFO  c.netflix.eureka.registry.AbstractInstanceRegistry:1250 [32m        [0;39m Running the evict task with compensationTime 5ms
2020-11-25 22:15:54.193 INFO  c.netflix.eureka.registry.AbstractInstanceRegistry:1250 [32m        [0;39m Running the evict task with compensationTime 5ms
2020-11-25 22:16:54.195 INFO  c.netflix.eureka.registry.AbstractInstanceRegistry:1250 [32m        [0;39m Running the evict task with compensationTime 2ms
2020-11-25 22:17:52.818 INFO  c.n.eureka.registry.PeerAwareInstanceRegistryImpl :539  [32m        [0;39m Current renewal threshold is : 6
2020-11-25 22:17:54.197 INFO  c.netflix.eureka.registry.AbstractInstanceRegistry:1250 [32m        [0;39m Running the evict task with compensationTime 1ms
2020-11-25 22:18:54.200 INFO  c.netflix.eureka.registry.AbstractInstanceRegistry:1250 [32m        [0;39m Running the evict task with compensationTime 3ms
2020-11-25 22:19:54.216 INFO  c.netflix.eureka.registry.AbstractInstanceRegistry:1250 [32m        [0;39m Running the evict task with compensationTime 15ms
2020-11-25 22:20:54.222 INFO  c.netflix.eureka.registry.AbstractInstanceRegistry:1250 [32m        [0;39m Running the evict task with compensationTime 6ms
2020-11-25 22:21:54.227 INFO  c.netflix.eureka.registry.AbstractInstanceRegistry:1250 [32m        [0;39m Running the evict task with compensationTime 5ms
2020-11-25 22:22:54.230 INFO  c.netflix.eureka.registry.AbstractInstanceRegistry:1250 [32m        [0;39m Running the evict task with compensationTime 2ms
2020-11-25 22:23:54.231 INFO  c.netflix.eureka.registry.AbstractInstanceRegistry:1250 [32m        [0;39m Running the evict task with compensationTime 1ms
2020-11-25 22:24:54.242 INFO  c.netflix.eureka.registry.AbstractInstanceRegistry:1250 [32m        [0;39m Running the evict task with compensationTime 10ms
2020-11-25 22:25:54.244 INFO  c.netflix.eureka.registry.AbstractInstanceRegistry:1250 [32m        [0;39m Running the evict task with compensationTime 2ms
2020-11-25 22:26:54.259 INFO  c.netflix.eureka.registry.AbstractInstanceRegistry:1250 [32m        [0;39m Running the evict task with compensationTime 14ms
2020-11-25 22:27:54.267 INFO  c.netflix.eureka.registry.AbstractInstanceRegistry:1250 [32m        [0;39m Running the evict task with compensationTime 8ms
2020-11-25 22:28:54.275 INFO  c.netflix.eureka.registry.AbstractInstanceRegistry:1250 [32m        [0;39m Running the evict task with compensationTime 8ms
2020-11-25 22:29:54.281 INFO  c.netflix.eureka.registry.AbstractInstanceRegistry:1250 [32m        [0;39m Running the evict task with compensationTime 5ms
2020-11-25 22:30:54.290 INFO  c.netflix.eureka.registry.AbstractInstanceRegistry:1250 [32m        [0;39m Running the evict task with compensationTime 8ms
2020-11-25 22:31:54.299 INFO  c.netflix.eureka.registry.AbstractInstanceRegistry:1250 [32m        [0;39m Running the evict task with compensationTime 9ms
2020-11-25 22:32:52.828 INFO  c.n.eureka.registry.PeerAwareInstanceRegistryImpl :539  [32m        [0;39m Current renewal threshold is : 6
2020-11-25 22:32:54.314 INFO  c.netflix.eureka.registry.AbstractInstanceRegistry:1250 [32m        [0;39m Running the evict task with compensationTime 14ms
2020-11-25 22:33:54.329 INFO  c.netflix.eureka.registry.AbstractInstanceRegistry:1250 [32m        [0;39m Running the evict task with compensationTime 15ms
2020-11-25 22:34:54.333 INFO  c.netflix.eureka.registry.AbstractInstanceRegistry:1250 [32m        [0;39m Running the evict task with compensationTime 4ms
2020-11-25 22:35:54.338 INFO  c.netflix.eureka.registry.AbstractInstanceRegistry:1250 [32m        [0;39m Running the evict task with compensationTime 4ms
2020-11-25 22:36:54.351 INFO  c.netflix.eureka.registry.AbstractInstanceRegistry:1250 [32m        [0;39m Running the evict task with compensationTime 12ms
2020-11-25 22:37:54.360 INFO  c.netflix.eureka.registry.AbstractInstanceRegistry:1250 [32m        [0;39m Running the evict task with compensationTime 9ms
2020-11-25 22:38:25.967 INFO  c.netflix.eureka.registry.AbstractInstanceRegistry:266  [32m        [0;39m Registered instance SYSTEM/DESKTOP-M0AIH34:system:9001 with status DOWN (replication=false)
2020-11-25 22:38:25.980 INFO  c.netflix.eureka.registry.AbstractInstanceRegistry:330  [32m        [0;39m Cancelled instance SYSTEM/DESKTOP-M0AIH34:system:9001 (replication=false)
2020-11-25 22:38:26.105 INFO  c.netflix.eureka.registry.AbstractInstanceRegistry:266  [32m        [0;39m Registered instance BUSINESS/DESKTOP-M0AIH34:business:9002 with status DOWN (replication=false)
2020-11-25 22:38:26.121 INFO  c.netflix.eureka.registry.AbstractInstanceRegistry:330  [32m        [0;39m Cancelled instance BUSINESS/DESKTOP-M0AIH34:business:9002 (replication=false)
2020-11-25 22:38:26.497 INFO  c.netflix.eureka.registry.AbstractInstanceRegistry:266  [32m        [0;39m Registered instance SYSTEM/DESKTOP-M0AIH34:system:9001 with status DOWN (replication=true)
2020-11-25 22:38:26.498 INFO  c.netflix.eureka.registry.AbstractInstanceRegistry:330  [32m        [0;39m Cancelled instance SYSTEM/DESKTOP-M0AIH34:system:9001 (replication=true)
2020-11-25 22:38:26.498 INFO  c.netflix.eureka.registry.AbstractInstanceRegistry:266  [32m        [0;39m Registered instance BUSINESS/DESKTOP-M0AIH34:business:9002 with status DOWN (replication=true)
2020-11-25 22:38:26.498 INFO  c.netflix.eureka.registry.AbstractInstanceRegistry:330  [32m        [0;39m Cancelled instance BUSINESS/DESKTOP-M0AIH34:business:9002 (replication=true)
2020-11-25 22:38:30.510 INFO  c.netflix.eureka.registry.AbstractInstanceRegistry:266  [32m        [0;39m Registered instance SYSTEM/DESKTOP-M0AIH34:system:9001 with status UP (replication=false)
2020-11-25 22:38:30.732 INFO  c.netflix.eureka.registry.AbstractInstanceRegistry:266  [32m        [0;39m Registered instance BUSINESS/DESKTOP-M0AIH34:business:9002 with status UP (replication=false)
2020-11-25 22:38:31.039 INFO  c.netflix.eureka.registry.AbstractInstanceRegistry:266  [32m        [0;39m Registered instance SYSTEM/DESKTOP-M0AIH34:system:9001 with status UP (replication=true)
2020-11-25 22:38:31.039 INFO  c.netflix.eureka.registry.AbstractInstanceRegistry:266  [32m        [0;39m Registered instance BUSINESS/DESKTOP-M0AIH34:business:9002 with status UP (replication=true)
2020-11-25 22:38:46.728 INFO  c.netflix.eureka.registry.AbstractInstanceRegistry:266  [32m        [0;39m Registered instance SYSTEM/DESKTOP-M0AIH34:system:9001 with status DOWN (replication=false)
2020-11-25 22:38:46.743 INFO  c.netflix.eureka.registry.AbstractInstanceRegistry:330  [32m        [0;39m Cancelled instance SYSTEM/DESKTOP-M0AIH34:system:9001 (replication=false)
2020-11-25 22:38:46.966 INFO  c.netflix.eureka.registry.AbstractInstanceRegistry:266  [32m        [0;39m Registered instance BUSINESS/DESKTOP-M0AIH34:business:9002 with status DOWN (replication=false)
2020-11-25 22:38:46.981 INFO  c.netflix.eureka.registry.AbstractInstanceRegistry:330  [32m        [0;39m Cancelled instance BUSINESS/DESKTOP-M0AIH34:business:9002 (replication=false)
2020-11-25 22:38:47.267 INFO  c.netflix.eureka.registry.AbstractInstanceRegistry:266  [32m        [0;39m Registered instance SYSTEM/DESKTOP-M0AIH34:system:9001 with status DOWN (replication=true)
2020-11-25 22:38:47.267 INFO  c.netflix.eureka.registry.AbstractInstanceRegistry:330  [32m        [0;39m Cancelled instance SYSTEM/DESKTOP-M0AIH34:system:9001 (replication=true)
2020-11-25 22:38:47.267 INFO  c.netflix.eureka.registry.AbstractInstanceRegistry:266  [32m        [0;39m Registered instance BUSINESS/DESKTOP-M0AIH34:business:9002 with status DOWN (replication=true)
2020-11-25 22:38:47.268 INFO  c.netflix.eureka.registry.AbstractInstanceRegistry:330  [32m        [0;39m Cancelled instance BUSINESS/DESKTOP-M0AIH34:business:9002 (replication=true)
2020-11-25 22:38:51.109 INFO  c.netflix.eureka.registry.AbstractInstanceRegistry:266  [32m        [0;39m Registered instance SYSTEM/DESKTOP-M0AIH34:system:9001 with status UP (replication=false)
2020-11-25 22:38:51.517 INFO  c.netflix.eureka.registry.AbstractInstanceRegistry:266  [32m        [0;39m Registered instance BUSINESS/DESKTOP-M0AIH34:business:9002 with status UP (replication=false)
2020-11-25 22:38:51.626 INFO  c.netflix.eureka.registry.AbstractInstanceRegistry:266  [32m        [0;39m Registered instance SYSTEM/DESKTOP-M0AIH34:system:9001 with status UP (replication=true)
2020-11-25 22:38:51.626 INFO  c.netflix.eureka.registry.AbstractInstanceRegistry:266  [32m        [0;39m Registered instance BUSINESS/DESKTOP-M0AIH34:business:9002 with status UP (replication=true)
2020-11-25 22:38:54.371 INFO  c.netflix.eureka.registry.AbstractInstanceRegistry:1250 [32m        [0;39m Running the evict task with compensationTime 11ms
2020-11-25 22:39:54.385 INFO  c.netflix.eureka.registry.AbstractInstanceRegistry:1250 [32m        [0;39m Running the evict task with compensationTime 14ms
2020-11-25 22:40:12.859 INFO  c.netflix.eureka.registry.AbstractInstanceRegistry:266  [32m        [0;39m Registered instance SYSTEM/DESKTOP-M0AIH34:system:9001 with status DOWN (replication=false)
2020-11-25 22:40:12.873 INFO  c.netflix.eureka.registry.AbstractInstanceRegistry:330  [32m        [0;39m Cancelled instance SYSTEM/DESKTOP-M0AIH34:system:9001 (replication=false)
2020-11-25 22:40:13.187 INFO  c.netflix.eureka.registry.AbstractInstanceRegistry:266  [32m        [0;39m Registered instance BUSINESS/DESKTOP-M0AIH34:business:9002 with status DOWN (replication=false)
2020-11-25 22:40:13.202 INFO  c.netflix.eureka.registry.AbstractInstanceRegistry:330  [32m        [0;39m Cancelled instance BUSINESS/DESKTOP-M0AIH34:business:9002 (replication=false)
2020-11-25 22:40:13.389 INFO  c.netflix.eureka.registry.AbstractInstanceRegistry:266  [32m        [0;39m Registered instance SYSTEM/DESKTOP-M0AIH34:system:9001 with status DOWN (replication=true)
2020-11-25 22:40:13.389 INFO  c.netflix.eureka.registry.AbstractInstanceRegistry:330  [32m        [0;39m Cancelled instance SYSTEM/DESKTOP-M0AIH34:system:9001 (replication=true)
2020-11-25 22:40:13.389 INFO  c.netflix.eureka.registry.AbstractInstanceRegistry:266  [32m        [0;39m Registered instance BUSINESS/DESKTOP-M0AIH34:business:9002 with status DOWN (replication=true)
2020-11-25 22:40:13.390 INFO  c.netflix.eureka.registry.AbstractInstanceRegistry:330  [32m        [0;39m Cancelled instance BUSINESS/DESKTOP-M0AIH34:business:9002 (replication=true)
2020-11-25 22:40:16.867 INFO  c.netflix.eureka.registry.AbstractInstanceRegistry:266  [32m        [0;39m Registered instance SYSTEM/DESKTOP-M0AIH34:system:9001 with status UP (replication=false)
2020-11-25 22:40:17.243 INFO  c.netflix.eureka.registry.AbstractInstanceRegistry:266  [32m        [0;39m Registered instance BUSINESS/DESKTOP-M0AIH34:business:9002 with status UP (replication=false)
2020-11-25 22:40:17.399 INFO  c.netflix.eureka.registry.AbstractInstanceRegistry:266  [32m        [0;39m Registered instance SYSTEM/DESKTOP-M0AIH34:system:9001 with status UP (replication=true)
2020-11-25 22:40:17.399 INFO  c.netflix.eureka.registry.AbstractInstanceRegistry:266  [32m        [0;39m Registered instance BUSINESS/DESKTOP-M0AIH34:business:9002 with status UP (replication=true)
2020-11-25 22:40:54.390 INFO  c.netflix.eureka.registry.AbstractInstanceRegistry:1250 [32m        [0;39m Running the evict task with compensationTime 4ms
2020-11-25 22:41:54.392 INFO  c.netflix.eureka.registry.AbstractInstanceRegistry:1250 [32m        [0;39m Running the evict task with compensationTime 1ms
2020-11-25 22:42:54.397 INFO  c.netflix.eureka.registry.AbstractInstanceRegistry:1250 [32m        [0;39m Running the evict task with compensationTime 5ms
2020-11-25 22:43:54.398 INFO  c.netflix.eureka.registry.AbstractInstanceRegistry:1250 [32m        [0;39m Running the evict task with compensationTime 0ms
2020-11-25 22:44:54.401 INFO  c.netflix.eureka.registry.AbstractInstanceRegistry:1250 [32m        [0;39m Running the evict task with compensationTime 4ms
2020-11-25 22:45:54.409 INFO  c.netflix.eureka.registry.AbstractInstanceRegistry:1250 [32m        [0;39m Running the evict task with compensationTime 7ms
2020-11-25 22:46:54.424 INFO  c.netflix.eureka.registry.AbstractInstanceRegistry:1250 [32m        [0;39m Running the evict task with compensationTime 14ms
2020-11-25 22:47:52.838 INFO  c.n.eureka.registry.PeerAwareInstanceRegistryImpl :539  [32m        [0;39m Current renewal threshold is : 6
2020-11-25 22:47:54.429 INFO  c.netflix.eureka.registry.AbstractInstanceRegistry:1250 [32m        [0;39m Running the evict task with compensationTime 5ms
2020-11-25 22:48:54.435 INFO  c.netflix.eureka.registry.AbstractInstanceRegistry:1250 [32m        [0;39m Running the evict task with compensationTime 5ms
2020-11-25 22:49:54.445 INFO  c.netflix.eureka.registry.AbstractInstanceRegistry:1250 [32m        [0;39m Running the evict task with compensationTime 10ms
2020-11-25 22:50:54.449 INFO  c.netflix.eureka.registry.AbstractInstanceRegistry:1250 [32m        [0;39m Running the evict task with compensationTime 3ms
2020-11-25 22:51:54.461 INFO  c.netflix.eureka.registry.AbstractInstanceRegistry:1250 [32m        [0;39m Running the evict task with compensationTime 11ms
2020-11-25 22:52:54.473 INFO  c.netflix.eureka.registry.AbstractInstanceRegistry:1250 [32m        [0;39m Running the evict task with compensationTime 11ms
2020-11-25 22:53:54.488 INFO  c.netflix.eureka.registry.AbstractInstanceRegistry:1250 [32m        [0;39m Running the evict task with compensationTime 15ms
2020-11-25 22:54:54.490 INFO  c.netflix.eureka.registry.AbstractInstanceRegistry:1250 [32m        [0;39m Running the evict task with compensationTime 2ms
2020-11-25 22:55:54.498 INFO  c.netflix.eureka.registry.AbstractInstanceRegistry:1250 [32m        [0;39m Running the evict task with compensationTime 7ms
2020-11-25 22:56:54.507 INFO  c.netflix.eureka.registry.AbstractInstanceRegistry:1250 [32m        [0;39m Running the evict task with compensationTime 9ms
2020-11-25 22:57:54.508 INFO  c.netflix.eureka.registry.AbstractInstanceRegistry:1250 [32m        [0;39m Running the evict task with compensationTime 0ms
2020-11-25 22:58:54.519 INFO  c.netflix.eureka.registry.AbstractInstanceRegistry:1250 [32m        [0;39m Running the evict task with compensationTime 11ms
2020-11-25 22:59:54.533 INFO  c.netflix.eureka.registry.AbstractInstanceRegistry:1250 [32m        [0;39m Running the evict task with compensationTime 14ms
2020-11-25 23:00:54.541 INFO  c.netflix.eureka.registry.AbstractInstanceRegistry:1250 [32m        [0;39m Running the evict task with compensationTime 6ms
2020-11-25 23:01:54.549 INFO  c.netflix.eureka.registry.AbstractInstanceRegistry:1250 [32m        [0;39m Running the evict task with compensationTime 8ms
2020-11-25 23:02:52.848 INFO  c.n.eureka.registry.PeerAwareInstanceRegistryImpl :539  [32m        [0;39m Current renewal threshold is : 6
2020-11-25 23:02:54.560 INFO  c.netflix.eureka.registry.AbstractInstanceRegistry:1250 [32m        [0;39m Running the evict task with compensationTime 11ms
2020-11-25 23:03:54.563 INFO  c.netflix.eureka.registry.AbstractInstanceRegistry:1250 [32m        [0;39m Running the evict task with compensationTime 2ms
2020-11-25 23:04:54.580 INFO  c.netflix.eureka.registry.AbstractInstanceRegistry:1250 [32m        [0;39m Running the evict task with compensationTime 17ms
2020-11-25 23:05:54.581 INFO  c.netflix.eureka.registry.AbstractInstanceRegistry:1250 [32m        [0;39m Running the evict task with compensationTime 0ms
2020-11-25 23:06:54.593 INFO  c.netflix.eureka.registry.AbstractInstanceRegistry:1250 [32m        [0;39m Running the evict task with compensationTime 12ms
2020-11-25 23:07:54.607 INFO  c.netflix.eureka.registry.AbstractInstanceRegistry:1250 [32m        [0;39m Running the evict task with compensationTime 13ms
2020-11-25 23:08:54.609 INFO  c.netflix.eureka.registry.AbstractInstanceRegistry:1250 [32m        [0;39m Running the evict task with compensationTime 2ms
2020-11-25 23:09:54.612 INFO  c.netflix.eureka.registry.AbstractInstanceRegistry:1250 [32m        [0;39m Running the evict task with compensationTime 3ms
2020-11-25 23:10:54.626 INFO  c.netflix.eureka.registry.AbstractInstanceRegistry:1250 [32m        [0;39m Running the evict task with compensationTime 13ms
2020-11-25 23:11:54.637 INFO  c.netflix.eureka.registry.AbstractInstanceRegistry:1250 [32m        [0;39m Running the evict task with compensationTime 10ms
2020-11-25 23:12:54.648 INFO  c.netflix.eureka.registry.AbstractInstanceRegistry:1250 [32m        [0;39m Running the evict task with compensationTime 10ms
2020-11-25 23:13:54.653 INFO  c.netflix.eureka.registry.AbstractInstanceRegistry:1250 [32m        [0;39m Running the evict task with compensationTime 4ms
2020-11-25 23:14:54.654 INFO  c.netflix.eureka.registry.AbstractInstanceRegistry:1250 [32m        [0;39m Running the evict task with compensationTime 1ms
2020-11-25 23:15:54.658 INFO  c.netflix.eureka.registry.AbstractInstanceRegistry:1250 [32m        [0;39m Running the evict task with compensationTime 4ms
2020-11-25 23:16:54.670 INFO  c.netflix.eureka.registry.AbstractInstanceRegistry:1250 [32m        [0;39m Running the evict task with compensationTime 11ms
