2020-11-23 21:14:45.731 INFO  o.s.c.s.PostProcessorRegistrationDelegate$BeanPostProcessorChecker:330  [32m        [0;39m Bean 'org.springframework.cloud.autoconfigure.ConfigurationPropertiesRebinderAutoConfiguration' of type [org.springframework.cloud.autoconfigure.ConfigurationPropertiesRebinderAutoConfiguration] is not eligible for getting processed by all BeanPostProcessors (for example: not eligible for auto-proxying)
2020-11-23 21:14:47.433 INFO  com.sise.course.EurekaApplication                 :651  [32m        [0;39m No active profile set, falling back to default profiles: default
2020-11-23 21:14:48.515 WARN  o.springframework.boot.actuate.endpoint.EndpointId:155  [32m        [0;39m Endpoint ID 'service-registry' contains invalid characters, please migrate to a valid format.
2020-11-23 21:14:48.734 INFO  o.springframework.cloud.context.scope.GenericScope:295  [32m        [0;39m BeanFactory id=727903e1-a861-3273-abc1-091a54618a28
2020-11-23 21:14:48.904 INFO  o.s.c.s.PostProcessorRegistrationDelegate$BeanPostProcessorChecker:330  [32m        [0;39m Bean 'org.springframework.cloud.autoconfigure.ConfigurationPropertiesRebinderAutoConfiguration' of type [org.springframework.cloud.autoconfigure.ConfigurationPropertiesRebinderAutoConfiguration] is not eligible for getting processed by all BeanPostProcessors (for example: not eligible for auto-proxying)
2020-11-23 21:14:49.196 INFO  o.s.boot.web.embedded.tomcat.TomcatWebServer      :92   [32m        [0;39m Tomcat initialized with port(s): 8761 (http)
2020-11-23 21:14:49.206 INFO  org.apache.coyote.http11.Http11NioProtocol        :173  [32m        [0;39m Initializing ProtocolHandler ["http-nio-8761"]
2020-11-23 21:14:49.207 INFO  org.apache.catalina.core.StandardService          :173  [32m        [0;39m Starting service [Tomcat]
2020-11-23 21:14:49.208 INFO  org.apache.catalina.core.StandardEngine           :173  [32m        [0;39m Starting Servlet engine: [Apache Tomcat/9.0.29]
2020-11-23 21:14:49.347 INFO  o.a.c.core.ContainerBase.[Tomcat].[localhost].[/] :173  [32m        [0;39m Initializing Spring embedded WebApplicationContext
2020-11-23 21:14:49.347 INFO  org.springframework.web.context.ContextLoader     :284  [32m        [0;39m Root WebApplicationContext: initialization completed in 1894 ms
2020-11-23 21:14:49.455 WARN  com.netflix.config.sources.URLConfigurationSource :121  [32m        [0;39m No URLs will be polled as dynamic configuration sources.
2020-11-23 21:14:49.455 INFO  com.netflix.config.sources.URLConfigurationSource :122  [32m        [0;39m To enable URLs as dynamic configuration sources, define System property archaius.configurationSource.additionalUrls or make config.properties available on classpath.
2020-11-23 21:14:49.488 INFO  com.netflix.config.DynamicPropertyFactory         :281  [32m        [0;39m DynamicPropertyFactory is initialized with configuration sources: com.netflix.config.ConcurrentCompositeConfiguration@46c3a14d
2020-11-23 21:14:51.534 INFO  org.springframework.cloud.commons.util.InetUtils  :170  [32m        [0;39m Cannot determine local hostname
2020-11-23 21:14:52.075 INFO  c.s.j.server.impl.application.WebApplicationImpl  :815  [32m        [0;39m Initiating Jersey application, version 'Jersey: 1.19.1 03/11/2016 02:08 PM'
2020-11-23 21:14:52.169 INFO  c.n.discovery.provider.DiscoveryJerseyProvider    :70   [32m        [0;39m Using JSON encoding codec LegacyJacksonJson
2020-11-23 21:14:52.197 INFO  c.n.discovery.provider.DiscoveryJerseyProvider    :71   [32m        [0;39m Using JSON decoding codec LegacyJacksonJson
2020-11-23 21:14:52.736 INFO  c.n.discovery.provider.DiscoveryJerseyProvider    :80   [32m        [0;39m Using XML encoding codec XStreamXml
2020-11-23 21:14:52.737 INFO  c.n.discovery.provider.DiscoveryJerseyProvider    :81   [32m        [0;39m Using XML decoding codec XStreamXml
2020-11-23 21:14:53.228 WARN  com.netflix.config.sources.URLConfigurationSource :121  [32m        [0;39m No URLs will be polled as dynamic configuration sources.
2020-11-23 21:14:53.228 INFO  com.netflix.config.sources.URLConfigurationSource :122  [32m        [0;39m To enable URLs as dynamic configuration sources, define System property archaius.configurationSource.additionalUrls or make config.properties available on classpath.
2020-11-23 21:14:53.382 INFO  o.s.scheduling.concurrent.ThreadPoolTaskExecutor  :171  [32m        [0;39m Initializing ExecutorService 'applicationTaskExecutor'
2020-11-23 21:14:55.251 INFO  org.springframework.cloud.commons.util.InetUtils  :170  [32m        [0;39m Cannot determine local hostname
2020-11-23 21:14:56.711 INFO  org.springframework.cloud.commons.util.InetUtils  :170  [32m        [0;39m Cannot determine local hostname
2020-11-23 21:14:56.846 WARN  o.s.c.l.c.BlockingLoadBalancerClientAutoConfiguration$BlockingLoadBalancerClientRibbonWarnLogger:106  [32m        [0;39m You already have RibbonLoadBalancerClient on your classpath. It will be used by default. As Spring Cloud Ribbon is in maintenance mode. We recommend switching to BlockingLoadBalancerClient instead. In order to use it, set the value of `spring.cloud.loadbalancer.ribbon.enabled` to `false` or remove spring-cloud-starter-netflix-ribbon from your project.
2020-11-23 21:14:56.967 WARN  o.s.c.l.c.LoadBalancerCacheAutoConfiguration$LoadBalancerCaffeineWarnLogger:81   [32m        [0;39m Spring Cloud LoadBalancer is currently working with default default cache. You can switch to using Caffeine cache, by adding it to the classpath.
2020-11-23 21:14:56.994 INFO  o.s.cloud.netflix.eureka.InstanceInfoFactory      :72   [32m        [0;39m Setting initial instance status as: STARTING
2020-11-23 21:14:57.080 INFO  com.netflix.discovery.DiscoveryClient             :365  [32m        [0;39m Initializing Eureka in region us-east-1
2020-11-23 21:14:57.081 INFO  com.netflix.discovery.DiscoveryClient             :368  [32m        [0;39m Client configured to neither register nor query for data.
2020-11-23 21:14:57.110 INFO  com.netflix.discovery.DiscoveryClient             :381  [32m        [0;39m Discovery Client initialized at timestamp 1606137297092 with initial instances count: 0
2020-11-23 21:14:57.157 INFO  com.netflix.eureka.DefaultEurekaServerContext     :63   [32m        [0;39m Initializing ...
2020-11-23 21:14:57.159 WARN  com.netflix.eureka.cluster.PeerEurekaNodes        :155  [32m        [0;39m The replica size seems to be empty. Check the route 53 DNS Registry
2020-11-23 21:14:57.200 INFO  c.netflix.eureka.registry.AbstractInstanceRegistry:151  [32m        [0;39m Finished initializing remote region registries. All known remote regions: []
2020-11-23 21:14:57.202 INFO  com.netflix.eureka.DefaultEurekaServerContext     :70   [32m        [0;39m Initialized
2020-11-23 21:14:57.227 INFO  o.s.b.actuate.endpoint.web.EndpointLinksResolver  :58   [32m        [0;39m Exposing 2 endpoint(s) beneath base path '/actuator'
2020-11-23 21:14:57.288 INFO  o.s.c.n.e.serviceregistry.EurekaServiceRegistry   :41   [32m        [0;39m Registering application EUREKA with eureka with status UP
2020-11-23 21:14:57.291 INFO  o.s.c.netflix.eureka.server.EurekaServerBootstrap :110  [32m        [0;39m Setting the eureka configuration..
2020-11-23 21:14:57.293 INFO  o.s.c.netflix.eureka.server.EurekaServerBootstrap :115  [32m        [0;39m Eureka data center value eureka.datacenter is not set, defaulting to default
2020-11-23 21:14:57.294 INFO  o.s.c.netflix.eureka.server.EurekaServerBootstrap :129  [32m        [0;39m Eureka environment value eureka.environment is not set, defaulting to test
2020-11-23 21:14:57.304 INFO  org.apache.coyote.http11.Http11NioProtocol        :173  [32m        [0;39m Starting ProtocolHandler ["http-nio-8761"]
2020-11-23 21:14:57.325 INFO  o.s.c.netflix.eureka.server.EurekaServerBootstrap :188  [32m        [0;39m isAws returned false
2020-11-23 21:14:57.325 INFO  o.s.c.netflix.eureka.server.EurekaServerBootstrap :153  [32m        [0;39m Initialized server context
2020-11-23 21:14:57.325 INFO  c.n.eureka.registry.PeerAwareInstanceRegistryImpl :241  [32m        [0;39m Got 1 instances from neighboring DS node
2020-11-23 21:14:57.326 INFO  c.n.eureka.registry.PeerAwareInstanceRegistryImpl :242  [32m        [0;39m Renew threshold is: 1
2020-11-23 21:14:57.326 INFO  c.n.eureka.registry.PeerAwareInstanceRegistryImpl :253  [32m        [0;39m Changing status to UP
2020-11-23 21:14:57.334 INFO  o.s.c.n.e.s.EurekaServerInitializerConfiguration  :72   [32m        [0;39m Started Eureka Server
2020-11-23 21:14:57.338 INFO  o.s.boot.web.embedded.tomcat.TomcatWebServer      :204  [32m        [0;39m Tomcat started on port(s): 8761 (http) with context path ''
2020-11-23 21:14:57.339 INFO  o.s.c.n.e.s.EurekaAutoServiceRegistration         :145  [32m        [0;39m Updating port to 8761
2020-11-23 21:14:58.815 INFO  org.springframework.cloud.commons.util.InetUtils  :170  [32m        [0;39m Cannot determine local hostname
2020-11-23 21:14:58.817 INFO  com.sise.course.EurekaApplication                 :61   [32m        [0;39m Started EurekaApplication in 15.48 seconds (JVM running for 17.432)
2020-11-23 21:14:58.826 INFO  com.sise.course.EurekaApplication                 :23   [32m        [0;39m 启动成功！！
2020-11-23 21:14:58.826 INFO  com.sise.course.EurekaApplication                 :24   [32m        [0;39m Eureka地址: 	http://127.0.0.1:8761
2020-11-23 21:14:59.847 INFO  o.a.c.core.ContainerBase.[Tomcat].[localhost].[/] :173  [32m        [0;39m Initializing Spring DispatcherServlet 'dispatcherServlet'
2020-11-23 21:14:59.847 INFO  org.springframework.web.servlet.DispatcherServlet :525  [32m        [0;39m Initializing Servlet 'dispatcherServlet'
2020-11-23 21:14:59.853 INFO  org.springframework.web.servlet.DispatcherServlet :547  [32m        [0;39m Completed initialization in 5 ms
2020-11-23 21:15:43.192 INFO  c.netflix.eureka.registry.AbstractInstanceRegistry:266  [32m        [0;39m Registered instance GATEWAY/localhost:gateway:9000 with status UP (replication=false)
2020-11-23 21:15:57.335 INFO  c.netflix.eureka.registry.AbstractInstanceRegistry:1250 [32m        [0;39m Running the evict task with compensationTime 0ms
2020-11-23 21:16:18.877 INFO  c.netflix.eureka.registry.AbstractInstanceRegistry:266  [32m        [0;39m Registered instance BUSINESS/localhost:business:9002 with status UP (replication=false)
2020-11-23 21:16:48.949 INFO  c.netflix.eureka.registry.AbstractInstanceRegistry:266  [32m        [0;39m Registered instance SYSTEM/localhost:system:9001 with status UP (replication=false)
2020-11-23 21:16:57.342 INFO  c.netflix.eureka.registry.AbstractInstanceRegistry:1250 [32m        [0;39m Running the evict task with compensationTime 7ms
2020-11-23 21:17:57.346 INFO  c.netflix.eureka.registry.AbstractInstanceRegistry:1250 [32m        [0;39m Running the evict task with compensationTime 4ms
2020-11-23 21:18:57.361 INFO  c.netflix.eureka.registry.AbstractInstanceRegistry:1250 [32m        [0;39m Running the evict task with compensationTime 14ms
2020-11-23 21:19:57.362 INFO  c.netflix.eureka.registry.AbstractInstanceRegistry:1250 [32m        [0;39m Running the evict task with compensationTime 0ms
2020-11-23 21:20:57.370 INFO  c.netflix.eureka.registry.AbstractInstanceRegistry:1250 [32m        [0;39m Running the evict task with compensationTime 8ms
2020-11-23 21:21:57.372 INFO  c.netflix.eureka.registry.AbstractInstanceRegistry:1250 [32m        [0;39m Running the evict task with compensationTime 1ms
2020-11-23 21:22:57.379 INFO  c.netflix.eureka.registry.AbstractInstanceRegistry:1250 [32m        [0;39m Running the evict task with compensationTime 6ms
2020-11-23 21:23:57.390 INFO  c.netflix.eureka.registry.AbstractInstanceRegistry:1250 [32m        [0;39m Running the evict task with compensationTime 11ms
2020-11-23 21:24:57.173 WARN  com.netflix.eureka.cluster.PeerEurekaNodes        :155  [32m        [0;39m The replica size seems to be empty. Check the route 53 DNS Registry
2020-11-23 21:24:57.405 INFO  c.netflix.eureka.registry.AbstractInstanceRegistry:1250 [32m        [0;39m Running the evict task with compensationTime 14ms
2020-11-23 21:25:57.409 INFO  c.netflix.eureka.registry.AbstractInstanceRegistry:1250 [32m        [0;39m Running the evict task with compensationTime 4ms
2020-11-23 21:26:57.421 INFO  c.netflix.eureka.registry.AbstractInstanceRegistry:1250 [32m        [0;39m Running the evict task with compensationTime 9ms
2020-11-23 21:27:57.421 INFO  c.netflix.eureka.registry.AbstractInstanceRegistry:1250 [32m        [0;39m Running the evict task with compensationTime 2ms
2020-11-23 21:40:33.319 INFO  o.s.c.s.PostProcessorRegistrationDelegate$BeanPostProcessorChecker:330  [32m        [0;39m Bean 'org.springframework.cloud.autoconfigure.ConfigurationPropertiesRebinderAutoConfiguration' of type [org.springframework.cloud.autoconfigure.ConfigurationPropertiesRebinderAutoConfiguration] is not eligible for getting processed by all BeanPostProcessors (for example: not eligible for auto-proxying)
2020-11-23 21:40:34.945 INFO  com.sise.course.EurekaApplication                 :651  [32m        [0;39m No active profile set, falling back to default profiles: default
2020-11-23 21:40:35.544 WARN  o.springframework.boot.actuate.endpoint.EndpointId:155  [32m        [0;39m Endpoint ID 'service-registry' contains invalid characters, please migrate to a valid format.
2020-11-23 21:40:35.639 INFO  o.springframework.cloud.context.scope.GenericScope:295  [32m        [0;39m BeanFactory id=727903e1-a861-3273-abc1-091a54618a28
2020-11-23 21:40:35.731 INFO  o.s.c.s.PostProcessorRegistrationDelegate$BeanPostProcessorChecker:330  [32m        [0;39m Bean 'org.springframework.cloud.autoconfigure.ConfigurationPropertiesRebinderAutoConfiguration' of type [org.springframework.cloud.autoconfigure.ConfigurationPropertiesRebinderAutoConfiguration] is not eligible for getting processed by all BeanPostProcessors (for example: not eligible for auto-proxying)
2020-11-23 21:40:35.905 INFO  o.s.boot.web.embedded.tomcat.TomcatWebServer      :92   [32m        [0;39m Tomcat initialized with port(s): 8761 (http)
2020-11-23 21:40:35.912 INFO  org.apache.coyote.http11.Http11NioProtocol        :173  [32m        [0;39m Initializing ProtocolHandler ["http-nio-8761"]
2020-11-23 21:40:35.913 INFO  org.apache.catalina.core.StandardService          :173  [32m        [0;39m Starting service [Tomcat]
2020-11-23 21:40:35.913 INFO  org.apache.catalina.core.StandardEngine           :173  [32m        [0;39m Starting Servlet engine: [Apache Tomcat/9.0.29]
2020-11-23 21:40:36.034 INFO  o.a.c.core.ContainerBase.[Tomcat].[localhost].[/] :173  [32m        [0;39m Initializing Spring embedded WebApplicationContext
2020-11-23 21:40:36.034 INFO  org.springframework.web.context.ContextLoader     :284  [32m        [0;39m Root WebApplicationContext: initialization completed in 1076 ms
2020-11-23 21:40:36.109 WARN  com.netflix.config.sources.URLConfigurationSource :121  [32m        [0;39m No URLs will be polled as dynamic configuration sources.
2020-11-23 21:40:36.110 INFO  com.netflix.config.sources.URLConfigurationSource :122  [32m        [0;39m To enable URLs as dynamic configuration sources, define System property archaius.configurationSource.additionalUrls or make config.properties available on classpath.
2020-11-23 21:40:36.119 INFO  com.netflix.config.DynamicPropertyFactory         :281  [32m        [0;39m DynamicPropertyFactory is initialized with configuration sources: com.netflix.config.ConcurrentCompositeConfiguration@396639b
2020-11-23 21:40:37.877 INFO  org.springframework.cloud.commons.util.InetUtils  :170  [32m        [0;39m Cannot determine local hostname
2020-11-23 21:40:38.177 INFO  c.s.j.server.impl.application.WebApplicationImpl  :815  [32m        [0;39m Initiating Jersey application, version 'Jersey: 1.19.1 03/11/2016 02:08 PM'
2020-11-23 21:40:38.241 INFO  c.n.discovery.provider.DiscoveryJerseyProvider    :70   [32m        [0;39m Using JSON encoding codec LegacyJacksonJson
2020-11-23 21:40:38.242 INFO  c.n.discovery.provider.DiscoveryJerseyProvider    :71   [32m        [0;39m Using JSON decoding codec LegacyJacksonJson
2020-11-23 21:40:38.337 INFO  c.n.discovery.provider.DiscoveryJerseyProvider    :80   [32m        [0;39m Using XML encoding codec XStreamXml
2020-11-23 21:40:38.337 INFO  c.n.discovery.provider.DiscoveryJerseyProvider    :81   [32m        [0;39m Using XML decoding codec XStreamXml
2020-11-23 21:40:38.624 WARN  com.netflix.config.sources.URLConfigurationSource :121  [32m        [0;39m No URLs will be polled as dynamic configuration sources.
2020-11-23 21:40:38.624 INFO  com.netflix.config.sources.URLConfigurationSource :122  [32m        [0;39m To enable URLs as dynamic configuration sources, define System property archaius.configurationSource.additionalUrls or make config.properties available on classpath.
2020-11-23 21:40:38.735 INFO  o.s.scheduling.concurrent.ThreadPoolTaskExecutor  :171  [32m        [0;39m Initializing ExecutorService 'applicationTaskExecutor'
2020-11-23 21:40:40.417 INFO  org.springframework.cloud.commons.util.InetUtils  :170  [32m        [0;39m Cannot determine local hostname
2020-11-23 21:40:41.837 INFO  org.springframework.cloud.commons.util.InetUtils  :170  [32m        [0;39m Cannot determine local hostname
2020-11-23 21:40:41.862 WARN  o.s.c.l.c.BlockingLoadBalancerClientAutoConfiguration$BlockingLoadBalancerClientRibbonWarnLogger:106  [32m        [0;39m You already have RibbonLoadBalancerClient on your classpath. It will be used by default. As Spring Cloud Ribbon is in maintenance mode. We recommend switching to BlockingLoadBalancerClient instead. In order to use it, set the value of `spring.cloud.loadbalancer.ribbon.enabled` to `false` or remove spring-cloud-starter-netflix-ribbon from your project.
2020-11-23 21:40:41.894 WARN  o.s.c.l.c.LoadBalancerCacheAutoConfiguration$LoadBalancerCaffeineWarnLogger:81   [32m        [0;39m Spring Cloud LoadBalancer is currently working with default default cache. You can switch to using Caffeine cache, by adding it to the classpath.
2020-11-23 21:40:41.911 INFO  o.s.cloud.netflix.eureka.InstanceInfoFactory      :72   [32m        [0;39m Setting initial instance status as: STARTING
2020-11-23 21:40:41.940 INFO  com.netflix.discovery.DiscoveryClient             :365  [32m        [0;39m Initializing Eureka in region us-east-1
2020-11-23 21:40:41.941 INFO  com.netflix.discovery.DiscoveryClient             :368  [32m        [0;39m Client configured to neither register nor query for data.
2020-11-23 21:40:41.947 INFO  com.netflix.discovery.DiscoveryClient             :381  [32m        [0;39m Discovery Client initialized at timestamp 1606138841946 with initial instances count: 0
2020-11-23 21:40:41.997 INFO  com.netflix.eureka.DefaultEurekaServerContext     :63   [32m        [0;39m Initializing ...
2020-11-23 21:40:42.000 WARN  com.netflix.eureka.cluster.PeerEurekaNodes        :155  [32m        [0;39m The replica size seems to be empty. Check the route 53 DNS Registry
2020-11-23 21:40:42.013 INFO  c.netflix.eureka.registry.AbstractInstanceRegistry:151  [32m        [0;39m Finished initializing remote region registries. All known remote regions: []
2020-11-23 21:40:42.014 INFO  com.netflix.eureka.DefaultEurekaServerContext     :70   [32m        [0;39m Initialized
2020-11-23 21:40:42.025 INFO  o.s.b.actuate.endpoint.web.EndpointLinksResolver  :58   [32m        [0;39m Exposing 2 endpoint(s) beneath base path '/actuator'
2020-11-23 21:40:42.085 INFO  o.s.c.n.e.serviceregistry.EurekaServiceRegistry   :41   [32m        [0;39m Registering application EUREKA with eureka with status UP
2020-11-23 21:40:42.087 INFO  o.s.c.netflix.eureka.server.EurekaServerBootstrap :110  [32m        [0;39m Setting the eureka configuration..
2020-11-23 21:40:42.089 INFO  o.s.c.netflix.eureka.server.EurekaServerBootstrap :115  [32m        [0;39m Eureka data center value eureka.datacenter is not set, defaulting to default
2020-11-23 21:40:42.090 INFO  o.s.c.netflix.eureka.server.EurekaServerBootstrap :129  [32m        [0;39m Eureka environment value eureka.environment is not set, defaulting to test
2020-11-23 21:40:42.104 INFO  o.s.c.netflix.eureka.server.EurekaServerBootstrap :188  [32m        [0;39m isAws returned false
2020-11-23 21:40:42.104 INFO  o.s.c.netflix.eureka.server.EurekaServerBootstrap :153  [32m        [0;39m Initialized server context
2020-11-23 21:40:42.104 INFO  c.n.eureka.registry.PeerAwareInstanceRegistryImpl :241  [32m        [0;39m Got 1 instances from neighboring DS node
2020-11-23 21:40:42.104 INFO  c.n.eureka.registry.PeerAwareInstanceRegistryImpl :242  [32m        [0;39m Renew threshold is: 1
2020-11-23 21:40:42.105 INFO  c.n.eureka.registry.PeerAwareInstanceRegistryImpl :253  [32m        [0;39m Changing status to UP
2020-11-23 21:40:42.106 INFO  org.apache.coyote.http11.Http11NioProtocol        :173  [32m        [0;39m Starting ProtocolHandler ["http-nio-8761"]
2020-11-23 21:40:42.112 INFO  o.s.c.n.e.s.EurekaServerInitializerConfiguration  :72   [32m        [0;39m Started Eureka Server
2020-11-23 21:40:42.130 INFO  o.s.boot.web.embedded.tomcat.TomcatWebServer      :204  [32m        [0;39m Tomcat started on port(s): 8761 (http) with context path ''
2020-11-23 21:40:42.131 INFO  o.s.c.n.e.s.EurekaAutoServiceRegistration         :145  [32m        [0;39m Updating port to 8761
2020-11-23 21:40:43.736 INFO  org.springframework.cloud.commons.util.InetUtils  :170  [32m        [0;39m Cannot determine local hostname
2020-11-23 21:40:43.742 INFO  com.sise.course.EurekaApplication                 :61   [32m        [0;39m Started EurekaApplication in 12.894 seconds (JVM running for 14.689)
2020-11-23 21:40:43.755 INFO  com.sise.course.EurekaApplication                 :23   [32m        [0;39m 启动成功！！
2020-11-23 21:40:43.756 INFO  com.sise.course.EurekaApplication                 :24   [32m        [0;39m Eureka地址: 	http://127.0.0.1:8761
2020-11-23 21:40:45.511 INFO  o.a.c.core.ContainerBase.[Tomcat].[localhost].[/] :173  [32m        [0;39m Initializing Spring DispatcherServlet 'dispatcherServlet'
2020-11-23 21:40:45.512 INFO  org.springframework.web.servlet.DispatcherServlet :525  [32m        [0;39m Initializing Servlet 'dispatcherServlet'
2020-11-23 21:40:45.521 INFO  org.springframework.web.servlet.DispatcherServlet :547  [32m        [0;39m Completed initialization in 9 ms
2020-11-23 21:41:15.131 INFO  c.netflix.eureka.registry.AbstractInstanceRegistry:266  [32m        [0;39m Registered instance GATEWAY/localhost:gateway:9000 with status UP (replication=false)
2020-11-23 21:41:42.120 INFO  c.netflix.eureka.registry.AbstractInstanceRegistry:1250 [32m        [0;39m Running the evict task with compensationTime 0ms
2020-11-23 21:41:45.846 INFO  c.netflix.eureka.registry.AbstractInstanceRegistry:266  [32m        [0;39m Registered instance BUSINESS/localhost:business:9002 with status UP (replication=false)
2020-11-23 21:42:04.557 INFO  c.netflix.eureka.registry.AbstractInstanceRegistry:266  [32m        [0;39m Registered instance SYSTEM/localhost:system:9001 with status UP (replication=false)
2020-11-23 21:42:42.125 INFO  c.netflix.eureka.registry.AbstractInstanceRegistry:1250 [32m        [0;39m Running the evict task with compensationTime 5ms
2020-11-23 21:43:42.136 INFO  c.netflix.eureka.registry.AbstractInstanceRegistry:1250 [32m        [0;39m Running the evict task with compensationTime 10ms
2020-11-23 21:44:42.146 INFO  c.netflix.eureka.registry.AbstractInstanceRegistry:1250 [32m        [0;39m Running the evict task with compensationTime 10ms
