2020-11-29 10:45:11.356 INFO  o.s.c.s.PostProcessorRegistrationDelegate$BeanPostProcessorChecker:330  [32m        [0;39m Bean 'org.springframework.cloud.autoconfigure.ConfigurationPropertiesRebinderAutoConfiguration' of type [org.springframework.cloud.autoconfigure.ConfigurationPropertiesRebinderAutoConfiguration] is not eligible for getting processed by all BeanPostProcessors (for example: not eligible for auto-proxying)
2020-11-29 10:45:13.099 INFO  com.sise.gateway.GatewayApplication               :651  [32m        [0;39m No active profile set, falling back to default profiles: default
2020-11-29 10:45:13.997 INFO  o.springframework.cloud.context.scope.GenericScope:295  [32m        [0;39m BeanFactory id=e8da65b0-e244-3022-98f3-ea99f3c0fe41
2020-11-29 10:45:14.129 INFO  o.s.c.s.PostProcessorRegistrationDelegate$BeanPostProcessorChecker:330  [32m        [0;39m Bean 'org.springframework.cloud.autoconfigure.ConfigurationPropertiesRebinderAutoConfiguration' of type [org.springframework.cloud.autoconfigure.ConfigurationPropertiesRebinderAutoConfiguration] is not eligible for getting processed by all BeanPostProcessors (for example: not eligible for auto-proxying)
2020-11-29 10:45:14.131 INFO  o.s.c.s.PostProcessorRegistrationDelegate$BeanPostProcessorChecker:330  [32m        [0;39m Bean 'org.springframework.cloud.client.loadbalancer.reactive.LoadBalancerBeanPostProcessorAutoConfiguration' of type [org.springframework.cloud.client.loadbalancer.reactive.LoadBalancerBeanPostProcessorAutoConfiguration] is not eligible for getting processed by all BeanPostProcessors (for example: not eligible for auto-proxying)
2020-11-29 10:45:14.132 INFO  o.s.c.s.PostProcessorRegistrationDelegate$BeanPostProcessorChecker:330  [32m        [0;39m Bean 'org.springframework.cloud.client.loadbalancer.reactive.LoadBalancerBeanPostProcessorAutoConfiguration$ReactiveLoadBalancerConfig' of type [org.springframework.cloud.client.loadbalancer.reactive.LoadBalancerBeanPostProcessorAutoConfiguration$ReactiveLoadBalancerConfig] is not eligible for getting processed by all BeanPostProcessors (for example: not eligible for auto-proxying)
2020-11-29 10:45:14.139 INFO  o.s.c.s.PostProcessorRegistrationDelegate$BeanPostProcessorChecker:330  [32m        [0;39m Bean 'deferringLoadBalancerExchangeFilterFunction' of type [org.springframework.cloud.client.loadbalancer.reactive.DeferringLoadBalancerExchangeFilterFunction] is not eligible for getting processed by all BeanPostProcessors (for example: not eligible for auto-proxying)
2020-11-29 10:45:14.347 WARN  com.netflix.config.sources.URLConfigurationSource :121  [32m        [0;39m No URLs will be polled as dynamic configuration sources.
2020-11-29 10:45:14.347 INFO  com.netflix.config.sources.URLConfigurationSource :122  [32m        [0;39m To enable URLs as dynamic configuration sources, define System property archaius.configurationSource.additionalUrls or make config.properties available on classpath.
2020-11-29 10:45:14.355 WARN  com.netflix.config.sources.URLConfigurationSource :121  [32m        [0;39m No URLs will be polled as dynamic configuration sources.
2020-11-29 10:45:14.356 INFO  com.netflix.config.sources.URLConfigurationSource :122  [32m        [0;39m To enable URLs as dynamic configuration sources, define System property archaius.configurationSource.additionalUrls or make config.properties available on classpath.
2020-11-29 10:45:16.164 INFO  org.springframework.cloud.commons.util.InetUtils  :170  [32m        [0;39m Cannot determine local hostname
2020-11-29 10:45:17.796 INFO  org.springframework.cloud.commons.util.InetUtils  :170  [32m        [0;39m Cannot determine local hostname
2020-11-29 10:45:18.806 INFO  o.s.c.gateway.route.RouteDefinitionRouteLocator   :139  [32m        [0;39m Loaded RoutePredicateFactory [After]
2020-11-29 10:45:18.807 INFO  o.s.c.gateway.route.RouteDefinitionRouteLocator   :139  [32m        [0;39m Loaded RoutePredicateFactory [Before]
2020-11-29 10:45:18.807 INFO  o.s.c.gateway.route.RouteDefinitionRouteLocator   :139  [32m        [0;39m Loaded RoutePredicateFactory [Between]
2020-11-29 10:45:18.807 INFO  o.s.c.gateway.route.RouteDefinitionRouteLocator   :139  [32m        [0;39m Loaded RoutePredicateFactory [Cookie]
2020-11-29 10:45:18.807 INFO  o.s.c.gateway.route.RouteDefinitionRouteLocator   :139  [32m        [0;39m Loaded RoutePredicateFactory [Header]
2020-11-29 10:45:18.807 INFO  o.s.c.gateway.route.RouteDefinitionRouteLocator   :139  [32m        [0;39m Loaded RoutePredicateFactory [Host]
2020-11-29 10:45:18.807 INFO  o.s.c.gateway.route.RouteDefinitionRouteLocator   :139  [32m        [0;39m Loaded RoutePredicateFactory [Method]
2020-11-29 10:45:18.808 INFO  o.s.c.gateway.route.RouteDefinitionRouteLocator   :139  [32m        [0;39m Loaded RoutePredicateFactory [Path]
2020-11-29 10:45:18.808 INFO  o.s.c.gateway.route.RouteDefinitionRouteLocator   :139  [32m        [0;39m Loaded RoutePredicateFactory [Query]
2020-11-29 10:45:18.808 INFO  o.s.c.gateway.route.RouteDefinitionRouteLocator   :139  [32m        [0;39m Loaded RoutePredicateFactory [ReadBodyPredicateFactory]
2020-11-29 10:45:18.808 INFO  o.s.c.gateway.route.RouteDefinitionRouteLocator   :139  [32m        [0;39m Loaded RoutePredicateFactory [RemoteAddr]
2020-11-29 10:45:18.808 INFO  o.s.c.gateway.route.RouteDefinitionRouteLocator   :139  [32m        [0;39m Loaded RoutePredicateFactory [Weight]
2020-11-29 10:45:18.808 INFO  o.s.c.gateway.route.RouteDefinitionRouteLocator   :139  [32m        [0;39m Loaded RoutePredicateFactory [CloudFoundryRouteService]
2020-11-29 10:45:20.751 INFO  org.springframework.cloud.commons.util.InetUtils  :170  [32m        [0;39m Cannot determine local hostname
2020-11-29 10:45:22.325 INFO  org.springframework.cloud.commons.util.InetUtils  :170  [32m        [0;39m Cannot determine local hostname
2020-11-29 10:45:23.957 INFO  org.springframework.cloud.commons.util.InetUtils  :170  [32m        [0;39m Cannot determine local hostname
2020-11-29 10:45:23.969 WARN  o.s.c.l.c.BlockingLoadBalancerClientAutoConfiguration$BlockingLoadBalancerClientRibbonWarnLogger:106  [32m        [0;39m You already have RibbonLoadBalancerClient on your classpath. It will be used by default. As Spring Cloud Ribbon is in maintenance mode. We recommend switching to BlockingLoadBalancerClient instead. In order to use it, set the value of `spring.cloud.loadbalancer.ribbon.enabled` to `false` or remove spring-cloud-starter-netflix-ribbon from your project.
2020-11-29 10:45:23.985 WARN  o.s.c.c.l.r.ReactorLoadBalancerClientAutoConfiguration$ReactorLoadBalancerClientRibbonWarnLogger:96   [32m        [0;39m You have RibbonLoadBalancerClient on your classpath. LoadBalancerExchangeFilterFunction that uses it under the hood will be used by default. Spring Cloud Ribbon is now in maintenance mode, so we suggest switching to ReactorLoadBalancerExchangeFilterFunction instead. In order to use it, set the value of `spring.cloud.loadbalancer.ribbon.enabled` to `false` or remove spring-cloud-starter-netflix-ribbon from your project.
2020-11-29 10:45:24.017 WARN  o.s.c.l.c.LoadBalancerCacheAutoConfiguration$LoadBalancerCaffeineWarnLogger:81   [32m        [0;39m Spring Cloud LoadBalancer is currently working with default default cache. You can switch to using Caffeine cache, by adding it to the classpath.
2020-11-29 10:45:24.108 INFO  o.s.cloud.netflix.eureka.InstanceInfoFactory      :72   [32m        [0;39m Setting initial instance status as: STARTING
2020-11-29 10:45:24.230 INFO  com.netflix.discovery.DiscoveryClient             :365  [32m        [0;39m Initializing Eureka in region us-east-1
2020-11-29 10:45:25.103 INFO  c.n.discovery.provider.DiscoveryJerseyProvider    :70   [32m        [0;39m Using JSON encoding codec LegacyJacksonJson
2020-11-29 10:45:25.104 INFO  c.n.discovery.provider.DiscoveryJerseyProvider    :71   [32m        [0;39m Using JSON decoding codec LegacyJacksonJson
2020-11-29 10:45:25.244 INFO  c.n.discovery.provider.DiscoveryJerseyProvider    :80   [32m        [0;39m Using XML encoding codec XStreamXml
2020-11-29 10:45:25.245 INFO  c.n.discovery.provider.DiscoveryJerseyProvider    :81   [32m        [0;39m Using XML decoding codec XStreamXml
2020-11-29 10:45:25.493 INFO  c.n.d.shared.resolver.aws.ConfigClusterResolver   :43   [32m        [0;39m Resolving eureka endpoints via configuration
2020-11-29 10:45:25.786 INFO  com.netflix.discovery.DiscoveryClient             :976  [32m        [0;39m Disable delta property : false
2020-11-29 10:45:25.787 INFO  com.netflix.discovery.DiscoveryClient             :977  [32m        [0;39m Single vip registry refresh property : null
2020-11-29 10:45:25.787 INFO  com.netflix.discovery.DiscoveryClient             :978  [32m        [0;39m Force full registry fetch : false
2020-11-29 10:45:25.787 INFO  com.netflix.discovery.DiscoveryClient             :979  [32m        [0;39m Application is null : false
2020-11-29 10:45:25.787 INFO  com.netflix.discovery.DiscoveryClient             :980  [32m        [0;39m Registered Applications size is zero : true
2020-11-29 10:45:25.787 INFO  com.netflix.discovery.DiscoveryClient             :982  [32m        [0;39m Application version is -1: true
2020-11-29 10:45:25.787 INFO  com.netflix.discovery.DiscoveryClient             :1065 [32m        [0;39m Getting all instance registry info from the eureka server
2020-11-29 10:45:26.253 INFO  com.netflix.discovery.DiscoveryClient             :1074 [32m        [0;39m The response status is 200
2020-11-29 10:45:26.257 INFO  com.netflix.discovery.DiscoveryClient             :1288 [32m        [0;39m Starting heartbeat executor: renew interval is: 30
2020-11-29 10:45:26.259 INFO  com.netflix.discovery.InstanceInfoReplicator      :60   [32m        [0;39m InstanceInfoReplicator onDemand update allowed rate per min is 4
2020-11-29 10:45:26.263 INFO  com.netflix.discovery.DiscoveryClient             :465  [32m        [0;39m Discovery Client initialized at timestamp 1606617926262 with initial instances count: 0
2020-11-29 10:45:26.266 INFO  o.s.c.n.e.serviceregistry.EurekaServiceRegistry   :41   [32m        [0;39m Registering application GATEWAY with eureka with status UP
2020-11-29 10:45:26.267 INFO  com.netflix.discovery.DiscoveryClient             :1323 [32m        [0;39m Saw local status change event StatusChangeEvent [timestamp=1606617926267, current=UP, previous=STARTING]
2020-11-29 10:45:26.269 INFO  com.netflix.discovery.DiscoveryClient             :844  [32m        [0;39m DiscoveryClient_GATEWAY/localhost:gateway:9000: registering service...
2020-11-29 10:45:26.423 INFO  com.netflix.discovery.DiscoveryClient             :853  [32m        [0;39m DiscoveryClient_GATEWAY/localhost:gateway:9000 - registration status: 204
2020-11-29 10:45:27.012 INFO  o.s.boot.web.embedded.netty.NettyWebServer        :89   [32m        [0;39m Netty started on port(s): 9000
2020-11-29 10:45:27.013 INFO  o.s.c.n.e.s.EurekaAutoServiceRegistration         :145  [32m        [0;39m Updating port to 9000
2020-11-29 10:45:28.604 INFO  org.springframework.cloud.commons.util.InetUtils  :170  [32m        [0;39m Cannot determine local hostname
2020-11-29 10:45:30.221 INFO  org.springframework.cloud.commons.util.InetUtils  :170  [32m        [0;39m Cannot determine local hostname
2020-11-29 10:45:30.225 INFO  com.sise.gateway.GatewayApplication               :61   [32m        [0;39m Started GatewayApplication in 21.846 seconds (JVM running for 24.627)
2020-11-29 10:45:30.226 INFO  com.sise.gateway.GatewayApplication               :28   [32m        [0;39m 启动成功！！
2020-11-29 10:45:30.226 INFO  com.sise.gateway.GatewayApplication               :29   [32m        [0;39m Gateway地址: 	http://127.0.0.1:9000
2020-11-29 10:45:56.279 INFO  com.netflix.discovery.DiscoveryClient             :976  [32m        [0;39m Disable delta property : false
2020-11-29 10:45:56.279 INFO  com.netflix.discovery.DiscoveryClient             :977  [32m        [0;39m Single vip registry refresh property : null
2020-11-29 10:45:56.279 INFO  com.netflix.discovery.DiscoveryClient             :978  [32m        [0;39m Force full registry fetch : false
2020-11-29 10:45:56.280 INFO  com.netflix.discovery.DiscoveryClient             :979  [32m        [0;39m Application is null : false
2020-11-29 10:45:56.280 INFO  com.netflix.discovery.DiscoveryClient             :980  [32m        [0;39m Registered Applications size is zero : true
2020-11-29 10:45:56.280 INFO  com.netflix.discovery.DiscoveryClient             :982  [32m        [0;39m Application version is -1: false
2020-11-29 10:45:56.280 INFO  com.netflix.discovery.DiscoveryClient             :1065 [32m        [0;39m Getting all instance registry info from the eureka server
2020-11-29 10:45:56.353 INFO  com.netflix.discovery.DiscoveryClient             :1074 [32m        [0;39m The response status is 200
2020-11-29 10:47:58.278 INFO  com.netflix.config.ChainedDynamicProperty         :115  [32m        [0;39m Flipping property: business.ribbon.ActiveConnectionsLimit to use NEXT property: niws.loadbalancer.availabilityFilteringRule.activeConnectionsLimit = 2147483647
2020-11-29 10:47:58.330 INFO  com.netflix.util.concurrent.ShutdownEnabledTimer  :58   [32m        [0;39m Shutdown hook installed for: NFLoadBalancer-PingTimer-business
2020-11-29 10:47:58.331 INFO  com.netflix.loadbalancer.BaseLoadBalancer         :197  [32m        [0;39m Client: business instantiated a LoadBalancer: DynamicServerListLoadBalancer:{NFLoadBalancer:name=business,current list of Servers=[],Load balancer stats=Zone stats: {},Server stats: []}ServerList:null
2020-11-29 10:47:58.340 INFO  c.n.loadbalancer.DynamicServerListLoadBalancer    :222  [32m        [0;39m Using serverListUpdater PollingServerListUpdater
2020-11-29 10:47:58.412 INFO  com.netflix.config.ChainedDynamicProperty         :115  [32m        [0;39m Flipping property: business.ribbon.ActiveConnectionsLimit to use NEXT property: niws.loadbalancer.availabilityFilteringRule.activeConnectionsLimit = 2147483647
2020-11-29 10:47:58.414 INFO  c.n.loadbalancer.DynamicServerListLoadBalancer    :150  [32m        [0;39m DynamicServerListLoadBalancer for client business initialized: DynamicServerListLoadBalancer:{NFLoadBalancer:name=business,current list of Servers=[localhost:9002],Load balancer stats=Zone stats: {defaultzone=[Zone:defaultzone;	Instance count:1;	Active connections count: 0;	Circuit breaker tripped count: 0;	Active connections per server: 0.0;]
},Server stats: [[Server:localhost:9002;	Zone:defaultZone;	Total Requests:0;	Successive connection failure:0;	Total blackout seconds:0;	Last connection made:Thu Jan 01 08:00:00 CST 1970;	First connection made: Thu Jan 01 08:00:00 CST 1970;	Active Connections:0;	total failure count in last (1000) msecs:0;	average resp time:0.0;	90 percentile resp time:0.0;	95 percentile resp time:0.0;	min resp time:0.0;	max resp time:0.0;	stddev resp time:0.0]
]}ServerList:org.springframework.cloud.netflix.ribbon.eureka.DomainExtractingServerList@1920bcf6
2020-11-29 10:47:59.362 INFO  com.netflix.config.ChainedDynamicProperty         :115  [32m        [0;39m Flipping property: business.ribbon.ActiveConnectionsLimit to use NEXT property: niws.loadbalancer.availabilityFilteringRule.activeConnectionsLimit = 2147483647
2020-11-29 10:50:25.799 INFO  c.n.d.shared.resolver.aws.ConfigClusterResolver   :43   [32m        [0;39m Resolving eureka endpoints via configuration
2020-11-29 10:55:25.811 INFO  c.n.d.shared.resolver.aws.ConfigClusterResolver   :43   [32m        [0;39m Resolving eureka endpoints via configuration
2020-11-29 11:00:25.814 INFO  c.n.d.shared.resolver.aws.ConfigClusterResolver   :43   [32m        [0;39m Resolving eureka endpoints via configuration
2020-11-29 11:05:25.826 INFO  c.n.d.shared.resolver.aws.ConfigClusterResolver   :43   [32m        [0;39m Resolving eureka endpoints via configuration
2020-11-29 11:10:25.840 INFO  c.n.d.shared.resolver.aws.ConfigClusterResolver   :43   [32m        [0;39m Resolving eureka endpoints via configuration
2020-11-29 11:15:25.848 INFO  c.n.d.shared.resolver.aws.ConfigClusterResolver   :43   [32m        [0;39m Resolving eureka endpoints via configuration
2020-11-29 11:20:25.860 INFO  c.n.d.shared.resolver.aws.ConfigClusterResolver   :43   [32m        [0;39m Resolving eureka endpoints via configuration
2020-11-29 11:25:25.870 INFO  c.n.d.shared.resolver.aws.ConfigClusterResolver   :43   [32m        [0;39m Resolving eureka endpoints via configuration
2020-11-29 11:30:25.880 INFO  c.n.d.shared.resolver.aws.ConfigClusterResolver   :43   [32m        [0;39m Resolving eureka endpoints via configuration
2020-11-29 11:35:25.890 INFO  c.n.d.shared.resolver.aws.ConfigClusterResolver   :43   [32m        [0;39m Resolving eureka endpoints via configuration
2020-11-29 11:40:25.904 INFO  c.n.d.shared.resolver.aws.ConfigClusterResolver   :43   [32m        [0;39m Resolving eureka endpoints via configuration
2020-11-29 11:45:25.916 INFO  c.n.d.shared.resolver.aws.ConfigClusterResolver   :43   [32m        [0;39m Resolving eureka endpoints via configuration
2020-11-29 11:50:25.923 INFO  c.n.d.shared.resolver.aws.ConfigClusterResolver   :43   [32m        [0;39m Resolving eureka endpoints via configuration
2020-11-29 11:55:25.925 INFO  c.n.d.shared.resolver.aws.ConfigClusterResolver   :43   [32m        [0;39m Resolving eureka endpoints via configuration
2020-11-29 12:00:25.940 INFO  c.n.d.shared.resolver.aws.ConfigClusterResolver   :43   [32m        [0;39m Resolving eureka endpoints via configuration
2020-11-29 12:05:25.948 INFO  c.n.d.shared.resolver.aws.ConfigClusterResolver   :43   [32m        [0;39m Resolving eureka endpoints via configuration
2020-11-29 12:10:25.960 INFO  c.n.d.shared.resolver.aws.ConfigClusterResolver   :43   [32m        [0;39m Resolving eureka endpoints via configuration
2020-11-29 12:15:25.970 INFO  c.n.d.shared.resolver.aws.ConfigClusterResolver   :43   [32m        [0;39m Resolving eureka endpoints via configuration
2020-11-29 12:20:25.972 INFO  c.n.d.shared.resolver.aws.ConfigClusterResolver   :43   [32m        [0;39m Resolving eureka endpoints via configuration
2020-11-29 12:25:25.983 INFO  c.n.d.shared.resolver.aws.ConfigClusterResolver   :43   [32m        [0;39m Resolving eureka endpoints via configuration
2020-11-29 12:30:25.994 INFO  c.n.d.shared.resolver.aws.ConfigClusterResolver   :43   [32m        [0;39m Resolving eureka endpoints via configuration
2020-11-29 12:35:26.010 INFO  c.n.d.shared.resolver.aws.ConfigClusterResolver   :43   [32m        [0;39m Resolving eureka endpoints via configuration
2020-11-29 12:40:26.029 INFO  c.n.d.shared.resolver.aws.ConfigClusterResolver   :43   [32m        [0;39m Resolving eureka endpoints via configuration
2020-11-29 12:45:26.035 INFO  c.n.d.shared.resolver.aws.ConfigClusterResolver   :43   [32m        [0;39m Resolving eureka endpoints via configuration
2020-11-29 12:50:26.051 INFO  c.n.d.shared.resolver.aws.ConfigClusterResolver   :43   [32m        [0;39m Resolving eureka endpoints via configuration
2020-11-29 12:55:26.058 INFO  c.n.d.shared.resolver.aws.ConfigClusterResolver   :43   [32m        [0;39m Resolving eureka endpoints via configuration
2020-11-29 13:00:26.064 INFO  c.n.d.shared.resolver.aws.ConfigClusterResolver   :43   [32m        [0;39m Resolving eureka endpoints via configuration
2020-11-29 13:05:26.073 INFO  c.n.d.shared.resolver.aws.ConfigClusterResolver   :43   [32m        [0;39m Resolving eureka endpoints via configuration
2020-11-29 13:10:26.076 INFO  c.n.d.shared.resolver.aws.ConfigClusterResolver   :43   [32m        [0;39m Resolving eureka endpoints via configuration
2020-11-29 13:15:26.094 INFO  c.n.d.shared.resolver.aws.ConfigClusterResolver   :43   [32m        [0;39m Resolving eureka endpoints via configuration
2020-11-29 13:20:26.109 INFO  c.n.d.shared.resolver.aws.ConfigClusterResolver   :43   [32m        [0;39m Resolving eureka endpoints via configuration
2020-11-29 13:25:26.121 INFO  c.n.d.shared.resolver.aws.ConfigClusterResolver   :43   [32m        [0;39m Resolving eureka endpoints via configuration
2020-11-29 13:30:26.133 INFO  c.n.d.shared.resolver.aws.ConfigClusterResolver   :43   [32m        [0;39m Resolving eureka endpoints via configuration
2020-11-29 13:35:26.141 INFO  c.n.d.shared.resolver.aws.ConfigClusterResolver   :43   [32m        [0;39m Resolving eureka endpoints via configuration
2020-11-29 13:40:26.149 INFO  c.n.d.shared.resolver.aws.ConfigClusterResolver   :43   [32m        [0;39m Resolving eureka endpoints via configuration
2020-11-29 13:45:26.160 INFO  c.n.d.shared.resolver.aws.ConfigClusterResolver   :43   [32m        [0;39m Resolving eureka endpoints via configuration
2020-11-29 13:50:26.161 INFO  c.n.d.shared.resolver.aws.ConfigClusterResolver   :43   [32m        [0;39m Resolving eureka endpoints via configuration
2020-11-29 13:55:26.170 INFO  c.n.d.shared.resolver.aws.ConfigClusterResolver   :43   [32m        [0;39m Resolving eureka endpoints via configuration
2020-11-29 14:00:26.184 INFO  c.n.d.shared.resolver.aws.ConfigClusterResolver   :43   [32m        [0;39m Resolving eureka endpoints via configuration
2020-11-29 14:05:26.200 INFO  c.n.d.shared.resolver.aws.ConfigClusterResolver   :43   [32m        [0;39m Resolving eureka endpoints via configuration
2020-11-29 14:10:26.209 INFO  c.n.d.shared.resolver.aws.ConfigClusterResolver   :43   [32m        [0;39m Resolving eureka endpoints via configuration
2020-11-29 14:15:26.220 INFO  c.n.d.shared.resolver.aws.ConfigClusterResolver   :43   [32m        [0;39m Resolving eureka endpoints via configuration
2020-11-29 14:20:26.231 INFO  c.n.d.shared.resolver.aws.ConfigClusterResolver   :43   [32m        [0;39m Resolving eureka endpoints via configuration
